[0.386s] DEBUG:colcon:Command line arguments: ['/usr/bin/colcon', 'build', '--symlink-install', '--packages-select', 'bt4_bumpgo']
[0.386s] DEBUG:colcon:Parsed command line arguments: Namespace(log_base=None, log_level=None, verb_name='build', build_base='build', install_base='install', merge_install=False, symlink_install=True, test_result_base=None, continue_on_error=False, executor='parallel', parallel_workers=8, event_handlers=None, ignore_user_meta=False, metas=['./colcon.meta'], base_paths=['.'], packages_ignore=None, packages_ignore_regex=None, paths=None, packages_up_to=None, packages_up_to_regex=None, packages_above=None, packages_above_and_dependencies=None, packages_above_depth=None, packages_select_by_dep=None, packages_skip_by_dep=None, packages_skip_up_to=None, packages_select_build_failed=False, packages_skip_build_finished=False, packages_select_test_failures=False, packages_skip_test_passed=False, packages_select=['bt4_bumpgo'], packages_skip=None, packages_select_regex=None, packages_skip_regex=None, packages_start=None, packages_end=None, allow_overriding=[], cmake_args=None, cmake_target=None, cmake_target_skip_unavailable=False, cmake_clean_cache=False, cmake_clean_first=False, cmake_force_configure=False, ament_cmake_args=None, catkin_cmake_args=None, catkin_skip_building_tests=False, verb_parser=<colcon_defaults.argument_parser.defaults.DefaultArgumentsDecorator object at 0x7fe0e751c490>, verb_extension=<colcon_core.verb.build.BuildVerb object at 0x7fe0e7d7f8b0>, main=<bound method BuildVerb.main of <colcon_core.verb.build.BuildVerb object at 0x7fe0e7d7f8b0>>)
[0.434s] Level 1:colcon.colcon_core.package_discovery:discover_packages(colcon_meta) check parameters
[0.435s] Level 1:colcon.colcon_core.package_discovery:discover_packages(recursive) check parameters
[0.435s] Level 1:colcon.colcon_core.package_discovery:discover_packages(ignore) check parameters
[0.435s] Level 1:colcon.colcon_core.package_discovery:discover_packages(path) check parameters
[0.435s] Level 1:colcon.colcon_core.package_discovery:discover_packages(colcon_meta) discover
[0.435s] Level 1:colcon.colcon_core.package_discovery:discover_packages(recursive) discover
[0.435s] INFO:colcon.colcon_core.package_discovery:Crawling recursively for packages in '/home/rod/ros_ws/behaviorfleets'
[0.435s] Level 1:colcon.colcon_core.package_identification:_identify(.) by extensions ['ignore', 'ignore_ament_install']
[0.435s] Level 1:colcon.colcon_core.package_identification:_identify(.) by extension 'ignore'
[0.435s] Level 1:colcon.colcon_core.package_identification:_identify(.) by extension 'ignore_ament_install'
[0.435s] Level 1:colcon.colcon_core.package_identification:_identify(.) by extensions ['colcon_pkg']
[0.435s] Level 1:colcon.colcon_core.package_identification:_identify(.) by extension 'colcon_pkg'
[0.436s] Level 1:colcon.colcon_core.package_identification:_identify(.) by extensions ['colcon_meta']
[0.436s] Level 1:colcon.colcon_core.package_identification:_identify(.) by extension 'colcon_meta'
[0.436s] Level 1:colcon.colcon_core.package_identification:_identify(.) by extensions ['ros']
[0.436s] Level 1:colcon.colcon_core.package_identification:_identify(.) by extension 'ros'
[0.450s] Level 1:colcon.colcon_core.package_identification:_identify(.) by extensions ['cmake', 'python']
[0.450s] Level 1:colcon.colcon_core.package_identification:_identify(.) by extension 'cmake'
[0.450s] Level 1:colcon.colcon_core.package_identification:_identify(.) by extension 'python'
[0.450s] Level 1:colcon.colcon_core.package_identification:_identify(.) by extensions ['python_setup_py']
[0.450s] Level 1:colcon.colcon_core.package_identification:_identify(.) by extension 'python_setup_py'
[0.451s] Level 1:colcon.colcon_core.package_identification:_identify(build) by extensions ['ignore', 'ignore_ament_install']
[0.451s] Level 1:colcon.colcon_core.package_identification:_identify(build) by extension 'ignore'
[0.451s] Level 1:colcon.colcon_core.package_identification:_identify(build) ignored
[0.451s] Level 1:colcon.colcon_core.package_identification:_identify(install) by extensions ['ignore', 'ignore_ament_install']
[0.451s] Level 1:colcon.colcon_core.package_identification:_identify(install) by extension 'ignore'
[0.451s] Level 1:colcon.colcon_core.package_identification:_identify(install) ignored
[0.451s] Level 1:colcon.colcon_core.package_identification:_identify(log) by extensions ['ignore', 'ignore_ament_install']
[0.451s] Level 1:colcon.colcon_core.package_identification:_identify(log) by extension 'ignore'
[0.452s] Level 1:colcon.colcon_core.package_identification:_identify(log) ignored
[0.452s] Level 1:colcon.colcon_core.package_identification:_identify(src) by extensions ['ignore', 'ignore_ament_install']
[0.452s] Level 1:colcon.colcon_core.package_identification:_identify(src) by extension 'ignore'
[0.452s] Level 1:colcon.colcon_core.package_identification:_identify(src) by extension 'ignore_ament_install'
[0.452s] Level 1:colcon.colcon_core.package_identification:_identify(src) by extensions ['colcon_pkg']
[0.452s] Level 1:colcon.colcon_core.package_identification:_identify(src) by extension 'colcon_pkg'
[0.452s] Level 1:colcon.colcon_core.package_identification:_identify(src) by extensions ['colcon_meta']
[0.452s] Level 1:colcon.colcon_core.package_identification:_identify(src) by extension 'colcon_meta'
[0.452s] Level 1:colcon.colcon_core.package_identification:_identify(src) by extensions ['ros']
[0.452s] Level 1:colcon.colcon_core.package_identification:_identify(src) by extension 'ros'
[0.452s] Level 1:colcon.colcon_core.package_identification:_identify(src) by extensions ['cmake', 'python']
[0.452s] Level 1:colcon.colcon_core.package_identification:_identify(src) by extension 'cmake'
[0.452s] Level 1:colcon.colcon_core.package_identification:_identify(src) by extension 'python'
[0.453s] Level 1:colcon.colcon_core.package_identification:_identify(src) by extensions ['python_setup_py']
[0.453s] Level 1:colcon.colcon_core.package_identification:_identify(src) by extension 'python_setup_py'
[0.453s] Level 1:colcon.colcon_core.package_identification:_identify(src/behaviorfleets) by extensions ['ignore', 'ignore_ament_install']
[0.453s] Level 1:colcon.colcon_core.package_identification:_identify(src/behaviorfleets) by extension 'ignore'
[0.453s] Level 1:colcon.colcon_core.package_identification:_identify(src/behaviorfleets) ignored
[0.453s] Level 1:colcon.colcon_core.package_identification:_identify(src/bf_msgs) by extensions ['ignore', 'ignore_ament_install']
[0.453s] Level 1:colcon.colcon_core.package_identification:_identify(src/bf_msgs) by extension 'ignore'
[0.453s] Level 1:colcon.colcon_core.package_identification:_identify(src/bf_msgs) by extension 'ignore_ament_install'
[0.453s] Level 1:colcon.colcon_core.package_identification:_identify(src/bf_msgs) by extensions ['colcon_pkg']
[0.453s] Level 1:colcon.colcon_core.package_identification:_identify(src/bf_msgs) by extension 'colcon_pkg'
[0.453s] Level 1:colcon.colcon_core.package_identification:_identify(src/bf_msgs) by extensions ['colcon_meta']
[0.453s] Level 1:colcon.colcon_core.package_identification:_identify(src/bf_msgs) by extension 'colcon_meta'
[0.454s] Level 1:colcon.colcon_core.package_identification:_identify(src/bf_msgs) by extensions ['ros']
[0.454s] Level 1:colcon.colcon_core.package_identification:_identify(src/bf_msgs) by extension 'ros'
[0.456s] DEBUG:colcon.colcon_core.package_identification:Package 'src/bf_msgs' with type 'ros.ament_cmake' and name 'bf_msgs'
[0.456s] Level 1:colcon.colcon_core.package_identification:_identify(src/bt4_bumpgo) by extensions ['ignore', 'ignore_ament_install']
[0.456s] Level 1:colcon.colcon_core.package_identification:_identify(src/bt4_bumpgo) by extension 'ignore'
[0.456s] Level 1:colcon.colcon_core.package_identification:_identify(src/bt4_bumpgo) by extension 'ignore_ament_install'
[0.457s] Level 1:colcon.colcon_core.package_identification:_identify(src/bt4_bumpgo) by extensions ['colcon_pkg']
[0.457s] Level 1:colcon.colcon_core.package_identification:_identify(src/bt4_bumpgo) by extension 'colcon_pkg'
[0.457s] Level 1:colcon.colcon_core.package_identification:_identify(src/bt4_bumpgo) by extensions ['colcon_meta']
[0.457s] Level 1:colcon.colcon_core.package_identification:_identify(src/bt4_bumpgo) by extension 'colcon_meta'
[0.457s] Level 1:colcon.colcon_core.package_identification:_identify(src/bt4_bumpgo) by extensions ['ros']
[0.457s] Level 1:colcon.colcon_core.package_identification:_identify(src/bt4_bumpgo) by extension 'ros'
[0.458s] DEBUG:colcon.colcon_core.package_identification:Package 'src/bt4_bumpgo' with type 'ros.ament_cmake' and name 'bt4_bumpgo'
[0.458s] Level 1:colcon.colcon_core.package_identification:_identify(src/bt4_bumpgo (copy)) by extensions ['ignore', 'ignore_ament_install']
[0.458s] Level 1:colcon.colcon_core.package_identification:_identify(src/bt4_bumpgo (copy)) by extension 'ignore'
[0.458s] Level 1:colcon.colcon_core.package_identification:_identify(src/bt4_bumpgo (copy)) ignored
[0.458s] Level 1:colcon.colcon_core.package_identification:_identify(src/thirdparty) by extensions ['ignore', 'ignore_ament_install']
[0.458s] Level 1:colcon.colcon_core.package_identification:_identify(src/thirdparty) by extension 'ignore'
[0.458s] Level 1:colcon.colcon_core.package_identification:_identify(src/thirdparty) by extension 'ignore_ament_install'
[0.459s] Level 1:colcon.colcon_core.package_identification:_identify(src/thirdparty) by extensions ['colcon_pkg']
[0.459s] Level 1:colcon.colcon_core.package_identification:_identify(src/thirdparty) by extension 'colcon_pkg'
[0.459s] Level 1:colcon.colcon_core.package_identification:_identify(src/thirdparty) by extensions ['colcon_meta']
[0.459s] Level 1:colcon.colcon_core.package_identification:_identify(src/thirdparty) by extension 'colcon_meta'
[0.459s] Level 1:colcon.colcon_core.package_identification:_identify(src/thirdparty) by extensions ['ros']
[0.459s] Level 1:colcon.colcon_core.package_identification:_identify(src/thirdparty) by extension 'ros'
[0.459s] Level 1:colcon.colcon_core.package_identification:_identify(src/thirdparty) by extensions ['cmake', 'python']
[0.459s] Level 1:colcon.colcon_core.package_identification:_identify(src/thirdparty) by extension 'cmake'
[0.459s] Level 1:colcon.colcon_core.package_identification:_identify(src/thirdparty) by extension 'python'
[0.459s] Level 1:colcon.colcon_core.package_identification:_identify(src/thirdparty) by extensions ['python_setup_py']
[0.459s] Level 1:colcon.colcon_core.package_identification:_identify(src/thirdparty) by extension 'python_setup_py'
[0.459s] Level 1:colcon.colcon_core.package_identification:_identify(src/thirdparty/behaviortree_cpp) by extensions ['ignore', 'ignore_ament_install']
[0.460s] Level 1:colcon.colcon_core.package_identification:_identify(src/thirdparty/behaviortree_cpp) by extension 'ignore'
[0.460s] Level 1:colcon.colcon_core.package_identification:_identify(src/thirdparty/behaviortree_cpp) by extension 'ignore_ament_install'
[0.460s] Level 1:colcon.colcon_core.package_identification:_identify(src/thirdparty/behaviortree_cpp) by extensions ['colcon_pkg']
[0.460s] Level 1:colcon.colcon_core.package_identification:_identify(src/thirdparty/behaviortree_cpp) by extension 'colcon_pkg'
[0.460s] Level 1:colcon.colcon_core.package_identification:_identify(src/thirdparty/behaviortree_cpp) by extensions ['colcon_meta']
[0.460s] Level 1:colcon.colcon_core.package_identification:_identify(src/thirdparty/behaviortree_cpp) by extension 'colcon_meta'
[0.460s] Level 1:colcon.colcon_core.package_identification:_identify(src/thirdparty/behaviortree_cpp) by extensions ['ros']
[0.460s] Level 1:colcon.colcon_core.package_identification:_identify(src/thirdparty/behaviortree_cpp) by extension 'ros'
[0.466s] DEBUG:colcon.colcon_core.package_identification:Package 'src/thirdparty/behaviortree_cpp' with type 'ros.ament_cmake' and name 'behaviortree_cpp'
[0.466s] Level 1:colcon.colcon_core.package_discovery:discover_packages(recursive) using defaults
[0.466s] Level 1:colcon.colcon_core.package_discovery:discover_packages(ignore) discover
[0.466s] Level 1:colcon.colcon_core.package_discovery:discover_packages(ignore) using defaults
[0.466s] Level 1:colcon.colcon_core.package_discovery:discover_packages(path) discover
[0.466s] Level 1:colcon.colcon_core.package_discovery:discover_packages(path) using defaults
[0.488s] INFO:colcon.colcon_core.package_selection:Skipping not selected package 'behaviortree_cpp' in 'src/thirdparty/behaviortree_cpp'
[0.488s] INFO:colcon.colcon_core.package_selection:Skipping not selected package 'bf_msgs' in 'src/bf_msgs'
[0.489s] Level 1:colcon.colcon_core.package_discovery:discover_packages(prefix_path) check parameters
[0.489s] Level 1:colcon.colcon_core.package_discovery:discover_packages(prefix_path) discover
[0.493s] DEBUG:colcon.colcon_installed_package_information.package_discovery:Found 438 installed packages in /opt/ros/humble
[0.495s] Level 1:colcon.colcon_core.package_discovery:discover_packages(prefix_path) using defaults
[0.574s] Level 5:colcon.colcon_core.verb:set package 'bt4_bumpgo' build argument 'cmake_args' from command line to 'None'
[0.574s] Level 5:colcon.colcon_core.verb:set package 'bt4_bumpgo' build argument 'cmake_target' from command line to 'None'
[0.574s] Level 5:colcon.colcon_core.verb:set package 'bt4_bumpgo' build argument 'cmake_target_skip_unavailable' from command line to 'False'
[0.574s] Level 5:colcon.colcon_core.verb:set package 'bt4_bumpgo' build argument 'cmake_clean_cache' from command line to 'False'
[0.574s] Level 5:colcon.colcon_core.verb:set package 'bt4_bumpgo' build argument 'cmake_clean_first' from command line to 'False'
[0.574s] Level 5:colcon.colcon_core.verb:set package 'bt4_bumpgo' build argument 'cmake_force_configure' from command line to 'False'
[0.574s] Level 5:colcon.colcon_core.verb:set package 'bt4_bumpgo' build argument 'ament_cmake_args' from command line to 'None'
[0.574s] Level 5:colcon.colcon_core.verb:set package 'bt4_bumpgo' build argument 'catkin_cmake_args' from command line to 'None'
[0.574s] Level 5:colcon.colcon_core.verb:set package 'bt4_bumpgo' build argument 'catkin_skip_building_tests' from command line to 'False'
[0.574s] DEBUG:colcon.colcon_core.verb:Building package 'bt4_bumpgo' with the following arguments: {'ament_cmake_args': None, 'build_base': '/home/rod/ros_ws/behaviorfleets/build/bt4_bumpgo', 'catkin_cmake_args': None, 'catkin_skip_building_tests': False, 'cmake_args': None, 'cmake_clean_cache': False, 'cmake_clean_first': False, 'cmake_force_configure': False, 'cmake_target': None, 'cmake_target_skip_unavailable': False, 'install_base': '/home/rod/ros_ws/behaviorfleets/install/bt4_bumpgo', 'merge_install': False, 'path': '/home/rod/ros_ws/behaviorfleets/src/bt4_bumpgo', 'symlink_install': True, 'test_result_base': None}
[0.575s] INFO:colcon.colcon_core.executor:Executing jobs using 'parallel' executor
[0.578s] DEBUG:colcon.colcon_parallel_executor.executor.parallel:run_until_complete
[0.578s] INFO:colcon.colcon_ros.task.ament_cmake.build:Building ROS package in '/home/rod/ros_ws/behaviorfleets/src/bt4_bumpgo' with build type 'ament_cmake'
[0.578s] INFO:colcon.colcon_cmake.task.cmake.build:Building CMake package in '/home/rod/ros_ws/behaviorfleets/src/bt4_bumpgo'
[0.582s] INFO:colcon.colcon_core.plugin_system:Skipping extension 'colcon_core.shell.bat': Not used on non-Windows systems
[0.583s] INFO:colcon.colcon_core.shell:Skip shell extension 'powershell' for command environment: Not usable outside of PowerShell
[0.583s] DEBUG:colcon.colcon_core.shell:Skip shell extension 'dsv' for command environment
[0.596s] DEBUG:colcon.colcon_core.event_handler.log_command:Invoking command in '/home/rod/ros_ws/behaviorfleets/build/bt4_bumpgo': AMENT_PREFIX_PATH=/home/rod/ros_ws/behaviorfleets/install/bf_msgs:/home/rod/ros_ws/behaviorfleets/install/behaviortree_cpp:${AMENT_PREFIX_PATH} CMAKE_PREFIX_PATH=/home/rod/ros_ws/behaviorfleets/install/bf_msgs:/home/rod/ros_ws/behaviorfleets/install/behaviortree_cpp:/opt/ros/humble LD_LIBRARY_PATH=/home/rod/ros_ws/behaviorfleets/install/bf_msgs/lib:/home/rod/ros_ws/behaviorfleets/install/behaviortree_cpp/lib:/usr/lib/x86_64-linux-gnu/gazebo-11/plugins:/opt/ros/humble/opt/rviz_ogre_vendor/lib:/opt/ros/humble/lib/x86_64-linux-gnu:/opt/ros/humble/lib:/usr/share/gazebo/../../lib/x86_64-linux-gnu/gazebo-11/plugins PATH=/home/rod/ros_ws/behaviorfleets/install/behaviortree_cpp/bin:${PATH} PYTHONPATH=/home/rod/ros_ws/behaviorfleets/install/bf_msgs/local/lib/python3.10/dist-packages:${PYTHONPATH} /usr/bin/cmake --build /home/rod/ros_ws/behaviorfleets/build/bt4_bumpgo -- -j8 -l8
[17.107s] DEBUG:colcon.colcon_core.event_handler.log_command:Invoked command in '/home/rod/ros_ws/behaviorfleets/build/bt4_bumpgo' returned '0': AMENT_PREFIX_PATH=/home/rod/ros_ws/behaviorfleets/install/bf_msgs:/home/rod/ros_ws/behaviorfleets/install/behaviortree_cpp:${AMENT_PREFIX_PATH} CMAKE_PREFIX_PATH=/home/rod/ros_ws/behaviorfleets/install/bf_msgs:/home/rod/ros_ws/behaviorfleets/install/behaviortree_cpp:/opt/ros/humble LD_LIBRARY_PATH=/home/rod/ros_ws/behaviorfleets/install/bf_msgs/lib:/home/rod/ros_ws/behaviorfleets/install/behaviortree_cpp/lib:/usr/lib/x86_64-linux-gnu/gazebo-11/plugins:/opt/ros/humble/opt/rviz_ogre_vendor/lib:/opt/ros/humble/lib/x86_64-linux-gnu:/opt/ros/humble/lib:/usr/share/gazebo/../../lib/x86_64-linux-gnu/gazebo-11/plugins PATH=/home/rod/ros_ws/behaviorfleets/install/behaviortree_cpp/bin:${PATH} PYTHONPATH=/home/rod/ros_ws/behaviorfleets/install/bf_msgs/local/lib/python3.10/dist-packages:${PYTHONPATH} /usr/bin/cmake --build /home/rod/ros_ws/behaviorfleets/build/bt4_bumpgo -- -j8 -l8
[17.135s] DEBUG:colcon.colcon_core.event_handler.log_command:Invoking command in '/home/rod/ros_ws/behaviorfleets/build/bt4_bumpgo': AMENT_PREFIX_PATH=/home/rod/ros_ws/behaviorfleets/install/bf_msgs:/home/rod/ros_ws/behaviorfleets/install/behaviortree_cpp:${AMENT_PREFIX_PATH} CMAKE_PREFIX_PATH=/home/rod/ros_ws/behaviorfleets/install/bf_msgs:/home/rod/ros_ws/behaviorfleets/install/behaviortree_cpp:/opt/ros/humble LD_LIBRARY_PATH=/home/rod/ros_ws/behaviorfleets/install/bf_msgs/lib:/home/rod/ros_ws/behaviorfleets/install/behaviortree_cpp/lib:/usr/lib/x86_64-linux-gnu/gazebo-11/plugins:/opt/ros/humble/opt/rviz_ogre_vendor/lib:/opt/ros/humble/lib/x86_64-linux-gnu:/opt/ros/humble/lib:/usr/share/gazebo/../../lib/x86_64-linux-gnu/gazebo-11/plugins PATH=/home/rod/ros_ws/behaviorfleets/install/behaviortree_cpp/bin:${PATH} PYTHONPATH=/home/rod/ros_ws/behaviorfleets/install/bf_msgs/local/lib/python3.10/dist-packages:${PYTHONPATH} /usr/bin/cmake --install /home/rod/ros_ws/behaviorfleets/build/bt4_bumpgo
[17.143s] DEBUG:colcon.colcon_core.event_handler.log_command:Invoked command in '/home/rod/ros_ws/behaviorfleets/build/bt4_bumpgo' returned '1': AMENT_PREFIX_PATH=/home/rod/ros_ws/behaviorfleets/install/bf_msgs:/home/rod/ros_ws/behaviorfleets/install/behaviortree_cpp:${AMENT_PREFIX_PATH} CMAKE_PREFIX_PATH=/home/rod/ros_ws/behaviorfleets/install/bf_msgs:/home/rod/ros_ws/behaviorfleets/install/behaviortree_cpp:/opt/ros/humble LD_LIBRARY_PATH=/home/rod/ros_ws/behaviorfleets/install/bf_msgs/lib:/home/rod/ros_ws/behaviorfleets/install/behaviortree_cpp/lib:/usr/lib/x86_64-linux-gnu/gazebo-11/plugins:/opt/ros/humble/opt/rviz_ogre_vendor/lib:/opt/ros/humble/lib/x86_64-linux-gnu:/opt/ros/humble/lib:/usr/share/gazebo/../../lib/x86_64-linux-gnu/gazebo-11/plugins PATH=/home/rod/ros_ws/behaviorfleets/install/behaviortree_cpp/bin:${PATH} PYTHONPATH=/home/rod/ros_ws/behaviorfleets/install/bf_msgs/local/lib/python3.10/dist-packages:${PYTHONPATH} /usr/bin/cmake --install /home/rod/ros_ws/behaviorfleets/build/bt4_bumpgo
[17.166s] Level 1:colcon.colcon_core.environment:create_environment_scripts_only(bt4_bumpgo)
[17.171s] Level 1:colcon.colcon_core.environment:checking '/home/rod/ros_ws/behaviorfleets/install/bt4_bumpgo' for CMake module files
[17.171s] Level 1:colcon.colcon_core.environment:checking '/home/rod/ros_ws/behaviorfleets/install/bt4_bumpgo' for CMake config files
[17.171s] Level 1:colcon.colcon_core.shell:create_environment_hook('bt4_bumpgo', 'cmake_prefix_path')
[17.173s] INFO:colcon.colcon_core.shell:Creating environment hook '/home/rod/ros_ws/behaviorfleets/install/bt4_bumpgo/share/bt4_bumpgo/hook/cmake_prefix_path.ps1'
[17.173s] INFO:colcon.colcon_core.shell:Creating environment descriptor '/home/rod/ros_ws/behaviorfleets/install/bt4_bumpgo/share/bt4_bumpgo/hook/cmake_prefix_path.dsv'
[17.174s] INFO:colcon.colcon_core.shell:Creating environment hook '/home/rod/ros_ws/behaviorfleets/install/bt4_bumpgo/share/bt4_bumpgo/hook/cmake_prefix_path.sh'
[17.174s] Level 1:colcon.colcon_core.environment:checking '/home/rod/ros_ws/behaviorfleets/install/bt4_bumpgo/lib'
[17.175s] Level 1:colcon.colcon_core.shell:create_environment_hook('bt4_bumpgo', 'ld_library_path_lib')
[17.176s] INFO:colcon.colcon_core.shell:Creating environment hook '/home/rod/ros_ws/behaviorfleets/install/bt4_bumpgo/share/bt4_bumpgo/hook/ld_library_path_lib.ps1'
[17.176s] INFO:colcon.colcon_core.shell:Creating environment descriptor '/home/rod/ros_ws/behaviorfleets/install/bt4_bumpgo/share/bt4_bumpgo/hook/ld_library_path_lib.dsv'
[17.177s] INFO:colcon.colcon_core.shell:Creating environment hook '/home/rod/ros_ws/behaviorfleets/install/bt4_bumpgo/share/bt4_bumpgo/hook/ld_library_path_lib.sh'
[17.177s] Level 1:colcon.colcon_core.environment:checking '/home/rod/ros_ws/behaviorfleets/install/bt4_bumpgo/bin'
[17.177s] Level 1:colcon.colcon_core.environment:checking '/home/rod/ros_ws/behaviorfleets/install/bt4_bumpgo/lib/pkgconfig/bt4_bumpgo.pc'
[17.177s] Level 1:colcon.colcon_core.environment:checking '/home/rod/ros_ws/behaviorfleets/install/bt4_bumpgo/lib/python3.10/site-packages'
[17.177s] Level 1:colcon.colcon_core.environment:checking '/home/rod/ros_ws/behaviorfleets/install/bt4_bumpgo/bin'
[17.179s] INFO:colcon.colcon_core.shell:Creating package script '/home/rod/ros_ws/behaviorfleets/install/bt4_bumpgo/share/bt4_bumpgo/package.ps1'
[17.180s] INFO:colcon.colcon_core.shell:Creating package descriptor '/home/rod/ros_ws/behaviorfleets/install/bt4_bumpgo/share/bt4_bumpgo/package.dsv'
[17.180s] INFO:colcon.colcon_core.shell:Creating package script '/home/rod/ros_ws/behaviorfleets/install/bt4_bumpgo/share/bt4_bumpgo/package.sh'
[17.181s] INFO:colcon.colcon_core.shell:Creating package script '/home/rod/ros_ws/behaviorfleets/install/bt4_bumpgo/share/bt4_bumpgo/package.bash'
[17.181s] INFO:colcon.colcon_core.shell:Creating package script '/home/rod/ros_ws/behaviorfleets/install/bt4_bumpgo/share/bt4_bumpgo/package.zsh'
[17.182s] Level 1:colcon.colcon_core.environment:create_file_with_runtime_dependencies(/home/rod/ros_ws/behaviorfleets/install/bt4_bumpgo/share/colcon-core/packages/bt4_bumpgo)
[17.193s] DEBUG:colcon.colcon_parallel_executor.executor.parallel:closing loop
[17.193s] DEBUG:colcon.colcon_parallel_executor.executor.parallel:loop closed
[17.193s] DEBUG:colcon.colcon_parallel_executor.executor.parallel:run_until_complete finished with '1'
[17.193s] DEBUG:colcon.colcon_core.event_reactor:joining thread
[17.198s] INFO:colcon.colcon_core.plugin_system:Skipping extension 'colcon_notification.desktop_notification.terminal_notifier': Not used on non-Darwin systems
[17.198s] INFO:colcon.colcon_core.plugin_system:Skipping extension 'colcon_notification.desktop_notification.win32': Not used on non-Windows systems
[17.198s] INFO:colcon.colcon_notification.desktop_notification:Sending desktop notification using 'notify2'
[17.209s] DEBUG:colcon.colcon_core.event_reactor:joined thread
[17.211s] INFO:colcon.colcon_core.shell:Creating prefix script '/home/rod/ros_ws/behaviorfleets/install/local_setup.ps1'
[17.212s] INFO:colcon.colcon_core.shell:Creating prefix util module '/home/rod/ros_ws/behaviorfleets/install/_local_setup_util_ps1.py'
[17.213s] INFO:colcon.colcon_core.shell:Creating prefix chain script '/home/rod/ros_ws/behaviorfleets/install/setup.ps1'
[17.214s] INFO:colcon.colcon_core.shell:Creating prefix script '/home/rod/ros_ws/behaviorfleets/install/local_setup.sh'
[17.215s] INFO:colcon.colcon_core.shell:Creating prefix util module '/home/rod/ros_ws/behaviorfleets/install/_local_setup_util_sh.py'
[17.215s] INFO:colcon.colcon_core.shell:Creating prefix chain script '/home/rod/ros_ws/behaviorfleets/install/setup.sh'
[17.217s] INFO:colcon.colcon_core.shell:Creating prefix script '/home/rod/ros_ws/behaviorfleets/install/local_setup.bash'
[17.217s] INFO:colcon.colcon_core.shell:Creating prefix chain script '/home/rod/ros_ws/behaviorfleets/install/setup.bash'
[17.219s] INFO:colcon.colcon_core.shell:Creating prefix script '/home/rod/ros_ws/behaviorfleets/install/local_setup.zsh'
[17.219s] INFO:colcon.colcon_core.shell:Creating prefix chain script '/home/rod/ros_ws/behaviorfleets/install/setup.zsh'
