[ 50%] [32mBuilding CXX object CMakeFiles/delegation_node.dir/src/decorators/DelegationNode.cpp.o[0m
[100%] [32m[1mLinking CXX shared library libdelegation_node.so[0m
[100%] Built target delegation_node
-- Install configuration: ""
-- Execute custom install script
-- Up-to-date symlink: /home/rod/ros_ws/behaviorfleets/install/behaviorfleets/lib/libdelegation_node.so
-- Symlinking: /home/rod/ros_ws/behaviorfleets/install/behaviorfleets/include//decorators/DelegationNode.hpp
-- Up-to-date symlink: /home/rod/ros_ws/behaviorfleets/install/behaviorfleets/share/ament_index/resource_index/package_run_dependencies/behaviorfleets
-- Up-to-date symlink: /home/rod/ros_ws/behaviorfleets/install/behaviorfleets/share/ament_index/resource_index/parent_prefix_path/behaviorfleets
-- Up-to-date symlink: /home/rod/ros_ws/behaviorfleets/install/behaviorfleets/share/behaviorfleets/environment/ament_prefix_path.sh
-- Up-to-date symlink: /home/rod/ros_ws/behaviorfleets/install/behaviorfleets/share/behaviorfleets/environment/ament_prefix_path.dsv
-- Up-to-date symlink: /home/rod/ros_ws/behaviorfleets/install/behaviorfleets/share/behaviorfleets/environment/path.sh
-- Up-to-date symlink: /home/rod/ros_ws/behaviorfleets/install/behaviorfleets/share/behaviorfleets/environment/path.dsv
-- Up-to-date symlink: /home/rod/ros_ws/behaviorfleets/install/behaviorfleets/share/behaviorfleets/local_setup.bash
-- Up-to-date symlink: /home/rod/ros_ws/behaviorfleets/install/behaviorfleets/share/behaviorfleets/local_setup.sh
-- Up-to-date symlink: /home/rod/ros_ws/behaviorfleets/install/behaviorfleets/share/behaviorfleets/local_setup.zsh
-- Up-to-date symlink: /home/rod/ros_ws/behaviorfleets/install/behaviorfleets/share/behaviorfleets/local_setup.dsv
-- Symlinking: /home/rod/ros_ws/behaviorfleets/install/behaviorfleets/share/behaviorfleets/package.dsv
-- Up-to-date symlink: /home/rod/ros_ws/behaviorfleets/install/behaviorfleets/share/ament_index/resource_index/packages/behaviorfleets
-- Up-to-date symlink: /home/rod/ros_ws/behaviorfleets/install/behaviorfleets/share/behaviorfleets/cmake/ament_cmake_export_include_directories-extras.cmake
-- Up-to-date symlink: /home/rod/ros_ws/behaviorfleets/install/behaviorfleets/share/behaviorfleets/cmake/ament_cmake_export_dependencies-extras.cmake
-- Up-to-date symlink: /home/rod/ros_ws/behaviorfleets/install/behaviorfleets/share/behaviorfleets/cmake/behaviorfleetsConfig.cmake
-- Up-to-date symlink: /home/rod/ros_ws/behaviorfleets/install/behaviorfleets/share/behaviorfleets/cmake/behaviorfleetsConfig-version.cmake
-- Up-to-date symlink: /home/rod/ros_ws/behaviorfleets/install/behaviorfleets/share/behaviorfleets/package.xml
