[0.017s] Invoking command in '/home/rod/ros_ws/behaviorfleets/build/behaviorfleets': AMENT_PREFIX_PATH=/home/rod/ros_ws/behaviorfleets/install/bf_msgs:/home/rod/ros_ws/behaviorfleets/install/behaviortree_cpp:${AMENT_PREFIX_PATH} CMAKE_PREFIX_PATH=/home/rod/ros_ws/behaviorfleets/install/bf_msgs:/home/rod/ros_ws/behaviorfleets/install/behaviortree_cpp:/opt/ros/humble LD_LIBRARY_PATH=/home/rod/ros_ws/behaviorfleets/install/bf_msgs/lib:/home/rod/ros_ws/behaviorfleets/install/behaviortree_cpp/lib:/usr/lib/x86_64-linux-gnu/gazebo-11/plugins:/opt/ros/humble/opt/rviz_ogre_vendor/lib:/opt/ros/humble/lib/x86_64-linux-gnu:/opt/ros/humble/lib:/usr/share/gazebo/../../lib/x86_64-linux-gnu/gazebo-11/plugins PATH=/home/rod/ros_ws/behaviorfleets/install/behaviortree_cpp/bin:${PATH} PYTHONPATH=/home/rod/ros_ws/behaviorfleets/install/bf_msgs/local/lib/python3.10/dist-packages:${PYTHONPATH} /usr/bin/cmake --build /home/rod/ros_ws/behaviorfleets/build/behaviorfleets -- -j8 -l8
[0.059s] [ 50%] [32mBuilding CXX object CMakeFiles/delegation_node.dir/src/decorators/DelegationNode.cpp.o[0m
[9.397s] [100%] [32m[1mLinking CXX shared library libdelegation_node.so[0m
[9.851s] [100%] Built target delegation_node
[9.861s] Invoked command in '/home/rod/ros_ws/behaviorfleets/build/behaviorfleets' returned '0': AMENT_PREFIX_PATH=/home/rod/ros_ws/behaviorfleets/install/bf_msgs:/home/rod/ros_ws/behaviorfleets/install/behaviortree_cpp:${AMENT_PREFIX_PATH} CMAKE_PREFIX_PATH=/home/rod/ros_ws/behaviorfleets/install/bf_msgs:/home/rod/ros_ws/behaviorfleets/install/behaviortree_cpp:/opt/ros/humble LD_LIBRARY_PATH=/home/rod/ros_ws/behaviorfleets/install/bf_msgs/lib:/home/rod/ros_ws/behaviorfleets/install/behaviortree_cpp/lib:/usr/lib/x86_64-linux-gnu/gazebo-11/plugins:/opt/ros/humble/opt/rviz_ogre_vendor/lib:/opt/ros/humble/lib/x86_64-linux-gnu:/opt/ros/humble/lib:/usr/share/gazebo/../../lib/x86_64-linux-gnu/gazebo-11/plugins PATH=/home/rod/ros_ws/behaviorfleets/install/behaviortree_cpp/bin:${PATH} PYTHONPATH=/home/rod/ros_ws/behaviorfleets/install/bf_msgs/local/lib/python3.10/dist-packages:${PYTHONPATH} /usr/bin/cmake --build /home/rod/ros_ws/behaviorfleets/build/behaviorfleets -- -j8 -l8
[9.889s] Invoking command in '/home/rod/ros_ws/behaviorfleets/build/behaviorfleets': AMENT_PREFIX_PATH=/home/rod/ros_ws/behaviorfleets/install/bf_msgs:/home/rod/ros_ws/behaviorfleets/install/behaviortree_cpp:${AMENT_PREFIX_PATH} CMAKE_PREFIX_PATH=/home/rod/ros_ws/behaviorfleets/install/bf_msgs:/home/rod/ros_ws/behaviorfleets/install/behaviortree_cpp:/opt/ros/humble LD_LIBRARY_PATH=/home/rod/ros_ws/behaviorfleets/install/bf_msgs/lib:/home/rod/ros_ws/behaviorfleets/install/behaviortree_cpp/lib:/usr/lib/x86_64-linux-gnu/gazebo-11/plugins:/opt/ros/humble/opt/rviz_ogre_vendor/lib:/opt/ros/humble/lib/x86_64-linux-gnu:/opt/ros/humble/lib:/usr/share/gazebo/../../lib/x86_64-linux-gnu/gazebo-11/plugins PATH=/home/rod/ros_ws/behaviorfleets/install/behaviortree_cpp/bin:${PATH} PYTHONPATH=/home/rod/ros_ws/behaviorfleets/install/bf_msgs/local/lib/python3.10/dist-packages:${PYTHONPATH} /usr/bin/cmake --install /home/rod/ros_ws/behaviorfleets/build/behaviorfleets
[9.894s] -- Install configuration: ""
[9.895s] -- Execute custom install script
[9.895s] -- Up-to-date symlink: /home/rod/ros_ws/behaviorfleets/install/behaviorfleets/lib/libdelegation_node.so
[9.895s] -- Symlinking: /home/rod/ros_ws/behaviorfleets/install/behaviorfleets/include//decorators/DelegationNode.hpp
[9.903s] -- Up-to-date symlink: /home/rod/ros_ws/behaviorfleets/install/behaviorfleets/share/ament_index/resource_index/package_run_dependencies/behaviorfleets
[9.903s] -- Up-to-date symlink: /home/rod/ros_ws/behaviorfleets/install/behaviorfleets/share/ament_index/resource_index/parent_prefix_path/behaviorfleets
[9.903s] -- Up-to-date symlink: /home/rod/ros_ws/behaviorfleets/install/behaviorfleets/share/behaviorfleets/environment/ament_prefix_path.sh
[9.903s] -- Up-to-date symlink: /home/rod/ros_ws/behaviorfleets/install/behaviorfleets/share/behaviorfleets/environment/ament_prefix_path.dsv
[9.903s] -- Up-to-date symlink: /home/rod/ros_ws/behaviorfleets/install/behaviorfleets/share/behaviorfleets/environment/path.sh
[9.903s] -- Up-to-date symlink: /home/rod/ros_ws/behaviorfleets/install/behaviorfleets/share/behaviorfleets/environment/path.dsv
[9.904s] -- Up-to-date symlink: /home/rod/ros_ws/behaviorfleets/install/behaviorfleets/share/behaviorfleets/local_setup.bash
[9.904s] -- Up-to-date symlink: /home/rod/ros_ws/behaviorfleets/install/behaviorfleets/share/behaviorfleets/local_setup.sh
[9.904s] -- Up-to-date symlink: /home/rod/ros_ws/behaviorfleets/install/behaviorfleets/share/behaviorfleets/local_setup.zsh
[9.904s] -- Up-to-date symlink: /home/rod/ros_ws/behaviorfleets/install/behaviorfleets/share/behaviorfleets/local_setup.dsv
[9.904s] -- Symlinking: /home/rod/ros_ws/behaviorfleets/install/behaviorfleets/share/behaviorfleets/package.dsv
[9.911s] -- Up-to-date symlink: /home/rod/ros_ws/behaviorfleets/install/behaviorfleets/share/ament_index/resource_index/packages/behaviorfleets
[9.911s] -- Up-to-date symlink: /home/rod/ros_ws/behaviorfleets/install/behaviorfleets/share/behaviorfleets/cmake/ament_cmake_export_include_directories-extras.cmake
[9.911s] -- Up-to-date symlink: /home/rod/ros_ws/behaviorfleets/install/behaviorfleets/share/behaviorfleets/cmake/ament_cmake_export_dependencies-extras.cmake
[9.912s] -- Up-to-date symlink: /home/rod/ros_ws/behaviorfleets/install/behaviorfleets/share/behaviorfleets/cmake/behaviorfleetsConfig.cmake
[9.912s] -- Up-to-date symlink: /home/rod/ros_ws/behaviorfleets/install/behaviorfleets/share/behaviorfleets/cmake/behaviorfleetsConfig-version.cmake
[9.912s] -- Up-to-date symlink: /home/rod/ros_ws/behaviorfleets/install/behaviorfleets/share/behaviorfleets/package.xml
[9.914s] Invoked command in '/home/rod/ros_ws/behaviorfleets/build/behaviorfleets' returned '0': AMENT_PREFIX_PATH=/home/rod/ros_ws/behaviorfleets/install/bf_msgs:/home/rod/ros_ws/behaviorfleets/install/behaviortree_cpp:${AMENT_PREFIX_PATH} CMAKE_PREFIX_PATH=/home/rod/ros_ws/behaviorfleets/install/bf_msgs:/home/rod/ros_ws/behaviorfleets/install/behaviortree_cpp:/opt/ros/humble LD_LIBRARY_PATH=/home/rod/ros_ws/behaviorfleets/install/bf_msgs/lib:/home/rod/ros_ws/behaviorfleets/install/behaviortree_cpp/lib:/usr/lib/x86_64-linux-gnu/gazebo-11/plugins:/opt/ros/humble/opt/rviz_ogre_vendor/lib:/opt/ros/humble/lib/x86_64-linux-gnu:/opt/ros/humble/lib:/usr/share/gazebo/../../lib/x86_64-linux-gnu/gazebo-11/plugins PATH=/home/rod/ros_ws/behaviorfleets/install/behaviortree_cpp/bin:${PATH} PYTHONPATH=/home/rod/ros_ws/behaviorfleets/install/bf_msgs/local/lib/python3.10/dist-packages:${PYTHONPATH} /usr/bin/cmake --install /home/rod/ros_ws/behaviorfleets/build/behaviorfleets
