[35m[1mConsolidate compiler generated dependencies of target bf_example[0m
[100%] Built target bf_example
-- Install configuration: ""
-- Execute custom install script
-- Symlinking: /home/rod/ros_ws/behaviorfleets/install/bf_example/include//bf_example/Test.hpp
-- Up-to-date symlink: /home/rod/ros_ws/behaviorfleets/install/bf_example/share/ament_index/resource_index/package_run_dependencies/bf_example
-- Up-to-date symlink: /home/rod/ros_ws/behaviorfleets/install/bf_example/share/ament_index/resource_index/parent_prefix_path/bf_example
-- Up-to-date symlink: /home/rod/ros_ws/behaviorfleets/install/bf_example/share/bf_example/environment/ament_prefix_path.sh
-- Up-to-date symlink: /home/rod/ros_ws/behaviorfleets/install/bf_example/share/bf_example/environment/ament_prefix_path.dsv
-- Up-to-date symlink: /home/rod/ros_ws/behaviorfleets/install/bf_example/share/bf_example/environment/path.sh
-- Up-to-date symlink: /home/rod/ros_ws/behaviorfleets/install/bf_example/share/bf_example/environment/path.dsv
-- Up-to-date symlink: /home/rod/ros_ws/behaviorfleets/install/bf_example/share/bf_example/local_setup.bash
-- Up-to-date symlink: /home/rod/ros_ws/behaviorfleets/install/bf_example/share/bf_example/local_setup.sh
-- Up-to-date symlink: /home/rod/ros_ws/behaviorfleets/install/bf_example/share/bf_example/local_setup.zsh
-- Up-to-date symlink: /home/rod/ros_ws/behaviorfleets/install/bf_example/share/bf_example/local_setup.dsv
-- Symlinking: /home/rod/ros_ws/behaviorfleets/install/bf_example/share/bf_example/package.dsv
-- Up-to-date symlink: /home/rod/ros_ws/behaviorfleets/install/bf_example/share/ament_index/resource_index/packages/bf_example
-- Up-to-date symlink: /home/rod/ros_ws/behaviorfleets/install/bf_example/share/bf_example/cmake/ament_cmake_export_include_directories-extras.cmake
-- Up-to-date symlink: /home/rod/ros_ws/behaviorfleets/install/bf_example/share/bf_example/cmake/ament_cmake_export_dependencies-extras.cmake
-- Up-to-date symlink: /home/rod/ros_ws/behaviorfleets/install/bf_example/share/bf_example/cmake/bf_exampleConfig.cmake
-- Up-to-date symlink: /home/rod/ros_ws/behaviorfleets/install/bf_example/share/bf_example/cmake/bf_exampleConfig-version.cmake
-- Up-to-date symlink: /home/rod/ros_ws/behaviorfleets/install/bf_example/share/bf_example/package.xml
