[0.018s] Invoking command in '/home/rod/ros_ws/behaviorfleets/build/bf_example': AMENT_PREFIX_PATH=/home/rod/ros_ws/behaviorfleets/install/behaviorfleets:/home/rod/ros_ws/behaviorfleets/install/bf_msgs:/home/rod/ros_ws/behaviorfleets/install/behaviortree_cpp:${AMENT_PREFIX_PATH} CMAKE_PREFIX_PATH=/home/rod/ros_ws/behaviorfleets/install/behaviorfleets:/home/rod/ros_ws/behaviorfleets/install/bf_msgs:/home/rod/ros_ws/behaviorfleets/install/behaviortree_cpp:/opt/ros/humble LD_LIBRARY_PATH=/home/rod/ros_ws/behaviorfleets/install/behaviorfleets/lib:/home/rod/ros_ws/behaviorfleets/install/bf_msgs/lib:/home/rod/ros_ws/behaviorfleets/install/behaviortree_cpp/lib:/usr/lib/x86_64-linux-gnu/gazebo-11/plugins:/opt/ros/humble/opt/rviz_ogre_vendor/lib:/opt/ros/humble/lib/x86_64-linux-gnu:/opt/ros/humble/lib:/usr/share/gazebo/../../lib/x86_64-linux-gnu/gazebo-11/plugins PATH=/home/rod/ros_ws/behaviorfleets/install/behaviortree_cpp/bin:${PATH} PYTHONPATH=/home/rod/ros_ws/behaviorfleets/install/bf_msgs/local/lib/python3.10/dist-packages:${PYTHONPATH} /usr/bin/cmake --build /home/rod/ros_ws/behaviorfleets/build/bf_example -- -j8 -l8
[0.053s] [35m[1mConsolidate compiler generated dependencies of target bf_example[0m
[0.070s] [100%] Built target bf_example
[0.080s] Invoked command in '/home/rod/ros_ws/behaviorfleets/build/bf_example' returned '0': AMENT_PREFIX_PATH=/home/rod/ros_ws/behaviorfleets/install/behaviorfleets:/home/rod/ros_ws/behaviorfleets/install/bf_msgs:/home/rod/ros_ws/behaviorfleets/install/behaviortree_cpp:${AMENT_PREFIX_PATH} CMAKE_PREFIX_PATH=/home/rod/ros_ws/behaviorfleets/install/behaviorfleets:/home/rod/ros_ws/behaviorfleets/install/bf_msgs:/home/rod/ros_ws/behaviorfleets/install/behaviortree_cpp:/opt/ros/humble LD_LIBRARY_PATH=/home/rod/ros_ws/behaviorfleets/install/behaviorfleets/lib:/home/rod/ros_ws/behaviorfleets/install/bf_msgs/lib:/home/rod/ros_ws/behaviorfleets/install/behaviortree_cpp/lib:/usr/lib/x86_64-linux-gnu/gazebo-11/plugins:/opt/ros/humble/opt/rviz_ogre_vendor/lib:/opt/ros/humble/lib/x86_64-linux-gnu:/opt/ros/humble/lib:/usr/share/gazebo/../../lib/x86_64-linux-gnu/gazebo-11/plugins PATH=/home/rod/ros_ws/behaviorfleets/install/behaviortree_cpp/bin:${PATH} PYTHONPATH=/home/rod/ros_ws/behaviorfleets/install/bf_msgs/local/lib/python3.10/dist-packages:${PYTHONPATH} /usr/bin/cmake --build /home/rod/ros_ws/behaviorfleets/build/bf_example -- -j8 -l8
[0.107s] Invoking command in '/home/rod/ros_ws/behaviorfleets/build/bf_example': AMENT_PREFIX_PATH=/home/rod/ros_ws/behaviorfleets/install/behaviorfleets:/home/rod/ros_ws/behaviorfleets/install/bf_msgs:/home/rod/ros_ws/behaviorfleets/install/behaviortree_cpp:${AMENT_PREFIX_PATH} CMAKE_PREFIX_PATH=/home/rod/ros_ws/behaviorfleets/install/behaviorfleets:/home/rod/ros_ws/behaviorfleets/install/bf_msgs:/home/rod/ros_ws/behaviorfleets/install/behaviortree_cpp:/opt/ros/humble LD_LIBRARY_PATH=/home/rod/ros_ws/behaviorfleets/install/behaviorfleets/lib:/home/rod/ros_ws/behaviorfleets/install/bf_msgs/lib:/home/rod/ros_ws/behaviorfleets/install/behaviortree_cpp/lib:/usr/lib/x86_64-linux-gnu/gazebo-11/plugins:/opt/ros/humble/opt/rviz_ogre_vendor/lib:/opt/ros/humble/lib/x86_64-linux-gnu:/opt/ros/humble/lib:/usr/share/gazebo/../../lib/x86_64-linux-gnu/gazebo-11/plugins PATH=/home/rod/ros_ws/behaviorfleets/install/behaviortree_cpp/bin:${PATH} PYTHONPATH=/home/rod/ros_ws/behaviorfleets/install/bf_msgs/local/lib/python3.10/dist-packages:${PYTHONPATH} /usr/bin/cmake --install /home/rod/ros_ws/behaviorfleets/build/bf_example
[0.113s] -- Install configuration: ""
[0.114s] -- Execute custom install script
[0.114s] -- Symlinking: /home/rod/ros_ws/behaviorfleets/install/bf_example/include//bf_example/Test.hpp
[0.122s] -- Up-to-date symlink: /home/rod/ros_ws/behaviorfleets/install/bf_example/share/ament_index/resource_index/package_run_dependencies/bf_example
[0.122s] -- Up-to-date symlink: /home/rod/ros_ws/behaviorfleets/install/bf_example/share/ament_index/resource_index/parent_prefix_path/bf_example
[0.122s] -- Up-to-date symlink: /home/rod/ros_ws/behaviorfleets/install/bf_example/share/bf_example/environment/ament_prefix_path.sh
[0.122s] -- Up-to-date symlink: /home/rod/ros_ws/behaviorfleets/install/bf_example/share/bf_example/environment/ament_prefix_path.dsv
[0.122s] -- Up-to-date symlink: /home/rod/ros_ws/behaviorfleets/install/bf_example/share/bf_example/environment/path.sh
[0.122s] -- Up-to-date symlink: /home/rod/ros_ws/behaviorfleets/install/bf_example/share/bf_example/environment/path.dsv
[0.122s] -- Up-to-date symlink: /home/rod/ros_ws/behaviorfleets/install/bf_example/share/bf_example/local_setup.bash
[0.123s] -- Up-to-date symlink: /home/rod/ros_ws/behaviorfleets/install/bf_example/share/bf_example/local_setup.sh
[0.123s] -- Up-to-date symlink: /home/rod/ros_ws/behaviorfleets/install/bf_example/share/bf_example/local_setup.zsh
[0.123s] -- Up-to-date symlink: /home/rod/ros_ws/behaviorfleets/install/bf_example/share/bf_example/local_setup.dsv
[0.123s] -- Symlinking: /home/rod/ros_ws/behaviorfleets/install/bf_example/share/bf_example/package.dsv
[0.131s] -- Up-to-date symlink: /home/rod/ros_ws/behaviorfleets/install/bf_example/share/ament_index/resource_index/packages/bf_example
[0.131s] -- Up-to-date symlink: /home/rod/ros_ws/behaviorfleets/install/bf_example/share/bf_example/cmake/ament_cmake_export_include_directories-extras.cmake
[0.131s] -- Up-to-date symlink: /home/rod/ros_ws/behaviorfleets/install/bf_example/share/bf_example/cmake/ament_cmake_export_dependencies-extras.cmake
[0.131s] -- Up-to-date symlink: /home/rod/ros_ws/behaviorfleets/install/bf_example/share/bf_example/cmake/bf_exampleConfig.cmake
[0.131s] -- Up-to-date symlink: /home/rod/ros_ws/behaviorfleets/install/bf_example/share/bf_example/cmake/bf_exampleConfig-version.cmake
[0.132s] -- Up-to-date symlink: /home/rod/ros_ws/behaviorfleets/install/bf_example/share/bf_example/package.xml
[0.135s] Invoked command in '/home/rod/ros_ws/behaviorfleets/build/bf_example' returned '0': AMENT_PREFIX_PATH=/home/rod/ros_ws/behaviorfleets/install/behaviorfleets:/home/rod/ros_ws/behaviorfleets/install/bf_msgs:/home/rod/ros_ws/behaviorfleets/install/behaviortree_cpp:${AMENT_PREFIX_PATH} CMAKE_PREFIX_PATH=/home/rod/ros_ws/behaviorfleets/install/behaviorfleets:/home/rod/ros_ws/behaviorfleets/install/bf_msgs:/home/rod/ros_ws/behaviorfleets/install/behaviortree_cpp:/opt/ros/humble LD_LIBRARY_PATH=/home/rod/ros_ws/behaviorfleets/install/behaviorfleets/lib:/home/rod/ros_ws/behaviorfleets/install/bf_msgs/lib:/home/rod/ros_ws/behaviorfleets/install/behaviortree_cpp/lib:/usr/lib/x86_64-linux-gnu/gazebo-11/plugins:/opt/ros/humble/opt/rviz_ogre_vendor/lib:/opt/ros/humble/lib/x86_64-linux-gnu:/opt/ros/humble/lib:/usr/share/gazebo/../../lib/x86_64-linux-gnu/gazebo-11/plugins PATH=/home/rod/ros_ws/behaviorfleets/install/behaviortree_cpp/bin:${PATH} PYTHONPATH=/home/rod/ros_ws/behaviorfleets/install/bf_msgs/local/lib/python3.10/dist-packages:${PYTHONPATH} /usr/bin/cmake --install /home/rod/ros_ws/behaviorfleets/build/bf_example
