[0.017s] Invoking command in '/home/rod/ros_ws/behaviorfleets/build/bt4_bumpgo': AMENT_PREFIX_PATH=/home/rod/ros_ws/behaviorfleets/install/bf_msgs:/home/rod/ros_ws/behaviorfleets/install/behaviortree_cpp:${AMENT_PREFIX_PATH} CMAKE_PREFIX_PATH=/home/rod/ros_ws/behaviorfleets/install/bf_msgs:/home/rod/ros_ws/behaviorfleets/install/behaviortree_cpp:/opt/ros/humble LD_LIBRARY_PATH=/home/rod/ros_ws/behaviorfleets/install/bf_msgs/lib:/home/rod/ros_ws/behaviorfleets/install/behaviortree_cpp/lib:/usr/lib/x86_64-linux-gnu/gazebo-11/plugins:/opt/ros/humble/opt/rviz_ogre_vendor/lib:/opt/ros/humble/lib/x86_64-linux-gnu:/opt/ros/humble/lib:/usr/share/gazebo/../../lib/x86_64-linux-gnu/gazebo-11/plugins PATH=/home/rod/ros_ws/behaviorfleets/install/behaviortree_cpp/bin:${PATH} PYTHONPATH=/home/rod/ros_ws/behaviorfleets/install/bf_msgs/local/lib/python3.10/dist-packages:${PYTHONPATH} /usr/bin/cmake --build /home/rod/ros_ws/behaviorfleets/build/bt4_bumpgo -- -j8 -l8
[0.058s] [35m[1mConsolidate compiler generated dependencies of target delegation_node[0m
[0.072s] [ 10%] Built target gtest_main
[0.074s] [ 40%] Built target gtest
[0.074s] [ 40%] Built target forward_node
[0.074s] [ 40%] Built target back_node
[0.075s] [ 50%] Built target is_obstacle_node
[0.075s] [ 60%] Built target turn_node
[0.076s] [ 70%] Built target bt4_bumpgo
[0.081s] [ 75%] [32mBuilding CXX object CMakeFiles/delegation_node.dir/src/bt4_bumpgo/DelegationNode.cpp.o[0m
[0.096s] [ 85%] Built target bt_forward
[0.098s] [ 95%] Built target bt_action_test
[2.590s] In file included from [01m[K/home/rod/ros_ws/behaviorfleets/src/bt4_bumpgo/src/bt4_bumpgo/DelegationNode.cpp:5[m[K:
[2.590s] [01m[K/home/rod/ros_ws/behaviorfleets/src/bt4_bumpgo/include/bt4_bumpgo/DelegationNode.hpp:28:30:[m[K [01;31m[Kerror: [m[K‘[01m[Kstd_msgs[m[K’ has not been declared
[2.590s]    28 |   void child_status_callback([01;31m[Kstd_msgs[m[K::msg::String::UniquePtr msg);
[2.590s]       |                              [01;31m[K^~~~~~~~[m[K
[2.590s] [01m[K/home/rod/ros_ws/behaviorfleets/src/bt4_bumpgo/include/bt4_bumpgo/DelegationNode.hpp:28:63:[m[K [01;31m[Kerror: [m[Kexpected ‘[01m[K,[m[K’ or ‘[01m[K...[m[K’ before ‘[01m[Kmsg[m[K’
[2.590s]    28 |   void child_status_callback(std_msgs::msg::String::UniquePtr [01;31m[Kmsg[m[K);
[2.590s]       |                                                               [01;31m[K^~~[m[K
[2.596s] [01m[K/home/rod/ros_ws/behaviorfleets/src/bt4_bumpgo/include/bt4_bumpgo/DelegationNode.hpp:33:21:[m[K [01;31m[Kerror: [m[K‘[01m[Kstd_msgs[m[K’ was not declared in this scope
[2.596s]    33 |   rclcpp::Publisher<[01;31m[Kstd_msgs[m[K::msg::String>::SharedPtr tree_pub_;
[2.596s]       |                     [01;31m[K^~~~~~~~[m[K
[2.596s] [01m[K/home/rod/ros_ws/behaviorfleets/src/bt4_bumpgo/include/bt4_bumpgo/DelegationNode.hpp:33:42:[m[K [01;31m[Kerror: [m[Ktemplate argument 1 is invalid
[2.596s]    33 |   rclcpp::Publisher<std_msgs::msg::String[01;31m[K>[m[K::SharedPtr tree_pub_;
[2.597s]       |                                          [01;31m[K^[m[K
[2.597s] [01m[K/home/rod/ros_ws/behaviorfleets/src/bt4_bumpgo/include/bt4_bumpgo/DelegationNode.hpp:33:45:[m[K [01;31m[Kerror: [m[Kexpected ‘[01m[K;[m[K’ at end of member declaration
[2.597s]    33 |   rclcpp::Publisher<std_msgs::msg::String>::[01;31m[KSharedPtr[m[K tree_pub_;
[2.597s]       |                                             [01;31m[K^~~~~~~~~[m[K
[2.597s]       |                                                      [32m[K;[m[K
[2.598s] [01m[K/home/rod/ros_ws/behaviorfleets/src/bt4_bumpgo/include/bt4_bumpgo/DelegationNode.hpp:33:55:[m[K [01;31m[Kerror: [m[K‘[01m[Ktree_pub_[m[K’ does not name a type
[2.598s]    33 |   rclcpp::Publisher<std_msgs::msg::String>::SharedPtr [01;31m[Ktree_pub_[m[K;
[2.598s]       |                                                       [01;31m[K^~~~~~~~~[m[K
[2.604s] [01m[K/home/rod/ros_ws/behaviorfleets/src/bt4_bumpgo/include/bt4_bumpgo/DelegationNode.hpp:34:24:[m[K [01;31m[Kerror: [m[K‘[01m[Kstd_msgs[m[K’ was not declared in this scope
[2.604s]    34 |   rclcpp::Subscription<[01;31m[Kstd_msgs[m[K::msg::String>::SharedPtr child_sub_;
[2.604s]       |                        [01;31m[K^~~~~~~~[m[K
[2.604s] [01m[K/home/rod/ros_ws/behaviorfleets/src/bt4_bumpgo/include/bt4_bumpgo/DelegationNode.hpp:34:45:[m[K [01;31m[Kerror: [m[Ktemplate argument 1 is invalid
[2.604s]    34 |   rclcpp::Subscription<std_msgs::msg::String[01;31m[K>[m[K::SharedPtr child_sub_;
[2.604s]       |                                             [01;31m[K^[m[K
[2.604s] [01m[K/home/rod/ros_ws/behaviorfleets/src/bt4_bumpgo/include/bt4_bumpgo/DelegationNode.hpp:34:45:[m[K [01;31m[Kerror: [m[Ktemplate argument 3 is invalid
[2.604s] [01m[K/home/rod/ros_ws/behaviorfleets/src/bt4_bumpgo/include/bt4_bumpgo/DelegationNode.hpp:34:45:[m[K [01;31m[Kerror: [m[Ktemplate argument 4 is invalid
[2.604s] [01m[K/home/rod/ros_ws/behaviorfleets/src/bt4_bumpgo/include/bt4_bumpgo/DelegationNode.hpp:34:45:[m[K [01;31m[Kerror: [m[Ktemplate argument 5 is invalid
[2.604s] [01m[K/home/rod/ros_ws/behaviorfleets/src/bt4_bumpgo/include/bt4_bumpgo/DelegationNode.hpp:34:48:[m[K [01;31m[Kerror: [m[Kexpected ‘[01m[K;[m[K’ at end of member declaration
[2.604s]    34 |   rclcpp::Subscription<std_msgs::msg::String>::[01;31m[KSharedPtr[m[K child_sub_;
[2.605s]       |                                                [01;31m[K^~~~~~~~~[m[K
[2.605s]       |                                                         [32m[K;[m[K
[2.605s] [01m[K/home/rod/ros_ws/behaviorfleets/src/bt4_bumpgo/include/bt4_bumpgo/DelegationNode.hpp:34:48:[m[K [01;31m[Kerror: [m[Kredeclaration of ‘[01m[Kint bt4_bumpgo::DelegationNode::SharedPtr[m[K’
[2.605s] [01m[K/home/rod/ros_ws/behaviorfleets/src/bt4_bumpgo/include/bt4_bumpgo/DelegationNode.hpp:33:45:[m[K [01;36m[Knote: [m[Kprevious declaration ‘[01m[Kint bt4_bumpgo::DelegationNode::SharedPtr[m[K’
[2.605s]    33 |   rclcpp::Publisher<std_msgs::msg::String>::[01;36m[KSharedPtr[m[K tree_pub_;
[2.605s]       |                                             [01;36m[K^~~~~~~~~[m[K
[2.606s] [01m[K/home/rod/ros_ws/behaviorfleets/src/bt4_bumpgo/include/bt4_bumpgo/DelegationNode.hpp:34:58:[m[K [01;31m[Kerror: [m[K‘[01m[Kchild_sub_[m[K’ does not name a type
[2.606s]    34 |   rclcpp::Subscription<std_msgs::msg::String>::SharedPtr [01;31m[Kchild_sub_[m[K;
[2.606s]       |                                                          [01;31m[K^~~~~~~~~~[m[K
[2.607s] [01m[K/home/rod/ros_ws/behaviorfleets/src/bt4_bumpgo/include/bt4_bumpgo/DelegationNode.hpp:36:3:[m[K [01;31m[Kerror: [m[K‘[01m[Kstd_msgs[m[K’ does not name a type
[2.607s]    36 |   [01;31m[Kstd_msgs[m[K::msg::String::UniquePtr child_status_;
[2.607s]       |   [01;31m[K^~~~~~~~[m[K
[2.610s] [01m[K/home/rod/ros_ws/behaviorfleets/src/bt4_bumpgo/src/bt4_bumpgo/DelegationNode.cpp:14:63:[m[K [01;31m[Kerror: [m[K‘[01m[KNodeConfig[m[K’ does not name a type
[2.610s]    14 | DelegationNode::DelegationNode(const std::string &name, const [01;31m[KNodeConfig[m[K &config) :
[2.610s]       |                                                               [01;31m[K^~~~~~~~~~[m[K
[2.610s] [01m[K/home/rod/ros_ws/behaviorfleets/src/bt4_bumpgo/src/bt4_bumpgo/DelegationNode.cpp:14:1:[m[K [01;31m[Kerror: [m[Kno declaration matches ‘[01m[Kbt4_bumpgo::DelegationNode::DelegationNode(const string&, const int&)[m[K’
[2.610s]    14 | [01;31m[KDelegationNode[m[K::DelegationNode(const std::string &name, const NodeConfig &config) :
[2.610s]       | [01;31m[K^~~~~~~~~~~~~~[m[K
[2.610s] In file included from [01m[K/home/rod/ros_ws/behaviorfleets/src/bt4_bumpgo/src/bt4_bumpgo/DelegationNode.cpp:5[m[K:
[2.610s] [01m[K/home/rod/ros_ws/behaviorfleets/src/bt4_bumpgo/include/bt4_bumpgo/DelegationNode.hpp:15:7:[m[K [01;36m[Knote: [m[Kcandidates are: ‘[01m[Kbt4_bumpgo::DelegationNode::DelegationNode(const bt4_bumpgo::DelegationNode&)[m[K’
[2.610s]    15 | class [01;36m[KDelegationNode[m[K : public BT::DecoratorNode
[2.610s]       |       [01;36m[K^~~~~~~~~~~~~~[m[K
[2.611s] [01m[K/home/rod/ros_ws/behaviorfleets/src/bt4_bumpgo/include/bt4_bumpgo/DelegationNode.hpp:19:3:[m[K [01;36m[Knote: [m[K                ‘[01m[Kbt4_bumpgo::DelegationNode::DelegationNode(const string&, const BT::NodeConfig&)[m[K’
[2.611s]    19 |   [01;36m[KDelegationNode[m[K(const std::string& name, const BT::NodeConfig& config);
[2.611s]       |   [01;36m[K^~~~~~~~~~~~~~[m[K
[2.611s] [01m[K/home/rod/ros_ws/behaviorfleets/src/bt4_bumpgo/include/bt4_bumpgo/DelegationNode.hpp:15:7:[m[K [01;36m[Knote: [m[K‘[01m[Kclass bt4_bumpgo::DelegationNode[m[K’ defined here
[2.611s]    15 | class [01;36m[KDelegationNode[m[K : public BT::DecoratorNode
[2.611s]       |       [01;36m[K^~~~~~~~~~~~~~[m[K
[2.611s] [01m[K/home/rod/ros_ws/behaviorfleets/src/bt4_bumpgo/src/bt4_bumpgo/DelegationNode.cpp:28:1:[m[K [01;31m[Kerror: [m[Kvariable or field ‘[01m[Kchild_status_callback[m[K’ declared void
[2.611s]    28 | [01;31m[KDelegationNode[m[K::child_status_callback(std_msgs::msg::String::UniquePtr msg)
[2.611s]       | [01;31m[K^~~~~~~~~~~~~~[m[K
[2.611s] [01m[K/home/rod/ros_ws/behaviorfleets/src/bt4_bumpgo/src/bt4_bumpgo/DelegationNode.cpp:28:39:[m[K [01;31m[Kerror: [m[K‘[01m[Kstd_msgs[m[K’ has not been declared
[2.611s]    28 | DelegationNode::child_status_callback([01;31m[Kstd_msgs[m[K::msg::String::UniquePtr msg)
[2.611s]       |                                       [01;31m[K^~~~~~~~[m[K
[3.677s] gmake[2]: *** [CMakeFiles/delegation_node.dir/build.make:76: CMakeFiles/delegation_node.dir/src/bt4_bumpgo/DelegationNode.cpp.o] Error 1
[3.677s] gmake[1]: *** [CMakeFiles/Makefile2:288: CMakeFiles/delegation_node.dir/all] Error 2
[3.677s] gmake: *** [Makefile:146: all] Error 2
[3.680s] Invoked command in '/home/rod/ros_ws/behaviorfleets/build/bt4_bumpgo' returned '2': AMENT_PREFIX_PATH=/home/rod/ros_ws/behaviorfleets/install/bf_msgs:/home/rod/ros_ws/behaviorfleets/install/behaviortree_cpp:${AMENT_PREFIX_PATH} CMAKE_PREFIX_PATH=/home/rod/ros_ws/behaviorfleets/install/bf_msgs:/home/rod/ros_ws/behaviorfleets/install/behaviortree_cpp:/opt/ros/humble LD_LIBRARY_PATH=/home/rod/ros_ws/behaviorfleets/install/bf_msgs/lib:/home/rod/ros_ws/behaviorfleets/install/behaviortree_cpp/lib:/usr/lib/x86_64-linux-gnu/gazebo-11/plugins:/opt/ros/humble/opt/rviz_ogre_vendor/lib:/opt/ros/humble/lib/x86_64-linux-gnu:/opt/ros/humble/lib:/usr/share/gazebo/../../lib/x86_64-linux-gnu/gazebo-11/plugins PATH=/home/rod/ros_ws/behaviorfleets/install/behaviortree_cpp/bin:${PATH} PYTHONPATH=/home/rod/ros_ws/behaviorfleets/install/bf_msgs/local/lib/python3.10/dist-packages:${PYTHONPATH} /usr/bin/cmake --build /home/rod/ros_ws/behaviorfleets/build/bt4_bumpgo -- -j8 -l8
