[0.431s] DEBUG:colcon:Command line arguments: ['/usr/bin/colcon', 'build', '--symlink-install', '--packages-select', 'bf_example']
[0.431s] DEBUG:colcon:Parsed command line arguments: Namespace(log_base=None, log_level=None, verb_name='build', build_base='build', install_base='install', merge_install=False, symlink_install=True, test_result_base=None, continue_on_error=False, executor='parallel', parallel_workers=8, event_handlers=None, ignore_user_meta=False, metas=['./colcon.meta'], base_paths=['.'], packages_ignore=None, packages_ignore_regex=None, paths=None, packages_up_to=None, packages_up_to_regex=None, packages_above=None, packages_above_and_dependencies=None, packages_above_depth=None, packages_select_by_dep=None, packages_skip_by_dep=None, packages_skip_up_to=None, packages_select_build_failed=False, packages_skip_build_finished=False, packages_select_test_failures=False, packages_skip_test_passed=False, packages_select=['bf_example'], packages_skip=None, packages_select_regex=None, packages_skip_regex=None, packages_start=None, packages_end=None, allow_overriding=[], cmake_args=None, cmake_target=None, cmake_target_skip_unavailable=False, cmake_clean_cache=False, cmake_clean_first=False, cmake_force_configure=False, ament_cmake_args=None, catkin_cmake_args=None, catkin_skip_building_tests=False, verb_parser=<colcon_defaults.argument_parser.defaults.DefaultArgumentsDecorator object at 0x7efdf9a98400>, verb_extension=<colcon_core.verb.build.BuildVerb object at 0x7efdfa2eb880>, main=<bound method BuildVerb.main of <colcon_core.verb.build.BuildVerb object at 0x7efdfa2eb880>>)
[0.486s] Level 1:colcon.colcon_core.package_discovery:discover_packages(colcon_meta) check parameters
[0.487s] Level 1:colcon.colcon_core.package_discovery:discover_packages(recursive) check parameters
[0.487s] Level 1:colcon.colcon_core.package_discovery:discover_packages(ignore) check parameters
[0.487s] Level 1:colcon.colcon_core.package_discovery:discover_packages(path) check parameters
[0.487s] Level 1:colcon.colcon_core.package_discovery:discover_packages(colcon_meta) discover
[0.487s] Level 1:colcon.colcon_core.package_discovery:discover_packages(recursive) discover
[0.487s] INFO:colcon.colcon_core.package_discovery:Crawling recursively for packages in '/home/rod/ros_ws/behaviorfleets'
[0.487s] Level 1:colcon.colcon_core.package_identification:_identify(.) by extensions ['ignore', 'ignore_ament_install']
[0.487s] Level 1:colcon.colcon_core.package_identification:_identify(.) by extension 'ignore'
[0.487s] Level 1:colcon.colcon_core.package_identification:_identify(.) by extension 'ignore_ament_install'
[0.487s] Level 1:colcon.colcon_core.package_identification:_identify(.) by extensions ['colcon_pkg']
[0.487s] Level 1:colcon.colcon_core.package_identification:_identify(.) by extension 'colcon_pkg'
[0.487s] Level 1:colcon.colcon_core.package_identification:_identify(.) by extensions ['colcon_meta']
[0.487s] Level 1:colcon.colcon_core.package_identification:_identify(.) by extension 'colcon_meta'
[0.487s] Level 1:colcon.colcon_core.package_identification:_identify(.) by extensions ['ros']
[0.487s] Level 1:colcon.colcon_core.package_identification:_identify(.) by extension 'ros'
[0.502s] Level 1:colcon.colcon_core.package_identification:_identify(.) by extensions ['cmake', 'python']
[0.502s] Level 1:colcon.colcon_core.package_identification:_identify(.) by extension 'cmake'
[0.503s] Level 1:colcon.colcon_core.package_identification:_identify(.) by extension 'python'
[0.503s] Level 1:colcon.colcon_core.package_identification:_identify(.) by extensions ['python_setup_py']
[0.503s] Level 1:colcon.colcon_core.package_identification:_identify(.) by extension 'python_setup_py'
[0.503s] Level 1:colcon.colcon_core.package_identification:_identify(build) by extensions ['ignore', 'ignore_ament_install']
[0.503s] Level 1:colcon.colcon_core.package_identification:_identify(build) by extension 'ignore'
[0.503s] Level 1:colcon.colcon_core.package_identification:_identify(build) ignored
[0.503s] Level 1:colcon.colcon_core.package_identification:_identify(install) by extensions ['ignore', 'ignore_ament_install']
[0.503s] Level 1:colcon.colcon_core.package_identification:_identify(install) by extension 'ignore'
[0.503s] Level 1:colcon.colcon_core.package_identification:_identify(install) ignored
[0.503s] Level 1:colcon.colcon_core.package_identification:_identify(log) by extensions ['ignore', 'ignore_ament_install']
[0.503s] Level 1:colcon.colcon_core.package_identification:_identify(log) by extension 'ignore'
[0.503s] Level 1:colcon.colcon_core.package_identification:_identify(log) ignored
[0.503s] Level 1:colcon.colcon_core.package_identification:_identify(src) by extensions ['ignore', 'ignore_ament_install']
[0.504s] Level 1:colcon.colcon_core.package_identification:_identify(src) by extension 'ignore'
[0.504s] Level 1:colcon.colcon_core.package_identification:_identify(src) by extension 'ignore_ament_install'
[0.504s] Level 1:colcon.colcon_core.package_identification:_identify(src) by extensions ['colcon_pkg']
[0.504s] Level 1:colcon.colcon_core.package_identification:_identify(src) by extension 'colcon_pkg'
[0.504s] Level 1:colcon.colcon_core.package_identification:_identify(src) by extensions ['colcon_meta']
[0.504s] Level 1:colcon.colcon_core.package_identification:_identify(src) by extension 'colcon_meta'
[0.504s] Level 1:colcon.colcon_core.package_identification:_identify(src) by extensions ['ros']
[0.504s] Level 1:colcon.colcon_core.package_identification:_identify(src) by extension 'ros'
[0.504s] Level 1:colcon.colcon_core.package_identification:_identify(src) by extensions ['cmake', 'python']
[0.504s] Level 1:colcon.colcon_core.package_identification:_identify(src) by extension 'cmake'
[0.504s] Level 1:colcon.colcon_core.package_identification:_identify(src) by extension 'python'
[0.504s] Level 1:colcon.colcon_core.package_identification:_identify(src) by extensions ['python_setup_py']
[0.504s] Level 1:colcon.colcon_core.package_identification:_identify(src) by extension 'python_setup_py'
[0.504s] Level 1:colcon.colcon_core.package_identification:_identify(src/behaviorfleets) by extensions ['ignore', 'ignore_ament_install']
[0.504s] Level 1:colcon.colcon_core.package_identification:_identify(src/behaviorfleets) by extension 'ignore'
[0.504s] Level 1:colcon.colcon_core.package_identification:_identify(src/behaviorfleets) by extension 'ignore_ament_install'
[0.504s] Level 1:colcon.colcon_core.package_identification:_identify(src/behaviorfleets) by extensions ['colcon_pkg']
[0.504s] Level 1:colcon.colcon_core.package_identification:_identify(src/behaviorfleets) by extension 'colcon_pkg'
[0.504s] Level 1:colcon.colcon_core.package_identification:_identify(src/behaviorfleets) by extensions ['colcon_meta']
[0.504s] Level 1:colcon.colcon_core.package_identification:_identify(src/behaviorfleets) by extension 'colcon_meta'
[0.505s] Level 1:colcon.colcon_core.package_identification:_identify(src/behaviorfleets) by extensions ['ros']
[0.505s] Level 1:colcon.colcon_core.package_identification:_identify(src/behaviorfleets) by extension 'ros'
[0.507s] DEBUG:colcon.colcon_core.package_identification:Package 'src/behaviorfleets' with type 'ros.ament_cmake' and name 'behaviorfleets'
[0.507s] Level 1:colcon.colcon_core.package_identification:_identify(src/bf_example) by extensions ['ignore', 'ignore_ament_install']
[0.507s] Level 1:colcon.colcon_core.package_identification:_identify(src/bf_example) by extension 'ignore'
[0.508s] Level 1:colcon.colcon_core.package_identification:_identify(src/bf_example) by extension 'ignore_ament_install'
[0.508s] Level 1:colcon.colcon_core.package_identification:_identify(src/bf_example) by extensions ['colcon_pkg']
[0.508s] Level 1:colcon.colcon_core.package_identification:_identify(src/bf_example) by extension 'colcon_pkg'
[0.508s] Level 1:colcon.colcon_core.package_identification:_identify(src/bf_example) by extensions ['colcon_meta']
[0.508s] Level 1:colcon.colcon_core.package_identification:_identify(src/bf_example) by extension 'colcon_meta'
[0.508s] Level 1:colcon.colcon_core.package_identification:_identify(src/bf_example) by extensions ['ros']
[0.508s] Level 1:colcon.colcon_core.package_identification:_identify(src/bf_example) by extension 'ros'
[0.509s] DEBUG:colcon.colcon_core.package_identification:Package 'src/bf_example' with type 'ros.ament_cmake' and name 'bf_example'
[0.509s] Level 1:colcon.colcon_core.package_identification:_identify(src/bf_msgs) by extensions ['ignore', 'ignore_ament_install']
[0.509s] Level 1:colcon.colcon_core.package_identification:_identify(src/bf_msgs) by extension 'ignore'
[0.509s] Level 1:colcon.colcon_core.package_identification:_identify(src/bf_msgs) by extension 'ignore_ament_install'
[0.509s] Level 1:colcon.colcon_core.package_identification:_identify(src/bf_msgs) by extensions ['colcon_pkg']
[0.509s] Level 1:colcon.colcon_core.package_identification:_identify(src/bf_msgs) by extension 'colcon_pkg'
[0.509s] Level 1:colcon.colcon_core.package_identification:_identify(src/bf_msgs) by extensions ['colcon_meta']
[0.509s] Level 1:colcon.colcon_core.package_identification:_identify(src/bf_msgs) by extension 'colcon_meta'
[0.509s] Level 1:colcon.colcon_core.package_identification:_identify(src/bf_msgs) by extensions ['ros']
[0.509s] Level 1:colcon.colcon_core.package_identification:_identify(src/bf_msgs) by extension 'ros'
[0.510s] DEBUG:colcon.colcon_core.package_identification:Package 'src/bf_msgs' with type 'ros.ament_cmake' and name 'bf_msgs'
[0.510s] Level 1:colcon.colcon_core.package_identification:_identify(src/thirdparty) by extensions ['ignore', 'ignore_ament_install']
[0.510s] Level 1:colcon.colcon_core.package_identification:_identify(src/thirdparty) by extension 'ignore'
[0.510s] Level 1:colcon.colcon_core.package_identification:_identify(src/thirdparty) by extension 'ignore_ament_install'
[0.510s] Level 1:colcon.colcon_core.package_identification:_identify(src/thirdparty) by extensions ['colcon_pkg']
[0.510s] Level 1:colcon.colcon_core.package_identification:_identify(src/thirdparty) by extension 'colcon_pkg'
[0.511s] Level 1:colcon.colcon_core.package_identification:_identify(src/thirdparty) by extensions ['colcon_meta']
[0.511s] Level 1:colcon.colcon_core.package_identification:_identify(src/thirdparty) by extension 'colcon_meta'
[0.511s] Level 1:colcon.colcon_core.package_identification:_identify(src/thirdparty) by extensions ['ros']
[0.511s] Level 1:colcon.colcon_core.package_identification:_identify(src/thirdparty) by extension 'ros'
[0.511s] Level 1:colcon.colcon_core.package_identification:_identify(src/thirdparty) by extensions ['cmake', 'python']
[0.511s] Level 1:colcon.colcon_core.package_identification:_identify(src/thirdparty) by extension 'cmake'
[0.511s] Level 1:colcon.colcon_core.package_identification:_identify(src/thirdparty) by extension 'python'
[0.511s] Level 1:colcon.colcon_core.package_identification:_identify(src/thirdparty) by extensions ['python_setup_py']
[0.511s] Level 1:colcon.colcon_core.package_identification:_identify(src/thirdparty) by extension 'python_setup_py'
[0.511s] Level 1:colcon.colcon_core.package_identification:_identify(src/thirdparty/behaviortree_cpp) by extensions ['ignore', 'ignore_ament_install']
[0.511s] Level 1:colcon.colcon_core.package_identification:_identify(src/thirdparty/behaviortree_cpp) by extension 'ignore'
[0.512s] Level 1:colcon.colcon_core.package_identification:_identify(src/thirdparty/behaviortree_cpp) by extension 'ignore_ament_install'
[0.512s] Level 1:colcon.colcon_core.package_identification:_identify(src/thirdparty/behaviortree_cpp) by extensions ['colcon_pkg']
[0.512s] Level 1:colcon.colcon_core.package_identification:_identify(src/thirdparty/behaviortree_cpp) by extension 'colcon_pkg'
[0.512s] Level 1:colcon.colcon_core.package_identification:_identify(src/thirdparty/behaviortree_cpp) by extensions ['colcon_meta']
[0.512s] Level 1:colcon.colcon_core.package_identification:_identify(src/thirdparty/behaviortree_cpp) by extension 'colcon_meta'
[0.512s] Level 1:colcon.colcon_core.package_identification:_identify(src/thirdparty/behaviortree_cpp) by extensions ['ros']
[0.512s] Level 1:colcon.colcon_core.package_identification:_identify(src/thirdparty/behaviortree_cpp) by extension 'ros'
[0.522s] DEBUG:colcon.colcon_core.package_identification:Package 'src/thirdparty/behaviortree_cpp' with type 'ros.ament_cmake' and name 'behaviortree_cpp'
[0.523s] Level 1:colcon.colcon_core.package_discovery:discover_packages(recursive) using defaults
[0.523s] Level 1:colcon.colcon_core.package_discovery:discover_packages(ignore) discover
[0.523s] Level 1:colcon.colcon_core.package_discovery:discover_packages(ignore) using defaults
[0.523s] Level 1:colcon.colcon_core.package_discovery:discover_packages(path) discover
[0.523s] Level 1:colcon.colcon_core.package_discovery:discover_packages(path) using defaults
[0.551s] INFO:colcon.colcon_core.package_selection:Skipping not selected package 'behaviortree_cpp' in 'src/thirdparty/behaviortree_cpp'
[0.551s] INFO:colcon.colcon_core.package_selection:Skipping not selected package 'bf_msgs' in 'src/bf_msgs'
[0.551s] INFO:colcon.colcon_core.package_selection:Skipping not selected package 'behaviorfleets' in 'src/behaviorfleets'
[0.552s] Level 1:colcon.colcon_core.package_discovery:discover_packages(prefix_path) check parameters
[0.552s] Level 1:colcon.colcon_core.package_discovery:discover_packages(prefix_path) discover
[0.556s] DEBUG:colcon.colcon_installed_package_information.package_discovery:Found 438 installed packages in /opt/ros/humble
[0.558s] Level 1:colcon.colcon_core.package_discovery:discover_packages(prefix_path) using defaults
[0.645s] Level 5:colcon.colcon_core.verb:set package 'bf_example' build argument 'cmake_args' from command line to 'None'
[0.645s] Level 5:colcon.colcon_core.verb:set package 'bf_example' build argument 'cmake_target' from command line to 'None'
[0.645s] Level 5:colcon.colcon_core.verb:set package 'bf_example' build argument 'cmake_target_skip_unavailable' from command line to 'False'
[0.645s] Level 5:colcon.colcon_core.verb:set package 'bf_example' build argument 'cmake_clean_cache' from command line to 'False'
[0.645s] Level 5:colcon.colcon_core.verb:set package 'bf_example' build argument 'cmake_clean_first' from command line to 'False'
[0.645s] Level 5:colcon.colcon_core.verb:set package 'bf_example' build argument 'cmake_force_configure' from command line to 'False'
[0.645s] Level 5:colcon.colcon_core.verb:set package 'bf_example' build argument 'ament_cmake_args' from command line to 'None'
[0.645s] Level 5:colcon.colcon_core.verb:set package 'bf_example' build argument 'catkin_cmake_args' from command line to 'None'
[0.645s] Level 5:colcon.colcon_core.verb:set package 'bf_example' build argument 'catkin_skip_building_tests' from command line to 'False'
[0.645s] DEBUG:colcon.colcon_core.verb:Building package 'bf_example' with the following arguments: {'ament_cmake_args': None, 'build_base': '/home/rod/ros_ws/behaviorfleets/build/bf_example', 'catkin_cmake_args': None, 'catkin_skip_building_tests': False, 'cmake_args': None, 'cmake_clean_cache': False, 'cmake_clean_first': False, 'cmake_force_configure': False, 'cmake_target': None, 'cmake_target_skip_unavailable': False, 'install_base': '/home/rod/ros_ws/behaviorfleets/install/bf_example', 'merge_install': False, 'path': '/home/rod/ros_ws/behaviorfleets/src/bf_example', 'symlink_install': True, 'test_result_base': None}
[0.646s] INFO:colcon.colcon_core.executor:Executing jobs using 'parallel' executor
[0.651s] DEBUG:colcon.colcon_parallel_executor.executor.parallel:run_until_complete
[0.651s] INFO:colcon.colcon_ros.task.ament_cmake.build:Building ROS package in '/home/rod/ros_ws/behaviorfleets/src/bf_example' with build type 'ament_cmake'
[0.651s] INFO:colcon.colcon_cmake.task.cmake.build:Building CMake package in '/home/rod/ros_ws/behaviorfleets/src/bf_example'
[0.655s] INFO:colcon.colcon_core.plugin_system:Skipping extension 'colcon_core.shell.bat': Not used on non-Windows systems
[0.655s] INFO:colcon.colcon_core.shell:Skip shell extension 'powershell' for command environment: Not usable outside of PowerShell
[0.656s] DEBUG:colcon.colcon_core.shell:Skip shell extension 'dsv' for command environment
[0.670s] DEBUG:colcon.colcon_core.event_handler.log_command:Invoking command in '/home/rod/ros_ws/behaviorfleets/build/bf_example': AMENT_PREFIX_PATH=/home/rod/ros_ws/behaviorfleets/install/behaviorfleets:/home/rod/ros_ws/behaviorfleets/install/bf_msgs:/home/rod/ros_ws/behaviorfleets/install/behaviortree_cpp:${AMENT_PREFIX_PATH} CMAKE_PREFIX_PATH=/home/rod/ros_ws/behaviorfleets/install/behaviorfleets:/home/rod/ros_ws/behaviorfleets/install/bf_msgs:/home/rod/ros_ws/behaviorfleets/install/behaviortree_cpp:/opt/ros/humble LD_LIBRARY_PATH=/home/rod/ros_ws/behaviorfleets/install/behaviorfleets/lib:/home/rod/ros_ws/behaviorfleets/install/bf_msgs/lib:/home/rod/ros_ws/behaviorfleets/install/behaviortree_cpp/lib:/usr/lib/x86_64-linux-gnu/gazebo-11/plugins:/opt/ros/humble/opt/rviz_ogre_vendor/lib:/opt/ros/humble/lib/x86_64-linux-gnu:/opt/ros/humble/lib:/usr/share/gazebo/../../lib/x86_64-linux-gnu/gazebo-11/plugins PATH=/home/rod/ros_ws/behaviorfleets/install/behaviortree_cpp/bin:${PATH} PYTHONPATH=/home/rod/ros_ws/behaviorfleets/install/bf_msgs/local/lib/python3.10/dist-packages:${PYTHONPATH} /usr/bin/cmake /home/rod/ros_ws/behaviorfleets/src/bf_example -DAMENT_CMAKE_SYMLINK_INSTALL=1 -DCMAKE_INSTALL_PREFIX=/home/rod/ros_ws/behaviorfleets/install/bf_example
[1.424s] DEBUG:colcon.colcon_core.event_handler.log_command:Invoked command in '/home/rod/ros_ws/behaviorfleets/build/bf_example' returned '1': AMENT_PREFIX_PATH=/home/rod/ros_ws/behaviorfleets/install/behaviorfleets:/home/rod/ros_ws/behaviorfleets/install/bf_msgs:/home/rod/ros_ws/behaviorfleets/install/behaviortree_cpp:${AMENT_PREFIX_PATH} CMAKE_PREFIX_PATH=/home/rod/ros_ws/behaviorfleets/install/behaviorfleets:/home/rod/ros_ws/behaviorfleets/install/bf_msgs:/home/rod/ros_ws/behaviorfleets/install/behaviortree_cpp:/opt/ros/humble LD_LIBRARY_PATH=/home/rod/ros_ws/behaviorfleets/install/behaviorfleets/lib:/home/rod/ros_ws/behaviorfleets/install/bf_msgs/lib:/home/rod/ros_ws/behaviorfleets/install/behaviortree_cpp/lib:/usr/lib/x86_64-linux-gnu/gazebo-11/plugins:/opt/ros/humble/opt/rviz_ogre_vendor/lib:/opt/ros/humble/lib/x86_64-linux-gnu:/opt/ros/humble/lib:/usr/share/gazebo/../../lib/x86_64-linux-gnu/gazebo-11/plugins PATH=/home/rod/ros_ws/behaviorfleets/install/behaviortree_cpp/bin:${PATH} PYTHONPATH=/home/rod/ros_ws/behaviorfleets/install/bf_msgs/local/lib/python3.10/dist-packages:${PYTHONPATH} /usr/bin/cmake /home/rod/ros_ws/behaviorfleets/src/bf_example -DAMENT_CMAKE_SYMLINK_INSTALL=1 -DCMAKE_INSTALL_PREFIX=/home/rod/ros_ws/behaviorfleets/install/bf_example
[1.435s] Level 1:colcon.colcon_core.environment:create_environment_scripts_only(bf_example)
[1.440s] Level 1:colcon.colcon_core.environment:checking '/home/rod/ros_ws/behaviorfleets/install/bf_example' for CMake module files
[1.440s] Level 1:colcon.colcon_core.environment:checking '/home/rod/ros_ws/behaviorfleets/install/bf_example' for CMake config files
[1.441s] Level 1:colcon.colcon_core.environment:checking '/home/rod/ros_ws/behaviorfleets/install/bf_example/bin'
[1.441s] Level 1:colcon.colcon_core.environment:checking '/home/rod/ros_ws/behaviorfleets/install/bf_example/lib/pkgconfig/bf_example.pc'
[1.441s] Level 1:colcon.colcon_core.environment:checking '/home/rod/ros_ws/behaviorfleets/install/bf_example/lib/python3.10/site-packages'
[1.441s] Level 1:colcon.colcon_core.environment:checking '/home/rod/ros_ws/behaviorfleets/install/bf_example/bin'
[1.442s] INFO:colcon.colcon_core.shell:Creating package script '/home/rod/ros_ws/behaviorfleets/install/bf_example/share/bf_example/package.ps1'
[1.443s] INFO:colcon.colcon_core.shell:Creating package descriptor '/home/rod/ros_ws/behaviorfleets/install/bf_example/share/bf_example/package.dsv'
[1.443s] INFO:colcon.colcon_core.shell:Creating package script '/home/rod/ros_ws/behaviorfleets/install/bf_example/share/bf_example/package.sh'
[1.444s] INFO:colcon.colcon_core.shell:Creating package script '/home/rod/ros_ws/behaviorfleets/install/bf_example/share/bf_example/package.bash'
[1.445s] INFO:colcon.colcon_core.shell:Creating package script '/home/rod/ros_ws/behaviorfleets/install/bf_example/share/bf_example/package.zsh'
[1.445s] Level 1:colcon.colcon_core.environment:create_file_with_runtime_dependencies(/home/rod/ros_ws/behaviorfleets/install/bf_example/share/colcon-core/packages/bf_example)
[1.456s] DEBUG:colcon.colcon_parallel_executor.executor.parallel:closing loop
[1.456s] DEBUG:colcon.colcon_parallel_executor.executor.parallel:loop closed
[1.456s] DEBUG:colcon.colcon_parallel_executor.executor.parallel:run_until_complete finished with '1'
[1.456s] DEBUG:colcon.colcon_core.event_reactor:joining thread
[1.462s] INFO:colcon.colcon_core.plugin_system:Skipping extension 'colcon_notification.desktop_notification.terminal_notifier': Not used on non-Darwin systems
[1.462s] INFO:colcon.colcon_core.plugin_system:Skipping extension 'colcon_notification.desktop_notification.win32': Not used on non-Windows systems
[1.462s] INFO:colcon.colcon_notification.desktop_notification:Sending desktop notification using 'notify2'
[1.474s] DEBUG:colcon.colcon_core.event_reactor:joined thread
[1.475s] INFO:colcon.colcon_core.shell:Creating prefix script '/home/rod/ros_ws/behaviorfleets/install/local_setup.ps1'
[1.476s] INFO:colcon.colcon_core.shell:Creating prefix util module '/home/rod/ros_ws/behaviorfleets/install/_local_setup_util_ps1.py'
[1.477s] INFO:colcon.colcon_core.shell:Creating prefix chain script '/home/rod/ros_ws/behaviorfleets/install/setup.ps1'
[1.479s] INFO:colcon.colcon_core.shell:Creating prefix script '/home/rod/ros_ws/behaviorfleets/install/local_setup.sh'
[1.479s] INFO:colcon.colcon_core.shell:Creating prefix util module '/home/rod/ros_ws/behaviorfleets/install/_local_setup_util_sh.py'
[1.480s] INFO:colcon.colcon_core.shell:Creating prefix chain script '/home/rod/ros_ws/behaviorfleets/install/setup.sh'
[1.481s] INFO:colcon.colcon_core.shell:Creating prefix script '/home/rod/ros_ws/behaviorfleets/install/local_setup.bash'
[1.482s] INFO:colcon.colcon_core.shell:Creating prefix chain script '/home/rod/ros_ws/behaviorfleets/install/setup.bash'
[1.484s] INFO:colcon.colcon_core.shell:Creating prefix script '/home/rod/ros_ws/behaviorfleets/install/local_setup.zsh'
[1.485s] INFO:colcon.colcon_core.shell:Creating prefix chain script '/home/rod/ros_ws/behaviorfleets/install/setup.zsh'
