[0.019s] Invoking command in '/home/rod/ros_ws/behaviorfleets/build/behaviorfleets': AMENT_PREFIX_PATH=/home/rod/ros_ws/behaviorfleets/install/bf_msgs:/home/rod/ros_ws/behaviorfleets/install/behaviortree_cpp:${AMENT_PREFIX_PATH} CMAKE_PREFIX_PATH=/home/rod/ros_ws/behaviorfleets/install/bf_msgs:/home/rod/ros_ws/behaviorfleets/install/behaviortree_cpp:/opt/ros/humble LD_LIBRARY_PATH=/home/rod/ros_ws/behaviorfleets/install/bf_msgs/lib:/home/rod/ros_ws/behaviorfleets/install/behaviortree_cpp/lib:/usr/lib/x86_64-linux-gnu/gazebo-11/plugins:/opt/ros/humble/opt/rviz_ogre_vendor/lib:/opt/ros/humble/lib/x86_64-linux-gnu:/opt/ros/humble/lib:/usr/share/gazebo/../../lib/x86_64-linux-gnu/gazebo-11/plugins PATH=/home/rod/ros_ws/behaviorfleets/install/behaviortree_cpp/bin:${PATH} PYTHONPATH=/home/rod/ros_ws/behaviorfleets/install/bf_msgs/local/lib/python3.10/dist-packages:${PYTHONPATH} /usr/bin/cmake --build /home/rod/ros_ws/behaviorfleets/build/behaviorfleets -- -j8 -l8
[0.064s] [ 50%] [32mBuilding CXX object CMakeFiles/delegation_node.dir/src/DelegationNode.cpp.o[0m
[9.530s] [100%] [32m[1mLinking CXX shared library libdelegation_node.so[0m
[9.988s] [100%] Built target delegation_node
[9.998s] Invoked command in '/home/rod/ros_ws/behaviorfleets/build/behaviorfleets' returned '0': AMENT_PREFIX_PATH=/home/rod/ros_ws/behaviorfleets/install/bf_msgs:/home/rod/ros_ws/behaviorfleets/install/behaviortree_cpp:${AMENT_PREFIX_PATH} CMAKE_PREFIX_PATH=/home/rod/ros_ws/behaviorfleets/install/bf_msgs:/home/rod/ros_ws/behaviorfleets/install/behaviortree_cpp:/opt/ros/humble LD_LIBRARY_PATH=/home/rod/ros_ws/behaviorfleets/install/bf_msgs/lib:/home/rod/ros_ws/behaviorfleets/install/behaviortree_cpp/lib:/usr/lib/x86_64-linux-gnu/gazebo-11/plugins:/opt/ros/humble/opt/rviz_ogre_vendor/lib:/opt/ros/humble/lib/x86_64-linux-gnu:/opt/ros/humble/lib:/usr/share/gazebo/../../lib/x86_64-linux-gnu/gazebo-11/plugins PATH=/home/rod/ros_ws/behaviorfleets/install/behaviortree_cpp/bin:${PATH} PYTHONPATH=/home/rod/ros_ws/behaviorfleets/install/bf_msgs/local/lib/python3.10/dist-packages:${PYTHONPATH} /usr/bin/cmake --build /home/rod/ros_ws/behaviorfleets/build/behaviorfleets -- -j8 -l8
[10.027s] Invoking command in '/home/rod/ros_ws/behaviorfleets/build/behaviorfleets': AMENT_PREFIX_PATH=/home/rod/ros_ws/behaviorfleets/install/bf_msgs:/home/rod/ros_ws/behaviorfleets/install/behaviortree_cpp:${AMENT_PREFIX_PATH} CMAKE_PREFIX_PATH=/home/rod/ros_ws/behaviorfleets/install/bf_msgs:/home/rod/ros_ws/behaviorfleets/install/behaviortree_cpp:/opt/ros/humble LD_LIBRARY_PATH=/home/rod/ros_ws/behaviorfleets/install/bf_msgs/lib:/home/rod/ros_ws/behaviorfleets/install/behaviortree_cpp/lib:/usr/lib/x86_64-linux-gnu/gazebo-11/plugins:/opt/ros/humble/opt/rviz_ogre_vendor/lib:/opt/ros/humble/lib/x86_64-linux-gnu:/opt/ros/humble/lib:/usr/share/gazebo/../../lib/x86_64-linux-gnu/gazebo-11/plugins PATH=/home/rod/ros_ws/behaviorfleets/install/behaviortree_cpp/bin:${PATH} PYTHONPATH=/home/rod/ros_ws/behaviorfleets/install/bf_msgs/local/lib/python3.10/dist-packages:${PYTHONPATH} /usr/bin/cmake --install /home/rod/ros_ws/behaviorfleets/build/behaviorfleets
[10.033s] -- Install configuration: ""
[10.033s] -- Execute custom install script
[10.033s] -- Up-to-date symlink: /home/rod/ros_ws/behaviorfleets/install/behaviorfleets/lib/libdelegation_node.so
[10.034s] -- Up-to-date symlink: /home/rod/ros_ws/behaviorfleets/install/behaviorfleets/include//DelegationNode.hpp
[10.034s] -- Up-to-date symlink: /home/rod/ros_ws/behaviorfleets/install/behaviorfleets/share/ament_index/resource_index/package_run_dependencies/behaviorfleets
[10.034s] -- Up-to-date symlink: /home/rod/ros_ws/behaviorfleets/install/behaviorfleets/share/ament_index/resource_index/parent_prefix_path/behaviorfleets
[10.034s] -- Up-to-date symlink: /home/rod/ros_ws/behaviorfleets/install/behaviorfleets/share/behaviorfleets/environment/ament_prefix_path.sh
[10.034s] -- Up-to-date symlink: /home/rod/ros_ws/behaviorfleets/install/behaviorfleets/share/behaviorfleets/environment/ament_prefix_path.dsv
[10.034s] -- Up-to-date symlink: /home/rod/ros_ws/behaviorfleets/install/behaviorfleets/share/behaviorfleets/environment/path.sh
[10.034s] -- Up-to-date symlink: /home/rod/ros_ws/behaviorfleets/install/behaviorfleets/share/behaviorfleets/environment/path.dsv
[10.035s] -- Up-to-date symlink: /home/rod/ros_ws/behaviorfleets/install/behaviorfleets/share/behaviorfleets/local_setup.bash
[10.035s] -- Up-to-date symlink: /home/rod/ros_ws/behaviorfleets/install/behaviorfleets/share/behaviorfleets/local_setup.sh
[10.035s] -- Up-to-date symlink: /home/rod/ros_ws/behaviorfleets/install/behaviorfleets/share/behaviorfleets/local_setup.zsh
[10.035s] -- Up-to-date symlink: /home/rod/ros_ws/behaviorfleets/install/behaviorfleets/share/behaviorfleets/local_setup.dsv
[10.035s] -- Symlinking: /home/rod/ros_ws/behaviorfleets/install/behaviorfleets/share/behaviorfleets/package.dsv
[10.043s] -- Up-to-date symlink: /home/rod/ros_ws/behaviorfleets/install/behaviorfleets/share/ament_index/resource_index/packages/behaviorfleets
[10.043s] -- Up-to-date symlink: /home/rod/ros_ws/behaviorfleets/install/behaviorfleets/share/behaviorfleets/cmake/ament_cmake_export_include_directories-extras.cmake
[10.043s] -- Up-to-date symlink: /home/rod/ros_ws/behaviorfleets/install/behaviorfleets/share/behaviorfleets/cmake/ament_cmake_export_dependencies-extras.cmake
[10.043s] -- Up-to-date symlink: /home/rod/ros_ws/behaviorfleets/install/behaviorfleets/share/behaviorfleets/cmake/behaviorfleetsConfig.cmake
[10.043s] -- Up-to-date symlink: /home/rod/ros_ws/behaviorfleets/install/behaviorfleets/share/behaviorfleets/cmake/behaviorfleetsConfig-version.cmake
[10.043s] -- Up-to-date symlink: /home/rod/ros_ws/behaviorfleets/install/behaviorfleets/share/behaviorfleets/package.xml
[10.046s] Invoked command in '/home/rod/ros_ws/behaviorfleets/build/behaviorfleets' returned '0': AMENT_PREFIX_PATH=/home/rod/ros_ws/behaviorfleets/install/bf_msgs:/home/rod/ros_ws/behaviorfleets/install/behaviortree_cpp:${AMENT_PREFIX_PATH} CMAKE_PREFIX_PATH=/home/rod/ros_ws/behaviorfleets/install/bf_msgs:/home/rod/ros_ws/behaviorfleets/install/behaviortree_cpp:/opt/ros/humble LD_LIBRARY_PATH=/home/rod/ros_ws/behaviorfleets/install/bf_msgs/lib:/home/rod/ros_ws/behaviorfleets/install/behaviortree_cpp/lib:/usr/lib/x86_64-linux-gnu/gazebo-11/plugins:/opt/ros/humble/opt/rviz_ogre_vendor/lib:/opt/ros/humble/lib/x86_64-linux-gnu:/opt/ros/humble/lib:/usr/share/gazebo/../../lib/x86_64-linux-gnu/gazebo-11/plugins PATH=/home/rod/ros_ws/behaviorfleets/install/behaviortree_cpp/bin:${PATH} PYTHONPATH=/home/rod/ros_ws/behaviorfleets/install/bf_msgs/local/lib/python3.10/dist-packages:${PYTHONPATH} /usr/bin/cmake --install /home/rod/ros_ws/behaviorfleets/build/behaviorfleets
