[0.019s] Invoking command in '/home/rod/ros_ws/behaviorfleets/build/bf_example': AMENT_PREFIX_PATH=/home/rod/ros_ws/behaviorfleets/install/behaviorfleets:/home/rod/ros_ws/behaviorfleets/install/bf_msgs:/home/rod/ros_ws/behaviorfleets/install/behaviortree_cpp:${AMENT_PREFIX_PATH} CMAKE_PREFIX_PATH=/home/rod/ros_ws/behaviorfleets/install/behaviorfleets:/home/rod/ros_ws/behaviorfleets/install/bf_msgs:/home/rod/ros_ws/behaviorfleets/install/behaviortree_cpp:/opt/ros/humble LD_LIBRARY_PATH=/home/rod/ros_ws/behaviorfleets/install/behaviorfleets/lib:/home/rod/ros_ws/behaviorfleets/install/bf_msgs/lib:/home/rod/ros_ws/behaviorfleets/install/behaviortree_cpp/lib:/usr/lib/x86_64-linux-gnu/gazebo-11/plugins:/opt/ros/humble/opt/rviz_ogre_vendor/lib:/opt/ros/humble/lib/x86_64-linux-gnu:/opt/ros/humble/lib:/usr/share/gazebo/../../lib/x86_64-linux-gnu/gazebo-11/plugins PATH=/home/rod/ros_ws/behaviorfleets/install/behaviortree_cpp/bin:${PATH} PYTHONPATH=/home/rod/ros_ws/behaviorfleets/install/bf_msgs/local/lib/python3.10/dist-packages:${PYTHONPATH} /usr/bin/cmake --build /home/rod/ros_ws/behaviorfleets/build/bf_example -- -j8 -l8
[0.039s] -- Found ament_cmake: 1.3.3 (/opt/ros/humble/share/ament_cmake/cmake)
[0.172s] -- Override CMake install command with custom implementation using symlinks instead of copying resources
[0.180s] -- Found rclcpp: 16.0.3 (/opt/ros/humble/share/rclcpp/cmake)
[0.210s] -- Found rosidl_generator_c: 3.1.4 (/opt/ros/humble/share/rosidl_generator_c/cmake)
[0.212s] -- Found rosidl_adapter: 3.1.4 (/opt/ros/humble/share/rosidl_adapter/cmake)
[0.218s] -- Found rosidl_generator_cpp: 3.1.4 (/opt/ros/humble/share/rosidl_generator_cpp/cmake)
[0.230s] -- Using all available rosidl_typesupport_c: rosidl_typesupport_fastrtps_c;rosidl_typesupport_introspection_c
[0.246s] -- Using all available rosidl_typesupport_cpp: rosidl_typesupport_fastrtps_cpp;rosidl_typesupport_introspection_cpp
[0.302s] -- Found rmw_implementation_cmake: 6.1.1 (/opt/ros/humble/share/rmw_implementation_cmake/cmake)
[0.304s] -- Found rmw_fastrtps_cpp: 6.2.2 (/opt/ros/humble/share/rmw_fastrtps_cpp/cmake)
[0.439s] -- Using RMW implementation 'rmw_fastrtps_cpp' as default
[0.612s] -- Found behaviortree_cpp: 4.1.1 (/home/rod/ros_ws/behaviorfleets/install/behaviortree_cpp/share/behaviortree_cpp/cmake)
[0.614s] -- Found bf_msgs: 0.2.0 (/home/rod/ros_ws/behaviorfleets/install/bf_msgs/share/bf_msgs/cmake)
[0.647s] -- Found behaviorfleets: 0.2.0 (/home/rod/ros_ws/behaviorfleets/install/behaviorfleets/share/behaviorfleets/cmake)
[0.743s] -- Configuring done
[0.752s] -- Generating done
[0.753s] -- Build files have been written to: /home/rod/ros_ws/behaviorfleets/build/bf_example
[0.774s] [35m[1mConsolidate compiler generated dependencies of target bf_example[0m
[0.790s] [ 33%] [32mBuilding CXX object CMakeFiles/bf_example.dir/src/bf_example/Test.cpp.o[0m
[0.848s] [01m[K/home/rod/ros_ws/behaviorfleets/src/bf_example/src/bf_example/Test.cpp:18:10:[m[K [01;31m[Kfatal error: [m[Kbf_example/Test.hpp: No such file or directory
[0.848s]    18 | #include [01;31m[K"bf_example/Test.hpp"[m[K
[0.848s]       |          [01;31m[K^~~~~~~~~~~~~~~~~~~~~[m[K
[0.848s] compilation terminated.
[0.849s] gmake[2]: *** [CMakeFiles/bf_example.dir/build.make:90: CMakeFiles/bf_example.dir/src/bf_example/Test.cpp.o] Error 1
[0.849s] gmake[1]: *** [CMakeFiles/Makefile2:137: CMakeFiles/bf_example.dir/all] Error 2
[0.849s] gmake: *** [Makefile:146: all] Error 2
[0.851s] Invoked command in '/home/rod/ros_ws/behaviorfleets/build/bf_example' returned '2': AMENT_PREFIX_PATH=/home/rod/ros_ws/behaviorfleets/install/behaviorfleets:/home/rod/ros_ws/behaviorfleets/install/bf_msgs:/home/rod/ros_ws/behaviorfleets/install/behaviortree_cpp:${AMENT_PREFIX_PATH} CMAKE_PREFIX_PATH=/home/rod/ros_ws/behaviorfleets/install/behaviorfleets:/home/rod/ros_ws/behaviorfleets/install/bf_msgs:/home/rod/ros_ws/behaviorfleets/install/behaviortree_cpp:/opt/ros/humble LD_LIBRARY_PATH=/home/rod/ros_ws/behaviorfleets/install/behaviorfleets/lib:/home/rod/ros_ws/behaviorfleets/install/bf_msgs/lib:/home/rod/ros_ws/behaviorfleets/install/behaviortree_cpp/lib:/usr/lib/x86_64-linux-gnu/gazebo-11/plugins:/opt/ros/humble/opt/rviz_ogre_vendor/lib:/opt/ros/humble/lib/x86_64-linux-gnu:/opt/ros/humble/lib:/usr/share/gazebo/../../lib/x86_64-linux-gnu/gazebo-11/plugins PATH=/home/rod/ros_ws/behaviorfleets/install/behaviortree_cpp/bin:${PATH} PYTHONPATH=/home/rod/ros_ws/behaviorfleets/install/bf_msgs/local/lib/python3.10/dist-packages:${PYTHONPATH} /usr/bin/cmake --build /home/rod/ros_ws/behaviorfleets/build/bf_example -- -j8 -l8
