-- Found ament_cmake: 1.3.3 (/opt/ros/humble/share/ament_cmake/cmake)
-- Override CMake install command with custom implementation using symlinks instead of copying resources
-- Found builtin_interfaces: 1.2.1 (/opt/ros/humble/share/builtin_interfaces/cmake)
-- Found rosidl_generator_c: 3.1.4 (/opt/ros/humble/share/rosidl_generator_c/cmake)
-- Found rosidl_adapter: 3.1.4 (/opt/ros/humble/share/rosidl_adapter/cmake)
-- Found rosidl_generator_cpp: 3.1.4 (/opt/ros/humble/share/rosidl_generator_cpp/cmake)
-- Using all available rosidl_typesupport_c: rosidl_typesupport_fastrtps_c;rosidl_typesupport_introspection_c
-- Using all available rosidl_typesupport_cpp: rosidl_typesupport_fastrtps_cpp;rosidl_typesupport_introspection_cpp
-- Found rosidl_default_generators: 1.2.0 (/opt/ros/humble/share/rosidl_default_generators/cmake)
-- Found ament_cmake_ros: 0.10.0 (/opt/ros/humble/share/ament_cmake_ros/cmake)
-- Using all available rosidl_typesupport_c: rosidl_typesupport_fastrtps_c;rosidl_typesupport_introspection_c
-- Using all available rosidl_typesupport_cpp: rosidl_typesupport_fastrtps_cpp;rosidl_typesupport_introspection_cpp
-- Found python_cmake_module: 0.10.0 (/opt/ros/humble/share/python_cmake_module/cmake)
-- Using PYTHON_EXECUTABLE: /usr/bin/python3
-- Using PYTHON_INCLUDE_DIRS: /usr/include/python3.10
-- Using PYTHON_LIBRARIES: /usr/lib/x86_64-linux-gnu/libpython3.10.so
-- Configuring done
-- Generating done
-- Build files have been written to: /home/rod/ros_ws/behaviorfleets/build/bf_msgs
[  2%] [34m[1mGenerating C code for ROS interfaces[0m
[  5%] [34m[1mGenerating C++ code for ROS interfaces[0m
[  5%] Built target ament_cmake_python_symlink_bf_msgs
[  5%] Built target bf_msgs__cpp
[  7%] [34m[1mGenerating C++ introspection for ROS interfaces[0m
[ 10%] [34m[1mGenerating C++ type support for eProsima Fast-RTPS[0m
[35m[1mConsolidate compiler generated dependencies of target bf_msgs__rosidl_generator_c[0m
[ 12%] [34m[1mGenerating C++ type support dispatch for ROS interfaces[0m
[ 17%] [32mBuilding C object CMakeFiles/bf_msgs__rosidl_generator_c.dir/rosidl_generator_c/bf_msgs/msg/detail/mission_command__functions.c.o[0m
[ 17%] [32mBuilding C object CMakeFiles/bf_msgs__rosidl_generator_c.dir/rosidl_generator_c/bf_msgs/msg/detail/mission_status__functions.c.o[0m
[ 20%] [32m[1mLinking C shared library libbf_msgs__rosidl_generator_c.so[0m
running egg_info
writing bf_msgs.egg-info/PKG-INFO
writing dependency_links to bf_msgs.egg-info/dependency_links.txt
writing top-level names to bf_msgs.egg-info/top_level.txt
[ 20%] Built target bf_msgs__rosidl_generator_c
[ 25%] [34m[1mGenerating C type support dispatch for ROS interfaces[0m
[ 28%] [34m[1mGenerating C introspection for ROS interfaces[0m
[ 28%] [34m[1mGenerating C type support for eProsima Fast-RTPS[0m
reading manifest file 'bf_msgs.egg-info/SOURCES.txt'
writing manifest file 'bf_msgs.egg-info/SOURCES.txt'
[ 28%] Built target ament_cmake_python_build_bf_msgs_egg
[35m[1mConsolidate compiler generated dependencies of target bf_msgs__rosidl_typesupport_cpp[0m
[ 30%] [32mBuilding CXX object CMakeFiles/bf_msgs__rosidl_typesupport_cpp.dir/rosidl_typesupport_cpp/bf_msgs/msg/mission_command__type_support.cpp.o[0m
[35m[1mConsolidate compiler generated dependencies of target bf_msgs__rosidl_typesupport_introspection_cpp[0m
[ 33%] [32mBuilding CXX object CMakeFiles/bf_msgs__rosidl_typesupport_cpp.dir/rosidl_typesupport_cpp/bf_msgs/msg/mission_status__type_support.cpp.o[0m
[ 35%] [32mBuilding CXX object CMakeFiles/bf_msgs__rosidl_typesupport_introspection_cpp.dir/rosidl_typesupport_introspection_cpp/bf_msgs/msg/detail/mission_command__type_support.cpp.o[0m
[ 38%] [32mBuilding CXX object CMakeFiles/bf_msgs__rosidl_typesupport_introspection_cpp.dir/rosidl_typesupport_introspection_cpp/bf_msgs/msg/detail/mission_status__type_support.cpp.o[0m
[35m[1mConsolidate compiler generated dependencies of target bf_msgs__rosidl_typesupport_fastrtps_cpp[0m
[ 41%] [32mBuilding CXX object CMakeFiles/bf_msgs__rosidl_typesupport_fastrtps_cpp.dir/rosidl_typesupport_fastrtps_cpp/bf_msgs/msg/detail/dds_fastrtps/mission_command__type_support.cpp.o[0m
[35m[1mConsolidate compiler generated dependencies of target bf_msgs__rosidl_typesupport_c[0m
[35m[1mConsolidate compiler generated dependencies of target bf_msgs__rosidl_typesupport_introspection_c[0m
[ 43%] [32mBuilding CXX object CMakeFiles/bf_msgs__rosidl_typesupport_c.dir/rosidl_typesupport_c/bf_msgs/msg/mission_command__type_support.cpp.o[0m
[ 46%] [32mBuilding C object CMakeFiles/bf_msgs__rosidl_typesupport_introspection_c.dir/rosidl_typesupport_introspection_c/bf_msgs/msg/detail/mission_command__type_support.c.o[0m
[35m[1mConsolidate compiler generated dependencies of target bf_msgs__rosidl_typesupport_fastrtps_c[0m
[ 48%] [32mBuilding CXX object CMakeFiles/bf_msgs__rosidl_typesupport_c.dir/rosidl_typesupport_c/bf_msgs/msg/mission_status__type_support.cpp.o[0m
[ 51%] [32mBuilding CXX object CMakeFiles/bf_msgs__rosidl_typesupport_fastrtps_c.dir/rosidl_typesupport_fastrtps_c/bf_msgs/msg/detail/mission_command__type_support_c.cpp.o[0m
[ 53%] [32mBuilding C object CMakeFiles/bf_msgs__rosidl_typesupport_introspection_c.dir/rosidl_typesupport_introspection_c/bf_msgs/msg/detail/mission_status__type_support.c.o[0m
[ 56%] [32m[1mLinking CXX shared library libbf_msgs__rosidl_typesupport_c.so[0m
[ 58%] [32m[1mLinking C shared library libbf_msgs__rosidl_typesupport_introspection_c.so[0m
[ 61%] [32mBuilding CXX object CMakeFiles/bf_msgs__rosidl_typesupport_fastrtps_cpp.dir/rosidl_typesupport_fastrtps_cpp/bf_msgs/msg/detail/dds_fastrtps/mission_status__type_support.cpp.o[0m
[ 61%] Built target bf_msgs__rosidl_typesupport_introspection_c
[ 64%] [32mBuilding CXX object CMakeFiles/bf_msgs__rosidl_typesupport_fastrtps_c.dir/rosidl_typesupport_fastrtps_c/bf_msgs/msg/detail/mission_status__type_support_c.cpp.o[0m
[ 64%] Built target bf_msgs__rosidl_typesupport_c
[ 66%] [32m[1mLinking CXX shared library libbf_msgs__rosidl_typesupport_cpp.so[0m
[ 66%] Built target bf_msgs__rosidl_typesupport_cpp
[ 69%] [32m[1mLinking CXX shared library libbf_msgs__rosidl_typesupport_introspection_cpp.so[0m
[ 69%] Built target bf_msgs__rosidl_typesupport_introspection_cpp
[ 71%] [32m[1mLinking CXX shared library libbf_msgs__rosidl_typesupport_fastrtps_c.so[0m
[ 74%] [32m[1mLinking CXX shared library libbf_msgs__rosidl_typesupport_fastrtps_cpp.so[0m
[ 74%] Built target bf_msgs__rosidl_typesupport_fastrtps_c
[ 74%] Built target bf_msgs__rosidl_typesupport_fastrtps_cpp
[ 74%] Built target bf_msgs
[ 76%] [34m[1mGenerating Python code for ROS interfaces[0m
[ 76%] Built target bf_msgs__py
[35m[1mConsolidate compiler generated dependencies of target bf_msgs__rosidl_generator_py[0m
[ 82%] [32mBuilding C object CMakeFiles/bf_msgs__rosidl_generator_py.dir/rosidl_generator_py/bf_msgs/msg/_mission_command_s.c.o[0m
[ 82%] [32mBuilding C object CMakeFiles/bf_msgs__rosidl_generator_py.dir/rosidl_generator_py/bf_msgs/msg/_mission_status_s.c.o[0m
[ 84%] [32m[1mLinking C shared library rosidl_generator_py/bf_msgs/libbf_msgs__rosidl_generator_py.so[0m
[ 84%] Built target bf_msgs__rosidl_generator_py
[35m[1mConsolidate compiler generated dependencies of target bf_msgs__rosidl_typesupport_fastrtps_c__pyext[0m
[35m[1mConsolidate compiler generated dependencies of target bf_msgs__rosidl_typesupport_introspection_c__pyext[0m
[35m[1mConsolidate compiler generated dependencies of target bf_msgs__rosidl_typesupport_c__pyext[0m
[ 92%] [32mBuilding C object CMakeFiles/bf_msgs__rosidl_typesupport_introspection_c__pyext.dir/rosidl_generator_py/bf_msgs/_bf_msgs_s.ep.rosidl_typesupport_introspection_c.c.o[0m
[ 92%] [32mBuilding C object CMakeFiles/bf_msgs__rosidl_typesupport_fastrtps_c__pyext.dir/rosidl_generator_py/bf_msgs/_bf_msgs_s.ep.rosidl_typesupport_fastrtps_c.c.o[0m
[ 92%] [32mBuilding C object CMakeFiles/bf_msgs__rosidl_typesupport_c__pyext.dir/rosidl_generator_py/bf_msgs/_bf_msgs_s.ep.rosidl_typesupport_c.c.o[0m
[ 94%] [32m[1mLinking C shared library rosidl_generator_py/bf_msgs/bf_msgs_s__rosidl_typesupport_c.cpython-310-x86_64-linux-gnu.so[0m
[ 97%] [32m[1mLinking C shared library rosidl_generator_py/bf_msgs/bf_msgs_s__rosidl_typesupport_introspection_c.cpython-310-x86_64-linux-gnu.so[0m
[100%] [32m[1mLinking C shared library rosidl_generator_py/bf_msgs/bf_msgs_s__rosidl_typesupport_fastrtps_c.cpython-310-x86_64-linux-gnu.so[0m
[100%] Built target bf_msgs__rosidl_typesupport_introspection_c__pyext
[100%] Built target bf_msgs__rosidl_typesupport_c__pyext
[100%] Built target bf_msgs__rosidl_typesupport_fastrtps_c__pyext
-- Install configuration: ""
-- Execute custom install script
-- Up-to-date symlink: /home/rod/ros_ws/behaviorfleets/install/bf_msgs/share/ament_index/resource_index/rosidl_interfaces/bf_msgs
-- Up-to-date symlink: /home/rod/ros_ws/behaviorfleets/install/bf_msgs/include/bf_msgs/bf_msgs/msg/detail/mission_command__functions.h
-- Up-to-date symlink: /home/rod/ros_ws/behaviorfleets/install/bf_msgs/include/bf_msgs/bf_msgs/msg/detail/mission_command__struct.h
-- Up-to-date symlink: /home/rod/ros_ws/behaviorfleets/install/bf_msgs/include/bf_msgs/bf_msgs/msg/detail/mission_command__type_support.h
-- Up-to-date symlink: /home/rod/ros_ws/behaviorfleets/install/bf_msgs/include/bf_msgs/bf_msgs/msg/detail/mission_status__functions.h
-- Up-to-date symlink: /home/rod/ros_ws/behaviorfleets/install/bf_msgs/include/bf_msgs/bf_msgs/msg/detail/mission_status__struct.h
-- Up-to-date symlink: /home/rod/ros_ws/behaviorfleets/install/bf_msgs/include/bf_msgs/bf_msgs/msg/detail/mission_status__type_support.h
-- Up-to-date symlink: /home/rod/ros_ws/behaviorfleets/install/bf_msgs/include/bf_msgs/bf_msgs/msg/mission_command.h
-- Up-to-date symlink: /home/rod/ros_ws/behaviorfleets/install/bf_msgs/include/bf_msgs/bf_msgs/msg/mission_status.h
-- Up-to-date symlink: /home/rod/ros_ws/behaviorfleets/install/bf_msgs/include/bf_msgs/bf_msgs/msg/rosidl_generator_c__visibility_control.h
-- Up-to-date symlink: /home/rod/ros_ws/behaviorfleets/install/bf_msgs/share/bf_msgs/environment/library_path.sh
-- Up-to-date symlink: /home/rod/ros_ws/behaviorfleets/install/bf_msgs/share/bf_msgs/environment/library_path.dsv
-- Up-to-date symlink: /home/rod/ros_ws/behaviorfleets/install/bf_msgs/include/bf_msgs/bf_msgs/msg/detail/mission_command__rosidl_typesupport_fastrtps_c.h
-- Up-to-date symlink: /home/rod/ros_ws/behaviorfleets/install/bf_msgs/include/bf_msgs/bf_msgs/msg/detail/mission_status__rosidl_typesupport_fastrtps_c.h
-- Up-to-date symlink: /home/rod/ros_ws/behaviorfleets/install/bf_msgs/include/bf_msgs/bf_msgs/msg/rosidl_typesupport_fastrtps_c__visibility_control.h
-- Up-to-date symlink: /home/rod/ros_ws/behaviorfleets/install/bf_msgs/include/bf_msgs/bf_msgs/msg/detail/mission_command__builder.hpp
-- Up-to-date symlink: /home/rod/ros_ws/behaviorfleets/install/bf_msgs/include/bf_msgs/bf_msgs/msg/detail/mission_command__struct.hpp
-- Up-to-date symlink: /home/rod/ros_ws/behaviorfleets/install/bf_msgs/include/bf_msgs/bf_msgs/msg/detail/mission_command__traits.hpp
-- Up-to-date symlink: /home/rod/ros_ws/behaviorfleets/install/bf_msgs/include/bf_msgs/bf_msgs/msg/detail/mission_status__builder.hpp
-- Up-to-date symlink: /home/rod/ros_ws/behaviorfleets/install/bf_msgs/include/bf_msgs/bf_msgs/msg/detail/mission_status__struct.hpp
-- Up-to-date symlink: /home/rod/ros_ws/behaviorfleets/install/bf_msgs/include/bf_msgs/bf_msgs/msg/detail/mission_status__traits.hpp
-- Up-to-date symlink: /home/rod/ros_ws/behaviorfleets/install/bf_msgs/include/bf_msgs/bf_msgs/msg/mission_command.hpp
-- Up-to-date symlink: /home/rod/ros_ws/behaviorfleets/install/bf_msgs/include/bf_msgs/bf_msgs/msg/mission_status.hpp
-- Up-to-date symlink: /home/rod/ros_ws/behaviorfleets/install/bf_msgs/include/bf_msgs/bf_msgs/msg/detail/mission_command__rosidl_typesupport_fastrtps_cpp.hpp
-- Up-to-date symlink: /home/rod/ros_ws/behaviorfleets/install/bf_msgs/include/bf_msgs/bf_msgs/msg/detail/mission_status__rosidl_typesupport_fastrtps_cpp.hpp
-- Up-to-date symlink: /home/rod/ros_ws/behaviorfleets/install/bf_msgs/include/bf_msgs/bf_msgs/msg/rosidl_typesupport_fastrtps_cpp__visibility_control.h
-- Up-to-date symlink: /home/rod/ros_ws/behaviorfleets/install/bf_msgs/include/bf_msgs/bf_msgs/msg/detail/mission_command__rosidl_typesupport_introspection_c.h
-- Up-to-date symlink: /home/rod/ros_ws/behaviorfleets/install/bf_msgs/include/bf_msgs/bf_msgs/msg/detail/mission_status__rosidl_typesupport_introspection_c.h
-- Up-to-date symlink: /home/rod/ros_ws/behaviorfleets/install/bf_msgs/include/bf_msgs/bf_msgs/msg/rosidl_typesupport_introspection_c__visibility_control.h
-- Up-to-date symlink: /home/rod/ros_ws/behaviorfleets/install/bf_msgs/include/bf_msgs/bf_msgs/msg/detail/mission_command__rosidl_typesupport_introspection_cpp.hpp
-- Up-to-date symlink: /home/rod/ros_ws/behaviorfleets/install/bf_msgs/include/bf_msgs/bf_msgs/msg/detail/mission_status__rosidl_typesupport_introspection_cpp.hpp
-- Up-to-date symlink: /home/rod/ros_ws/behaviorfleets/install/bf_msgs/share/bf_msgs/environment/pythonpath.sh
-- Up-to-date symlink: /home/rod/ros_ws/behaviorfleets/install/bf_msgs/share/bf_msgs/environment/pythonpath.dsv
-- Up-to-date symlink: /home/rod/ros_ws/behaviorfleets/install/bf_msgs/local/lib/python3.10/dist-packages/bf_msgs-0.2.0-py3.10.egg-info/PKG-INFO
-- Up-to-date symlink: /home/rod/ros_ws/behaviorfleets/install/bf_msgs/local/lib/python3.10/dist-packages/bf_msgs-0.2.0-py3.10.egg-info/SOURCES.txt
-- Up-to-date symlink: /home/rod/ros_ws/behaviorfleets/install/bf_msgs/local/lib/python3.10/dist-packages/bf_msgs-0.2.0-py3.10.egg-info/dependency_links.txt
-- Up-to-date symlink: /home/rod/ros_ws/behaviorfleets/install/bf_msgs/local/lib/python3.10/dist-packages/bf_msgs-0.2.0-py3.10.egg-info/top_level.txt
-- Up-to-date symlink: /home/rod/ros_ws/behaviorfleets/install/bf_msgs/local/lib/python3.10/dist-packages/bf_msgs/__init__.py
-- Up-to-date symlink: /home/rod/ros_ws/behaviorfleets/install/bf_msgs/local/lib/python3.10/dist-packages/bf_msgs/_bf_msgs_s.ep.rosidl_typesupport_c.c
-- Up-to-date symlink: /home/rod/ros_ws/behaviorfleets/install/bf_msgs/local/lib/python3.10/dist-packages/bf_msgs/_bf_msgs_s.ep.rosidl_typesupport_fastrtps_c.c
-- Up-to-date symlink: /home/rod/ros_ws/behaviorfleets/install/bf_msgs/local/lib/python3.10/dist-packages/bf_msgs/_bf_msgs_s.ep.rosidl_typesupport_introspection_c.c
-- Up-to-date symlink: /home/rod/ros_ws/behaviorfleets/install/bf_msgs/local/lib/python3.10/dist-packages/bf_msgs/bf_msgs_s__rosidl_typesupport_c.cpython-310-x86_64-linux-gnu.so
-- Up-to-date symlink: /home/rod/ros_ws/behaviorfleets/install/bf_msgs/local/lib/python3.10/dist-packages/bf_msgs/bf_msgs_s__rosidl_typesupport_fastrtps_c.cpython-310-x86_64-linux-gnu.so
-- Up-to-date symlink: /home/rod/ros_ws/behaviorfleets/install/bf_msgs/local/lib/python3.10/dist-packages/bf_msgs/bf_msgs_s__rosidl_typesupport_introspection_c.cpython-310-x86_64-linux-gnu.so
-- Up-to-date symlink: /home/rod/ros_ws/behaviorfleets/install/bf_msgs/local/lib/python3.10/dist-packages/bf_msgs/libbf_msgs__rosidl_generator_py.so
-- Up-to-date symlink: /home/rod/ros_ws/behaviorfleets/install/bf_msgs/local/lib/python3.10/dist-packages/bf_msgs/msg/__init__.py
-- Up-to-date symlink: /home/rod/ros_ws/behaviorfleets/install/bf_msgs/local/lib/python3.10/dist-packages/bf_msgs/msg/_mission_command.py
-- Up-to-date symlink: /home/rod/ros_ws/behaviorfleets/install/bf_msgs/local/lib/python3.10/dist-packages/bf_msgs/msg/_mission_command_s.c
-- Up-to-date symlink: /home/rod/ros_ws/behaviorfleets/install/bf_msgs/local/lib/python3.10/dist-packages/bf_msgs/msg/_mission_status.py
-- Up-to-date symlink: /home/rod/ros_ws/behaviorfleets/install/bf_msgs/local/lib/python3.10/dist-packages/bf_msgs/msg/_mission_status_s.c
-- Up-to-date symlink: /home/rod/ros_ws/behaviorfleets/install/bf_msgs/local/lib/python3.10/dist-packages/bf_msgs/bf_msgs_s__rosidl_typesupport_fastrtps_c.cpython-310-x86_64-linux-gnu.so
-- Up-to-date symlink: /home/rod/ros_ws/behaviorfleets/install/bf_msgs/local/lib/python3.10/dist-packages/bf_msgs/bf_msgs_s__rosidl_typesupport_introspection_c.cpython-310-x86_64-linux-gnu.so
-- Up-to-date symlink: /home/rod/ros_ws/behaviorfleets/install/bf_msgs/local/lib/python3.10/dist-packages/bf_msgs/bf_msgs_s__rosidl_typesupport_c.cpython-310-x86_64-linux-gnu.so
-- Up-to-date symlink: /home/rod/ros_ws/behaviorfleets/install/bf_msgs/share/bf_msgs/msg/MissionCommand.idl
-- Up-to-date symlink: /home/rod/ros_ws/behaviorfleets/install/bf_msgs/share/bf_msgs/msg/MissionStatus.idl
-- Up-to-date symlink: /home/rod/ros_ws/behaviorfleets/install/bf_msgs/share/bf_msgs/msg/MissionCommand.msg
-- Up-to-date symlink: /home/rod/ros_ws/behaviorfleets/install/bf_msgs/share/bf_msgs/msg/MissionStatus.msg
-- Up-to-date symlink: /home/rod/ros_ws/behaviorfleets/install/bf_msgs/share/ament_index/resource_index/package_run_dependencies/bf_msgs
-- Up-to-date symlink: /home/rod/ros_ws/behaviorfleets/install/bf_msgs/share/ament_index/resource_index/parent_prefix_path/bf_msgs
-- Up-to-date symlink: /home/rod/ros_ws/behaviorfleets/install/bf_msgs/share/bf_msgs/environment/ament_prefix_path.sh
-- Up-to-date symlink: /home/rod/ros_ws/behaviorfleets/install/bf_msgs/share/bf_msgs/environment/ament_prefix_path.dsv
-- Up-to-date symlink: /home/rod/ros_ws/behaviorfleets/install/bf_msgs/share/bf_msgs/environment/path.sh
-- Up-to-date symlink: /home/rod/ros_ws/behaviorfleets/install/bf_msgs/share/bf_msgs/environment/path.dsv
-- Up-to-date symlink: /home/rod/ros_ws/behaviorfleets/install/bf_msgs/share/bf_msgs/local_setup.bash
-- Up-to-date symlink: /home/rod/ros_ws/behaviorfleets/install/bf_msgs/share/bf_msgs/local_setup.sh
-- Up-to-date symlink: /home/rod/ros_ws/behaviorfleets/install/bf_msgs/share/bf_msgs/local_setup.zsh
-- Up-to-date symlink: /home/rod/ros_ws/behaviorfleets/install/bf_msgs/share/bf_msgs/local_setup.dsv
-- Symlinking: /home/rod/ros_ws/behaviorfleets/install/bf_msgs/share/bf_msgs/package.dsv
-- Up-to-date symlink: /home/rod/ros_ws/behaviorfleets/install/bf_msgs/share/ament_index/resource_index/packages/bf_msgs
-- Up-to-date symlink: /home/rod/ros_ws/behaviorfleets/install/bf_msgs/share/bf_msgs/cmake/rosidl_cmake-extras.cmake
-- Up-to-date symlink: /home/rod/ros_ws/behaviorfleets/install/bf_msgs/share/bf_msgs/cmake/ament_cmake_export_dependencies-extras.cmake
-- Up-to-date symlink: /home/rod/ros_ws/behaviorfleets/install/bf_msgs/share/bf_msgs/cmake/ament_cmake_export_include_directories-extras.cmake
-- Up-to-date symlink: /home/rod/ros_ws/behaviorfleets/install/bf_msgs/share/bf_msgs/cmake/ament_cmake_export_libraries-extras.cmake
-- Up-to-date symlink: /home/rod/ros_ws/behaviorfleets/install/bf_msgs/share/bf_msgs/cmake/ament_cmake_export_targets-extras.cmake
-- Up-to-date symlink: /home/rod/ros_ws/behaviorfleets/install/bf_msgs/share/bf_msgs/cmake/rosidl_cmake_export_typesupport_targets-extras.cmake
-- Up-to-date symlink: /home/rod/ros_ws/behaviorfleets/install/bf_msgs/share/bf_msgs/cmake/rosidl_cmake_export_typesupport_libraries-extras.cmake
-- Up-to-date symlink: /home/rod/ros_ws/behaviorfleets/install/bf_msgs/share/bf_msgs/cmake/bf_msgsConfig.cmake
-- Up-to-date symlink: /home/rod/ros_ws/behaviorfleets/install/bf_msgs/share/bf_msgs/cmake/bf_msgsConfig-version.cmake
-- Up-to-date symlink: /home/rod/ros_ws/behaviorfleets/install/bf_msgs/share/bf_msgs/package.xml
-- Installing: /home/rod/ros_ws/behaviorfleets/install/bf_msgs/lib/libbf_msgs__rosidl_generator_c.so
-- Set runtime path of "/home/rod/ros_ws/behaviorfleets/install/bf_msgs/lib/libbf_msgs__rosidl_generator_c.so" to ""
-- Installing: /home/rod/ros_ws/behaviorfleets/install/bf_msgs/lib/libbf_msgs__rosidl_typesupport_fastrtps_c.so
-- Set runtime path of "/home/rod/ros_ws/behaviorfleets/install/bf_msgs/lib/libbf_msgs__rosidl_typesupport_fastrtps_c.so" to ""
-- Installing: /home/rod/ros_ws/behaviorfleets/install/bf_msgs/lib/libbf_msgs__rosidl_typesupport_fastrtps_cpp.so
-- Set runtime path of "/home/rod/ros_ws/behaviorfleets/install/bf_msgs/lib/libbf_msgs__rosidl_typesupport_fastrtps_cpp.so" to ""
-- Installing: /home/rod/ros_ws/behaviorfleets/install/bf_msgs/lib/libbf_msgs__rosidl_typesupport_introspection_c.so
-- Set runtime path of "/home/rod/ros_ws/behaviorfleets/install/bf_msgs/lib/libbf_msgs__rosidl_typesupport_introspection_c.so" to ""
-- Installing: /home/rod/ros_ws/behaviorfleets/install/bf_msgs/lib/libbf_msgs__rosidl_typesupport_c.so
-- Set runtime path of "/home/rod/ros_ws/behaviorfleets/install/bf_msgs/lib/libbf_msgs__rosidl_typesupport_c.so" to ""
-- Installing: /home/rod/ros_ws/behaviorfleets/install/bf_msgs/lib/libbf_msgs__rosidl_typesupport_introspection_cpp.so
-- Set runtime path of "/home/rod/ros_ws/behaviorfleets/install/bf_msgs/lib/libbf_msgs__rosidl_typesupport_introspection_cpp.so" to ""
-- Installing: /home/rod/ros_ws/behaviorfleets/install/bf_msgs/lib/libbf_msgs__rosidl_typesupport_cpp.so
-- Set runtime path of "/home/rod/ros_ws/behaviorfleets/install/bf_msgs/lib/libbf_msgs__rosidl_typesupport_cpp.so" to ""
Listing '/home/rod/ros_ws/behaviorfleets/install/bf_msgs/local/lib/python3.10/dist-packages/bf_msgs'...
Compiling '/home/rod/ros_ws/behaviorfleets/install/bf_msgs/local/lib/python3.10/dist-packages/bf_msgs/__init__.py'...
Listing '/home/rod/ros_ws/behaviorfleets/install/bf_msgs/local/lib/python3.10/dist-packages/bf_msgs/msg'...
Compiling '/home/rod/ros_ws/behaviorfleets/install/bf_msgs/local/lib/python3.10/dist-packages/bf_msgs/msg/__init__.py'...
Compiling '/home/rod/ros_ws/behaviorfleets/install/bf_msgs/local/lib/python3.10/dist-packages/bf_msgs/msg/_mission_command.py'...
Compiling '/home/rod/ros_ws/behaviorfleets/install/bf_msgs/local/lib/python3.10/dist-packages/bf_msgs/msg/_mission_status.py'...
-- Installing: /home/rod/ros_ws/behaviorfleets/install/bf_msgs/lib/libbf_msgs__rosidl_generator_py.so
-- Set runtime path of "/home/rod/ros_ws/behaviorfleets/install/bf_msgs/lib/libbf_msgs__rosidl_generator_py.so" to ""
-- Up-to-date: /home/rod/ros_ws/behaviorfleets/install/bf_msgs/share/bf_msgs/cmake/export_bf_msgs__rosidl_generator_cExport.cmake
-- Up-to-date: /home/rod/ros_ws/behaviorfleets/install/bf_msgs/share/bf_msgs/cmake/export_bf_msgs__rosidl_generator_cExport-noconfig.cmake
-- Up-to-date: /home/rod/ros_ws/behaviorfleets/install/bf_msgs/share/bf_msgs/cmake/export_bf_msgs__rosidl_typesupport_fastrtps_cExport.cmake
-- Up-to-date: /home/rod/ros_ws/behaviorfleets/install/bf_msgs/share/bf_msgs/cmake/export_bf_msgs__rosidl_typesupport_fastrtps_cExport-noconfig.cmake
-- Up-to-date: /home/rod/ros_ws/behaviorfleets/install/bf_msgs/share/bf_msgs/cmake/export_bf_msgs__rosidl_generator_cppExport.cmake
-- Up-to-date: /home/rod/ros_ws/behaviorfleets/install/bf_msgs/share/bf_msgs/cmake/export_bf_msgs__rosidl_typesupport_fastrtps_cppExport.cmake
-- Up-to-date: /home/rod/ros_ws/behaviorfleets/install/bf_msgs/share/bf_msgs/cmake/export_bf_msgs__rosidl_typesupport_fastrtps_cppExport-noconfig.cmake
-- Up-to-date: /home/rod/ros_ws/behaviorfleets/install/bf_msgs/share/bf_msgs/cmake/bf_msgs__rosidl_typesupport_introspection_cExport.cmake
-- Up-to-date: /home/rod/ros_ws/behaviorfleets/install/bf_msgs/share/bf_msgs/cmake/bf_msgs__rosidl_typesupport_introspection_cExport-noconfig.cmake
-- Up-to-date: /home/rod/ros_ws/behaviorfleets/install/bf_msgs/share/bf_msgs/cmake/bf_msgs__rosidl_typesupport_cExport.cmake
-- Up-to-date: /home/rod/ros_ws/behaviorfleets/install/bf_msgs/share/bf_msgs/cmake/bf_msgs__rosidl_typesupport_cExport-noconfig.cmake
-- Up-to-date: /home/rod/ros_ws/behaviorfleets/install/bf_msgs/share/bf_msgs/cmake/bf_msgs__rosidl_typesupport_introspection_cppExport.cmake
-- Up-to-date: /home/rod/ros_ws/behaviorfleets/install/bf_msgs/share/bf_msgs/cmake/bf_msgs__rosidl_typesupport_introspection_cppExport-noconfig.cmake
-- Up-to-date: /home/rod/ros_ws/behaviorfleets/install/bf_msgs/share/bf_msgs/cmake/bf_msgs__rosidl_typesupport_cppExport.cmake
-- Up-to-date: /home/rod/ros_ws/behaviorfleets/install/bf_msgs/share/bf_msgs/cmake/bf_msgs__rosidl_typesupport_cppExport-noconfig.cmake
-- Up-to-date: /home/rod/ros_ws/behaviorfleets/install/bf_msgs/share/bf_msgs/cmake/export_bf_msgs__rosidl_generator_pyExport.cmake
-- Up-to-date: /home/rod/ros_ws/behaviorfleets/install/bf_msgs/share/bf_msgs/cmake/export_bf_msgs__rosidl_generator_pyExport-noconfig.cmake
