[0.010s] Invoking command in '/home/rod/ros_ws/behaviorfleets/build/bf_msgs': CMAKE_PREFIX_PATH=/opt/ros/humble /usr/bin/cmake --build /home/rod/ros_ws/behaviorfleets/build/bf_msgs -- -j8 -l8
[0.031s] -- Found ament_cmake: 1.3.3 (/opt/ros/humble/share/ament_cmake/cmake)
[0.165s] -- Override CMake install command with custom implementation using symlinks instead of copying resources
[0.172s] -- Found builtin_interfaces: 1.2.1 (/opt/ros/humble/share/builtin_interfaces/cmake)
[0.197s] -- Found rosidl_generator_c: 3.1.4 (/opt/ros/humble/share/rosidl_generator_c/cmake)
[0.200s] -- Found rosidl_adapter: 3.1.4 (/opt/ros/humble/share/rosidl_adapter/cmake)
[0.206s] -- Found rosidl_generator_cpp: 3.1.4 (/opt/ros/humble/share/rosidl_generator_cpp/cmake)
[0.217s] -- Using all available rosidl_typesupport_c: rosidl_typesupport_fastrtps_c;rosidl_typesupport_introspection_c
[0.232s] -- Using all available rosidl_typesupport_cpp: rosidl_typesupport_fastrtps_cpp;rosidl_typesupport_introspection_cpp
[0.246s] -- Found rosidl_default_generators: 1.2.0 (/opt/ros/humble/share/rosidl_default_generators/cmake)
[0.493s] -- Found ament_cmake_ros: 0.10.0 (/opt/ros/humble/share/ament_cmake_ros/cmake)
[0.785s] -- Using all available rosidl_typesupport_c: rosidl_typesupport_fastrtps_c;rosidl_typesupport_introspection_c
[0.895s] -- Using all available rosidl_typesupport_cpp: rosidl_typesupport_fastrtps_cpp;rosidl_typesupport_introspection_cpp
[0.917s] -- Found python_cmake_module: 0.10.0 (/opt/ros/humble/share/python_cmake_module/cmake)
[0.938s] -- Using PYTHON_EXECUTABLE: /usr/bin/python3
[0.938s] -- Using PYTHON_INCLUDE_DIRS: /usr/include/python3.10
[0.939s] -- Using PYTHON_LIBRARIES: /usr/lib/x86_64-linux-gnu/libpython3.10.so
[0.962s] -- Configuring done
[0.993s] -- Generating done
[0.995s] -- Build files have been written to: /home/rod/ros_ws/behaviorfleets/build/bf_msgs
[1.015s] [  2%] [34m[1mGenerating C code for ROS interfaces[0m
[1.023s] [  5%] [34m[1mGenerating C++ code for ROS interfaces[0m
[1.030s] [  5%] Built target ament_cmake_python_symlink_bf_msgs
[1.336s] [  5%] Built target bf_msgs__cpp
[1.345s] [  7%] [34m[1mGenerating C++ introspection for ROS interfaces[0m
[1.345s] [ 10%] [34m[1mGenerating C++ type support for eProsima Fast-RTPS[0m
[1.349s] [35m[1mConsolidate compiler generated dependencies of target bf_msgs__rosidl_generator_c[0m
[1.349s] [ 12%] [34m[1mGenerating C++ type support dispatch for ROS interfaces[0m
[1.361s] [ 17%] [32mBuilding C object CMakeFiles/bf_msgs__rosidl_generator_c.dir/rosidl_generator_c/bf_msgs/msg/detail/mission_command__functions.c.o[0m
[1.362s] [ 17%] [32mBuilding C object CMakeFiles/bf_msgs__rosidl_generator_c.dir/rosidl_generator_c/bf_msgs/msg/detail/mission_status__functions.c.o[0m
[1.430s] [ 20%] [32m[1mLinking C shared library libbf_msgs__rosidl_generator_c.so[0m
[1.440s] running egg_info
[1.456s] writing bf_msgs.egg-info/PKG-INFO
[1.456s] writing dependency_links to bf_msgs.egg-info/dependency_links.txt
[1.457s] writing top-level names to bf_msgs.egg-info/top_level.txt
[1.467s] [ 20%] Built target bf_msgs__rosidl_generator_c
[1.480s] [ 25%] [34m[1mGenerating C type support dispatch for ROS interfaces[0m
[1.480s] [ 28%] [34m[1mGenerating C introspection for ROS interfaces[0m
[1.481s] [ 28%] [34m[1mGenerating C type support for eProsima Fast-RTPS[0m
[1.531s] reading manifest file 'bf_msgs.egg-info/SOURCES.txt'
[1.534s] writing manifest file 'bf_msgs.egg-info/SOURCES.txt'
[1.624s] [ 28%] Built target ament_cmake_python_build_bf_msgs_egg
[1.798s] [35m[1mConsolidate compiler generated dependencies of target bf_msgs__rosidl_typesupport_cpp[0m
[1.835s] [ 30%] [32mBuilding CXX object CMakeFiles/bf_msgs__rosidl_typesupport_cpp.dir/rosidl_typesupport_cpp/bf_msgs/msg/mission_command__type_support.cpp.o[0m
[1.841s] [35m[1mConsolidate compiler generated dependencies of target bf_msgs__rosidl_typesupport_introspection_cpp[0m
[1.857s] [ 33%] [32mBuilding CXX object CMakeFiles/bf_msgs__rosidl_typesupport_cpp.dir/rosidl_typesupport_cpp/bf_msgs/msg/mission_status__type_support.cpp.o[0m
[1.859s] [ 35%] [32mBuilding CXX object CMakeFiles/bf_msgs__rosidl_typesupport_introspection_cpp.dir/rosidl_typesupport_introspection_cpp/bf_msgs/msg/detail/mission_command__type_support.cpp.o[0m
[1.872s] [ 38%] [32mBuilding CXX object CMakeFiles/bf_msgs__rosidl_typesupport_introspection_cpp.dir/rosidl_typesupport_introspection_cpp/bf_msgs/msg/detail/mission_status__type_support.cpp.o[0m
[1.877s] [35m[1mConsolidate compiler generated dependencies of target bf_msgs__rosidl_typesupport_fastrtps_cpp[0m
[1.897s] [ 41%] [32mBuilding CXX object CMakeFiles/bf_msgs__rosidl_typesupport_fastrtps_cpp.dir/rosidl_typesupport_fastrtps_cpp/bf_msgs/msg/detail/dds_fastrtps/mission_command__type_support.cpp.o[0m
[1.994s] [35m[1mConsolidate compiler generated dependencies of target bf_msgs__rosidl_typesupport_c[0m
[2.014s] [35m[1mConsolidate compiler generated dependencies of target bf_msgs__rosidl_typesupport_introspection_c[0m
[2.015s] [ 43%] [32mBuilding CXX object CMakeFiles/bf_msgs__rosidl_typesupport_c.dir/rosidl_typesupport_c/bf_msgs/msg/mission_command__type_support.cpp.o[0m
[2.077s] [ 46%] [32mBuilding C object CMakeFiles/bf_msgs__rosidl_typesupport_introspection_c.dir/rosidl_typesupport_introspection_c/bf_msgs/msg/detail/mission_command__type_support.c.o[0m
[2.078s] [35m[1mConsolidate compiler generated dependencies of target bf_msgs__rosidl_typesupport_fastrtps_c[0m
[2.117s] [ 48%] [32mBuilding CXX object CMakeFiles/bf_msgs__rosidl_typesupport_c.dir/rosidl_typesupport_c/bf_msgs/msg/mission_status__type_support.cpp.o[0m
[2.132s] [ 51%] [32mBuilding CXX object CMakeFiles/bf_msgs__rosidl_typesupport_fastrtps_c.dir/rosidl_typesupport_fastrtps_c/bf_msgs/msg/detail/mission_command__type_support_c.cpp.o[0m
[2.191s] [ 53%] [32mBuilding C object CMakeFiles/bf_msgs__rosidl_typesupport_introspection_c.dir/rosidl_typesupport_introspection_c/bf_msgs/msg/detail/mission_status__type_support.c.o[0m
[2.293s] [ 56%] [32m[1mLinking CXX shared library libbf_msgs__rosidl_typesupport_c.so[0m
[2.366s] [ 58%] [32m[1mLinking C shared library libbf_msgs__rosidl_typesupport_introspection_c.so[0m
[2.398s] [ 61%] [32mBuilding CXX object CMakeFiles/bf_msgs__rosidl_typesupport_fastrtps_cpp.dir/rosidl_typesupport_fastrtps_cpp/bf_msgs/msg/detail/dds_fastrtps/mission_status__type_support.cpp.o[0m
[2.437s] [ 61%] Built target bf_msgs__rosidl_typesupport_introspection_c
[2.455s] [ 64%] [32mBuilding CXX object CMakeFiles/bf_msgs__rosidl_typesupport_fastrtps_c.dir/rosidl_typesupport_fastrtps_c/bf_msgs/msg/detail/mission_status__type_support_c.cpp.o[0m
[2.466s] [ 64%] Built target bf_msgs__rosidl_typesupport_c
[2.475s] [ 66%] [32m[1mLinking CXX shared library libbf_msgs__rosidl_typesupport_cpp.so[0m
[2.619s] [ 66%] Built target bf_msgs__rosidl_typesupport_cpp
[2.651s] [ 69%] [32m[1mLinking CXX shared library libbf_msgs__rosidl_typesupport_introspection_cpp.so[0m
[2.759s] [ 69%] Built target bf_msgs__rosidl_typesupport_introspection_cpp
[2.940s] [ 71%] [32m[1mLinking CXX shared library libbf_msgs__rosidl_typesupport_fastrtps_c.so[0m
[3.015s] [ 74%] [32m[1mLinking CXX shared library libbf_msgs__rosidl_typesupport_fastrtps_cpp.so[0m
[3.027s] [ 74%] Built target bf_msgs__rosidl_typesupport_fastrtps_c
[3.095s] [ 74%] Built target bf_msgs__rosidl_typesupport_fastrtps_cpp
[3.113s] [ 74%] Built target bf_msgs
[3.130s] [ 76%] [34m[1mGenerating Python code for ROS interfaces[0m
[3.554s] [ 76%] Built target bf_msgs__py
[3.562s] [35m[1mConsolidate compiler generated dependencies of target bf_msgs__rosidl_generator_py[0m
[3.573s] [ 82%] [32mBuilding C object CMakeFiles/bf_msgs__rosidl_generator_py.dir/rosidl_generator_py/bf_msgs/msg/_mission_command_s.c.o[0m
[3.574s] [ 82%] [32mBuilding C object CMakeFiles/bf_msgs__rosidl_generator_py.dir/rosidl_generator_py/bf_msgs/msg/_mission_status_s.c.o[0m
[3.664s] [ 84%] [32m[1mLinking C shared library rosidl_generator_py/bf_msgs/libbf_msgs__rosidl_generator_py.so[0m
[3.697s] [ 84%] Built target bf_msgs__rosidl_generator_py
[3.706s] [35m[1mConsolidate compiler generated dependencies of target bf_msgs__rosidl_typesupport_fastrtps_c__pyext[0m
[3.706s] [35m[1mConsolidate compiler generated dependencies of target bf_msgs__rosidl_typesupport_introspection_c__pyext[0m
[3.706s] [35m[1mConsolidate compiler generated dependencies of target bf_msgs__rosidl_typesupport_c__pyext[0m
[3.717s] [ 92%] [32mBuilding C object CMakeFiles/bf_msgs__rosidl_typesupport_introspection_c__pyext.dir/rosidl_generator_py/bf_msgs/_bf_msgs_s.ep.rosidl_typesupport_introspection_c.c.o[0m
[3.717s] [ 92%] [32mBuilding C object CMakeFiles/bf_msgs__rosidl_typesupport_fastrtps_c__pyext.dir/rosidl_generator_py/bf_msgs/_bf_msgs_s.ep.rosidl_typesupport_fastrtps_c.c.o[0m
[3.717s] [ 92%] [32mBuilding C object CMakeFiles/bf_msgs__rosidl_typesupport_c__pyext.dir/rosidl_generator_py/bf_msgs/_bf_msgs_s.ep.rosidl_typesupport_c.c.o[0m
[3.808s] [ 94%] [32m[1mLinking C shared library rosidl_generator_py/bf_msgs/bf_msgs_s__rosidl_typesupport_c.cpython-310-x86_64-linux-gnu.so[0m
[3.808s] [ 97%] [32m[1mLinking C shared library rosidl_generator_py/bf_msgs/bf_msgs_s__rosidl_typesupport_introspection_c.cpython-310-x86_64-linux-gnu.so[0m
[3.824s] [100%] [32m[1mLinking C shared library rosidl_generator_py/bf_msgs/bf_msgs_s__rosidl_typesupport_fastrtps_c.cpython-310-x86_64-linux-gnu.so[0m
[3.846s] [100%] Built target bf_msgs__rosidl_typesupport_introspection_c__pyext
[3.853s] [100%] Built target bf_msgs__rosidl_typesupport_c__pyext
[3.865s] [100%] Built target bf_msgs__rosidl_typesupport_fastrtps_c__pyext
[3.875s] Invoked command in '/home/rod/ros_ws/behaviorfleets/build/bf_msgs' returned '0': CMAKE_PREFIX_PATH=/opt/ros/humble /usr/bin/cmake --build /home/rod/ros_ws/behaviorfleets/build/bf_msgs -- -j8 -l8
[3.939s] Invoking command in '/home/rod/ros_ws/behaviorfleets/build/bf_msgs': CMAKE_PREFIX_PATH=/opt/ros/humble /usr/bin/cmake --install /home/rod/ros_ws/behaviorfleets/build/bf_msgs
[3.946s] -- Install configuration: ""
[3.947s] -- Execute custom install script
[3.947s] -- Up-to-date symlink: /home/rod/ros_ws/behaviorfleets/install/bf_msgs/share/ament_index/resource_index/rosidl_interfaces/bf_msgs
[3.947s] -- Up-to-date symlink: /home/rod/ros_ws/behaviorfleets/install/bf_msgs/include/bf_msgs/bf_msgs/msg/detail/mission_command__functions.h
[3.947s] -- Up-to-date symlink: /home/rod/ros_ws/behaviorfleets/install/bf_msgs/include/bf_msgs/bf_msgs/msg/detail/mission_command__struct.h
[3.948s] -- Up-to-date symlink: /home/rod/ros_ws/behaviorfleets/install/bf_msgs/include/bf_msgs/bf_msgs/msg/detail/mission_command__type_support.h
[3.948s] -- Up-to-date symlink: /home/rod/ros_ws/behaviorfleets/install/bf_msgs/include/bf_msgs/bf_msgs/msg/detail/mission_status__functions.h
[3.948s] -- Up-to-date symlink: /home/rod/ros_ws/behaviorfleets/install/bf_msgs/include/bf_msgs/bf_msgs/msg/detail/mission_status__struct.h
[3.948s] -- Up-to-date symlink: /home/rod/ros_ws/behaviorfleets/install/bf_msgs/include/bf_msgs/bf_msgs/msg/detail/mission_status__type_support.h
[3.948s] -- Up-to-date symlink: /home/rod/ros_ws/behaviorfleets/install/bf_msgs/include/bf_msgs/bf_msgs/msg/mission_command.h
[3.948s] -- Up-to-date symlink: /home/rod/ros_ws/behaviorfleets/install/bf_msgs/include/bf_msgs/bf_msgs/msg/mission_status.h
[3.948s] -- Up-to-date symlink: /home/rod/ros_ws/behaviorfleets/install/bf_msgs/include/bf_msgs/bf_msgs/msg/rosidl_generator_c__visibility_control.h
[3.948s] -- Up-to-date symlink: /home/rod/ros_ws/behaviorfleets/install/bf_msgs/share/bf_msgs/environment/library_path.sh
[3.949s] -- Up-to-date symlink: /home/rod/ros_ws/behaviorfleets/install/bf_msgs/share/bf_msgs/environment/library_path.dsv
[3.949s] -- Up-to-date symlink: /home/rod/ros_ws/behaviorfleets/install/bf_msgs/include/bf_msgs/bf_msgs/msg/detail/mission_command__rosidl_typesupport_fastrtps_c.h
[3.949s] -- Up-to-date symlink: /home/rod/ros_ws/behaviorfleets/install/bf_msgs/include/bf_msgs/bf_msgs/msg/detail/mission_status__rosidl_typesupport_fastrtps_c.h
[3.949s] -- Up-to-date symlink: /home/rod/ros_ws/behaviorfleets/install/bf_msgs/include/bf_msgs/bf_msgs/msg/rosidl_typesupport_fastrtps_c__visibility_control.h
[3.950s] -- Up-to-date symlink: /home/rod/ros_ws/behaviorfleets/install/bf_msgs/include/bf_msgs/bf_msgs/msg/detail/mission_command__builder.hpp
[3.950s] -- Up-to-date symlink: /home/rod/ros_ws/behaviorfleets/install/bf_msgs/include/bf_msgs/bf_msgs/msg/detail/mission_command__struct.hpp
[3.950s] -- Up-to-date symlink: /home/rod/ros_ws/behaviorfleets/install/bf_msgs/include/bf_msgs/bf_msgs/msg/detail/mission_command__traits.hpp
[3.950s] -- Up-to-date symlink: /home/rod/ros_ws/behaviorfleets/install/bf_msgs/include/bf_msgs/bf_msgs/msg/detail/mission_status__builder.hpp
[3.950s] -- Up-to-date symlink: /home/rod/ros_ws/behaviorfleets/install/bf_msgs/include/bf_msgs/bf_msgs/msg/detail/mission_status__struct.hpp
[3.950s] -- Up-to-date symlink: /home/rod/ros_ws/behaviorfleets/install/bf_msgs/include/bf_msgs/bf_msgs/msg/detail/mission_status__traits.hpp
[3.951s] -- Up-to-date symlink: /home/rod/ros_ws/behaviorfleets/install/bf_msgs/include/bf_msgs/bf_msgs/msg/mission_command.hpp
[3.951s] -- Up-to-date symlink: /home/rod/ros_ws/behaviorfleets/install/bf_msgs/include/bf_msgs/bf_msgs/msg/mission_status.hpp
[3.951s] -- Up-to-date symlink: /home/rod/ros_ws/behaviorfleets/install/bf_msgs/include/bf_msgs/bf_msgs/msg/detail/mission_command__rosidl_typesupport_fastrtps_cpp.hpp
[3.951s] -- Up-to-date symlink: /home/rod/ros_ws/behaviorfleets/install/bf_msgs/include/bf_msgs/bf_msgs/msg/detail/mission_status__rosidl_typesupport_fastrtps_cpp.hpp
[3.951s] -- Up-to-date symlink: /home/rod/ros_ws/behaviorfleets/install/bf_msgs/include/bf_msgs/bf_msgs/msg/rosidl_typesupport_fastrtps_cpp__visibility_control.h
[3.952s] -- Up-to-date symlink: /home/rod/ros_ws/behaviorfleets/install/bf_msgs/include/bf_msgs/bf_msgs/msg/detail/mission_command__rosidl_typesupport_introspection_c.h
[3.952s] -- Up-to-date symlink: /home/rod/ros_ws/behaviorfleets/install/bf_msgs/include/bf_msgs/bf_msgs/msg/detail/mission_status__rosidl_typesupport_introspection_c.h
[3.952s] -- Up-to-date symlink: /home/rod/ros_ws/behaviorfleets/install/bf_msgs/include/bf_msgs/bf_msgs/msg/rosidl_typesupport_introspection_c__visibility_control.h
[3.952s] -- Up-to-date symlink: /home/rod/ros_ws/behaviorfleets/install/bf_msgs/include/bf_msgs/bf_msgs/msg/detail/mission_command__rosidl_typesupport_introspection_cpp.hpp
[3.952s] -- Up-to-date symlink: /home/rod/ros_ws/behaviorfleets/install/bf_msgs/include/bf_msgs/bf_msgs/msg/detail/mission_status__rosidl_typesupport_introspection_cpp.hpp
[3.952s] -- Up-to-date symlink: /home/rod/ros_ws/behaviorfleets/install/bf_msgs/share/bf_msgs/environment/pythonpath.sh
[3.953s] -- Up-to-date symlink: /home/rod/ros_ws/behaviorfleets/install/bf_msgs/share/bf_msgs/environment/pythonpath.dsv
[3.953s] -- Up-to-date symlink: /home/rod/ros_ws/behaviorfleets/install/bf_msgs/local/lib/python3.10/dist-packages/bf_msgs-0.2.0-py3.10.egg-info/PKG-INFO
[3.953s] -- Up-to-date symlink: /home/rod/ros_ws/behaviorfleets/install/bf_msgs/local/lib/python3.10/dist-packages/bf_msgs-0.2.0-py3.10.egg-info/SOURCES.txt
[3.953s] -- Up-to-date symlink: /home/rod/ros_ws/behaviorfleets/install/bf_msgs/local/lib/python3.10/dist-packages/bf_msgs-0.2.0-py3.10.egg-info/dependency_links.txt
[3.953s] -- Up-to-date symlink: /home/rod/ros_ws/behaviorfleets/install/bf_msgs/local/lib/python3.10/dist-packages/bf_msgs-0.2.0-py3.10.egg-info/top_level.txt
[3.954s] -- Up-to-date symlink: /home/rod/ros_ws/behaviorfleets/install/bf_msgs/local/lib/python3.10/dist-packages/bf_msgs/__init__.py
[3.954s] -- Up-to-date symlink: /home/rod/ros_ws/behaviorfleets/install/bf_msgs/local/lib/python3.10/dist-packages/bf_msgs/_bf_msgs_s.ep.rosidl_typesupport_c.c
[3.954s] -- Up-to-date symlink: /home/rod/ros_ws/behaviorfleets/install/bf_msgs/local/lib/python3.10/dist-packages/bf_msgs/_bf_msgs_s.ep.rosidl_typesupport_fastrtps_c.c
[3.954s] -- Up-to-date symlink: /home/rod/ros_ws/behaviorfleets/install/bf_msgs/local/lib/python3.10/dist-packages/bf_msgs/_bf_msgs_s.ep.rosidl_typesupport_introspection_c.c
[3.954s] -- Up-to-date symlink: /home/rod/ros_ws/behaviorfleets/install/bf_msgs/local/lib/python3.10/dist-packages/bf_msgs/bf_msgs_s__rosidl_typesupport_c.cpython-310-x86_64-linux-gnu.so
[3.954s] -- Up-to-date symlink: /home/rod/ros_ws/behaviorfleets/install/bf_msgs/local/lib/python3.10/dist-packages/bf_msgs/bf_msgs_s__rosidl_typesupport_fastrtps_c.cpython-310-x86_64-linux-gnu.so
[3.954s] -- Up-to-date symlink: /home/rod/ros_ws/behaviorfleets/install/bf_msgs/local/lib/python3.10/dist-packages/bf_msgs/bf_msgs_s__rosidl_typesupport_introspection_c.cpython-310-x86_64-linux-gnu.so
[3.955s] -- Up-to-date symlink: /home/rod/ros_ws/behaviorfleets/install/bf_msgs/local/lib/python3.10/dist-packages/bf_msgs/libbf_msgs__rosidl_generator_py.so
[3.955s] -- Up-to-date symlink: /home/rod/ros_ws/behaviorfleets/install/bf_msgs/local/lib/python3.10/dist-packages/bf_msgs/msg/__init__.py
[3.955s] -- Up-to-date symlink: /home/rod/ros_ws/behaviorfleets/install/bf_msgs/local/lib/python3.10/dist-packages/bf_msgs/msg/_mission_command.py
[3.955s] -- Up-to-date symlink: /home/rod/ros_ws/behaviorfleets/install/bf_msgs/local/lib/python3.10/dist-packages/bf_msgs/msg/_mission_command_s.c
[3.955s] -- Up-to-date symlink: /home/rod/ros_ws/behaviorfleets/install/bf_msgs/local/lib/python3.10/dist-packages/bf_msgs/msg/_mission_status.py
[3.955s] -- Up-to-date symlink: /home/rod/ros_ws/behaviorfleets/install/bf_msgs/local/lib/python3.10/dist-packages/bf_msgs/msg/_mission_status_s.c
[3.955s] -- Up-to-date symlink: /home/rod/ros_ws/behaviorfleets/install/bf_msgs/local/lib/python3.10/dist-packages/bf_msgs/bf_msgs_s__rosidl_typesupport_fastrtps_c.cpython-310-x86_64-linux-gnu.so
[3.956s] -- Up-to-date symlink: /home/rod/ros_ws/behaviorfleets/install/bf_msgs/local/lib/python3.10/dist-packages/bf_msgs/bf_msgs_s__rosidl_typesupport_introspection_c.cpython-310-x86_64-linux-gnu.so
[3.956s] -- Up-to-date symlink: /home/rod/ros_ws/behaviorfleets/install/bf_msgs/local/lib/python3.10/dist-packages/bf_msgs/bf_msgs_s__rosidl_typesupport_c.cpython-310-x86_64-linux-gnu.so
[3.956s] -- Up-to-date symlink: /home/rod/ros_ws/behaviorfleets/install/bf_msgs/share/bf_msgs/msg/MissionCommand.idl
[3.956s] -- Up-to-date symlink: /home/rod/ros_ws/behaviorfleets/install/bf_msgs/share/bf_msgs/msg/MissionStatus.idl
[3.956s] -- Up-to-date symlink: /home/rod/ros_ws/behaviorfleets/install/bf_msgs/share/bf_msgs/msg/MissionCommand.msg
[3.957s] -- Up-to-date symlink: /home/rod/ros_ws/behaviorfleets/install/bf_msgs/share/bf_msgs/msg/MissionStatus.msg
[3.957s] -- Up-to-date symlink: /home/rod/ros_ws/behaviorfleets/install/bf_msgs/share/ament_index/resource_index/package_run_dependencies/bf_msgs
[3.957s] -- Up-to-date symlink: /home/rod/ros_ws/behaviorfleets/install/bf_msgs/share/ament_index/resource_index/parent_prefix_path/bf_msgs
[3.957s] -- Up-to-date symlink: /home/rod/ros_ws/behaviorfleets/install/bf_msgs/share/bf_msgs/environment/ament_prefix_path.sh
[3.957s] -- Up-to-date symlink: /home/rod/ros_ws/behaviorfleets/install/bf_msgs/share/bf_msgs/environment/ament_prefix_path.dsv
[3.957s] -- Up-to-date symlink: /home/rod/ros_ws/behaviorfleets/install/bf_msgs/share/bf_msgs/environment/path.sh
[3.957s] -- Up-to-date symlink: /home/rod/ros_ws/behaviorfleets/install/bf_msgs/share/bf_msgs/environment/path.dsv
[3.958s] -- Up-to-date symlink: /home/rod/ros_ws/behaviorfleets/install/bf_msgs/share/bf_msgs/local_setup.bash
[3.958s] -- Up-to-date symlink: /home/rod/ros_ws/behaviorfleets/install/bf_msgs/share/bf_msgs/local_setup.sh
[3.958s] -- Up-to-date symlink: /home/rod/ros_ws/behaviorfleets/install/bf_msgs/share/bf_msgs/local_setup.zsh
[3.958s] -- Up-to-date symlink: /home/rod/ros_ws/behaviorfleets/install/bf_msgs/share/bf_msgs/local_setup.dsv
[3.958s] -- Symlinking: /home/rod/ros_ws/behaviorfleets/install/bf_msgs/share/bf_msgs/package.dsv
[3.966s] -- Up-to-date symlink: /home/rod/ros_ws/behaviorfleets/install/bf_msgs/share/ament_index/resource_index/packages/bf_msgs
[3.966s] -- Up-to-date symlink: /home/rod/ros_ws/behaviorfleets/install/bf_msgs/share/bf_msgs/cmake/rosidl_cmake-extras.cmake
[3.966s] -- Up-to-date symlink: /home/rod/ros_ws/behaviorfleets/install/bf_msgs/share/bf_msgs/cmake/ament_cmake_export_dependencies-extras.cmake
[3.967s] -- Up-to-date symlink: /home/rod/ros_ws/behaviorfleets/install/bf_msgs/share/bf_msgs/cmake/ament_cmake_export_include_directories-extras.cmake
[3.967s] -- Up-to-date symlink: /home/rod/ros_ws/behaviorfleets/install/bf_msgs/share/bf_msgs/cmake/ament_cmake_export_libraries-extras.cmake
[3.967s] -- Up-to-date symlink: /home/rod/ros_ws/behaviorfleets/install/bf_msgs/share/bf_msgs/cmake/ament_cmake_export_targets-extras.cmake
[3.967s] -- Up-to-date symlink: /home/rod/ros_ws/behaviorfleets/install/bf_msgs/share/bf_msgs/cmake/rosidl_cmake_export_typesupport_targets-extras.cmake
[3.967s] -- Up-to-date symlink: /home/rod/ros_ws/behaviorfleets/install/bf_msgs/share/bf_msgs/cmake/rosidl_cmake_export_typesupport_libraries-extras.cmake
[3.967s] -- Up-to-date symlink: /home/rod/ros_ws/behaviorfleets/install/bf_msgs/share/bf_msgs/cmake/bf_msgsConfig.cmake
[3.967s] -- Up-to-date symlink: /home/rod/ros_ws/behaviorfleets/install/bf_msgs/share/bf_msgs/cmake/bf_msgsConfig-version.cmake
[3.967s] -- Up-to-date symlink: /home/rod/ros_ws/behaviorfleets/install/bf_msgs/share/bf_msgs/package.xml
[3.968s] -- Installing: /home/rod/ros_ws/behaviorfleets/install/bf_msgs/lib/libbf_msgs__rosidl_generator_c.so
[3.968s] -- Set runtime path of "/home/rod/ros_ws/behaviorfleets/install/bf_msgs/lib/libbf_msgs__rosidl_generator_c.so" to ""
[3.968s] -- Installing: /home/rod/ros_ws/behaviorfleets/install/bf_msgs/lib/libbf_msgs__rosidl_typesupport_fastrtps_c.so
[3.968s] -- Set runtime path of "/home/rod/ros_ws/behaviorfleets/install/bf_msgs/lib/libbf_msgs__rosidl_typesupport_fastrtps_c.so" to ""
[3.969s] -- Installing: /home/rod/ros_ws/behaviorfleets/install/bf_msgs/lib/libbf_msgs__rosidl_typesupport_fastrtps_cpp.so
[3.969s] -- Set runtime path of "/home/rod/ros_ws/behaviorfleets/install/bf_msgs/lib/libbf_msgs__rosidl_typesupport_fastrtps_cpp.so" to ""
[3.969s] -- Installing: /home/rod/ros_ws/behaviorfleets/install/bf_msgs/lib/libbf_msgs__rosidl_typesupport_introspection_c.so
[3.969s] -- Set runtime path of "/home/rod/ros_ws/behaviorfleets/install/bf_msgs/lib/libbf_msgs__rosidl_typesupport_introspection_c.so" to ""
[3.970s] -- Installing: /home/rod/ros_ws/behaviorfleets/install/bf_msgs/lib/libbf_msgs__rosidl_typesupport_c.so
[3.970s] -- Set runtime path of "/home/rod/ros_ws/behaviorfleets/install/bf_msgs/lib/libbf_msgs__rosidl_typesupport_c.so" to ""
[3.970s] -- Installing: /home/rod/ros_ws/behaviorfleets/install/bf_msgs/lib/libbf_msgs__rosidl_typesupport_introspection_cpp.so
[3.970s] -- Set runtime path of "/home/rod/ros_ws/behaviorfleets/install/bf_msgs/lib/libbf_msgs__rosidl_typesupport_introspection_cpp.so" to ""
[3.970s] -- Installing: /home/rod/ros_ws/behaviorfleets/install/bf_msgs/lib/libbf_msgs__rosidl_typesupport_cpp.so
[3.971s] -- Set runtime path of "/home/rod/ros_ws/behaviorfleets/install/bf_msgs/lib/libbf_msgs__rosidl_typesupport_cpp.so" to ""
[4.004s] Listing '/home/rod/ros_ws/behaviorfleets/install/bf_msgs/local/lib/python3.10/dist-packages/bf_msgs'...
[4.005s] Compiling '/home/rod/ros_ws/behaviorfleets/install/bf_msgs/local/lib/python3.10/dist-packages/bf_msgs/__init__.py'...
[4.005s] Listing '/home/rod/ros_ws/behaviorfleets/install/bf_msgs/local/lib/python3.10/dist-packages/bf_msgs/msg'...
[4.005s] Compiling '/home/rod/ros_ws/behaviorfleets/install/bf_msgs/local/lib/python3.10/dist-packages/bf_msgs/msg/__init__.py'...
[4.005s] Compiling '/home/rod/ros_ws/behaviorfleets/install/bf_msgs/local/lib/python3.10/dist-packages/bf_msgs/msg/_mission_command.py'...
[4.005s] Compiling '/home/rod/ros_ws/behaviorfleets/install/bf_msgs/local/lib/python3.10/dist-packages/bf_msgs/msg/_mission_status.py'...
[4.010s] -- Installing: /home/rod/ros_ws/behaviorfleets/install/bf_msgs/lib/libbf_msgs__rosidl_generator_py.so
[4.010s] -- Set runtime path of "/home/rod/ros_ws/behaviorfleets/install/bf_msgs/lib/libbf_msgs__rosidl_generator_py.so" to ""
[4.010s] -- Up-to-date: /home/rod/ros_ws/behaviorfleets/install/bf_msgs/share/bf_msgs/cmake/export_bf_msgs__rosidl_generator_cExport.cmake
[4.011s] -- Up-to-date: /home/rod/ros_ws/behaviorfleets/install/bf_msgs/share/bf_msgs/cmake/export_bf_msgs__rosidl_generator_cExport-noconfig.cmake
[4.011s] -- Up-to-date: /home/rod/ros_ws/behaviorfleets/install/bf_msgs/share/bf_msgs/cmake/export_bf_msgs__rosidl_typesupport_fastrtps_cExport.cmake
[4.011s] -- Up-to-date: /home/rod/ros_ws/behaviorfleets/install/bf_msgs/share/bf_msgs/cmake/export_bf_msgs__rosidl_typesupport_fastrtps_cExport-noconfig.cmake
[4.011s] -- Up-to-date: /home/rod/ros_ws/behaviorfleets/install/bf_msgs/share/bf_msgs/cmake/export_bf_msgs__rosidl_generator_cppExport.cmake
[4.011s] -- Up-to-date: /home/rod/ros_ws/behaviorfleets/install/bf_msgs/share/bf_msgs/cmake/export_bf_msgs__rosidl_typesupport_fastrtps_cppExport.cmake
[4.011s] -- Up-to-date: /home/rod/ros_ws/behaviorfleets/install/bf_msgs/share/bf_msgs/cmake/export_bf_msgs__rosidl_typesupport_fastrtps_cppExport-noconfig.cmake
[4.012s] -- Up-to-date: /home/rod/ros_ws/behaviorfleets/install/bf_msgs/share/bf_msgs/cmake/bf_msgs__rosidl_typesupport_introspection_cExport.cmake
[4.012s] -- Up-to-date: /home/rod/ros_ws/behaviorfleets/install/bf_msgs/share/bf_msgs/cmake/bf_msgs__rosidl_typesupport_introspection_cExport-noconfig.cmake
[4.012s] -- Up-to-date: /home/rod/ros_ws/behaviorfleets/install/bf_msgs/share/bf_msgs/cmake/bf_msgs__rosidl_typesupport_cExport.cmake
[4.012s] -- Up-to-date: /home/rod/ros_ws/behaviorfleets/install/bf_msgs/share/bf_msgs/cmake/bf_msgs__rosidl_typesupport_cExport-noconfig.cmake
[4.012s] -- Up-to-date: /home/rod/ros_ws/behaviorfleets/install/bf_msgs/share/bf_msgs/cmake/bf_msgs__rosidl_typesupport_introspection_cppExport.cmake
[4.012s] -- Up-to-date: /home/rod/ros_ws/behaviorfleets/install/bf_msgs/share/bf_msgs/cmake/bf_msgs__rosidl_typesupport_introspection_cppExport-noconfig.cmake
[4.012s] -- Up-to-date: /home/rod/ros_ws/behaviorfleets/install/bf_msgs/share/bf_msgs/cmake/bf_msgs__rosidl_typesupport_cppExport.cmake
[4.013s] -- Up-to-date: /home/rod/ros_ws/behaviorfleets/install/bf_msgs/share/bf_msgs/cmake/bf_msgs__rosidl_typesupport_cppExport-noconfig.cmake
[4.013s] -- Up-to-date: /home/rod/ros_ws/behaviorfleets/install/bf_msgs/share/bf_msgs/cmake/export_bf_msgs__rosidl_generator_pyExport.cmake
[4.013s] -- Up-to-date: /home/rod/ros_ws/behaviorfleets/install/bf_msgs/share/bf_msgs/cmake/export_bf_msgs__rosidl_generator_pyExport-noconfig.cmake
[4.015s] Invoked command in '/home/rod/ros_ws/behaviorfleets/build/bf_msgs' returned '0': CMAKE_PREFIX_PATH=/opt/ros/humble /usr/bin/cmake --install /home/rod/ros_ws/behaviorfleets/build/bf_msgs
