[0.017s] Invoking command in '/home/rod/ros_ws/behaviorfleets/build/behaviorfleets': AMENT_PREFIX_PATH=/home/rod/ros_ws/behaviorfleets/install/bf_msgs:/home/rod/ros_ws/behaviorfleets/install/behaviortree_cpp:${AMENT_PREFIX_PATH} CMAKE_PREFIX_PATH=/home/rod/ros_ws/behaviorfleets/install/bf_msgs:/home/rod/ros_ws/behaviorfleets/install/behaviortree_cpp:/opt/ros/humble LD_LIBRARY_PATH=/home/rod/ros_ws/behaviorfleets/install/bf_msgs/lib:/home/rod/ros_ws/behaviorfleets/install/behaviortree_cpp/lib:/usr/lib/x86_64-linux-gnu/gazebo-11/plugins:/opt/ros/humble/opt/rviz_ogre_vendor/lib:/opt/ros/humble/lib/x86_64-linux-gnu:/opt/ros/humble/lib:/usr/share/gazebo/../../lib/x86_64-linux-gnu/gazebo-11/plugins PATH=/home/rod/ros_ws/behaviorfleets/install/behaviortree_cpp/bin:${PATH} PYTHONPATH=/home/rod/ros_ws/behaviorfleets/install/bf_msgs/local/lib/python3.10/dist-packages:${PYTHONPATH} /usr/bin/cmake --build /home/rod/ros_ws/behaviorfleets/build/behaviorfleets -- -j8 -l8
[0.036s] -- Found ament_cmake: 1.3.3 (/opt/ros/humble/share/ament_cmake/cmake)
[0.168s] -- Override CMake install command with custom implementation using symlinks instead of copying resources
[0.176s] -- Found rclcpp: 16.0.3 (/opt/ros/humble/share/rclcpp/cmake)
[0.207s] -- Found rosidl_generator_c: 3.1.4 (/opt/ros/humble/share/rosidl_generator_c/cmake)
[0.209s] -- Found rosidl_adapter: 3.1.4 (/opt/ros/humble/share/rosidl_adapter/cmake)
[0.215s] -- Found rosidl_generator_cpp: 3.1.4 (/opt/ros/humble/share/rosidl_generator_cpp/cmake)
[0.227s] -- Using all available rosidl_typesupport_c: rosidl_typesupport_fastrtps_c;rosidl_typesupport_introspection_c
[0.243s] -- Using all available rosidl_typesupport_cpp: rosidl_typesupport_fastrtps_cpp;rosidl_typesupport_introspection_cpp
[0.299s] -- Found rmw_implementation_cmake: 6.1.1 (/opt/ros/humble/share/rmw_implementation_cmake/cmake)
[0.300s] -- Found rmw_fastrtps_cpp: 6.2.2 (/opt/ros/humble/share/rmw_fastrtps_cpp/cmake)
[0.423s] -- Using RMW implementation 'rmw_fastrtps_cpp' as default
[0.586s] -- Found behaviortree_cpp: 4.1.1 (/home/rod/ros_ws/behaviorfleets/install/behaviortree_cpp/share/behaviortree_cpp/cmake)
[0.588s] -- Found bf_msgs: 0.2.0 (/home/rod/ros_ws/behaviorfleets/install/bf_msgs/share/bf_msgs/cmake)
[0.689s] -- Configuring done
[0.700s] -- Generating done
[0.703s] -- Build files have been written to: /home/rod/ros_ws/behaviorfleets/build/behaviorfleets
[0.733s] [ 50%] [32mBuilding CXX object CMakeFiles/delegation_node.dir/src/decorators/DelegationNode.cpp.o[0m
[0.790s] [01m[K/home/rod/ros_ws/behaviorfleets/src/behaviorfleets/src/decorators/DelegationNode.cpp:5:10:[m[K [01;31m[Kfatal error: [m[Kbehaviortrees/decorators/DelegationNode.hpp: No such file or directory
[0.790s]     5 | #include [01;31m[K"behaviortrees/decorators/DelegationNode.hpp"[m[K
[0.790s]       |          [01;31m[K^~~~~~~~~~~~~~~~~~~~~~~~~~~~~~~~~~~~~~~~~~~~~[m[K
[0.790s] compilation terminated.
[0.791s] gmake[2]: *** [CMakeFiles/delegation_node.dir/build.make:76: CMakeFiles/delegation_node.dir/src/decorators/DelegationNode.cpp.o] Error 1
[0.791s] gmake[1]: *** [CMakeFiles/Makefile2:137: CMakeFiles/delegation_node.dir/all] Error 2
[0.791s] gmake: *** [Makefile:146: all] Error 2
[0.794s] Invoked command in '/home/rod/ros_ws/behaviorfleets/build/behaviorfleets' returned '2': AMENT_PREFIX_PATH=/home/rod/ros_ws/behaviorfleets/install/bf_msgs:/home/rod/ros_ws/behaviorfleets/install/behaviortree_cpp:${AMENT_PREFIX_PATH} CMAKE_PREFIX_PATH=/home/rod/ros_ws/behaviorfleets/install/bf_msgs:/home/rod/ros_ws/behaviorfleets/install/behaviortree_cpp:/opt/ros/humble LD_LIBRARY_PATH=/home/rod/ros_ws/behaviorfleets/install/bf_msgs/lib:/home/rod/ros_ws/behaviorfleets/install/behaviortree_cpp/lib:/usr/lib/x86_64-linux-gnu/gazebo-11/plugins:/opt/ros/humble/opt/rviz_ogre_vendor/lib:/opt/ros/humble/lib/x86_64-linux-gnu:/opt/ros/humble/lib:/usr/share/gazebo/../../lib/x86_64-linux-gnu/gazebo-11/plugins PATH=/home/rod/ros_ws/behaviorfleets/install/behaviortree_cpp/bin:${PATH} PYTHONPATH=/home/rod/ros_ws/behaviorfleets/install/bf_msgs/local/lib/python3.10/dist-packages:${PYTHONPATH} /usr/bin/cmake --build /home/rod/ros_ws/behaviorfleets/build/behaviorfleets -- -j8 -l8
