[0.017s] Invoking command in '/home/rod/ros_ws/behaviorfleets/build/bt4_bumpgo': AMENT_PREFIX_PATH=/home/rod/ros_ws/behaviorfleets/install/bf_msgs:/home/rod/ros_ws/behaviorfleets/install/behaviortree_cpp:${AMENT_PREFIX_PATH} CMAKE_PREFIX_PATH=/home/rod/ros_ws/behaviorfleets/install/bf_msgs:/home/rod/ros_ws/behaviorfleets/install/behaviortree_cpp:/opt/ros/humble LD_LIBRARY_PATH=/home/rod/ros_ws/behaviorfleets/install/bf_msgs/lib:/home/rod/ros_ws/behaviorfleets/install/behaviortree_cpp/lib:/usr/lib/x86_64-linux-gnu/gazebo-11/plugins:/opt/ros/humble/opt/rviz_ogre_vendor/lib:/opt/ros/humble/lib/x86_64-linux-gnu:/opt/ros/humble/lib:/usr/share/gazebo/../../lib/x86_64-linux-gnu/gazebo-11/plugins PATH=/home/rod/ros_ws/behaviorfleets/install/behaviortree_cpp/bin:${PATH} PYTHONPATH=/home/rod/ros_ws/behaviorfleets/install/bf_msgs/local/lib/python3.10/dist-packages:${PYTHONPATH} /usr/bin/cmake --build /home/rod/ros_ws/behaviorfleets/build/bt4_bumpgo -- -j8 -l8
[0.036s] -- Found ament_cmake: 1.3.3 (/opt/ros/humble/share/ament_cmake/cmake)
[0.173s] -- Override CMake install command with custom implementation using symlinks instead of copying resources
[0.181s] -- Found rclcpp: 16.0.3 (/opt/ros/humble/share/rclcpp/cmake)
[0.212s] -- Found rosidl_generator_c: 3.1.4 (/opt/ros/humble/share/rosidl_generator_c/cmake)
[0.215s] -- Found rosidl_adapter: 3.1.4 (/opt/ros/humble/share/rosidl_adapter/cmake)
[0.221s] -- Found rosidl_generator_cpp: 3.1.4 (/opt/ros/humble/share/rosidl_generator_cpp/cmake)
[0.232s] -- Using all available rosidl_typesupport_c: rosidl_typesupport_fastrtps_c;rosidl_typesupport_introspection_c
[0.248s] -- Using all available rosidl_typesupport_cpp: rosidl_typesupport_fastrtps_cpp;rosidl_typesupport_introspection_cpp
[0.305s] -- Found rmw_implementation_cmake: 6.1.1 (/opt/ros/humble/share/rmw_implementation_cmake/cmake)
[0.307s] -- Found rmw_fastrtps_cpp: 6.2.2 (/opt/ros/humble/share/rmw_fastrtps_cpp/cmake)
[0.423s] -- Using RMW implementation 'rmw_fastrtps_cpp' as default
[0.588s] -- Found behaviortree_cpp: 4.1.1 (/home/rod/ros_ws/behaviorfleets/install/behaviortree_cpp/share/behaviortree_cpp/cmake)
[0.590s] -- Found sensor_msgs: 4.2.3 (/opt/ros/humble/share/sensor_msgs/cmake)
[0.720s] -- Found backward_ros: 1.0.2 (/opt/ros/humble/share/backward_ros/cmake)
[0.724s] -- Could NOT find libbfd (missing: LIBBFD_LIBRARY LIBBFD_INCLUDE_DIR) 
[0.724s] -- BACKWARD_HAS_UNWIND=1
[0.724s] -- BACKWARD_HAS_BACKTRACE=0
[0.724s] -- BACKWARD_HAS_BACKTRACE_SYMBOL=0
[0.724s] -- BACKWARD_HAS_DW=1
[0.725s] -- BACKWARD_HAS_BFD=0
[0.725s] -- Found Backward: /opt/ros/humble/share/backward_ros/cmake  
[0.726s] -- Found bf_msgs: 0.2.0 (/home/rod/ros_ws/behaviorfleets/install/bf_msgs/share/bf_msgs/cmake)
[0.772s] [33mCMake Warning at CMakeLists.txt:16 (find_package):
[0.773s]   By not providing "FindZMQ.cmake" in CMAKE_MODULE_PATH this project has
[0.773s]   asked CMake to find a package configuration file provided by "ZMQ", but
[0.773s]   CMake did not find one.
[0.773s] 
[0.773s]   Could not find a package configuration file provided by "ZMQ" with any of
[0.773s]   the following names:
[0.773s] 
[0.773s]     ZMQConfig.cmake
[0.773s]     zmq-config.cmake
[0.773s] 
[0.773s]   Add the installation prefix of "ZMQ" to CMAKE_PREFIX_PATH or set "ZMQ_DIR"
[0.773s]   to a directory containing one of the above files.  If "ZMQ" provides a
[0.773s]   separate development package or SDK, be sure it has been installed.
[0.773s] 
[0.773s] [0m
[0.773s] [33mCMake Warning at CMakeLists.txt:21 (message):
[0.774s]   ZeroMQ NOT found.  Not including PublisherZMQ.
[0.774s] 
[0.774s] [0m
[0.777s] -- Found ament_lint_auto: 0.12.5 (/opt/ros/humble/share/ament_lint_auto/cmake)
[0.844s] -- Found gtest sources under '/opt/ros/humble/src/gtest_vendor': C++ tests using 'Google Test' will be built
[0.855s] -- Added test 'copyright' to check source files copyright and LICENSE
[0.857s] -- Added test 'cppcheck' to perform static code analysis on C / C++ code
[0.857s] -- Configured cppcheck include dirs: /home/rod/ros_ws/behaviorfleets/src/bt4_bumpgo/include
[0.857s] -- Configured cppcheck exclude dirs and/or files: 
[0.858s] -- Added test 'cpplint' to check C / C++ code against the Google style
[0.858s] -- Configured cpplint exclude dirs and/or files: 
[0.859s] -- Added test 'lint_cmake' to check CMake code style
[0.859s] -- Added test 'uncrustify' to check C / C++ code style
[0.860s] -- Configured uncrustify additional arguments: 
[0.860s] -- Added test 'xmllint' to check XML markup files
[0.862s] -- Configuring done
[0.883s] -- Generating done
[0.885s] -- Build files have been written to: /home/rod/ros_ws/behaviorfleets/build/bt4_bumpgo
[0.907s] [35m[1mConsolidate compiler generated dependencies of target gtest_main[0m
[0.907s] [35m[1mConsolidate compiler generated dependencies of target gtest[0m
[0.907s] [35m[1mConsolidate compiler generated dependencies of target delegation_node[0m
[0.908s] [35m[1mConsolidate compiler generated dependencies of target bt_forward[0m
[0.919s] [ 10%] [32mBuilding CXX object gtest/CMakeFiles/gtest_main.dir/src/gtest_main.cc.o[0m
[0.919s] [ 20%] [32mBuilding CXX object gtest/CMakeFiles/gtest.dir/src/gtest-all.cc.o[0m
[0.927s] [ 30%] [32mBuilding CXX object CMakeFiles/delegation_node.dir/src/bt4_bumpgo/DelegationNode.cpp.o[0m
[0.931s] [ 40%] [32mBuilding CXX object tests/CMakeFiles/bt_forward.dir/bt_forward_main.cpp.o[0m
[1.892s] [ 50%] [32m[1mLinking CXX static library libgtest_main.a[0m
[1.920s] [ 50%] Built target gtest_main
[4.407s] [ 60%] [32m[1mLinking CXX static library libgtest.a[0m
[4.462s] [ 60%] Built target gtest
[4.472s] [35m[1mConsolidate compiler generated dependencies of target bt_action_test[0m
[4.490s] [ 70%] [32mBuilding CXX object tests/CMakeFiles/bt_action_test.dir/bt_action_test.cpp.o[0m
[5.679s] [ 80%] [32m[1mLinking CXX executable bt_forward[0m
[5.885s] [ 80%] Built target bt_forward
[11.013s] [ 90%] [32m[1mLinking CXX shared library libdelegation_node.so[0m
[11.612s] [ 90%] Built target delegation_node
[15.882s] [100%] [32m[1mLinking CXX executable bt_action_test[0m
[16.517s] [100%] Built target bt_action_test
[16.527s] Invoked command in '/home/rod/ros_ws/behaviorfleets/build/bt4_bumpgo' returned '0': AMENT_PREFIX_PATH=/home/rod/ros_ws/behaviorfleets/install/bf_msgs:/home/rod/ros_ws/behaviorfleets/install/behaviortree_cpp:${AMENT_PREFIX_PATH} CMAKE_PREFIX_PATH=/home/rod/ros_ws/behaviorfleets/install/bf_msgs:/home/rod/ros_ws/behaviorfleets/install/behaviortree_cpp:/opt/ros/humble LD_LIBRARY_PATH=/home/rod/ros_ws/behaviorfleets/install/bf_msgs/lib:/home/rod/ros_ws/behaviorfleets/install/behaviortree_cpp/lib:/usr/lib/x86_64-linux-gnu/gazebo-11/plugins:/opt/ros/humble/opt/rviz_ogre_vendor/lib:/opt/ros/humble/lib/x86_64-linux-gnu:/opt/ros/humble/lib:/usr/share/gazebo/../../lib/x86_64-linux-gnu/gazebo-11/plugins PATH=/home/rod/ros_ws/behaviorfleets/install/behaviortree_cpp/bin:${PATH} PYTHONPATH=/home/rod/ros_ws/behaviorfleets/install/bf_msgs/local/lib/python3.10/dist-packages:${PYTHONPATH} /usr/bin/cmake --build /home/rod/ros_ws/behaviorfleets/build/bt4_bumpgo -- -j8 -l8
[16.555s] Invoking command in '/home/rod/ros_ws/behaviorfleets/build/bt4_bumpgo': AMENT_PREFIX_PATH=/home/rod/ros_ws/behaviorfleets/install/bf_msgs:/home/rod/ros_ws/behaviorfleets/install/behaviortree_cpp:${AMENT_PREFIX_PATH} CMAKE_PREFIX_PATH=/home/rod/ros_ws/behaviorfleets/install/bf_msgs:/home/rod/ros_ws/behaviorfleets/install/behaviortree_cpp:/opt/ros/humble LD_LIBRARY_PATH=/home/rod/ros_ws/behaviorfleets/install/bf_msgs/lib:/home/rod/ros_ws/behaviorfleets/install/behaviortree_cpp/lib:/usr/lib/x86_64-linux-gnu/gazebo-11/plugins:/opt/ros/humble/opt/rviz_ogre_vendor/lib:/opt/ros/humble/lib/x86_64-linux-gnu:/opt/ros/humble/lib:/usr/share/gazebo/../../lib/x86_64-linux-gnu/gazebo-11/plugins PATH=/home/rod/ros_ws/behaviorfleets/install/behaviortree_cpp/bin:${PATH} PYTHONPATH=/home/rod/ros_ws/behaviorfleets/install/bf_msgs/local/lib/python3.10/dist-packages:${PYTHONPATH} /usr/bin/cmake --install /home/rod/ros_ws/behaviorfleets/build/bt4_bumpgo
[16.560s] -- Install configuration: ""
[16.561s] -- Execute custom install script
[16.561s] -- Up-to-date symlink: /home/rod/ros_ws/behaviorfleets/install/bt4_bumpgo/lib/libdelegation_node.so
[16.562s] -- Up-to-date symlink: /home/rod/ros_ws/behaviorfleets/install/bt4_bumpgo/include//bt4_bumpgo/DelegationNode.hpp
[16.562s] [31mCMake Error at ament_cmake_symlink_install/ament_cmake_symlink_install.cmake:100 (message):
[16.562s]   ament_cmake_symlink_install_directory() can't find
[16.562s]   '/home/rod/ros_ws/behaviorfleets/src/bt4_bumpgo/behavior_tree_xml'
[16.562s] Call Stack (most recent call first):
[16.562s]   ament_cmake_symlink_install/ament_cmake_symlink_install.cmake:320 (ament_cmake_symlink_install_directory)
[16.562s]   cmake_install.cmake:46 (include)
[16.562s] 
[16.562s] [0m
[16.563s] Invoked command in '/home/rod/ros_ws/behaviorfleets/build/bt4_bumpgo' returned '1': AMENT_PREFIX_PATH=/home/rod/ros_ws/behaviorfleets/install/bf_msgs:/home/rod/ros_ws/behaviorfleets/install/behaviortree_cpp:${AMENT_PREFIX_PATH} CMAKE_PREFIX_PATH=/home/rod/ros_ws/behaviorfleets/install/bf_msgs:/home/rod/ros_ws/behaviorfleets/install/behaviortree_cpp:/opt/ros/humble LD_LIBRARY_PATH=/home/rod/ros_ws/behaviorfleets/install/bf_msgs/lib:/home/rod/ros_ws/behaviorfleets/install/behaviortree_cpp/lib:/usr/lib/x86_64-linux-gnu/gazebo-11/plugins:/opt/ros/humble/opt/rviz_ogre_vendor/lib:/opt/ros/humble/lib/x86_64-linux-gnu:/opt/ros/humble/lib:/usr/share/gazebo/../../lib/x86_64-linux-gnu/gazebo-11/plugins PATH=/home/rod/ros_ws/behaviorfleets/install/behaviortree_cpp/bin:${PATH} PYTHONPATH=/home/rod/ros_ws/behaviorfleets/install/bf_msgs/local/lib/python3.10/dist-packages:${PYTHONPATH} /usr/bin/cmake --install /home/rod/ros_ws/behaviorfleets/build/bt4_bumpgo
