[0.019s] Invoking command in '/home/rod/ros_ws/behaviorfleets/build/bt4_bumpgo': AMENT_PREFIX_PATH=/home/rod/ros_ws/behaviorfleets/install/bf_msgs:/home/rod/ros_ws/behaviorfleets/install/behaviortree_cpp:${AMENT_PREFIX_PATH} CMAKE_PREFIX_PATH=/home/rod/ros_ws/behaviorfleets/install/bf_msgs:/home/rod/ros_ws/behaviorfleets/install/behaviortree_cpp:/opt/ros/humble LD_LIBRARY_PATH=/home/rod/ros_ws/behaviorfleets/install/bf_msgs/lib:/home/rod/ros_ws/behaviorfleets/install/behaviortree_cpp/lib:/usr/lib/x86_64-linux-gnu/gazebo-11/plugins:/opt/ros/humble/opt/rviz_ogre_vendor/lib:/opt/ros/humble/lib/x86_64-linux-gnu:/opt/ros/humble/lib:/usr/share/gazebo/../../lib/x86_64-linux-gnu/gazebo-11/plugins PATH=/home/rod/ros_ws/behaviorfleets/install/behaviortree_cpp/bin:${PATH} PYTHONPATH=/home/rod/ros_ws/behaviorfleets/install/bf_msgs/local/lib/python3.10/dist-packages:${PYTHONPATH} /usr/bin/cmake --build /home/rod/ros_ws/behaviorfleets/build/bt4_bumpgo -- -j8 -l8
[0.040s] -- Found ament_cmake: 1.3.3 (/opt/ros/humble/share/ament_cmake/cmake)
[0.176s] -- Override CMake install command with custom implementation using symlinks instead of copying resources
[0.184s] -- Found rclcpp: 16.0.3 (/opt/ros/humble/share/rclcpp/cmake)
[0.217s] -- Found rosidl_generator_c: 3.1.4 (/opt/ros/humble/share/rosidl_generator_c/cmake)
[0.219s] -- Found rosidl_adapter: 3.1.4 (/opt/ros/humble/share/rosidl_adapter/cmake)
[0.225s] -- Found rosidl_generator_cpp: 3.1.4 (/opt/ros/humble/share/rosidl_generator_cpp/cmake)
[0.238s] -- Using all available rosidl_typesupport_c: rosidl_typesupport_fastrtps_c;rosidl_typesupport_introspection_c
[0.255s] -- Using all available rosidl_typesupport_cpp: rosidl_typesupport_fastrtps_cpp;rosidl_typesupport_introspection_cpp
[0.320s] -- Found rmw_implementation_cmake: 6.1.1 (/opt/ros/humble/share/rmw_implementation_cmake/cmake)
[0.321s] -- Found rmw_fastrtps_cpp: 6.2.2 (/opt/ros/humble/share/rmw_fastrtps_cpp/cmake)
[0.452s] -- Using RMW implementation 'rmw_fastrtps_cpp' as default
[0.623s] -- Found behaviortree_cpp: 4.1.1 (/home/rod/ros_ws/behaviorfleets/install/behaviortree_cpp/share/behaviortree_cpp/cmake)
[0.625s] -- Found sensor_msgs: 4.2.3 (/opt/ros/humble/share/sensor_msgs/cmake)
[0.764s] -- Found backward_ros: 1.0.2 (/opt/ros/humble/share/backward_ros/cmake)
[0.768s] -- Could NOT find libbfd (missing: LIBBFD_LIBRARY LIBBFD_INCLUDE_DIR) 
[0.768s] -- BACKWARD_HAS_UNWIND=1
[0.768s] -- BACKWARD_HAS_BACKTRACE=0
[0.768s] -- BACKWARD_HAS_BACKTRACE_SYMBOL=0
[0.768s] -- BACKWARD_HAS_DW=1
[0.768s] -- BACKWARD_HAS_BFD=0
[0.768s] -- Found Backward: /opt/ros/humble/share/backward_ros/cmake  
[0.769s] -- Found bf_msgs: 0.2.0 (/home/rod/ros_ws/behaviorfleets/install/bf_msgs/share/bf_msgs/cmake)
[0.805s] -- ZeroMQ found.
[0.816s] -- Found ament_lint_auto: 0.12.5 (/opt/ros/humble/share/ament_lint_auto/cmake)
[0.885s] -- Found gtest sources under '/opt/ros/humble/src/gtest_vendor': C++ tests using 'Google Test' will be built
[0.897s] -- Added test 'copyright' to check source files copyright and LICENSE
[0.899s] -- Added test 'cppcheck' to perform static code analysis on C / C++ code
[0.899s] -- Configured cppcheck include dirs: /home/rod/ros_ws/behaviorfleets/src/bt4_bumpgo/include
[0.899s] -- Configured cppcheck exclude dirs and/or files: 
[0.900s] -- Added test 'cpplint' to check C / C++ code against the Google style
[0.900s] -- Configured cpplint exclude dirs and/or files: 
[0.901s] -- Added test 'flake8' to check Python code syntax and style conventions
[0.901s] -- Added test 'lint_cmake' to check CMake code style
[0.902s] -- Added test 'pep257' to check Python code against some of the docstring style conventions in PEP 257
[0.903s] -- Added test 'uncrustify' to check C / C++ code style
[0.903s] -- Configured uncrustify additional arguments: 
[0.903s] -- Added test 'xmllint' to check XML markup files
[0.905s] -- Configuring done
[0.943s] -- Generating done
[0.946s] -- Build files have been written to: /home/rod/ros_ws/behaviorfleets/build/bt4_bumpgo
[0.973s] [35m[1mConsolidate compiler generated dependencies of target gtest_main[0m
[0.973s] [35m[1mConsolidate compiler generated dependencies of target bt4_bumpgo[0m
[0.973s] [35m[1mConsolidate compiler generated dependencies of target forward_node[0m
[0.974s] [35m[1mConsolidate compiler generated dependencies of target is_obstacle_node[0m
[0.974s] [35m[1mConsolidate compiler generated dependencies of target turn_node[0m
[0.974s] [35m[1mConsolidate compiler generated dependencies of target back_node[0m
[0.974s] [35m[1mConsolidate compiler generated dependencies of target gtest[0m
[0.984s] [  5%] [32mBuilding CXX object CMakeFiles/delegation_node.dir/src/bt4_bumpgo/DelegationNode.cpp.o[0m
[0.994s] In file included from [01m[K/home/rod/ros_ws/behaviorfleets/src/bt4_bumpgo/src/bt4_bumpgo/DelegationNode.cpp:3[m[K:
[0.995s] [01m[K/home/rod/ros_ws/behaviorfleets/src/bt4_bumpgo/include/bt4_bumpgo/DelegationNode.h:4:10:[m[K [01;31m[Kfatal error: [m[Kbf_msgs/msg/mission_command.hpp: No such file or directory
[0.995s]     4 | #include [01;31m[K"bf_msgs/msg/mission_command.hpp"[m[K
[0.995s]       |          [01;31m[K^~~~~~~~~~~~~~~~~~~~~~~~~~~~~~~~~[m[K
[0.995s] compilation terminated.
[0.995s] gmake[2]: *** [CMakeFiles/delegation_node.dir/build.make:76: CMakeFiles/delegation_node.dir/src/bt4_bumpgo/DelegationNode.cpp.o] Error 1
[0.996s] gmake[1]: *** [CMakeFiles/Makefile2:288: CMakeFiles/delegation_node.dir/all] Error 2
[0.996s] gmake[1]: *** Waiting for unfinished jobs....
[0.998s] [ 15%] Built target bt4_bumpgo
[0.999s] [ 25%] Built target gtest
[0.999s] [ 35%] Built target forward_node
[1.001s] [ 45%] Built target back_node
[1.001s] [ 60%] Built target is_obstacle_node
[1.002s] [ 65%] Built target gtest_main
[1.004s] [ 75%] Built target turn_node
[1.005s] gmake: *** [Makefile:146: all] Error 2
[1.007s] Invoked command in '/home/rod/ros_ws/behaviorfleets/build/bt4_bumpgo' returned '2': AMENT_PREFIX_PATH=/home/rod/ros_ws/behaviorfleets/install/bf_msgs:/home/rod/ros_ws/behaviorfleets/install/behaviortree_cpp:${AMENT_PREFIX_PATH} CMAKE_PREFIX_PATH=/home/rod/ros_ws/behaviorfleets/install/bf_msgs:/home/rod/ros_ws/behaviorfleets/install/behaviortree_cpp:/opt/ros/humble LD_LIBRARY_PATH=/home/rod/ros_ws/behaviorfleets/install/bf_msgs/lib:/home/rod/ros_ws/behaviorfleets/install/behaviortree_cpp/lib:/usr/lib/x86_64-linux-gnu/gazebo-11/plugins:/opt/ros/humble/opt/rviz_ogre_vendor/lib:/opt/ros/humble/lib/x86_64-linux-gnu:/opt/ros/humble/lib:/usr/share/gazebo/../../lib/x86_64-linux-gnu/gazebo-11/plugins PATH=/home/rod/ros_ws/behaviorfleets/install/behaviortree_cpp/bin:${PATH} PYTHONPATH=/home/rod/ros_ws/behaviorfleets/install/bf_msgs/local/lib/python3.10/dist-packages:${PYTHONPATH} /usr/bin/cmake --build /home/rod/ros_ws/behaviorfleets/build/bt4_bumpgo -- -j8 -l8
