-- Found ament_cmake: 1.3.3 (/opt/ros/humble/share/ament_cmake/cmake)
-- Override CMake install command with custom implementation using symlinks instead of copying resources
-- Found rclcpp: 16.0.3 (/opt/ros/humble/share/rclcpp/cmake)
-- Found rosidl_generator_c: 3.1.4 (/opt/ros/humble/share/rosidl_generator_c/cmake)
-- Found rosidl_adapter: 3.1.4 (/opt/ros/humble/share/rosidl_adapter/cmake)
-- Found rosidl_generator_cpp: 3.1.4 (/opt/ros/humble/share/rosidl_generator_cpp/cmake)
-- Using all available rosidl_typesupport_c: rosidl_typesupport_fastrtps_c;rosidl_typesupport_introspection_c
-- Using all available rosidl_typesupport_cpp: rosidl_typesupport_fastrtps_cpp;rosidl_typesupport_introspection_cpp
-- Found rmw_implementation_cmake: 6.1.1 (/opt/ros/humble/share/rmw_implementation_cmake/cmake)
-- Found rmw_fastrtps_cpp: 6.2.2 (/opt/ros/humble/share/rmw_fastrtps_cpp/cmake)
-- Using RMW implementation 'rmw_fastrtps_cpp' as default
-- Found behaviortree_cpp: 4.1.1 (/home/rod/ros_ws/behaviorfleets/install/behaviortree_cpp/share/behaviortree_cpp/cmake)
-- Found bf_msgs: 0.2.0 (/home/rod/ros_ws/behaviorfleets/install/bf_msgs/share/bf_msgs/cmake)
-- Configuring done
-- Generating done
-- Build files have been written to: /home/rod/ros_ws/behaviorfleets/build/behaviorfleets
[ 50%] [32mBuilding CXX object CMakeFiles/delegation_node.dir/src/behaviorfleets/DelegationNode.cpp.o[0m
[100%] [32m[1mLinking CXX shared library libdelegation_node.so[0m
[100%] Built target delegation_node
-- Install configuration: ""
-- Execute custom install script
-- Symlinking: /home/rod/ros_ws/behaviorfleets/install/behaviorfleets/lib/libdelegation_node.so
-- Symlinking: /home/rod/ros_ws/behaviorfleets/install/behaviorfleets/include//bt4_bumpgo/DelegationNode.hpp
-- Symlinking: /home/rod/ros_ws/behaviorfleets/install/behaviorfleets/share/ament_index/resource_index/package_run_dependencies/behaviorfleets
-- Symlinking: /home/rod/ros_ws/behaviorfleets/install/behaviorfleets/share/ament_index/resource_index/parent_prefix_path/behaviorfleets
-- Symlinking: /home/rod/ros_ws/behaviorfleets/install/behaviorfleets/share/behaviorfleets/environment/ament_prefix_path.sh
-- Symlinking: /home/rod/ros_ws/behaviorfleets/install/behaviorfleets/share/behaviorfleets/environment/ament_prefix_path.dsv
-- Symlinking: /home/rod/ros_ws/behaviorfleets/install/behaviorfleets/share/behaviorfleets/environment/path.sh
-- Symlinking: /home/rod/ros_ws/behaviorfleets/install/behaviorfleets/share/behaviorfleets/environment/path.dsv
-- Symlinking: /home/rod/ros_ws/behaviorfleets/install/behaviorfleets/share/behaviorfleets/local_setup.bash
-- Symlinking: /home/rod/ros_ws/behaviorfleets/install/behaviorfleets/share/behaviorfleets/local_setup.sh
-- Symlinking: /home/rod/ros_ws/behaviorfleets/install/behaviorfleets/share/behaviorfleets/local_setup.zsh
-- Symlinking: /home/rod/ros_ws/behaviorfleets/install/behaviorfleets/share/behaviorfleets/local_setup.dsv
-- Symlinking: /home/rod/ros_ws/behaviorfleets/install/behaviorfleets/share/behaviorfleets/package.dsv
-- Symlinking: /home/rod/ros_ws/behaviorfleets/install/behaviorfleets/share/ament_index/resource_index/packages/behaviorfleets
-- Symlinking: /home/rod/ros_ws/behaviorfleets/install/behaviorfleets/share/behaviorfleets/cmake/ament_cmake_export_include_directories-extras.cmake
-- Symlinking: /home/rod/ros_ws/behaviorfleets/install/behaviorfleets/share/behaviorfleets/cmake/ament_cmake_export_dependencies-extras.cmake
-- Symlinking: /home/rod/ros_ws/behaviorfleets/install/behaviorfleets/share/behaviorfleets/cmake/behaviorfleetsConfig.cmake
-- Symlinking: /home/rod/ros_ws/behaviorfleets/install/behaviorfleets/share/behaviorfleets/cmake/behaviorfleetsConfig-version.cmake
-- Symlinking: /home/rod/ros_ws/behaviorfleets/install/behaviorfleets/share/behaviorfleets/package.xml
