[0.016s] Invoking command in '/home/rod/ros_ws/behaviorfleets/build/bt4_bumpgo': AMENT_PREFIX_PATH=/home/rod/ros_ws/behaviorfleets/install/bf_msgs:/home/rod/ros_ws/behaviorfleets/install/behaviortree_cpp:${AMENT_PREFIX_PATH} CMAKE_PREFIX_PATH=/home/rod/ros_ws/behaviorfleets/install/bf_msgs:/home/rod/ros_ws/behaviorfleets/install/behaviortree_cpp:/opt/ros/humble LD_LIBRARY_PATH=/home/rod/ros_ws/behaviorfleets/install/bf_msgs/lib:/home/rod/ros_ws/behaviorfleets/install/behaviortree_cpp/lib:/usr/lib/x86_64-linux-gnu/gazebo-11/plugins:/opt/ros/humble/opt/rviz_ogre_vendor/lib:/opt/ros/humble/lib/x86_64-linux-gnu:/opt/ros/humble/lib:/usr/share/gazebo/../../lib/x86_64-linux-gnu/gazebo-11/plugins PATH=/home/rod/ros_ws/behaviorfleets/install/behaviortree_cpp/bin:${PATH} PYTHONPATH=/home/rod/ros_ws/behaviorfleets/install/bf_msgs/local/lib/python3.10/dist-packages:${PYTHONPATH} /usr/bin/cmake --build /home/rod/ros_ws/behaviorfleets/build/bt4_bumpgo -- -j8 -l8
[0.037s] -- Found ament_cmake: 1.3.3 (/opt/ros/humble/share/ament_cmake/cmake)
[0.175s] -- Override CMake install command with custom implementation using symlinks instead of copying resources
[0.181s] -- Found rclcpp: 16.0.3 (/opt/ros/humble/share/rclcpp/cmake)
[0.211s] -- Found rosidl_generator_c: 3.1.4 (/opt/ros/humble/share/rosidl_generator_c/cmake)
[0.214s] -- Found rosidl_adapter: 3.1.4 (/opt/ros/humble/share/rosidl_adapter/cmake)
[0.220s] -- Found rosidl_generator_cpp: 3.1.4 (/opt/ros/humble/share/rosidl_generator_cpp/cmake)
[0.231s] -- Using all available rosidl_typesupport_c: rosidl_typesupport_fastrtps_c;rosidl_typesupport_introspection_c
[0.247s] -- Using all available rosidl_typesupport_cpp: rosidl_typesupport_fastrtps_cpp;rosidl_typesupport_introspection_cpp
[0.301s] -- Found rmw_implementation_cmake: 6.1.1 (/opt/ros/humble/share/rmw_implementation_cmake/cmake)
[0.302s] -- Found rmw_fastrtps_cpp: 6.2.2 (/opt/ros/humble/share/rmw_fastrtps_cpp/cmake)
[0.425s] -- Using RMW implementation 'rmw_fastrtps_cpp' as default
[0.599s] -- Found behaviortree_cpp: 4.1.1 (/home/rod/ros_ws/behaviorfleets/install/behaviortree_cpp/share/behaviortree_cpp/cmake)
[0.601s] -- Found sensor_msgs: 4.2.3 (/opt/ros/humble/share/sensor_msgs/cmake)
[0.723s] -- Found backward_ros: 1.0.2 (/opt/ros/humble/share/backward_ros/cmake)
[0.726s] -- Could NOT find libbfd (missing: LIBBFD_LIBRARY LIBBFD_INCLUDE_DIR) 
[0.726s] -- BACKWARD_HAS_UNWIND=1
[0.727s] -- BACKWARD_HAS_BACKTRACE=0
[0.727s] -- BACKWARD_HAS_BACKTRACE_SYMBOL=0
[0.727s] -- BACKWARD_HAS_DW=1
[0.727s] -- BACKWARD_HAS_BFD=0
[0.727s] -- Found Backward: /opt/ros/humble/share/backward_ros/cmake  
[0.728s] -- Found bf_msgs: 0.2.0 (/home/rod/ros_ws/behaviorfleets/install/bf_msgs/share/bf_msgs/cmake)
[0.762s] -- ZeroMQ found.
[0.772s] -- Found ament_lint_auto: 0.12.5 (/opt/ros/humble/share/ament_lint_auto/cmake)
[0.839s] -- Found gtest sources under '/opt/ros/humble/src/gtest_vendor': C++ tests using 'Google Test' will be built
[0.851s] -- Added test 'copyright' to check source files copyright and LICENSE
[0.852s] -- Added test 'cppcheck' to perform static code analysis on C / C++ code
[0.852s] -- Configured cppcheck include dirs: /home/rod/ros_ws/behaviorfleets/src/bt4_bumpgo/include
[0.853s] -- Configured cppcheck exclude dirs and/or files: 
[0.854s] -- Added test 'cpplint' to check C / C++ code against the Google style
[0.854s] -- Configured cpplint exclude dirs and/or files: 
[0.854s] -- Added test 'flake8' to check Python code syntax and style conventions
[0.855s] -- Added test 'lint_cmake' to check CMake code style
[0.855s] -- Added test 'pep257' to check Python code against some of the docstring style conventions in PEP 257
[0.856s] -- Added test 'uncrustify' to check C / C++ code style
[0.856s] -- Configured uncrustify additional arguments: 
[0.856s] -- Added test 'xmllint' to check XML markup files
[0.858s] -- Configuring done
[0.894s] -- Generating done
[0.896s] -- Build files have been written to: /home/rod/ros_ws/behaviorfleets/build/bt4_bumpgo
[0.924s] [35m[1mConsolidate compiler generated dependencies of target gtest_main[0m
[0.924s] [35m[1mConsolidate compiler generated dependencies of target back_node[0m
[0.924s] [35m[1mConsolidate compiler generated dependencies of target gtest[0m
[0.924s] [35m[1mConsolidate compiler generated dependencies of target turn_node[0m
[0.924s] [35m[1mConsolidate compiler generated dependencies of target is_obstacle_node[0m
[0.924s] [35m[1mConsolidate compiler generated dependencies of target bt4_bumpgo[0m
[0.924s] [35m[1mConsolidate compiler generated dependencies of target forward_node[0m
[0.925s] [35m[1mConsolidate compiler generated dependencies of target bt_forward[0m
[0.948s] [ 22%] Built target gtest
[0.948s] [ 33%] Built target forward_node
[0.948s] [ 44%] Built target is_obstacle_node
[0.949s] [ 22%] Built target gtest_main
[0.950s] [ 55%] Built target turn_node
[0.951s] [ 66%] Built target bt4_bumpgo
[0.951s] [ 77%] Built target bt_forward
[0.955s] [ 88%] Built target back_node
[0.959s] [35m[1mConsolidate compiler generated dependencies of target bt_action_test[0m
[0.976s] [100%] Built target bt_action_test
[0.987s] Invoked command in '/home/rod/ros_ws/behaviorfleets/build/bt4_bumpgo' returned '0': AMENT_PREFIX_PATH=/home/rod/ros_ws/behaviorfleets/install/bf_msgs:/home/rod/ros_ws/behaviorfleets/install/behaviortree_cpp:${AMENT_PREFIX_PATH} CMAKE_PREFIX_PATH=/home/rod/ros_ws/behaviorfleets/install/bf_msgs:/home/rod/ros_ws/behaviorfleets/install/behaviortree_cpp:/opt/ros/humble LD_LIBRARY_PATH=/home/rod/ros_ws/behaviorfleets/install/bf_msgs/lib:/home/rod/ros_ws/behaviorfleets/install/behaviortree_cpp/lib:/usr/lib/x86_64-linux-gnu/gazebo-11/plugins:/opt/ros/humble/opt/rviz_ogre_vendor/lib:/opt/ros/humble/lib/x86_64-linux-gnu:/opt/ros/humble/lib:/usr/share/gazebo/../../lib/x86_64-linux-gnu/gazebo-11/plugins PATH=/home/rod/ros_ws/behaviorfleets/install/behaviortree_cpp/bin:${PATH} PYTHONPATH=/home/rod/ros_ws/behaviorfleets/install/bf_msgs/local/lib/python3.10/dist-packages:${PYTHONPATH} /usr/bin/cmake --build /home/rod/ros_ws/behaviorfleets/build/bt4_bumpgo -- -j8 -l8
[1.024s] Invoking command in '/home/rod/ros_ws/behaviorfleets/build/bt4_bumpgo': AMENT_PREFIX_PATH=/home/rod/ros_ws/behaviorfleets/install/bf_msgs:/home/rod/ros_ws/behaviorfleets/install/behaviortree_cpp:${AMENT_PREFIX_PATH} CMAKE_PREFIX_PATH=/home/rod/ros_ws/behaviorfleets/install/bf_msgs:/home/rod/ros_ws/behaviorfleets/install/behaviortree_cpp:/opt/ros/humble LD_LIBRARY_PATH=/home/rod/ros_ws/behaviorfleets/install/bf_msgs/lib:/home/rod/ros_ws/behaviorfleets/install/behaviortree_cpp/lib:/usr/lib/x86_64-linux-gnu/gazebo-11/plugins:/opt/ros/humble/opt/rviz_ogre_vendor/lib:/opt/ros/humble/lib/x86_64-linux-gnu:/opt/ros/humble/lib:/usr/share/gazebo/../../lib/x86_64-linux-gnu/gazebo-11/plugins PATH=/home/rod/ros_ws/behaviorfleets/install/behaviortree_cpp/bin:${PATH} PYTHONPATH=/home/rod/ros_ws/behaviorfleets/install/bf_msgs/local/lib/python3.10/dist-packages:${PYTHONPATH} /usr/bin/cmake --install /home/rod/ros_ws/behaviorfleets/build/bt4_bumpgo
[1.029s] -- Install configuration: ""
[1.030s] -- Execute custom install script
[1.030s] -- Up-to-date symlink: /home/rod/ros_ws/behaviorfleets/install/bt4_bumpgo/lib/libforward_node.so
[1.030s] -- Up-to-date symlink: /home/rod/ros_ws/behaviorfleets/install/bt4_bumpgo/lib/libback_node.so
[1.030s] -- Up-to-date symlink: /home/rod/ros_ws/behaviorfleets/install/bt4_bumpgo/lib/libturn_node.so
[1.031s] -- Up-to-date symlink: /home/rod/ros_ws/behaviorfleets/install/bt4_bumpgo/lib/libis_obstacle_node.so
[1.031s] -- Up-to-date symlink: /home/rod/ros_ws/behaviorfleets/install/bt4_bumpgo/lib/bt4_bumpgo/bt4_bumpgo
[1.031s] -- Up-to-date symlink: /home/rod/ros_ws/behaviorfleets/install/bt4_bumpgo/share/bt4_bumpgo/launch/bt4_bumpgo.launch.py
[1.031s] -- Up-to-date symlink: /home/rod/ros_ws/behaviorfleets/install/bt4_bumpgo/include//bt4_bumpgo/Back.hpp
[1.031s] -- Up-to-date symlink: /home/rod/ros_ws/behaviorfleets/install/bt4_bumpgo/include//bt4_bumpgo/DelegationNode.hpp
[1.031s] -- Up-to-date symlink: /home/rod/ros_ws/behaviorfleets/install/bt4_bumpgo/include//bt4_bumpgo/Forward.hpp
[1.031s] -- Up-to-date symlink: /home/rod/ros_ws/behaviorfleets/install/bt4_bumpgo/include//bt4_bumpgo/IsObstacle.hpp
[1.031s] -- Up-to-date symlink: /home/rod/ros_ws/behaviorfleets/install/bt4_bumpgo/include//bt4_bumpgo/Turn.hpp
[1.032s] -- Up-to-date symlink: /home/rod/ros_ws/behaviorfleets/install/bt4_bumpgo/share/bt4_bumpgo/behavior_tree_xml/bumpgo.xml
[1.032s] -- Up-to-date symlink: /home/rod/ros_ws/behaviorfleets/install/bt4_bumpgo/lib/bt4_bumpgo/bt_forward
[1.032s] -- Up-to-date symlink: /home/rod/ros_ws/behaviorfleets/install/bt4_bumpgo/share/ament_index/resource_index/package_run_dependencies/bt4_bumpgo
[1.032s] -- Up-to-date symlink: /home/rod/ros_ws/behaviorfleets/install/bt4_bumpgo/share/ament_index/resource_index/parent_prefix_path/bt4_bumpgo
[1.032s] -- Up-to-date symlink: /home/rod/ros_ws/behaviorfleets/install/bt4_bumpgo/share/bt4_bumpgo/environment/ament_prefix_path.sh
[1.032s] -- Up-to-date symlink: /home/rod/ros_ws/behaviorfleets/install/bt4_bumpgo/share/bt4_bumpgo/environment/ament_prefix_path.dsv
[1.033s] -- Up-to-date symlink: /home/rod/ros_ws/behaviorfleets/install/bt4_bumpgo/share/bt4_bumpgo/environment/path.sh
[1.033s] -- Up-to-date symlink: /home/rod/ros_ws/behaviorfleets/install/bt4_bumpgo/share/bt4_bumpgo/environment/path.dsv
[1.033s] -- Up-to-date symlink: /home/rod/ros_ws/behaviorfleets/install/bt4_bumpgo/share/bt4_bumpgo/local_setup.bash
[1.033s] -- Up-to-date symlink: /home/rod/ros_ws/behaviorfleets/install/bt4_bumpgo/share/bt4_bumpgo/local_setup.sh
[1.033s] -- Up-to-date symlink: /home/rod/ros_ws/behaviorfleets/install/bt4_bumpgo/share/bt4_bumpgo/local_setup.zsh
[1.033s] -- Up-to-date symlink: /home/rod/ros_ws/behaviorfleets/install/bt4_bumpgo/share/bt4_bumpgo/local_setup.dsv
[1.033s] -- Symlinking: /home/rod/ros_ws/behaviorfleets/install/bt4_bumpgo/share/bt4_bumpgo/package.dsv
[1.041s] -- Up-to-date symlink: /home/rod/ros_ws/behaviorfleets/install/bt4_bumpgo/share/ament_index/resource_index/packages/bt4_bumpgo
[1.041s] -- Up-to-date symlink: /home/rod/ros_ws/behaviorfleets/install/bt4_bumpgo/share/bt4_bumpgo/cmake/ament_cmake_export_include_directories-extras.cmake
[1.041s] -- Up-to-date symlink: /home/rod/ros_ws/behaviorfleets/install/bt4_bumpgo/share/bt4_bumpgo/cmake/ament_cmake_export_dependencies-extras.cmake
[1.041s] -- Up-to-date symlink: /home/rod/ros_ws/behaviorfleets/install/bt4_bumpgo/share/bt4_bumpgo/cmake/bt4_bumpgoConfig.cmake
[1.042s] -- Up-to-date symlink: /home/rod/ros_ws/behaviorfleets/install/bt4_bumpgo/share/bt4_bumpgo/cmake/bt4_bumpgoConfig-version.cmake
[1.042s] -- Up-to-date symlink: /home/rod/ros_ws/behaviorfleets/install/bt4_bumpgo/share/bt4_bumpgo/package.xml
[1.045s] Invoked command in '/home/rod/ros_ws/behaviorfleets/build/bt4_bumpgo' returned '0': AMENT_PREFIX_PATH=/home/rod/ros_ws/behaviorfleets/install/bf_msgs:/home/rod/ros_ws/behaviorfleets/install/behaviortree_cpp:${AMENT_PREFIX_PATH} CMAKE_PREFIX_PATH=/home/rod/ros_ws/behaviorfleets/install/bf_msgs:/home/rod/ros_ws/behaviorfleets/install/behaviortree_cpp:/opt/ros/humble LD_LIBRARY_PATH=/home/rod/ros_ws/behaviorfleets/install/bf_msgs/lib:/home/rod/ros_ws/behaviorfleets/install/behaviortree_cpp/lib:/usr/lib/x86_64-linux-gnu/gazebo-11/plugins:/opt/ros/humble/opt/rviz_ogre_vendor/lib:/opt/ros/humble/lib/x86_64-linux-gnu:/opt/ros/humble/lib:/usr/share/gazebo/../../lib/x86_64-linux-gnu/gazebo-11/plugins PATH=/home/rod/ros_ws/behaviorfleets/install/behaviortree_cpp/bin:${PATH} PYTHONPATH=/home/rod/ros_ws/behaviorfleets/install/bf_msgs/local/lib/python3.10/dist-packages:${PYTHONPATH} /usr/bin/cmake --install /home/rod/ros_ws/behaviorfleets/build/bt4_bumpgo
