[0.431s] DEBUG:colcon:Command line arguments: ['/usr/bin/colcon', 'build', '--symlink-install']
[0.431s] DEBUG:colcon:Parsed command line arguments: Namespace(log_base=None, log_level=None, verb_name='build', build_base='build', install_base='install', merge_install=False, symlink_install=True, test_result_base=None, continue_on_error=False, executor='parallel', parallel_workers=8, event_handlers=None, ignore_user_meta=False, metas=['./colcon.meta'], base_paths=['.'], packages_ignore=None, packages_ignore_regex=None, paths=None, packages_up_to=None, packages_up_to_regex=None, packages_above=None, packages_above_and_dependencies=None, packages_above_depth=None, packages_select_by_dep=None, packages_skip_by_dep=None, packages_skip_up_to=None, packages_select_build_failed=False, packages_skip_build_finished=False, packages_select_test_failures=False, packages_skip_test_passed=False, packages_select=None, packages_skip=None, packages_select_regex=None, packages_skip_regex=None, packages_start=None, packages_end=None, allow_overriding=[], cmake_args=None, cmake_target=None, cmake_target_skip_unavailable=False, cmake_clean_cache=False, cmake_clean_first=False, cmake_force_configure=False, ament_cmake_args=None, catkin_cmake_args=None, catkin_skip_building_tests=False, verb_parser=<colcon_defaults.argument_parser.defaults.DefaultArgumentsDecorator object at 0x7fce12da8610>, verb_extension=<colcon_core.verb.build.BuildVerb object at 0x7fce1369f190>, main=<bound method BuildVerb.main of <colcon_core.verb.build.BuildVerb object at 0x7fce1369f190>>)
[0.484s] Level 1:colcon.colcon_core.package_discovery:discover_packages(colcon_meta) check parameters
[0.484s] Level 1:colcon.colcon_core.package_discovery:discover_packages(recursive) check parameters
[0.484s] Level 1:colcon.colcon_core.package_discovery:discover_packages(ignore) check parameters
[0.484s] Level 1:colcon.colcon_core.package_discovery:discover_packages(path) check parameters
[0.484s] Level 1:colcon.colcon_core.package_discovery:discover_packages(colcon_meta) discover
[0.484s] Level 1:colcon.colcon_core.package_discovery:discover_packages(recursive) discover
[0.484s] INFO:colcon.colcon_core.package_discovery:Crawling recursively for packages in '/home/rod/ros_ws/behaviorfleets'
[0.484s] Level 1:colcon.colcon_core.package_identification:_identify(.) by extensions ['ignore', 'ignore_ament_install']
[0.484s] Level 1:colcon.colcon_core.package_identification:_identify(.) by extension 'ignore'
[0.484s] Level 1:colcon.colcon_core.package_identification:_identify(.) by extension 'ignore_ament_install'
[0.484s] Level 1:colcon.colcon_core.package_identification:_identify(.) by extensions ['colcon_pkg']
[0.484s] Level 1:colcon.colcon_core.package_identification:_identify(.) by extension 'colcon_pkg'
[0.484s] Level 1:colcon.colcon_core.package_identification:_identify(.) by extensions ['colcon_meta']
[0.484s] Level 1:colcon.colcon_core.package_identification:_identify(.) by extension 'colcon_meta'
[0.484s] Level 1:colcon.colcon_core.package_identification:_identify(.) by extensions ['ros']
[0.484s] Level 1:colcon.colcon_core.package_identification:_identify(.) by extension 'ros'
[0.498s] Level 1:colcon.colcon_core.package_identification:_identify(.) by extensions ['cmake', 'python']
[0.499s] Level 1:colcon.colcon_core.package_identification:_identify(.) by extension 'cmake'
[0.499s] Level 1:colcon.colcon_core.package_identification:_identify(.) by extension 'python'
[0.499s] Level 1:colcon.colcon_core.package_identification:_identify(.) by extensions ['python_setup_py']
[0.499s] Level 1:colcon.colcon_core.package_identification:_identify(.) by extension 'python_setup_py'
[0.499s] Level 1:colcon.colcon_core.package_identification:_identify(build) by extensions ['ignore', 'ignore_ament_install']
[0.499s] Level 1:colcon.colcon_core.package_identification:_identify(build) by extension 'ignore'
[0.499s] Level 1:colcon.colcon_core.package_identification:_identify(build) ignored
[0.499s] Level 1:colcon.colcon_core.package_identification:_identify(install) by extensions ['ignore', 'ignore_ament_install']
[0.499s] Level 1:colcon.colcon_core.package_identification:_identify(install) by extension 'ignore'
[0.499s] Level 1:colcon.colcon_core.package_identification:_identify(install) ignored
[0.499s] Level 1:colcon.colcon_core.package_identification:_identify(log) by extensions ['ignore', 'ignore_ament_install']
[0.499s] Level 1:colcon.colcon_core.package_identification:_identify(log) by extension 'ignore'
[0.499s] Level 1:colcon.colcon_core.package_identification:_identify(log) ignored
[0.499s] Level 1:colcon.colcon_core.package_identification:_identify(src) by extensions ['ignore', 'ignore_ament_install']
[0.500s] Level 1:colcon.colcon_core.package_identification:_identify(src) by extension 'ignore'
[0.500s] Level 1:colcon.colcon_core.package_identification:_identify(src) by extension 'ignore_ament_install'
[0.500s] Level 1:colcon.colcon_core.package_identification:_identify(src) by extensions ['colcon_pkg']
[0.500s] Level 1:colcon.colcon_core.package_identification:_identify(src) by extension 'colcon_pkg'
[0.500s] Level 1:colcon.colcon_core.package_identification:_identify(src) by extensions ['colcon_meta']
[0.500s] Level 1:colcon.colcon_core.package_identification:_identify(src) by extension 'colcon_meta'
[0.500s] Level 1:colcon.colcon_core.package_identification:_identify(src) by extensions ['ros']
[0.500s] Level 1:colcon.colcon_core.package_identification:_identify(src) by extension 'ros'
[0.500s] Level 1:colcon.colcon_core.package_identification:_identify(src) by extensions ['cmake', 'python']
[0.500s] Level 1:colcon.colcon_core.package_identification:_identify(src) by extension 'cmake'
[0.500s] Level 1:colcon.colcon_core.package_identification:_identify(src) by extension 'python'
[0.500s] Level 1:colcon.colcon_core.package_identification:_identify(src) by extensions ['python_setup_py']
[0.500s] Level 1:colcon.colcon_core.package_identification:_identify(src) by extension 'python_setup_py'
[0.500s] Level 1:colcon.colcon_core.package_identification:_identify(src/behaviorfleets) by extensions ['ignore', 'ignore_ament_install']
[0.500s] Level 1:colcon.colcon_core.package_identification:_identify(src/behaviorfleets) by extension 'ignore'
[0.500s] Level 1:colcon.colcon_core.package_identification:_identify(src/behaviorfleets) ignored
[0.500s] Level 1:colcon.colcon_core.package_identification:_identify(src/bf_msgs) by extensions ['ignore', 'ignore_ament_install']
[0.500s] Level 1:colcon.colcon_core.package_identification:_identify(src/bf_msgs) by extension 'ignore'
[0.500s] Level 1:colcon.colcon_core.package_identification:_identify(src/bf_msgs) by extension 'ignore_ament_install'
[0.501s] Level 1:colcon.colcon_core.package_identification:_identify(src/bf_msgs) by extensions ['colcon_pkg']
[0.501s] Level 1:colcon.colcon_core.package_identification:_identify(src/bf_msgs) by extension 'colcon_pkg'
[0.501s] Level 1:colcon.colcon_core.package_identification:_identify(src/bf_msgs) by extensions ['colcon_meta']
[0.501s] Level 1:colcon.colcon_core.package_identification:_identify(src/bf_msgs) by extension 'colcon_meta'
[0.501s] Level 1:colcon.colcon_core.package_identification:_identify(src/bf_msgs) by extensions ['ros']
[0.501s] Level 1:colcon.colcon_core.package_identification:_identify(src/bf_msgs) by extension 'ros'
[0.503s] DEBUG:colcon.colcon_core.package_identification:Package 'src/bf_msgs' with type 'ros.ament_cmake' and name 'bf_msgs'
[0.503s] Level 1:colcon.colcon_core.package_identification:_identify(src/bt4_bumpgo) by extensions ['ignore', 'ignore_ament_install']
[0.503s] Level 1:colcon.colcon_core.package_identification:_identify(src/bt4_bumpgo) by extension 'ignore'
[0.503s] Level 1:colcon.colcon_core.package_identification:_identify(src/bt4_bumpgo) by extension 'ignore_ament_install'
[0.503s] Level 1:colcon.colcon_core.package_identification:_identify(src/bt4_bumpgo) by extensions ['colcon_pkg']
[0.504s] Level 1:colcon.colcon_core.package_identification:_identify(src/bt4_bumpgo) by extension 'colcon_pkg'
[0.504s] Level 1:colcon.colcon_core.package_identification:_identify(src/bt4_bumpgo) by extensions ['colcon_meta']
[0.504s] Level 1:colcon.colcon_core.package_identification:_identify(src/bt4_bumpgo) by extension 'colcon_meta'
[0.504s] Level 1:colcon.colcon_core.package_identification:_identify(src/bt4_bumpgo) by extensions ['ros']
[0.504s] Level 1:colcon.colcon_core.package_identification:_identify(src/bt4_bumpgo) by extension 'ros'
[0.505s] DEBUG:colcon.colcon_core.package_identification:Package 'src/bt4_bumpgo' with type 'ros.ament_cmake' and name 'bt4_bumpgo'
[0.505s] Level 1:colcon.colcon_core.package_identification:_identify(src/thirdparty) by extensions ['ignore', 'ignore_ament_install']
[0.505s] Level 1:colcon.colcon_core.package_identification:_identify(src/thirdparty) by extension 'ignore'
[0.505s] Level 1:colcon.colcon_core.package_identification:_identify(src/thirdparty) by extension 'ignore_ament_install'
[0.505s] Level 1:colcon.colcon_core.package_identification:_identify(src/thirdparty) by extensions ['colcon_pkg']
[0.505s] Level 1:colcon.colcon_core.package_identification:_identify(src/thirdparty) by extension 'colcon_pkg'
[0.505s] Level 1:colcon.colcon_core.package_identification:_identify(src/thirdparty) by extensions ['colcon_meta']
[0.505s] Level 1:colcon.colcon_core.package_identification:_identify(src/thirdparty) by extension 'colcon_meta'
[0.505s] Level 1:colcon.colcon_core.package_identification:_identify(src/thirdparty) by extensions ['ros']
[0.505s] Level 1:colcon.colcon_core.package_identification:_identify(src/thirdparty) by extension 'ros'
[0.505s] Level 1:colcon.colcon_core.package_identification:_identify(src/thirdparty) by extensions ['cmake', 'python']
[0.505s] Level 1:colcon.colcon_core.package_identification:_identify(src/thirdparty) by extension 'cmake'
[0.505s] Level 1:colcon.colcon_core.package_identification:_identify(src/thirdparty) by extension 'python'
[0.505s] Level 1:colcon.colcon_core.package_identification:_identify(src/thirdparty) by extensions ['python_setup_py']
[0.505s] Level 1:colcon.colcon_core.package_identification:_identify(src/thirdparty) by extension 'python_setup_py'
[0.505s] Level 1:colcon.colcon_core.package_identification:_identify(src/thirdparty/behaviortree_cpp) by extensions ['ignore', 'ignore_ament_install']
[0.506s] Level 1:colcon.colcon_core.package_identification:_identify(src/thirdparty/behaviortree_cpp) by extension 'ignore'
[0.506s] Level 1:colcon.colcon_core.package_identification:_identify(src/thirdparty/behaviortree_cpp) by extension 'ignore_ament_install'
[0.506s] Level 1:colcon.colcon_core.package_identification:_identify(src/thirdparty/behaviortree_cpp) by extensions ['colcon_pkg']
[0.506s] Level 1:colcon.colcon_core.package_identification:_identify(src/thirdparty/behaviortree_cpp) by extension 'colcon_pkg'
[0.506s] Level 1:colcon.colcon_core.package_identification:_identify(src/thirdparty/behaviortree_cpp) by extensions ['colcon_meta']
[0.506s] Level 1:colcon.colcon_core.package_identification:_identify(src/thirdparty/behaviortree_cpp) by extension 'colcon_meta'
[0.506s] Level 1:colcon.colcon_core.package_identification:_identify(src/thirdparty/behaviortree_cpp) by extensions ['ros']
[0.506s] Level 1:colcon.colcon_core.package_identification:_identify(src/thirdparty/behaviortree_cpp) by extension 'ros'
[0.511s] DEBUG:colcon.colcon_core.package_identification:Package 'src/thirdparty/behaviortree_cpp' with type 'ros.ament_cmake' and name 'behaviortree_cpp'
[0.512s] Level 1:colcon.colcon_core.package_discovery:discover_packages(recursive) using defaults
[0.512s] Level 1:colcon.colcon_core.package_discovery:discover_packages(ignore) discover
[0.512s] Level 1:colcon.colcon_core.package_discovery:discover_packages(ignore) using defaults
[0.512s] Level 1:colcon.colcon_core.package_discovery:discover_packages(path) discover
[0.512s] Level 1:colcon.colcon_core.package_discovery:discover_packages(path) using defaults
[0.534s] Level 1:colcon.colcon_core.package_discovery:discover_packages(prefix_path) check parameters
[0.534s] Level 1:colcon.colcon_core.package_discovery:discover_packages(prefix_path) discover
[0.538s] DEBUG:colcon.colcon_installed_package_information.package_discovery:Found 438 installed packages in /opt/ros/humble
[0.541s] Level 1:colcon.colcon_core.package_discovery:discover_packages(prefix_path) using defaults
[0.621s] Level 5:colcon.colcon_core.verb:set package 'behaviortree_cpp' build argument 'cmake_args' from command line to 'None'
[0.621s] Level 5:colcon.colcon_core.verb:set package 'behaviortree_cpp' build argument 'cmake_target' from command line to 'None'
[0.621s] Level 5:colcon.colcon_core.verb:set package 'behaviortree_cpp' build argument 'cmake_target_skip_unavailable' from command line to 'False'
[0.621s] Level 5:colcon.colcon_core.verb:set package 'behaviortree_cpp' build argument 'cmake_clean_cache' from command line to 'False'
[0.621s] Level 5:colcon.colcon_core.verb:set package 'behaviortree_cpp' build argument 'cmake_clean_first' from command line to 'False'
[0.621s] Level 5:colcon.colcon_core.verb:set package 'behaviortree_cpp' build argument 'cmake_force_configure' from command line to 'False'
[0.621s] Level 5:colcon.colcon_core.verb:set package 'behaviortree_cpp' build argument 'ament_cmake_args' from command line to 'None'
[0.621s] Level 5:colcon.colcon_core.verb:set package 'behaviortree_cpp' build argument 'catkin_cmake_args' from command line to 'None'
[0.621s] Level 5:colcon.colcon_core.verb:set package 'behaviortree_cpp' build argument 'catkin_skip_building_tests' from command line to 'False'
[0.621s] DEBUG:colcon.colcon_core.verb:Building package 'behaviortree_cpp' with the following arguments: {'ament_cmake_args': None, 'build_base': '/home/rod/ros_ws/behaviorfleets/build/behaviortree_cpp', 'catkin_cmake_args': None, 'catkin_skip_building_tests': False, 'cmake_args': None, 'cmake_clean_cache': False, 'cmake_clean_first': False, 'cmake_force_configure': False, 'cmake_target': None, 'cmake_target_skip_unavailable': False, 'install_base': '/home/rod/ros_ws/behaviorfleets/install/behaviortree_cpp', 'merge_install': False, 'path': '/home/rod/ros_ws/behaviorfleets/src/thirdparty/behaviortree_cpp', 'symlink_install': True, 'test_result_base': None}
[0.622s] Level 5:colcon.colcon_core.verb:set package 'bf_msgs' build argument 'cmake_args' from command line to 'None'
[0.622s] Level 5:colcon.colcon_core.verb:set package 'bf_msgs' build argument 'cmake_target' from command line to 'None'
[0.622s] Level 5:colcon.colcon_core.verb:set package 'bf_msgs' build argument 'cmake_target_skip_unavailable' from command line to 'False'
[0.623s] Level 5:colcon.colcon_core.verb:set package 'bf_msgs' build argument 'cmake_clean_cache' from command line to 'False'
[0.623s] Level 5:colcon.colcon_core.verb:set package 'bf_msgs' build argument 'cmake_clean_first' from command line to 'False'
[0.623s] Level 5:colcon.colcon_core.verb:set package 'bf_msgs' build argument 'cmake_force_configure' from command line to 'False'
[0.623s] Level 5:colcon.colcon_core.verb:set package 'bf_msgs' build argument 'ament_cmake_args' from command line to 'None'
[0.623s] Level 5:colcon.colcon_core.verb:set package 'bf_msgs' build argument 'catkin_cmake_args' from command line to 'None'
[0.623s] Level 5:colcon.colcon_core.verb:set package 'bf_msgs' build argument 'catkin_skip_building_tests' from command line to 'False'
[0.623s] DEBUG:colcon.colcon_core.verb:Building package 'bf_msgs' with the following arguments: {'ament_cmake_args': None, 'build_base': '/home/rod/ros_ws/behaviorfleets/build/bf_msgs', 'catkin_cmake_args': None, 'catkin_skip_building_tests': False, 'cmake_args': None, 'cmake_clean_cache': False, 'cmake_clean_first': False, 'cmake_force_configure': False, 'cmake_target': None, 'cmake_target_skip_unavailable': False, 'install_base': '/home/rod/ros_ws/behaviorfleets/install/bf_msgs', 'merge_install': False, 'path': '/home/rod/ros_ws/behaviorfleets/src/bf_msgs', 'symlink_install': True, 'test_result_base': None}
[0.624s] Level 5:colcon.colcon_core.verb:set package 'bt4_bumpgo' build argument 'cmake_args' from command line to 'None'
[0.624s] Level 5:colcon.colcon_core.verb:set package 'bt4_bumpgo' build argument 'cmake_target' from command line to 'None'
[0.624s] Level 5:colcon.colcon_core.verb:set package 'bt4_bumpgo' build argument 'cmake_target_skip_unavailable' from command line to 'False'
[0.624s] Level 5:colcon.colcon_core.verb:set package 'bt4_bumpgo' build argument 'cmake_clean_cache' from command line to 'False'
[0.624s] Level 5:colcon.colcon_core.verb:set package 'bt4_bumpgo' build argument 'cmake_clean_first' from command line to 'False'
[0.624s] Level 5:colcon.colcon_core.verb:set package 'bt4_bumpgo' build argument 'cmake_force_configure' from command line to 'False'
[0.624s] Level 5:colcon.colcon_core.verb:set package 'bt4_bumpgo' build argument 'ament_cmake_args' from command line to 'None'
[0.624s] Level 5:colcon.colcon_core.verb:set package 'bt4_bumpgo' build argument 'catkin_cmake_args' from command line to 'None'
[0.624s] Level 5:colcon.colcon_core.verb:set package 'bt4_bumpgo' build argument 'catkin_skip_building_tests' from command line to 'False'
[0.624s] DEBUG:colcon.colcon_core.verb:Building package 'bt4_bumpgo' with the following arguments: {'ament_cmake_args': None, 'build_base': '/home/rod/ros_ws/behaviorfleets/build/bt4_bumpgo', 'catkin_cmake_args': None, 'catkin_skip_building_tests': False, 'cmake_args': None, 'cmake_clean_cache': False, 'cmake_clean_first': False, 'cmake_force_configure': False, 'cmake_target': None, 'cmake_target_skip_unavailable': False, 'install_base': '/home/rod/ros_ws/behaviorfleets/install/bt4_bumpgo', 'merge_install': False, 'path': '/home/rod/ros_ws/behaviorfleets/src/bt4_bumpgo', 'symlink_install': True, 'test_result_base': None}
[0.625s] INFO:colcon.colcon_core.executor:Executing jobs using 'parallel' executor
[0.628s] DEBUG:colcon.colcon_parallel_executor.executor.parallel:run_until_complete
[0.628s] INFO:colcon.colcon_ros.task.ament_cmake.build:Building ROS package in '/home/rod/ros_ws/behaviorfleets/src/thirdparty/behaviortree_cpp' with build type 'ament_cmake'
[0.628s] INFO:colcon.colcon_cmake.task.cmake.build:Building CMake package in '/home/rod/ros_ws/behaviorfleets/src/thirdparty/behaviortree_cpp'
[0.632s] INFO:colcon.colcon_core.plugin_system:Skipping extension 'colcon_core.shell.bat': Not used on non-Windows systems
[0.633s] INFO:colcon.colcon_core.shell:Skip shell extension 'powershell' for command environment: Not usable outside of PowerShell
[0.633s] DEBUG:colcon.colcon_core.shell:Skip shell extension 'dsv' for command environment
[0.636s] INFO:colcon.colcon_ros.task.ament_cmake.build:Building ROS package in '/home/rod/ros_ws/behaviorfleets/src/bf_msgs' with build type 'ament_cmake'
[0.637s] INFO:colcon.colcon_cmake.task.cmake.build:Building CMake package in '/home/rod/ros_ws/behaviorfleets/src/bf_msgs'
[0.638s] INFO:colcon.colcon_core.shell:Skip shell extension 'powershell' for command environment: Not usable outside of PowerShell
[0.638s] DEBUG:colcon.colcon_core.shell:Skip shell extension 'dsv' for command environment
[0.645s] DEBUG:colcon.colcon_core.event_handler.log_command:Invoking command in '/home/rod/ros_ws/behaviorfleets/build/behaviortree_cpp': CMAKE_PREFIX_PATH=/opt/ros/humble /usr/bin/cmake /home/rod/ros_ws/behaviorfleets/src/thirdparty/behaviortree_cpp -DAMENT_CMAKE_SYMLINK_INSTALL=1 -DCMAKE_INSTALL_PREFIX=/home/rod/ros_ws/behaviorfleets/install/behaviortree_cpp
[0.649s] DEBUG:colcon.colcon_core.event_handler.log_command:Invoking command in '/home/rod/ros_ws/behaviorfleets/build/bf_msgs': CMAKE_PREFIX_PATH=/opt/ros/humble /usr/bin/cmake /home/rod/ros_ws/behaviorfleets/src/bf_msgs -DAMENT_CMAKE_SYMLINK_INSTALL=1 -DCMAKE_INSTALL_PREFIX=/home/rod/ros_ws/behaviorfleets/install/bf_msgs
[2.085s] DEBUG:colcon.colcon_core.event_handler.log_command:Invoked command in '/home/rod/ros_ws/behaviorfleets/build/behaviortree_cpp' returned '0': CMAKE_PREFIX_PATH=/opt/ros/humble /usr/bin/cmake /home/rod/ros_ws/behaviorfleets/src/thirdparty/behaviortree_cpp -DAMENT_CMAKE_SYMLINK_INSTALL=1 -DCMAKE_INSTALL_PREFIX=/home/rod/ros_ws/behaviorfleets/install/behaviortree_cpp
[2.087s] DEBUG:colcon.colcon_core.event_handler.log_command:Invoking command in '/home/rod/ros_ws/behaviorfleets/build/behaviortree_cpp': CMAKE_PREFIX_PATH=/opt/ros/humble /usr/bin/cmake --build /home/rod/ros_ws/behaviorfleets/build/behaviortree_cpp -- -j8 -l8
[4.368s] DEBUG:colcon.colcon_core.event_handler.log_command:Invoked command in '/home/rod/ros_ws/behaviorfleets/build/bf_msgs' returned '0': CMAKE_PREFIX_PATH=/opt/ros/humble /usr/bin/cmake /home/rod/ros_ws/behaviorfleets/src/bf_msgs -DAMENT_CMAKE_SYMLINK_INSTALL=1 -DCMAKE_INSTALL_PREFIX=/home/rod/ros_ws/behaviorfleets/install/bf_msgs
[4.369s] DEBUG:colcon.colcon_core.event_handler.log_command:Invoking command in '/home/rod/ros_ws/behaviorfleets/build/bf_msgs': CMAKE_PREFIX_PATH=/opt/ros/humble /usr/bin/cmake --build /home/rod/ros_ws/behaviorfleets/build/bf_msgs -- -j8 -l8
[12.757s] DEBUG:colcon.colcon_core.event_handler.log_command:Invoked command in '/home/rod/ros_ws/behaviorfleets/build/bf_msgs' returned '0': CMAKE_PREFIX_PATH=/opt/ros/humble /usr/bin/cmake --build /home/rod/ros_ws/behaviorfleets/build/bf_msgs -- -j8 -l8
[14.546s] DEBUG:colcon.colcon_core.event_handler.log_command:Invoking command in '/home/rod/ros_ws/behaviorfleets/build/bf_msgs': CMAKE_PREFIX_PATH=/opt/ros/humble /usr/bin/cmake --install /home/rod/ros_ws/behaviorfleets/build/bf_msgs
[16.457s] Level 1:colcon.colcon_core.environment:create_environment_scripts_only(bf_msgs)
[16.466s] DEBUG:colcon.colcon_core.event_handler.log_command:Invoked command in '/home/rod/ros_ws/behaviorfleets/build/bf_msgs' returned '0': CMAKE_PREFIX_PATH=/opt/ros/humble /usr/bin/cmake --install /home/rod/ros_ws/behaviorfleets/build/bf_msgs
[16.468s] Level 1:colcon.colcon_core.environment:checking '/home/rod/ros_ws/behaviorfleets/install/bf_msgs' for CMake module files
[16.469s] Level 1:colcon.colcon_core.environment:checking '/home/rod/ros_ws/behaviorfleets/install/bf_msgs' for CMake config files
[16.470s] Level 1:colcon.colcon_core.shell:create_environment_hook('bf_msgs', 'cmake_prefix_path')
[16.477s] INFO:colcon.colcon_core.shell:Creating environment hook '/home/rod/ros_ws/behaviorfleets/install/bf_msgs/share/bf_msgs/hook/cmake_prefix_path.ps1'
[16.478s] INFO:colcon.colcon_core.shell:Creating environment descriptor '/home/rod/ros_ws/behaviorfleets/install/bf_msgs/share/bf_msgs/hook/cmake_prefix_path.dsv'
[16.479s] INFO:colcon.colcon_core.shell:Creating environment hook '/home/rod/ros_ws/behaviorfleets/install/bf_msgs/share/bf_msgs/hook/cmake_prefix_path.sh'
[16.481s] Level 1:colcon.colcon_core.environment:checking '/home/rod/ros_ws/behaviorfleets/install/bf_msgs/lib'
[16.481s] Level 1:colcon.colcon_core.shell:create_environment_hook('bf_msgs', 'ld_library_path_lib')
[16.489s] INFO:colcon.colcon_core.shell:Creating environment hook '/home/rod/ros_ws/behaviorfleets/install/bf_msgs/share/bf_msgs/hook/ld_library_path_lib.ps1'
[16.490s] INFO:colcon.colcon_core.shell:Creating environment descriptor '/home/rod/ros_ws/behaviorfleets/install/bf_msgs/share/bf_msgs/hook/ld_library_path_lib.dsv'
[16.490s] INFO:colcon.colcon_core.shell:Creating environment hook '/home/rod/ros_ws/behaviorfleets/install/bf_msgs/share/bf_msgs/hook/ld_library_path_lib.sh'
[16.491s] Level 1:colcon.colcon_core.environment:checking '/home/rod/ros_ws/behaviorfleets/install/bf_msgs/bin'
[16.491s] Level 1:colcon.colcon_core.environment:checking '/home/rod/ros_ws/behaviorfleets/install/bf_msgs/lib/pkgconfig/bf_msgs.pc'
[16.491s] Level 1:colcon.colcon_core.environment:checking '/home/rod/ros_ws/behaviorfleets/install/bf_msgs/lib/python3.10/site-packages'
[16.492s] Level 1:colcon.colcon_core.environment:checking '/home/rod/ros_ws/behaviorfleets/install/bf_msgs/bin'
[16.503s] INFO:colcon.colcon_core.shell:Creating package script '/home/rod/ros_ws/behaviorfleets/install/bf_msgs/share/bf_msgs/package.ps1'
[16.509s] INFO:colcon.colcon_core.shell:Creating package descriptor '/home/rod/ros_ws/behaviorfleets/install/bf_msgs/share/bf_msgs/package.dsv'
[16.522s] INFO:colcon.colcon_core.shell:Creating package script '/home/rod/ros_ws/behaviorfleets/install/bf_msgs/share/bf_msgs/package.sh'
[16.524s] INFO:colcon.colcon_core.shell:Creating package script '/home/rod/ros_ws/behaviorfleets/install/bf_msgs/share/bf_msgs/package.bash'
[16.528s] INFO:colcon.colcon_core.shell:Creating package script '/home/rod/ros_ws/behaviorfleets/install/bf_msgs/share/bf_msgs/package.zsh'
[16.538s] Level 1:colcon.colcon_core.environment:create_file_with_runtime_dependencies(/home/rod/ros_ws/behaviorfleets/install/bf_msgs/share/colcon-core/packages/bf_msgs)
[17.196s] Level 1:colcon.colcon_core.environment:create_environment_scripts_only(bf_msgs)
[17.201s] Level 1:colcon.colcon_core.environment:checking '/home/rod/ros_ws/behaviorfleets/install/bf_msgs' for CMake module files
[17.202s] Level 1:colcon.colcon_core.environment:checking '/home/rod/ros_ws/behaviorfleets/install/bf_msgs' for CMake config files
[17.203s] Level 1:colcon.colcon_core.shell:create_environment_hook('bf_msgs', 'cmake_prefix_path')
[17.206s] INFO:colcon.colcon_core.shell:Creating environment hook '/home/rod/ros_ws/behaviorfleets/install/bf_msgs/share/bf_msgs/hook/cmake_prefix_path.ps1'
[17.207s] INFO:colcon.colcon_core.shell:Creating environment descriptor '/home/rod/ros_ws/behaviorfleets/install/bf_msgs/share/bf_msgs/hook/cmake_prefix_path.dsv'
[17.207s] INFO:colcon.colcon_core.shell:Creating environment hook '/home/rod/ros_ws/behaviorfleets/install/bf_msgs/share/bf_msgs/hook/cmake_prefix_path.sh'
[17.208s] Level 1:colcon.colcon_core.environment:checking '/home/rod/ros_ws/behaviorfleets/install/bf_msgs/lib'
[17.209s] Level 1:colcon.colcon_core.shell:create_environment_hook('bf_msgs', 'ld_library_path_lib')
[17.212s] INFO:colcon.colcon_core.shell:Creating environment hook '/home/rod/ros_ws/behaviorfleets/install/bf_msgs/share/bf_msgs/hook/ld_library_path_lib.ps1'
[17.212s] INFO:colcon.colcon_core.shell:Creating environment descriptor '/home/rod/ros_ws/behaviorfleets/install/bf_msgs/share/bf_msgs/hook/ld_library_path_lib.dsv'
[17.213s] INFO:colcon.colcon_core.shell:Creating environment hook '/home/rod/ros_ws/behaviorfleets/install/bf_msgs/share/bf_msgs/hook/ld_library_path_lib.sh'
[17.214s] Level 1:colcon.colcon_core.environment:checking '/home/rod/ros_ws/behaviorfleets/install/bf_msgs/bin'
[17.214s] Level 1:colcon.colcon_core.environment:checking '/home/rod/ros_ws/behaviorfleets/install/bf_msgs/lib/pkgconfig/bf_msgs.pc'
[17.215s] Level 1:colcon.colcon_core.environment:checking '/home/rod/ros_ws/behaviorfleets/install/bf_msgs/lib/python3.10/site-packages'
[17.215s] Level 1:colcon.colcon_core.environment:checking '/home/rod/ros_ws/behaviorfleets/install/bf_msgs/bin'
[17.218s] INFO:colcon.colcon_core.shell:Creating package script '/home/rod/ros_ws/behaviorfleets/install/bf_msgs/share/bf_msgs/package.ps1'
[17.219s] INFO:colcon.colcon_core.shell:Creating package descriptor '/home/rod/ros_ws/behaviorfleets/install/bf_msgs/share/bf_msgs/package.dsv'
[17.221s] INFO:colcon.colcon_core.shell:Creating package script '/home/rod/ros_ws/behaviorfleets/install/bf_msgs/share/bf_msgs/package.sh'
[17.222s] INFO:colcon.colcon_core.shell:Creating package script '/home/rod/ros_ws/behaviorfleets/install/bf_msgs/share/bf_msgs/package.bash'
[17.223s] INFO:colcon.colcon_core.shell:Creating package script '/home/rod/ros_ws/behaviorfleets/install/bf_msgs/share/bf_msgs/package.zsh'
[17.224s] Level 1:colcon.colcon_core.environment:create_file_with_runtime_dependencies(/home/rod/ros_ws/behaviorfleets/install/bf_msgs/share/colcon-core/packages/bf_msgs)
[95.618s] DEBUG:colcon.colcon_core.event_handler.log_command:Invoked command in '/home/rod/ros_ws/behaviorfleets/build/behaviortree_cpp' returned '0': CMAKE_PREFIX_PATH=/opt/ros/humble /usr/bin/cmake --build /home/rod/ros_ws/behaviorfleets/build/behaviortree_cpp -- -j8 -l8
[95.730s] DEBUG:colcon.colcon_core.event_handler.log_command:Invoking command in '/home/rod/ros_ws/behaviorfleets/build/behaviortree_cpp': CMAKE_PREFIX_PATH=/opt/ros/humble /usr/bin/cmake --install /home/rod/ros_ws/behaviorfleets/build/behaviortree_cpp
[95.994s] Level 1:colcon.colcon_core.environment:create_environment_scripts_only(behaviortree_cpp)
[95.997s] Level 1:colcon.colcon_core.environment:checking '/home/rod/ros_ws/behaviorfleets/install/behaviortree_cpp' for CMake module files
[95.998s] DEBUG:colcon.colcon_core.event_handler.log_command:Invoked command in '/home/rod/ros_ws/behaviorfleets/build/behaviortree_cpp' returned '0': CMAKE_PREFIX_PATH=/opt/ros/humble /usr/bin/cmake --install /home/rod/ros_ws/behaviorfleets/build/behaviortree_cpp
[95.998s] Level 1:colcon.colcon_core.environment:checking '/home/rod/ros_ws/behaviorfleets/install/behaviortree_cpp' for CMake config files
[95.999s] Level 1:colcon.colcon_core.shell:create_environment_hook('behaviortree_cpp', 'cmake_prefix_path')
[96.001s] INFO:colcon.colcon_core.shell:Creating environment hook '/home/rod/ros_ws/behaviorfleets/install/behaviortree_cpp/share/behaviortree_cpp/hook/cmake_prefix_path.ps1'
[96.001s] INFO:colcon.colcon_core.shell:Creating environment descriptor '/home/rod/ros_ws/behaviorfleets/install/behaviortree_cpp/share/behaviortree_cpp/hook/cmake_prefix_path.dsv'
[96.002s] INFO:colcon.colcon_core.shell:Creating environment hook '/home/rod/ros_ws/behaviorfleets/install/behaviortree_cpp/share/behaviortree_cpp/hook/cmake_prefix_path.sh'
[96.002s] Level 1:colcon.colcon_core.environment:checking '/home/rod/ros_ws/behaviorfleets/install/behaviortree_cpp/lib'
[96.003s] Level 1:colcon.colcon_core.shell:create_environment_hook('behaviortree_cpp', 'ld_library_path_lib')
[96.004s] INFO:colcon.colcon_core.shell:Creating environment hook '/home/rod/ros_ws/behaviorfleets/install/behaviortree_cpp/share/behaviortree_cpp/hook/ld_library_path_lib.ps1'
[96.005s] INFO:colcon.colcon_core.shell:Creating environment descriptor '/home/rod/ros_ws/behaviorfleets/install/behaviortree_cpp/share/behaviortree_cpp/hook/ld_library_path_lib.dsv'
[96.005s] INFO:colcon.colcon_core.shell:Creating environment hook '/home/rod/ros_ws/behaviorfleets/install/behaviortree_cpp/share/behaviortree_cpp/hook/ld_library_path_lib.sh'
[96.005s] Level 1:colcon.colcon_core.environment:checking '/home/rod/ros_ws/behaviorfleets/install/behaviortree_cpp/bin'
[96.005s] Level 1:colcon.colcon_core.shell:create_environment_hook('behaviortree_cpp', 'path')
[96.007s] INFO:colcon.colcon_core.shell:Creating environment hook '/home/rod/ros_ws/behaviorfleets/install/behaviortree_cpp/share/behaviortree_cpp/hook/path.ps1'
[96.007s] INFO:colcon.colcon_core.shell:Creating environment descriptor '/home/rod/ros_ws/behaviorfleets/install/behaviortree_cpp/share/behaviortree_cpp/hook/path.dsv'
[96.008s] INFO:colcon.colcon_core.shell:Creating environment hook '/home/rod/ros_ws/behaviorfleets/install/behaviortree_cpp/share/behaviortree_cpp/hook/path.sh'
[96.008s] Level 1:colcon.colcon_core.environment:checking '/home/rod/ros_ws/behaviorfleets/install/behaviortree_cpp/lib/pkgconfig/behaviortree_cpp.pc'
[96.008s] Level 1:colcon.colcon_core.environment:checking '/home/rod/ros_ws/behaviorfleets/install/behaviortree_cpp/lib/python3.10/site-packages'
[96.008s] Level 1:colcon.colcon_core.environment:checking '/home/rod/ros_ws/behaviorfleets/install/behaviortree_cpp/bin'
[96.008s] Level 1:colcon.colcon_core.shell:create_environment_hook('behaviortree_cpp', 'pythonscriptspath')
[96.010s] INFO:colcon.colcon_core.shell:Creating environment hook '/home/rod/ros_ws/behaviorfleets/install/behaviortree_cpp/share/behaviortree_cpp/hook/pythonscriptspath.ps1'
[96.010s] INFO:colcon.colcon_core.shell:Creating environment descriptor '/home/rod/ros_ws/behaviorfleets/install/behaviortree_cpp/share/behaviortree_cpp/hook/pythonscriptspath.dsv'
[96.011s] INFO:colcon.colcon_core.shell:Creating environment hook '/home/rod/ros_ws/behaviorfleets/install/behaviortree_cpp/share/behaviortree_cpp/hook/pythonscriptspath.sh'
[96.012s] INFO:colcon.colcon_core.shell:Creating package script '/home/rod/ros_ws/behaviorfleets/install/behaviortree_cpp/share/behaviortree_cpp/package.ps1'
[96.013s] INFO:colcon.colcon_core.shell:Creating package descriptor '/home/rod/ros_ws/behaviorfleets/install/behaviortree_cpp/share/behaviortree_cpp/package.dsv'
[96.013s] INFO:colcon.colcon_core.shell:Creating package script '/home/rod/ros_ws/behaviorfleets/install/behaviortree_cpp/share/behaviortree_cpp/package.sh'
[96.014s] INFO:colcon.colcon_core.shell:Creating package script '/home/rod/ros_ws/behaviorfleets/install/behaviortree_cpp/share/behaviortree_cpp/package.bash'
[96.014s] INFO:colcon.colcon_core.shell:Creating package script '/home/rod/ros_ws/behaviorfleets/install/behaviortree_cpp/share/behaviortree_cpp/package.zsh'
[96.014s] Level 1:colcon.colcon_core.environment:create_file_with_runtime_dependencies(/home/rod/ros_ws/behaviorfleets/install/behaviortree_cpp/share/colcon-core/packages/behaviortree_cpp)
[96.106s] Level 1:colcon.colcon_core.environment:create_environment_scripts_only(behaviortree_cpp)
[96.108s] Level 1:colcon.colcon_core.environment:checking '/home/rod/ros_ws/behaviorfleets/install/behaviortree_cpp' for CMake module files
[96.109s] Level 1:colcon.colcon_core.environment:checking '/home/rod/ros_ws/behaviorfleets/install/behaviortree_cpp' for CMake config files
[96.109s] Level 1:colcon.colcon_core.shell:create_environment_hook('behaviortree_cpp', 'cmake_prefix_path')
[96.110s] INFO:colcon.colcon_core.shell:Creating environment hook '/home/rod/ros_ws/behaviorfleets/install/behaviortree_cpp/share/behaviortree_cpp/hook/cmake_prefix_path.ps1'
[96.111s] INFO:colcon.colcon_core.shell:Creating environment descriptor '/home/rod/ros_ws/behaviorfleets/install/behaviortree_cpp/share/behaviortree_cpp/hook/cmake_prefix_path.dsv'
[96.111s] INFO:colcon.colcon_core.shell:Creating environment hook '/home/rod/ros_ws/behaviorfleets/install/behaviortree_cpp/share/behaviortree_cpp/hook/cmake_prefix_path.sh'
[96.111s] Level 1:colcon.colcon_core.environment:checking '/home/rod/ros_ws/behaviorfleets/install/behaviortree_cpp/lib'
[96.111s] Level 1:colcon.colcon_core.shell:create_environment_hook('behaviortree_cpp', 'ld_library_path_lib')
[96.113s] INFO:colcon.colcon_core.shell:Creating environment hook '/home/rod/ros_ws/behaviorfleets/install/behaviortree_cpp/share/behaviortree_cpp/hook/ld_library_path_lib.ps1'
[96.113s] INFO:colcon.colcon_core.shell:Creating environment descriptor '/home/rod/ros_ws/behaviorfleets/install/behaviortree_cpp/share/behaviortree_cpp/hook/ld_library_path_lib.dsv'
[96.113s] INFO:colcon.colcon_core.shell:Creating environment hook '/home/rod/ros_ws/behaviorfleets/install/behaviortree_cpp/share/behaviortree_cpp/hook/ld_library_path_lib.sh'
[96.114s] Level 1:colcon.colcon_core.environment:checking '/home/rod/ros_ws/behaviorfleets/install/behaviortree_cpp/bin'
[96.114s] Level 1:colcon.colcon_core.shell:create_environment_hook('behaviortree_cpp', 'path')
[96.115s] INFO:colcon.colcon_core.shell:Creating environment hook '/home/rod/ros_ws/behaviorfleets/install/behaviortree_cpp/share/behaviortree_cpp/hook/path.ps1'
[96.115s] INFO:colcon.colcon_core.shell:Creating environment descriptor '/home/rod/ros_ws/behaviorfleets/install/behaviortree_cpp/share/behaviortree_cpp/hook/path.dsv'
[96.116s] INFO:colcon.colcon_core.shell:Creating environment hook '/home/rod/ros_ws/behaviorfleets/install/behaviortree_cpp/share/behaviortree_cpp/hook/path.sh'
[96.116s] Level 1:colcon.colcon_core.environment:checking '/home/rod/ros_ws/behaviorfleets/install/behaviortree_cpp/lib/pkgconfig/behaviortree_cpp.pc'
[96.116s] Level 1:colcon.colcon_core.environment:checking '/home/rod/ros_ws/behaviorfleets/install/behaviortree_cpp/lib/python3.10/site-packages'
[96.117s] Level 1:colcon.colcon_core.environment:checking '/home/rod/ros_ws/behaviorfleets/install/behaviortree_cpp/bin'
[96.117s] Level 1:colcon.colcon_core.shell:create_environment_hook('behaviortree_cpp', 'pythonscriptspath')
[96.118s] INFO:colcon.colcon_core.shell:Creating environment hook '/home/rod/ros_ws/behaviorfleets/install/behaviortree_cpp/share/behaviortree_cpp/hook/pythonscriptspath.ps1'
[96.119s] INFO:colcon.colcon_core.shell:Creating environment descriptor '/home/rod/ros_ws/behaviorfleets/install/behaviortree_cpp/share/behaviortree_cpp/hook/pythonscriptspath.dsv'
[96.119s] INFO:colcon.colcon_core.shell:Creating environment hook '/home/rod/ros_ws/behaviorfleets/install/behaviortree_cpp/share/behaviortree_cpp/hook/pythonscriptspath.sh'
[96.121s] INFO:colcon.colcon_core.shell:Creating package script '/home/rod/ros_ws/behaviorfleets/install/behaviortree_cpp/share/behaviortree_cpp/package.ps1'
[96.121s] INFO:colcon.colcon_core.shell:Creating package descriptor '/home/rod/ros_ws/behaviorfleets/install/behaviortree_cpp/share/behaviortree_cpp/package.dsv'
[96.122s] INFO:colcon.colcon_core.shell:Creating package script '/home/rod/ros_ws/behaviorfleets/install/behaviortree_cpp/share/behaviortree_cpp/package.sh'
[96.122s] INFO:colcon.colcon_core.shell:Creating package script '/home/rod/ros_ws/behaviorfleets/install/behaviortree_cpp/share/behaviortree_cpp/package.bash'
[96.123s] INFO:colcon.colcon_core.shell:Creating package script '/home/rod/ros_ws/behaviorfleets/install/behaviortree_cpp/share/behaviortree_cpp/package.zsh'
[96.123s] Level 1:colcon.colcon_core.environment:create_file_with_runtime_dependencies(/home/rod/ros_ws/behaviorfleets/install/behaviortree_cpp/share/colcon-core/packages/behaviortree_cpp)
[96.123s] INFO:colcon.colcon_ros.task.ament_cmake.build:Building ROS package in '/home/rod/ros_ws/behaviorfleets/src/bt4_bumpgo' with build type 'ament_cmake'
[96.123s] INFO:colcon.colcon_cmake.task.cmake.build:Building CMake package in '/home/rod/ros_ws/behaviorfleets/src/bt4_bumpgo'
[96.125s] INFO:colcon.colcon_core.shell:Skip shell extension 'powershell' for command environment: Not usable outside of PowerShell
[96.125s] DEBUG:colcon.colcon_core.shell:Skip shell extension 'dsv' for command environment
[96.138s] DEBUG:colcon.colcon_core.event_handler.log_command:Invoking command in '/home/rod/ros_ws/behaviorfleets/build/bt4_bumpgo': AMENT_PREFIX_PATH=/home/rod/ros_ws/behaviorfleets/install/bf_msgs:/home/rod/ros_ws/behaviorfleets/install/behaviortree_cpp:${AMENT_PREFIX_PATH} CMAKE_PREFIX_PATH=/home/rod/ros_ws/behaviorfleets/install/bf_msgs:/home/rod/ros_ws/behaviorfleets/install/behaviortree_cpp:/opt/ros/humble LD_LIBRARY_PATH=/home/rod/ros_ws/behaviorfleets/install/bf_msgs/lib:/home/rod/ros_ws/behaviorfleets/install/behaviortree_cpp/lib:/usr/lib/x86_64-linux-gnu/gazebo-11/plugins:/opt/ros/humble/opt/rviz_ogre_vendor/lib:/opt/ros/humble/lib/x86_64-linux-gnu:/opt/ros/humble/lib:/usr/share/gazebo/../../lib/x86_64-linux-gnu/gazebo-11/plugins PATH=/home/rod/ros_ws/behaviorfleets/install/behaviortree_cpp/bin:${PATH} PYTHONPATH=/home/rod/ros_ws/behaviorfleets/install/bf_msgs/local/lib/python3.10/dist-packages:${PYTHONPATH} /usr/bin/cmake /home/rod/ros_ws/behaviorfleets/src/bt4_bumpgo -DAMENT_CMAKE_SYMLINK_INSTALL=1 -DCMAKE_INSTALL_PREFIX=/home/rod/ros_ws/behaviorfleets/install/bt4_bumpgo
[98.469s] DEBUG:colcon.colcon_core.event_handler.log_command:Invoked command in '/home/rod/ros_ws/behaviorfleets/build/bt4_bumpgo' returned '0': AMENT_PREFIX_PATH=/home/rod/ros_ws/behaviorfleets/install/bf_msgs:/home/rod/ros_ws/behaviorfleets/install/behaviortree_cpp:${AMENT_PREFIX_PATH} CMAKE_PREFIX_PATH=/home/rod/ros_ws/behaviorfleets/install/bf_msgs:/home/rod/ros_ws/behaviorfleets/install/behaviortree_cpp:/opt/ros/humble LD_LIBRARY_PATH=/home/rod/ros_ws/behaviorfleets/install/bf_msgs/lib:/home/rod/ros_ws/behaviorfleets/install/behaviortree_cpp/lib:/usr/lib/x86_64-linux-gnu/gazebo-11/plugins:/opt/ros/humble/opt/rviz_ogre_vendor/lib:/opt/ros/humble/lib/x86_64-linux-gnu:/opt/ros/humble/lib:/usr/share/gazebo/../../lib/x86_64-linux-gnu/gazebo-11/plugins PATH=/home/rod/ros_ws/behaviorfleets/install/behaviortree_cpp/bin:${PATH} PYTHONPATH=/home/rod/ros_ws/behaviorfleets/install/bf_msgs/local/lib/python3.10/dist-packages:${PYTHONPATH} /usr/bin/cmake /home/rod/ros_ws/behaviorfleets/src/bt4_bumpgo -DAMENT_CMAKE_SYMLINK_INSTALL=1 -DCMAKE_INSTALL_PREFIX=/home/rod/ros_ws/behaviorfleets/install/bt4_bumpgo
[98.470s] DEBUG:colcon.colcon_core.event_handler.log_command:Invoking command in '/home/rod/ros_ws/behaviorfleets/build/bt4_bumpgo': AMENT_PREFIX_PATH=/home/rod/ros_ws/behaviorfleets/install/bf_msgs:/home/rod/ros_ws/behaviorfleets/install/behaviortree_cpp:${AMENT_PREFIX_PATH} CMAKE_PREFIX_PATH=/home/rod/ros_ws/behaviorfleets/install/bf_msgs:/home/rod/ros_ws/behaviorfleets/install/behaviortree_cpp:/opt/ros/humble LD_LIBRARY_PATH=/home/rod/ros_ws/behaviorfleets/install/bf_msgs/lib:/home/rod/ros_ws/behaviorfleets/install/behaviortree_cpp/lib:/usr/lib/x86_64-linux-gnu/gazebo-11/plugins:/opt/ros/humble/opt/rviz_ogre_vendor/lib:/opt/ros/humble/lib/x86_64-linux-gnu:/opt/ros/humble/lib:/usr/share/gazebo/../../lib/x86_64-linux-gnu/gazebo-11/plugins PATH=/home/rod/ros_ws/behaviorfleets/install/behaviortree_cpp/bin:${PATH} PYTHONPATH=/home/rod/ros_ws/behaviorfleets/install/bf_msgs/local/lib/python3.10/dist-packages:${PYTHONPATH} /usr/bin/cmake --build /home/rod/ros_ws/behaviorfleets/build/bt4_bumpgo -- -j8 -l8
[114.179s] DEBUG:colcon.colcon_core.event_handler.log_command:Invoked command in '/home/rod/ros_ws/behaviorfleets/build/bt4_bumpgo' returned '2': AMENT_PREFIX_PATH=/home/rod/ros_ws/behaviorfleets/install/bf_msgs:/home/rod/ros_ws/behaviorfleets/install/behaviortree_cpp:${AMENT_PREFIX_PATH} CMAKE_PREFIX_PATH=/home/rod/ros_ws/behaviorfleets/install/bf_msgs:/home/rod/ros_ws/behaviorfleets/install/behaviortree_cpp:/opt/ros/humble LD_LIBRARY_PATH=/home/rod/ros_ws/behaviorfleets/install/bf_msgs/lib:/home/rod/ros_ws/behaviorfleets/install/behaviortree_cpp/lib:/usr/lib/x86_64-linux-gnu/gazebo-11/plugins:/opt/ros/humble/opt/rviz_ogre_vendor/lib:/opt/ros/humble/lib/x86_64-linux-gnu:/opt/ros/humble/lib:/usr/share/gazebo/../../lib/x86_64-linux-gnu/gazebo-11/plugins PATH=/home/rod/ros_ws/behaviorfleets/install/behaviortree_cpp/bin:${PATH} PYTHONPATH=/home/rod/ros_ws/behaviorfleets/install/bf_msgs/local/lib/python3.10/dist-packages:${PYTHONPATH} /usr/bin/cmake --build /home/rod/ros_ws/behaviorfleets/build/bt4_bumpgo -- -j8 -l8
[114.213s] Level 1:colcon.colcon_core.environment:create_environment_scripts_only(bt4_bumpgo)
[114.215s] Level 1:colcon.colcon_core.environment:checking '/home/rod/ros_ws/behaviorfleets/install/bt4_bumpgo' for CMake module files
[114.215s] Level 1:colcon.colcon_core.environment:checking '/home/rod/ros_ws/behaviorfleets/install/bt4_bumpgo' for CMake config files
[114.215s] Level 1:colcon.colcon_core.environment:checking '/home/rod/ros_ws/behaviorfleets/install/bt4_bumpgo/bin'
[114.215s] Level 1:colcon.colcon_core.environment:checking '/home/rod/ros_ws/behaviorfleets/install/bt4_bumpgo/lib/pkgconfig/bt4_bumpgo.pc'
[114.216s] Level 1:colcon.colcon_core.environment:checking '/home/rod/ros_ws/behaviorfleets/install/bt4_bumpgo/lib/python3.10/site-packages'
[114.216s] Level 1:colcon.colcon_core.environment:checking '/home/rod/ros_ws/behaviorfleets/install/bt4_bumpgo/bin'
[114.217s] INFO:colcon.colcon_core.shell:Creating package script '/home/rod/ros_ws/behaviorfleets/install/bt4_bumpgo/share/bt4_bumpgo/package.ps1'
[114.218s] INFO:colcon.colcon_core.shell:Creating package descriptor '/home/rod/ros_ws/behaviorfleets/install/bt4_bumpgo/share/bt4_bumpgo/package.dsv'
[114.218s] INFO:colcon.colcon_core.shell:Creating package script '/home/rod/ros_ws/behaviorfleets/install/bt4_bumpgo/share/bt4_bumpgo/package.sh'
[114.218s] INFO:colcon.colcon_core.shell:Creating package script '/home/rod/ros_ws/behaviorfleets/install/bt4_bumpgo/share/bt4_bumpgo/package.bash'
[114.218s] INFO:colcon.colcon_core.shell:Creating package script '/home/rod/ros_ws/behaviorfleets/install/bt4_bumpgo/share/bt4_bumpgo/package.zsh'
[114.219s] Level 1:colcon.colcon_core.environment:create_file_with_runtime_dependencies(/home/rod/ros_ws/behaviorfleets/install/bt4_bumpgo/share/colcon-core/packages/bt4_bumpgo)
[114.229s] DEBUG:colcon.colcon_parallel_executor.executor.parallel:closing loop
[114.229s] DEBUG:colcon.colcon_parallel_executor.executor.parallel:loop closed
[114.230s] DEBUG:colcon.colcon_parallel_executor.executor.parallel:run_until_complete finished with '2'
[114.230s] DEBUG:colcon.colcon_core.event_reactor:joining thread
[114.236s] INFO:colcon.colcon_core.plugin_system:Skipping extension 'colcon_notification.desktop_notification.terminal_notifier': Not used on non-Darwin systems
[114.236s] INFO:colcon.colcon_core.plugin_system:Skipping extension 'colcon_notification.desktop_notification.win32': Not used on non-Windows systems
[114.236s] INFO:colcon.colcon_notification.desktop_notification:Sending desktop notification using 'notify2'
[114.247s] DEBUG:colcon.colcon_core.event_reactor:joined thread
[114.249s] INFO:colcon.colcon_core.shell:Creating prefix script '/home/rod/ros_ws/behaviorfleets/install/local_setup.ps1'
[114.250s] INFO:colcon.colcon_core.shell:Creating prefix util module '/home/rod/ros_ws/behaviorfleets/install/_local_setup_util_ps1.py'
[114.251s] INFO:colcon.colcon_core.shell:Creating prefix chain script '/home/rod/ros_ws/behaviorfleets/install/setup.ps1'
[114.252s] INFO:colcon.colcon_core.shell:Creating prefix script '/home/rod/ros_ws/behaviorfleets/install/local_setup.sh'
[114.253s] INFO:colcon.colcon_core.shell:Creating prefix util module '/home/rod/ros_ws/behaviorfleets/install/_local_setup_util_sh.py'
[114.254s] INFO:colcon.colcon_core.shell:Creating prefix chain script '/home/rod/ros_ws/behaviorfleets/install/setup.sh'
[114.256s] INFO:colcon.colcon_core.shell:Creating prefix script '/home/rod/ros_ws/behaviorfleets/install/local_setup.bash'
[114.257s] INFO:colcon.colcon_core.shell:Creating prefix chain script '/home/rod/ros_ws/behaviorfleets/install/setup.bash'
[114.258s] INFO:colcon.colcon_core.shell:Creating prefix script '/home/rod/ros_ws/behaviorfleets/install/local_setup.zsh'
[114.259s] INFO:colcon.colcon_core.shell:Creating prefix chain script '/home/rod/ros_ws/behaviorfleets/install/setup.zsh'
