[0.385s] DEBUG:colcon:Command line arguments: ['/usr/bin/colcon', 'build', '--symlink-install', '--packages-select', 'behaviorfleets']
[0.385s] DEBUG:colcon:Parsed command line arguments: Namespace(log_base=None, log_level=None, verb_name='build', build_base='build', install_base='install', merge_install=False, symlink_install=True, test_result_base=None, continue_on_error=False, executor='parallel', parallel_workers=8, event_handlers=None, ignore_user_meta=False, metas=['./colcon.meta'], base_paths=['.'], packages_ignore=None, packages_ignore_regex=None, paths=None, packages_up_to=None, packages_up_to_regex=None, packages_above=None, packages_above_and_dependencies=None, packages_above_depth=None, packages_select_by_dep=None, packages_skip_by_dep=None, packages_skip_up_to=None, packages_select_build_failed=False, packages_skip_build_finished=False, packages_select_test_failures=False, packages_skip_test_passed=False, packages_select=['behaviorfleets'], packages_skip=None, packages_select_regex=None, packages_skip_regex=None, packages_start=None, packages_end=None, allow_overriding=[], cmake_args=None, cmake_target=None, cmake_target_skip_unavailable=False, cmake_clean_cache=False, cmake_clean_first=False, cmake_force_configure=False, ament_cmake_args=None, catkin_cmake_args=None, catkin_skip_building_tests=False, verb_parser=<colcon_defaults.argument_parser.defaults.DefaultArgumentsDecorator object at 0x7f65c8c906a0>, verb_extension=<colcon_core.verb.build.BuildVerb object at 0x7f65c94eb8b0>, main=<bound method BuildVerb.main of <colcon_core.verb.build.BuildVerb object at 0x7f65c94eb8b0>>)
[0.433s] Level 1:colcon.colcon_core.package_discovery:discover_packages(colcon_meta) check parameters
[0.433s] Level 1:colcon.colcon_core.package_discovery:discover_packages(recursive) check parameters
[0.433s] Level 1:colcon.colcon_core.package_discovery:discover_packages(ignore) check parameters
[0.433s] Level 1:colcon.colcon_core.package_discovery:discover_packages(path) check parameters
[0.433s] Level 1:colcon.colcon_core.package_discovery:discover_packages(colcon_meta) discover
[0.433s] Level 1:colcon.colcon_core.package_discovery:discover_packages(recursive) discover
[0.433s] INFO:colcon.colcon_core.package_discovery:Crawling recursively for packages in '/home/rod/ros_ws/behaviorfleets'
[0.433s] Level 1:colcon.colcon_core.package_identification:_identify(.) by extensions ['ignore', 'ignore_ament_install']
[0.433s] Level 1:colcon.colcon_core.package_identification:_identify(.) by extension 'ignore'
[0.433s] Level 1:colcon.colcon_core.package_identification:_identify(.) by extension 'ignore_ament_install'
[0.434s] Level 1:colcon.colcon_core.package_identification:_identify(.) by extensions ['colcon_pkg']
[0.434s] Level 1:colcon.colcon_core.package_identification:_identify(.) by extension 'colcon_pkg'
[0.434s] Level 1:colcon.colcon_core.package_identification:_identify(.) by extensions ['colcon_meta']
[0.434s] Level 1:colcon.colcon_core.package_identification:_identify(.) by extension 'colcon_meta'
[0.434s] Level 1:colcon.colcon_core.package_identification:_identify(.) by extensions ['ros']
[0.434s] Level 1:colcon.colcon_core.package_identification:_identify(.) by extension 'ros'
[0.448s] Level 1:colcon.colcon_core.package_identification:_identify(.) by extensions ['cmake', 'python']
[0.448s] Level 1:colcon.colcon_core.package_identification:_identify(.) by extension 'cmake'
[0.448s] Level 1:colcon.colcon_core.package_identification:_identify(.) by extension 'python'
[0.448s] Level 1:colcon.colcon_core.package_identification:_identify(.) by extensions ['python_setup_py']
[0.448s] Level 1:colcon.colcon_core.package_identification:_identify(.) by extension 'python_setup_py'
[0.448s] Level 1:colcon.colcon_core.package_identification:_identify(build) by extensions ['ignore', 'ignore_ament_install']
[0.448s] Level 1:colcon.colcon_core.package_identification:_identify(build) by extension 'ignore'
[0.448s] Level 1:colcon.colcon_core.package_identification:_identify(build) ignored
[0.448s] Level 1:colcon.colcon_core.package_identification:_identify(install) by extensions ['ignore', 'ignore_ament_install']
[0.448s] Level 1:colcon.colcon_core.package_identification:_identify(install) by extension 'ignore'
[0.448s] Level 1:colcon.colcon_core.package_identification:_identify(install) ignored
[0.448s] Level 1:colcon.colcon_core.package_identification:_identify(log) by extensions ['ignore', 'ignore_ament_install']
[0.449s] Level 1:colcon.colcon_core.package_identification:_identify(log) by extension 'ignore'
[0.449s] Level 1:colcon.colcon_core.package_identification:_identify(log) ignored
[0.449s] Level 1:colcon.colcon_core.package_identification:_identify(src) by extensions ['ignore', 'ignore_ament_install']
[0.449s] Level 1:colcon.colcon_core.package_identification:_identify(src) by extension 'ignore'
[0.449s] Level 1:colcon.colcon_core.package_identification:_identify(src) by extension 'ignore_ament_install'
[0.449s] Level 1:colcon.colcon_core.package_identification:_identify(src) by extensions ['colcon_pkg']
[0.449s] Level 1:colcon.colcon_core.package_identification:_identify(src) by extension 'colcon_pkg'
[0.449s] Level 1:colcon.colcon_core.package_identification:_identify(src) by extensions ['colcon_meta']
[0.449s] Level 1:colcon.colcon_core.package_identification:_identify(src) by extension 'colcon_meta'
[0.449s] Level 1:colcon.colcon_core.package_identification:_identify(src) by extensions ['ros']
[0.449s] Level 1:colcon.colcon_core.package_identification:_identify(src) by extension 'ros'
[0.449s] Level 1:colcon.colcon_core.package_identification:_identify(src) by extensions ['cmake', 'python']
[0.449s] Level 1:colcon.colcon_core.package_identification:_identify(src) by extension 'cmake'
[0.449s] Level 1:colcon.colcon_core.package_identification:_identify(src) by extension 'python'
[0.449s] Level 1:colcon.colcon_core.package_identification:_identify(src) by extensions ['python_setup_py']
[0.449s] Level 1:colcon.colcon_core.package_identification:_identify(src) by extension 'python_setup_py'
[0.449s] Level 1:colcon.colcon_core.package_identification:_identify(src/behaviorfleets) by extensions ['ignore', 'ignore_ament_install']
[0.450s] Level 1:colcon.colcon_core.package_identification:_identify(src/behaviorfleets) by extension 'ignore'
[0.450s] Level 1:colcon.colcon_core.package_identification:_identify(src/behaviorfleets) by extension 'ignore_ament_install'
[0.450s] Level 1:colcon.colcon_core.package_identification:_identify(src/behaviorfleets) by extensions ['colcon_pkg']
[0.450s] Level 1:colcon.colcon_core.package_identification:_identify(src/behaviorfleets) by extension 'colcon_pkg'
[0.450s] Level 1:colcon.colcon_core.package_identification:_identify(src/behaviorfleets) by extensions ['colcon_meta']
[0.450s] Level 1:colcon.colcon_core.package_identification:_identify(src/behaviorfleets) by extension 'colcon_meta'
[0.450s] Level 1:colcon.colcon_core.package_identification:_identify(src/behaviorfleets) by extensions ['ros']
[0.450s] Level 1:colcon.colcon_core.package_identification:_identify(src/behaviorfleets) by extension 'ros'
[0.452s] DEBUG:colcon.colcon_core.package_identification:Package 'src/behaviorfleets' with type 'ros.ament_cmake' and name 'behaviorfleets'
[0.452s] Level 1:colcon.colcon_core.package_identification:_identify(src/bf_example) by extensions ['ignore', 'ignore_ament_install']
[0.453s] Level 1:colcon.colcon_core.package_identification:_identify(src/bf_example) by extension 'ignore'
[0.453s] Level 1:colcon.colcon_core.package_identification:_identify(src/bf_example) by extension 'ignore_ament_install'
[0.453s] Level 1:colcon.colcon_core.package_identification:_identify(src/bf_example) by extensions ['colcon_pkg']
[0.453s] Level 1:colcon.colcon_core.package_identification:_identify(src/bf_example) by extension 'colcon_pkg'
[0.453s] Level 1:colcon.colcon_core.package_identification:_identify(src/bf_example) by extensions ['colcon_meta']
[0.453s] Level 1:colcon.colcon_core.package_identification:_identify(src/bf_example) by extension 'colcon_meta'
[0.453s] Level 1:colcon.colcon_core.package_identification:_identify(src/bf_example) by extensions ['ros']
[0.453s] Level 1:colcon.colcon_core.package_identification:_identify(src/bf_example) by extension 'ros'
[0.454s] DEBUG:colcon.colcon_core.package_identification:Package 'src/bf_example' with type 'ros.ament_cmake' and name 'bf_example'
[0.454s] Level 1:colcon.colcon_core.package_identification:_identify(src/bf_msgs) by extensions ['ignore', 'ignore_ament_install']
[0.454s] Level 1:colcon.colcon_core.package_identification:_identify(src/bf_msgs) by extension 'ignore'
[0.454s] Level 1:colcon.colcon_core.package_identification:_identify(src/bf_msgs) by extension 'ignore_ament_install'
[0.454s] Level 1:colcon.colcon_core.package_identification:_identify(src/bf_msgs) by extensions ['colcon_pkg']
[0.454s] Level 1:colcon.colcon_core.package_identification:_identify(src/bf_msgs) by extension 'colcon_pkg'
[0.454s] Level 1:colcon.colcon_core.package_identification:_identify(src/bf_msgs) by extensions ['colcon_meta']
[0.454s] Level 1:colcon.colcon_core.package_identification:_identify(src/bf_msgs) by extension 'colcon_meta'
[0.454s] Level 1:colcon.colcon_core.package_identification:_identify(src/bf_msgs) by extensions ['ros']
[0.454s] Level 1:colcon.colcon_core.package_identification:_identify(src/bf_msgs) by extension 'ros'
[0.455s] DEBUG:colcon.colcon_core.package_identification:Package 'src/bf_msgs' with type 'ros.ament_cmake' and name 'bf_msgs'
[0.455s] Level 1:colcon.colcon_core.package_identification:_identify(src/thirdparty) by extensions ['ignore', 'ignore_ament_install']
[0.455s] Level 1:colcon.colcon_core.package_identification:_identify(src/thirdparty) by extension 'ignore'
[0.455s] Level 1:colcon.colcon_core.package_identification:_identify(src/thirdparty) by extension 'ignore_ament_install'
[0.455s] Level 1:colcon.colcon_core.package_identification:_identify(src/thirdparty) by extensions ['colcon_pkg']
[0.455s] Level 1:colcon.colcon_core.package_identification:_identify(src/thirdparty) by extension 'colcon_pkg'
[0.455s] Level 1:colcon.colcon_core.package_identification:_identify(src/thirdparty) by extensions ['colcon_meta']
[0.455s] Level 1:colcon.colcon_core.package_identification:_identify(src/thirdparty) by extension 'colcon_meta'
[0.455s] Level 1:colcon.colcon_core.package_identification:_identify(src/thirdparty) by extensions ['ros']
[0.455s] Level 1:colcon.colcon_core.package_identification:_identify(src/thirdparty) by extension 'ros'
[0.455s] Level 1:colcon.colcon_core.package_identification:_identify(src/thirdparty) by extensions ['cmake', 'python']
[0.455s] Level 1:colcon.colcon_core.package_identification:_identify(src/thirdparty) by extension 'cmake'
[0.455s] Level 1:colcon.colcon_core.package_identification:_identify(src/thirdparty) by extension 'python'
[0.456s] Level 1:colcon.colcon_core.package_identification:_identify(src/thirdparty) by extensions ['python_setup_py']
[0.456s] Level 1:colcon.colcon_core.package_identification:_identify(src/thirdparty) by extension 'python_setup_py'
[0.456s] Level 1:colcon.colcon_core.package_identification:_identify(src/thirdparty/behaviortree_cpp) by extensions ['ignore', 'ignore_ament_install']
[0.456s] Level 1:colcon.colcon_core.package_identification:_identify(src/thirdparty/behaviortree_cpp) by extension 'ignore'
[0.456s] Level 1:colcon.colcon_core.package_identification:_identify(src/thirdparty/behaviortree_cpp) by extension 'ignore_ament_install'
[0.456s] Level 1:colcon.colcon_core.package_identification:_identify(src/thirdparty/behaviortree_cpp) by extensions ['colcon_pkg']
[0.456s] Level 1:colcon.colcon_core.package_identification:_identify(src/thirdparty/behaviortree_cpp) by extension 'colcon_pkg'
[0.456s] Level 1:colcon.colcon_core.package_identification:_identify(src/thirdparty/behaviortree_cpp) by extensions ['colcon_meta']
[0.456s] Level 1:colcon.colcon_core.package_identification:_identify(src/thirdparty/behaviortree_cpp) by extension 'colcon_meta'
[0.456s] Level 1:colcon.colcon_core.package_identification:_identify(src/thirdparty/behaviortree_cpp) by extensions ['ros']
[0.456s] Level 1:colcon.colcon_core.package_identification:_identify(src/thirdparty/behaviortree_cpp) by extension 'ros'
[0.461s] DEBUG:colcon.colcon_core.package_identification:Package 'src/thirdparty/behaviortree_cpp' with type 'ros.ament_cmake' and name 'behaviortree_cpp'
[0.461s] Level 1:colcon.colcon_core.package_discovery:discover_packages(recursive) using defaults
[0.461s] Level 1:colcon.colcon_core.package_discovery:discover_packages(ignore) discover
[0.461s] Level 1:colcon.colcon_core.package_discovery:discover_packages(ignore) using defaults
[0.461s] Level 1:colcon.colcon_core.package_discovery:discover_packages(path) discover
[0.461s] Level 1:colcon.colcon_core.package_discovery:discover_packages(path) using defaults
[0.483s] INFO:colcon.colcon_core.package_selection:Skipping not selected package 'behaviortree_cpp' in 'src/thirdparty/behaviortree_cpp'
[0.483s] INFO:colcon.colcon_core.package_selection:Skipping not selected package 'bf_msgs' in 'src/bf_msgs'
[0.483s] INFO:colcon.colcon_core.package_selection:Skipping not selected package 'bf_example' in 'src/bf_example'
[0.484s] Level 1:colcon.colcon_core.package_discovery:discover_packages(prefix_path) check parameters
[0.484s] Level 1:colcon.colcon_core.package_discovery:discover_packages(prefix_path) discover
[0.488s] DEBUG:colcon.colcon_installed_package_information.package_discovery:Found 438 installed packages in /opt/ros/humble
[0.490s] Level 1:colcon.colcon_core.package_discovery:discover_packages(prefix_path) using defaults
[0.566s] Level 5:colcon.colcon_core.verb:set package 'behaviorfleets' build argument 'cmake_args' from command line to 'None'
[0.566s] Level 5:colcon.colcon_core.verb:set package 'behaviorfleets' build argument 'cmake_target' from command line to 'None'
[0.566s] Level 5:colcon.colcon_core.verb:set package 'behaviorfleets' build argument 'cmake_target_skip_unavailable' from command line to 'False'
[0.566s] Level 5:colcon.colcon_core.verb:set package 'behaviorfleets' build argument 'cmake_clean_cache' from command line to 'False'
[0.567s] Level 5:colcon.colcon_core.verb:set package 'behaviorfleets' build argument 'cmake_clean_first' from command line to 'False'
[0.567s] Level 5:colcon.colcon_core.verb:set package 'behaviorfleets' build argument 'cmake_force_configure' from command line to 'False'
[0.567s] Level 5:colcon.colcon_core.verb:set package 'behaviorfleets' build argument 'ament_cmake_args' from command line to 'None'
[0.567s] Level 5:colcon.colcon_core.verb:set package 'behaviorfleets' build argument 'catkin_cmake_args' from command line to 'None'
[0.567s] Level 5:colcon.colcon_core.verb:set package 'behaviorfleets' build argument 'catkin_skip_building_tests' from command line to 'False'
[0.567s] DEBUG:colcon.colcon_core.verb:Building package 'behaviorfleets' with the following arguments: {'ament_cmake_args': None, 'build_base': '/home/rod/ros_ws/behaviorfleets/build/behaviorfleets', 'catkin_cmake_args': None, 'catkin_skip_building_tests': False, 'cmake_args': None, 'cmake_clean_cache': False, 'cmake_clean_first': False, 'cmake_force_configure': False, 'cmake_target': None, 'cmake_target_skip_unavailable': False, 'install_base': '/home/rod/ros_ws/behaviorfleets/install/behaviorfleets', 'merge_install': False, 'path': '/home/rod/ros_ws/behaviorfleets/src/behaviorfleets', 'symlink_install': True, 'test_result_base': None}
[0.567s] INFO:colcon.colcon_core.executor:Executing jobs using 'parallel' executor
[0.570s] DEBUG:colcon.colcon_parallel_executor.executor.parallel:run_until_complete
[0.570s] INFO:colcon.colcon_ros.task.ament_cmake.build:Building ROS package in '/home/rod/ros_ws/behaviorfleets/src/behaviorfleets' with build type 'ament_cmake'
[0.571s] INFO:colcon.colcon_cmake.task.cmake.build:Building CMake package in '/home/rod/ros_ws/behaviorfleets/src/behaviorfleets'
[0.575s] INFO:colcon.colcon_core.plugin_system:Skipping extension 'colcon_core.shell.bat': Not used on non-Windows systems
[0.575s] INFO:colcon.colcon_core.shell:Skip shell extension 'powershell' for command environment: Not usable outside of PowerShell
[0.575s] DEBUG:colcon.colcon_core.shell:Skip shell extension 'dsv' for command environment
[0.588s] DEBUG:colcon.colcon_core.event_handler.log_command:Invoking command in '/home/rod/ros_ws/behaviorfleets/build/behaviorfleets': AMENT_PREFIX_PATH=/home/rod/ros_ws/behaviorfleets/install/bf_msgs:/home/rod/ros_ws/behaviorfleets/install/behaviortree_cpp:${AMENT_PREFIX_PATH} CMAKE_PREFIX_PATH=/home/rod/ros_ws/behaviorfleets/install/bf_msgs:/home/rod/ros_ws/behaviorfleets/install/behaviortree_cpp:/opt/ros/humble LD_LIBRARY_PATH=/home/rod/ros_ws/behaviorfleets/install/bf_msgs/lib:/home/rod/ros_ws/behaviorfleets/install/behaviortree_cpp/lib:/usr/lib/x86_64-linux-gnu/gazebo-11/plugins:/opt/ros/humble/opt/rviz_ogre_vendor/lib:/opt/ros/humble/lib/x86_64-linux-gnu:/opt/ros/humble/lib:/usr/share/gazebo/../../lib/x86_64-linux-gnu/gazebo-11/plugins PATH=/home/rod/ros_ws/behaviorfleets/install/behaviortree_cpp/bin:${PATH} PYTHONPATH=/home/rod/ros_ws/behaviorfleets/install/bf_msgs/local/lib/python3.10/dist-packages:${PYTHONPATH} /usr/bin/cmake --build /home/rod/ros_ws/behaviorfleets/build/behaviorfleets -- -j8 -l8
[11.433s] DEBUG:colcon.colcon_core.event_handler.log_command:Invoked command in '/home/rod/ros_ws/behaviorfleets/build/behaviorfleets' returned '0': AMENT_PREFIX_PATH=/home/rod/ros_ws/behaviorfleets/install/bf_msgs:/home/rod/ros_ws/behaviorfleets/install/behaviortree_cpp:${AMENT_PREFIX_PATH} CMAKE_PREFIX_PATH=/home/rod/ros_ws/behaviorfleets/install/bf_msgs:/home/rod/ros_ws/behaviorfleets/install/behaviortree_cpp:/opt/ros/humble LD_LIBRARY_PATH=/home/rod/ros_ws/behaviorfleets/install/bf_msgs/lib:/home/rod/ros_ws/behaviorfleets/install/behaviortree_cpp/lib:/usr/lib/x86_64-linux-gnu/gazebo-11/plugins:/opt/ros/humble/opt/rviz_ogre_vendor/lib:/opt/ros/humble/lib/x86_64-linux-gnu:/opt/ros/humble/lib:/usr/share/gazebo/../../lib/x86_64-linux-gnu/gazebo-11/plugins PATH=/home/rod/ros_ws/behaviorfleets/install/behaviortree_cpp/bin:${PATH} PYTHONPATH=/home/rod/ros_ws/behaviorfleets/install/bf_msgs/local/lib/python3.10/dist-packages:${PYTHONPATH} /usr/bin/cmake --build /home/rod/ros_ws/behaviorfleets/build/behaviorfleets -- -j8 -l8
[11.462s] DEBUG:colcon.colcon_core.event_handler.log_command:Invoking command in '/home/rod/ros_ws/behaviorfleets/build/behaviorfleets': AMENT_PREFIX_PATH=/home/rod/ros_ws/behaviorfleets/install/bf_msgs:/home/rod/ros_ws/behaviorfleets/install/behaviortree_cpp:${AMENT_PREFIX_PATH} CMAKE_PREFIX_PATH=/home/rod/ros_ws/behaviorfleets/install/bf_msgs:/home/rod/ros_ws/behaviorfleets/install/behaviortree_cpp:/opt/ros/humble LD_LIBRARY_PATH=/home/rod/ros_ws/behaviorfleets/install/bf_msgs/lib:/home/rod/ros_ws/behaviorfleets/install/behaviortree_cpp/lib:/usr/lib/x86_64-linux-gnu/gazebo-11/plugins:/opt/ros/humble/opt/rviz_ogre_vendor/lib:/opt/ros/humble/lib/x86_64-linux-gnu:/opt/ros/humble/lib:/usr/share/gazebo/../../lib/x86_64-linux-gnu/gazebo-11/plugins PATH=/home/rod/ros_ws/behaviorfleets/install/behaviortree_cpp/bin:${PATH} PYTHONPATH=/home/rod/ros_ws/behaviorfleets/install/bf_msgs/local/lib/python3.10/dist-packages:${PYTHONPATH} /usr/bin/cmake --install /home/rod/ros_ws/behaviorfleets/build/behaviorfleets
[11.479s] Level 1:colcon.colcon_core.environment:create_environment_scripts_only(behaviorfleets)
[11.480s] DEBUG:colcon.colcon_core.event_handler.log_command:Invoked command in '/home/rod/ros_ws/behaviorfleets/build/behaviorfleets' returned '0': AMENT_PREFIX_PATH=/home/rod/ros_ws/behaviorfleets/install/bf_msgs:/home/rod/ros_ws/behaviorfleets/install/behaviortree_cpp:${AMENT_PREFIX_PATH} CMAKE_PREFIX_PATH=/home/rod/ros_ws/behaviorfleets/install/bf_msgs:/home/rod/ros_ws/behaviorfleets/install/behaviortree_cpp:/opt/ros/humble LD_LIBRARY_PATH=/home/rod/ros_ws/behaviorfleets/install/bf_msgs/lib:/home/rod/ros_ws/behaviorfleets/install/behaviortree_cpp/lib:/usr/lib/x86_64-linux-gnu/gazebo-11/plugins:/opt/ros/humble/opt/rviz_ogre_vendor/lib:/opt/ros/humble/lib/x86_64-linux-gnu:/opt/ros/humble/lib:/usr/share/gazebo/../../lib/x86_64-linux-gnu/gazebo-11/plugins PATH=/home/rod/ros_ws/behaviorfleets/install/behaviortree_cpp/bin:${PATH} PYTHONPATH=/home/rod/ros_ws/behaviorfleets/install/bf_msgs/local/lib/python3.10/dist-packages:${PYTHONPATH} /usr/bin/cmake --install /home/rod/ros_ws/behaviorfleets/build/behaviorfleets
[11.485s] Level 1:colcon.colcon_core.environment:checking '/home/rod/ros_ws/behaviorfleets/install/behaviorfleets' for CMake module files
[11.485s] Level 1:colcon.colcon_core.environment:checking '/home/rod/ros_ws/behaviorfleets/install/behaviorfleets' for CMake config files
[11.485s] Level 1:colcon.colcon_core.shell:create_environment_hook('behaviorfleets', 'cmake_prefix_path')
[11.487s] INFO:colcon.colcon_core.shell:Creating environment hook '/home/rod/ros_ws/behaviorfleets/install/behaviorfleets/share/behaviorfleets/hook/cmake_prefix_path.ps1'
[11.487s] INFO:colcon.colcon_core.shell:Creating environment descriptor '/home/rod/ros_ws/behaviorfleets/install/behaviorfleets/share/behaviorfleets/hook/cmake_prefix_path.dsv'
[11.488s] INFO:colcon.colcon_core.shell:Creating environment hook '/home/rod/ros_ws/behaviorfleets/install/behaviorfleets/share/behaviorfleets/hook/cmake_prefix_path.sh'
[11.488s] Level 1:colcon.colcon_core.environment:checking '/home/rod/ros_ws/behaviorfleets/install/behaviorfleets/lib'
[11.489s] Level 1:colcon.colcon_core.shell:create_environment_hook('behaviorfleets', 'ld_library_path_lib')
[11.490s] INFO:colcon.colcon_core.shell:Creating environment hook '/home/rod/ros_ws/behaviorfleets/install/behaviorfleets/share/behaviorfleets/hook/ld_library_path_lib.ps1'
[11.490s] INFO:colcon.colcon_core.shell:Creating environment descriptor '/home/rod/ros_ws/behaviorfleets/install/behaviorfleets/share/behaviorfleets/hook/ld_library_path_lib.dsv'
[11.490s] INFO:colcon.colcon_core.shell:Creating environment hook '/home/rod/ros_ws/behaviorfleets/install/behaviorfleets/share/behaviorfleets/hook/ld_library_path_lib.sh'
[11.491s] Level 1:colcon.colcon_core.environment:checking '/home/rod/ros_ws/behaviorfleets/install/behaviorfleets/bin'
[11.491s] Level 1:colcon.colcon_core.environment:checking '/home/rod/ros_ws/behaviorfleets/install/behaviorfleets/lib/pkgconfig/behaviorfleets.pc'
[11.491s] Level 1:colcon.colcon_core.environment:checking '/home/rod/ros_ws/behaviorfleets/install/behaviorfleets/lib/python3.10/site-packages'
[11.491s] Level 1:colcon.colcon_core.environment:checking '/home/rod/ros_ws/behaviorfleets/install/behaviorfleets/bin'
[11.493s] INFO:colcon.colcon_core.shell:Creating package script '/home/rod/ros_ws/behaviorfleets/install/behaviorfleets/share/behaviorfleets/package.ps1'
[11.493s] INFO:colcon.colcon_core.shell:Creating package descriptor '/home/rod/ros_ws/behaviorfleets/install/behaviorfleets/share/behaviorfleets/package.dsv'
[11.494s] INFO:colcon.colcon_core.shell:Creating package script '/home/rod/ros_ws/behaviorfleets/install/behaviorfleets/share/behaviorfleets/package.sh'
[11.495s] INFO:colcon.colcon_core.shell:Creating package script '/home/rod/ros_ws/behaviorfleets/install/behaviorfleets/share/behaviorfleets/package.bash'
[11.495s] INFO:colcon.colcon_core.shell:Creating package script '/home/rod/ros_ws/behaviorfleets/install/behaviorfleets/share/behaviorfleets/package.zsh'
[11.496s] Level 1:colcon.colcon_core.environment:create_file_with_runtime_dependencies(/home/rod/ros_ws/behaviorfleets/install/behaviorfleets/share/colcon-core/packages/behaviorfleets)
[11.517s] Level 1:colcon.colcon_core.environment:create_environment_scripts_only(behaviorfleets)
[11.519s] Level 1:colcon.colcon_core.environment:checking '/home/rod/ros_ws/behaviorfleets/install/behaviorfleets' for CMake module files
[11.519s] Level 1:colcon.colcon_core.environment:checking '/home/rod/ros_ws/behaviorfleets/install/behaviorfleets' for CMake config files
[11.519s] Level 1:colcon.colcon_core.shell:create_environment_hook('behaviorfleets', 'cmake_prefix_path')
[11.520s] INFO:colcon.colcon_core.shell:Creating environment hook '/home/rod/ros_ws/behaviorfleets/install/behaviorfleets/share/behaviorfleets/hook/cmake_prefix_path.ps1'
[11.521s] INFO:colcon.colcon_core.shell:Creating environment descriptor '/home/rod/ros_ws/behaviorfleets/install/behaviorfleets/share/behaviorfleets/hook/cmake_prefix_path.dsv'
[11.521s] INFO:colcon.colcon_core.shell:Creating environment hook '/home/rod/ros_ws/behaviorfleets/install/behaviorfleets/share/behaviorfleets/hook/cmake_prefix_path.sh'
[11.522s] Level 1:colcon.colcon_core.environment:checking '/home/rod/ros_ws/behaviorfleets/install/behaviorfleets/lib'
[11.522s] Level 1:colcon.colcon_core.shell:create_environment_hook('behaviorfleets', 'ld_library_path_lib')
[11.523s] INFO:colcon.colcon_core.shell:Creating environment hook '/home/rod/ros_ws/behaviorfleets/install/behaviorfleets/share/behaviorfleets/hook/ld_library_path_lib.ps1'
[11.523s] INFO:colcon.colcon_core.shell:Creating environment descriptor '/home/rod/ros_ws/behaviorfleets/install/behaviorfleets/share/behaviorfleets/hook/ld_library_path_lib.dsv'
[11.523s] INFO:colcon.colcon_core.shell:Creating environment hook '/home/rod/ros_ws/behaviorfleets/install/behaviorfleets/share/behaviorfleets/hook/ld_library_path_lib.sh'
[11.524s] Level 1:colcon.colcon_core.environment:checking '/home/rod/ros_ws/behaviorfleets/install/behaviorfleets/bin'
[11.524s] Level 1:colcon.colcon_core.environment:checking '/home/rod/ros_ws/behaviorfleets/install/behaviorfleets/lib/pkgconfig/behaviorfleets.pc'
[11.524s] Level 1:colcon.colcon_core.environment:checking '/home/rod/ros_ws/behaviorfleets/install/behaviorfleets/lib/python3.10/site-packages'
[11.524s] Level 1:colcon.colcon_core.environment:checking '/home/rod/ros_ws/behaviorfleets/install/behaviorfleets/bin'
[11.526s] INFO:colcon.colcon_core.shell:Creating package script '/home/rod/ros_ws/behaviorfleets/install/behaviorfleets/share/behaviorfleets/package.ps1'
[11.526s] INFO:colcon.colcon_core.shell:Creating package descriptor '/home/rod/ros_ws/behaviorfleets/install/behaviorfleets/share/behaviorfleets/package.dsv'
[11.527s] INFO:colcon.colcon_core.shell:Creating package script '/home/rod/ros_ws/behaviorfleets/install/behaviorfleets/share/behaviorfleets/package.sh'
[11.527s] INFO:colcon.colcon_core.shell:Creating package script '/home/rod/ros_ws/behaviorfleets/install/behaviorfleets/share/behaviorfleets/package.bash'
[11.528s] INFO:colcon.colcon_core.shell:Creating package script '/home/rod/ros_ws/behaviorfleets/install/behaviorfleets/share/behaviorfleets/package.zsh'
[11.528s] Level 1:colcon.colcon_core.environment:create_file_with_runtime_dependencies(/home/rod/ros_ws/behaviorfleets/install/behaviorfleets/share/colcon-core/packages/behaviorfleets)
[11.528s] DEBUG:colcon.colcon_parallel_executor.executor.parallel:closing loop
[11.529s] DEBUG:colcon.colcon_parallel_executor.executor.parallel:loop closed
[11.529s] DEBUG:colcon.colcon_parallel_executor.executor.parallel:run_until_complete finished with '0'
[11.529s] DEBUG:colcon.colcon_core.event_reactor:joining thread
[11.534s] INFO:colcon.colcon_core.plugin_system:Skipping extension 'colcon_notification.desktop_notification.terminal_notifier': Not used on non-Darwin systems
[11.534s] INFO:colcon.colcon_core.plugin_system:Skipping extension 'colcon_notification.desktop_notification.win32': Not used on non-Windows systems
[11.534s] INFO:colcon.colcon_notification.desktop_notification:Sending desktop notification using 'notify2'
[11.544s] DEBUG:colcon.colcon_core.event_reactor:joined thread
[11.546s] INFO:colcon.colcon_core.shell:Creating prefix script '/home/rod/ros_ws/behaviorfleets/install/local_setup.ps1'
[11.547s] INFO:colcon.colcon_core.shell:Creating prefix util module '/home/rod/ros_ws/behaviorfleets/install/_local_setup_util_ps1.py'
[11.548s] INFO:colcon.colcon_core.shell:Creating prefix chain script '/home/rod/ros_ws/behaviorfleets/install/setup.ps1'
[11.549s] INFO:colcon.colcon_core.shell:Creating prefix script '/home/rod/ros_ws/behaviorfleets/install/local_setup.sh'
[11.550s] INFO:colcon.colcon_core.shell:Creating prefix util module '/home/rod/ros_ws/behaviorfleets/install/_local_setup_util_sh.py'
[11.550s] INFO:colcon.colcon_core.shell:Creating prefix chain script '/home/rod/ros_ws/behaviorfleets/install/setup.sh'
[11.552s] INFO:colcon.colcon_core.shell:Creating prefix script '/home/rod/ros_ws/behaviorfleets/install/local_setup.bash'
[11.552s] INFO:colcon.colcon_core.shell:Creating prefix chain script '/home/rod/ros_ws/behaviorfleets/install/setup.bash'
[11.554s] INFO:colcon.colcon_core.shell:Creating prefix script '/home/rod/ros_ws/behaviorfleets/install/local_setup.zsh'
[11.554s] INFO:colcon.colcon_core.shell:Creating prefix chain script '/home/rod/ros_ws/behaviorfleets/install/setup.zsh'
