[35m[1mConsolidate compiler generated dependencies of target delegation_node[0m
[ 50%] [32mBuilding CXX object CMakeFiles/delegation_node.dir/src/DelegationNode.cpp.o[0m
[01m[K/home/rod/ros_ws/behaviorfleets/src/behaviorfleets/src/DelegationNode.cpp:[m[K In function ‘[01m[Kvoid BT_RegisterNodesFromPlugin(BT::BehaviorTreeFactory&)[m[K’:
[01m[K/home/rod/ros_ws/behaviorfleets/src/behaviorfleets/src/DelegationNode.cpp:62:28:[m[K [01;31m[Kerror: [m[K‘[01m[Kbt4_bumpgo[m[K’ was not declared in this scope
   62 |   factory.registerNodeType<[01;31m[Kbt4_bumpgo[m[K::Forward>("Delegation");
      |                            [01;31m[K^~~~~~~~~~[m[K
[01m[K/home/rod/ros_ws/behaviorfleets/src/behaviorfleets/src/DelegationNode.cpp:62:11:[m[K [01;31m[Kerror: [m[Kparse error in template argument list
   62 |   factory.[01;31m[KregisterNodeType<bt4_bumpgo::Forward>[m[K("Delegation");
      |           [01;31m[K^~~~~~~~~~~~~~~~~~~~~~~~~~~~~~~~~~~~~[m[K
[01m[K/home/rod/ros_ws/behaviorfleets/src/behaviorfleets/src/DelegationNode.cpp:62:48:[m[K [01;31m[Kerror: [m[Kno matching function for call to ‘[01m[KBT::BehaviorTreeFactory::registerNodeType<<expression error> >(const char [11])[m[K’
   62 |   [01;31m[Kfactory.registerNodeType<bt4_bumpgo::Forward>("Delegation")[m[K;
      |   [01;31m[K~~~~~~~~~~~~~~~~~~~~~~~~~~~~~~~~~~~~~~~~~~~~~^~~~~~~~~~~~~~[m[K
In file included from [01m[K/home/rod/ros_ws/behaviorfleets/src/behaviorfleets/include/DelegationNode.hpp:7[m[K,
                 from [01m[K/home/rod/ros_ws/behaviorfleets/src/behaviorfleets/src/DelegationNode.cpp:5[m[K:
[01m[K/home/rod/ros_ws/behaviorfleets/install/behaviortree_cpp/include/behaviortree_cpp/bt_factory.h:314:8:[m[K [01;36m[Knote: [m[Kcandidate: ‘[01m[Ktemplate<class T, class ... ExtraArgs> void BT::BehaviorTreeFactory::registerNodeType(const string&, const PortsList&, ExtraArgs ...)[m[K’
  314 |   void [01;36m[KregisterNodeType[m[K(const std::string& ID, const PortsList& ports, ExtraArgs... args)
      |        [01;36m[K^~~~~~~~~~~~~~~~[m[K
[01m[K/home/rod/ros_ws/behaviorfleets/install/behaviortree_cpp/include/behaviortree_cpp/bt_factory.h:314:8:[m[K [01;36m[Knote: [m[K  template argument deduction/substitution failed:
[01m[K/home/rod/ros_ws/behaviorfleets/src/behaviorfleets/src/DelegationNode.cpp:62:48:[m[K [01;31m[Kerror: [m[Ktemplate argument 1 is invalid
   62 |   [01;31m[Kfactory.registerNodeType<bt4_bumpgo::Forward>("Delegation")[m[K;
      |   [01;31m[K~~~~~~~~~~~~~~~~~~~~~~~~~~~~~~~~~~~~~~~~~~~~~^~~~~~~~~~~~~~[m[K
In file included from [01m[K/home/rod/ros_ws/behaviorfleets/src/behaviorfleets/include/DelegationNode.hpp:7[m[K,
                 from [01m[K/home/rod/ros_ws/behaviorfleets/src/behaviorfleets/src/DelegationNode.cpp:5[m[K:
[01m[K/home/rod/ros_ws/behaviorfleets/install/behaviortree_cpp/include/behaviortree_cpp/bt_factory.h:350:8:[m[K [01;36m[Knote: [m[Kcandidate: ‘[01m[Ktemplate<class T, class ... ExtraArgs> void BT::BehaviorTreeFactory::registerNodeType(const string&, ExtraArgs ...)[m[K’
  350 |   void [01;36m[KregisterNodeType[m[K(const std::string& ID, ExtraArgs... args)
      |        [01;36m[K^~~~~~~~~~~~~~~~[m[K
[01m[K/home/rod/ros_ws/behaviorfleets/install/behaviortree_cpp/include/behaviortree_cpp/bt_factory.h:350:8:[m[K [01;36m[Knote: [m[K  template argument deduction/substitution failed:
[01m[K/home/rod/ros_ws/behaviorfleets/src/behaviorfleets/src/DelegationNode.cpp:62:48:[m[K [01;31m[Kerror: [m[Ktemplate argument 1 is invalid
   62 |   [01;31m[Kfactory.registerNodeType<bt4_bumpgo::Forward>("Delegation")[m[K;
      |   [01;31m[K~~~~~~~~~~~~~~~~~~~~~~~~~~~~~~~~~~~~~~~~~~~~~^~~~~~~~~~~~~~[m[K
gmake[2]: *** [CMakeFiles/delegation_node.dir/build.make:76: CMakeFiles/delegation_node.dir/src/DelegationNode.cpp.o] Interrupt
gmake[1]: *** [CMakeFiles/Makefile2:137: CMakeFiles/delegation_node.dir/all] Interrupt
gmake: *** [Makefile:146: all] Interrupt
