In file included from [01m[K/home/rod/ros_ws/behaviorfleets/src/bt4_bumpgo/src/bt4_bumpgo/DelegationNode.cpp:5[m[K:
[01m[K/home/rod/ros_ws/behaviorfleets/src/bt4_bumpgo/include/bt4_bumpgo/DelegationNode.hpp:38:3:[m[K [01;31m[Kerror: [m[K‘[01m[Kstd_msgs[m[K’ does not name a type
   38 |   [01;31m[Kstd_msgs[m[K::msg::String::UniquePtr child_status_;
      |   [01;31m[K^~~~~~~~[m[K
[01m[K/home/rod/ros_ws/behaviorfleets/src/bt4_bumpgo/src/bt4_bumpgo/DelegationNode.cpp:14:63:[m[K [01;31m[Kerror: [m[K‘[01m[KNodeConfig[m[K’ does not name a type
   14 | DelegationNode::DelegationNode(const std::string &name, const [01;31m[KNodeConfig[m[K &config) :
      |                                                               [01;31m[K^~~~~~~~~~[m[K
[01m[K/home/rod/ros_ws/behaviorfleets/src/bt4_bumpgo/src/bt4_bumpgo/DelegationNode.cpp:14:1:[m[K [01;31m[Kerror: [m[Kno declaration matches ‘[01m[Kbt4_bumpgo::DelegationNode::DelegationNode(const string&, const int&)[m[K’
   14 | [01;31m[KDelegationNode[m[K::DelegationNode(const std::string &name, const NodeConfig &config) :
      | [01;31m[K^~~~~~~~~~~~~~[m[K
In file included from [01m[K/home/rod/ros_ws/behaviorfleets/src/bt4_bumpgo/src/bt4_bumpgo/DelegationNode.cpp:5[m[K:
[01m[K/home/rod/ros_ws/behaviorfleets/src/bt4_bumpgo/include/bt4_bumpgo/DelegationNode.hpp:17:7:[m[K [01;36m[Knote: [m[Kcandidates are: ‘[01m[Kbt4_bumpgo::DelegationNode::DelegationNode(const bt4_bumpgo::DelegationNode&)[m[K’
   17 | class [01;36m[KDelegationNode[m[K : public BT::DecoratorNode
      |       [01;36m[K^~~~~~~~~~~~~~[m[K
[01m[K/home/rod/ros_ws/behaviorfleets/src/bt4_bumpgo/include/bt4_bumpgo/DelegationNode.hpp:21:3:[m[K [01;36m[Knote: [m[K                ‘[01m[Kbt4_bumpgo::DelegationNode::DelegationNode(const string&, const BT::NodeConfig&)[m[K’
   21 |   [01;36m[KDelegationNode[m[K(const std::string& name, const BT::NodeConfig& config);
      |   [01;36m[K^~~~~~~~~~~~~~[m[K
[01m[K/home/rod/ros_ws/behaviorfleets/src/bt4_bumpgo/include/bt4_bumpgo/DelegationNode.hpp:17:7:[m[K [01;36m[Knote: [m[K‘[01m[Kclass bt4_bumpgo::DelegationNode[m[K’ defined here
   17 | class [01;36m[KDelegationNode[m[K : public BT::DecoratorNode
      |       [01;36m[K^~~~~~~~~~~~~~[m[K
[01m[K/home/rod/ros_ws/behaviorfleets/src/bt4_bumpgo/src/bt4_bumpgo/DelegationNode.cpp:[m[K In member function ‘[01m[Kvoid bt4_bumpgo::DelegationNode::child_status_callback(bf_msgs::msg::MissionStatus_<std::allocator<void> >::UniquePtr)[m[K’:
[01m[K/home/rod/ros_ws/behaviorfleets/src/bt4_bumpgo/src/bt4_bumpgo/DelegationNode.cpp:30:3:[m[K [01;31m[Kerror: [m[K‘[01m[Kchild_status_[m[K’ was not declared in this scope; did you mean ‘[01m[Kchild_sub_[m[K’?
   30 |   [01;31m[Kchild_status_[m[K = std::move(msg);
      |   [01;31m[K^~~~~~~~~~~~~[m[K
      |   [32m[Kchild_sub_[m[K
gmake[2]: *** [CMakeFiles/delegation_node.dir/build.make:76: CMakeFiles/delegation_node.dir/src/bt4_bumpgo/DelegationNode.cpp.o] Error 1
gmake[1]: *** [CMakeFiles/Makefile2:288: CMakeFiles/delegation_node.dir/all] Error 2
gmake: *** [Makefile:146: all] Error 2
