[0.018s] Invoking command in '/home/rod/ros_ws/behaviorfleets/build/bf_example': AMENT_PREFIX_PATH=/home/rod/ros_ws/behaviorfleets/install/behaviorfleets:/home/rod/ros_ws/behaviorfleets/install/bf_msgs:/home/rod/ros_ws/behaviorfleets/install/behaviortree_cpp:${AMENT_PREFIX_PATH} CMAKE_PREFIX_PATH=/home/rod/ros_ws/behaviorfleets/install/behaviorfleets:/home/rod/ros_ws/behaviorfleets/install/bf_msgs:/home/rod/ros_ws/behaviorfleets/install/behaviortree_cpp:/opt/ros/humble LD_LIBRARY_PATH=/home/rod/ros_ws/behaviorfleets/install/behaviorfleets/lib:/home/rod/ros_ws/behaviorfleets/install/bf_msgs/lib:/home/rod/ros_ws/behaviorfleets/install/behaviortree_cpp/lib:/usr/lib/x86_64-linux-gnu/gazebo-11/plugins:/opt/ros/humble/opt/rviz_ogre_vendor/lib:/opt/ros/humble/lib/x86_64-linux-gnu:/opt/ros/humble/lib:/usr/share/gazebo/../../lib/x86_64-linux-gnu/gazebo-11/plugins PATH=/home/rod/ros_ws/behaviorfleets/install/behaviortree_cpp/bin:${PATH} PYTHONPATH=/home/rod/ros_ws/behaviorfleets/install/bf_msgs/local/lib/python3.10/dist-packages:${PYTHONPATH} /usr/bin/cmake --build /home/rod/ros_ws/behaviorfleets/build/bf_example -- -j8 -l8
[0.039s] -- Found ament_cmake: 1.3.3 (/opt/ros/humble/share/ament_cmake/cmake)
[0.180s] -- Override CMake install command with custom implementation using symlinks instead of copying resources
[0.186s] -- Found rclcpp: 16.0.3 (/opt/ros/humble/share/rclcpp/cmake)
[0.216s] -- Found rosidl_generator_c: 3.1.4 (/opt/ros/humble/share/rosidl_generator_c/cmake)
[0.219s] -- Found rosidl_adapter: 3.1.4 (/opt/ros/humble/share/rosidl_adapter/cmake)
[0.224s] -- Found rosidl_generator_cpp: 3.1.4 (/opt/ros/humble/share/rosidl_generator_cpp/cmake)
[0.236s] -- Using all available rosidl_typesupport_c: rosidl_typesupport_fastrtps_c;rosidl_typesupport_introspection_c
[0.252s] -- Using all available rosidl_typesupport_cpp: rosidl_typesupport_fastrtps_cpp;rosidl_typesupport_introspection_cpp
[0.311s] -- Found rmw_implementation_cmake: 6.1.1 (/opt/ros/humble/share/rmw_implementation_cmake/cmake)
[0.313s] -- Found rmw_fastrtps_cpp: 6.2.2 (/opt/ros/humble/share/rmw_fastrtps_cpp/cmake)
[0.435s] -- Using RMW implementation 'rmw_fastrtps_cpp' as default
[0.604s] -- Found behaviortree_cpp: 4.1.1 (/home/rod/ros_ws/behaviorfleets/install/behaviortree_cpp/share/behaviortree_cpp/cmake)
[0.606s] -- Found bf_msgs: 0.2.0 (/home/rod/ros_ws/behaviorfleets/install/bf_msgs/share/bf_msgs/cmake)
[0.640s] -- Found behaviorfleets: 0.2.0 (/home/rod/ros_ws/behaviorfleets/install/behaviorfleets/share/behaviorfleets/cmake)
[0.737s] -- Configuring done
[0.748s] -- Generating done
[0.751s] -- Build files have been written to: /home/rod/ros_ws/behaviorfleets/build/bf_example
[0.773s] [35m[1mConsolidate compiler generated dependencies of target bf_example[0m
[0.791s] [ 66%] [32mBuilding CXX object CMakeFiles/bf_example.dir/src/main.cpp.o[0m
[0.791s] [ 66%] [32mBuilding CXX object CMakeFiles/bf_example.dir/src/Test.cpp.o[0m
[3.410s] [01m[K/home/rod/ros_ws/behaviorfleets/src/bf_example/src/Test.cpp:[m[K In constructor ‘[01m[Kbf_example::Test::Test()[m[K’:
[3.410s] [01m[K/home/rod/ros_ws/behaviorfleets/src/bf_example/src/Test.cpp:37:46:[m[K [01;31m[Kerror: [m[K‘[01m[K_1[m[K’ was not declared in this scope; did you mean ‘[01m[Kstd::placeholders::_1[m[K’?
[3.410s]    37 |     std::bind(&Test::mission_callback, this, [01;31m[K_1[m[K));
[3.410s]       |                                              [01;31m[K^~[m[K
[3.410s]       |                                              [32m[Kstd::placeholders::_1[m[K
[3.411s] In file included from [01m[K/home/rod/ros_ws/behaviorfleets/install/behaviortree_cpp/include/behaviortree_cpp/utils/signal.h:5[m[K,
[3.411s]                  from [01m[K/home/rod/ros_ws/behaviorfleets/install/behaviortree_cpp/include/behaviortree_cpp/tree_node.h:21[m[K,
[3.411s]                  from [01m[K/home/rod/ros_ws/behaviorfleets/install/behaviortree_cpp/include/behaviortree_cpp/control_node.h:17[m[K,
[3.411s]                  from [01m[K/home/rod/ros_ws/behaviorfleets/install/behaviortree_cpp/include/behaviortree_cpp/controls/parallel_node.h:17[m[K,
[3.411s]                  from [01m[K/home/rod/ros_ws/behaviorfleets/install/behaviortree_cpp/include/behaviortree_cpp/behavior_tree.h:16[m[K,
[3.411s]                  from [01m[K/home/rod/ros_ws/behaviorfleets/src/bf_example/src/Test.cpp:20[m[K:
[3.411s] [01m[K/usr/include/c++/11/functional:225:34:[m[K [01;36m[Knote: [m[K‘[01m[Kstd::placeholders::_1[m[K’ declared here
[3.411s]   225 |     extern const _Placeholder<1> [01;36m[K_1[m[K;
[3.411s]       |                                  [01;36m[K^~[m[K
[4.427s] gmake[2]: *** [CMakeFiles/bf_example.dir/build.make:90: CMakeFiles/bf_example.dir/src/Test.cpp.o] Error 1
[4.427s] gmake[2]: *** Waiting for unfinished jobs....
[4.994s] gmake[1]: *** [CMakeFiles/Makefile2:137: CMakeFiles/bf_example.dir/all] Error 2
[4.994s] gmake: *** [Makefile:146: all] Error 2
[4.997s] Invoked command in '/home/rod/ros_ws/behaviorfleets/build/bf_example' returned '2': AMENT_PREFIX_PATH=/home/rod/ros_ws/behaviorfleets/install/behaviorfleets:/home/rod/ros_ws/behaviorfleets/install/bf_msgs:/home/rod/ros_ws/behaviorfleets/install/behaviortree_cpp:${AMENT_PREFIX_PATH} CMAKE_PREFIX_PATH=/home/rod/ros_ws/behaviorfleets/install/behaviorfleets:/home/rod/ros_ws/behaviorfleets/install/bf_msgs:/home/rod/ros_ws/behaviorfleets/install/behaviortree_cpp:/opt/ros/humble LD_LIBRARY_PATH=/home/rod/ros_ws/behaviorfleets/install/behaviorfleets/lib:/home/rod/ros_ws/behaviorfleets/install/bf_msgs/lib:/home/rod/ros_ws/behaviorfleets/install/behaviortree_cpp/lib:/usr/lib/x86_64-linux-gnu/gazebo-11/plugins:/opt/ros/humble/opt/rviz_ogre_vendor/lib:/opt/ros/humble/lib/x86_64-linux-gnu:/opt/ros/humble/lib:/usr/share/gazebo/../../lib/x86_64-linux-gnu/gazebo-11/plugins PATH=/home/rod/ros_ws/behaviorfleets/install/behaviortree_cpp/bin:${PATH} PYTHONPATH=/home/rod/ros_ws/behaviorfleets/install/bf_msgs/local/lib/python3.10/dist-packages:${PYTHONPATH} /usr/bin/cmake --build /home/rod/ros_ws/behaviorfleets/build/bf_example -- -j8 -l8
