[0.009s] Invoking command in '/home/rod/ros_ws/behaviorfleets/build/bf_msgs': CMAKE_PREFIX_PATH=/opt/ros/humble /usr/bin/cmake /home/rod/ros_ws/behaviorfleets/src/bf_msgs -DAMENT_CMAKE_SYMLINK_INSTALL=1 -DCMAKE_INSTALL_PREFIX=/home/rod/ros_ws/behaviorfleets/install/bf_msgs
[0.058s] -- The C compiler identification is GNU 11.3.0
[0.115s] -- The CXX compiler identification is GNU 11.3.0
[0.124s] -- Detecting C compiler ABI info
[0.184s] -- Detecting C compiler ABI info - done
[0.193s] -- Check for working C compiler: /usr/bin/cc - skipped
[0.193s] -- Detecting C compile features
[0.194s] -- Detecting C compile features - done
[0.198s] -- Detecting CXX compiler ABI info
[0.269s] -- Detecting CXX compiler ABI info - done
[0.278s] -- Check for working CXX compiler: /usr/bin/c++ - skipped
[0.278s] -- Detecting CXX compile features
[0.279s] -- Detecting CXX compile features - done
[0.281s] -- Found ament_cmake: 1.3.3 (/opt/ros/humble/share/ament_cmake/cmake)
[1.081s] -- Found Python3: /usr/bin/python3.10 (found version "3.10.6") found components: Interpreter 
[1.144s] -- Override CMake install command with custom implementation using symlinks instead of copying resources
[1.178s] -- Found builtin_interfaces: 1.2.1 (/opt/ros/humble/share/builtin_interfaces/cmake)
[1.215s] -- Found rosidl_generator_c: 3.1.4 (/opt/ros/humble/share/rosidl_generator_c/cmake)
[1.222s] -- Found rosidl_adapter: 3.1.4 (/opt/ros/humble/share/rosidl_adapter/cmake)
[1.231s] -- Found rosidl_generator_cpp: 3.1.4 (/opt/ros/humble/share/rosidl_generator_cpp/cmake)
[1.247s] -- Using all available rosidl_typesupport_c: rosidl_typesupport_fastrtps_c;rosidl_typesupport_introspection_c
[1.268s] -- Using all available rosidl_typesupport_cpp: rosidl_typesupport_fastrtps_cpp;rosidl_typesupport_introspection_cpp
[1.290s] -- Found rosidl_default_generators: 1.2.0 (/opt/ros/humble/share/rosidl_default_generators/cmake)
[1.574s] -- Found ament_cmake_ros: 0.10.0 (/opt/ros/humble/share/ament_cmake_ros/cmake)
[2.514s] -- Using all available rosidl_typesupport_c: rosidl_typesupport_fastrtps_c;rosidl_typesupport_introspection_c
[2.840s] -- Using all available rosidl_typesupport_cpp: rosidl_typesupport_fastrtps_cpp;rosidl_typesupport_introspection_cpp
[2.926s] -- Found PythonInterp: /usr/bin/python3 (found suitable version "3.10.6", minimum required is "3.6") 
[2.930s] -- Found python_cmake_module: 0.10.0 (/opt/ros/humble/share/python_cmake_module/cmake)
[3.082s] -- Found PythonLibs: /usr/lib/x86_64-linux-gnu/libpython3.10.so (found suitable version "3.10.6", minimum required is "3.5") 
[3.083s] -- Using PYTHON_EXECUTABLE: /usr/bin/python3
[3.084s] -- Using PYTHON_INCLUDE_DIRS: /usr/include/python3.10
[3.084s] -- Using PYTHON_LIBRARIES: /usr/lib/x86_64-linux-gnu/libpython3.10.so
[3.212s] -- Found PythonExtra: .so  
[3.418s] -- Configuring done
[3.679s] -- Generating done
[3.708s] -- Build files have been written to: /home/rod/ros_ws/behaviorfleets/build/bf_msgs
[3.728s] Invoked command in '/home/rod/ros_ws/behaviorfleets/build/bf_msgs' returned '0': CMAKE_PREFIX_PATH=/opt/ros/humble /usr/bin/cmake /home/rod/ros_ws/behaviorfleets/src/bf_msgs -DAMENT_CMAKE_SYMLINK_INSTALL=1 -DCMAKE_INSTALL_PREFIX=/home/rod/ros_ws/behaviorfleets/install/bf_msgs
[3.729s] Invoking command in '/home/rod/ros_ws/behaviorfleets/build/bf_msgs': CMAKE_PREFIX_PATH=/opt/ros/humble /usr/bin/cmake --build /home/rod/ros_ws/behaviorfleets/build/bf_msgs -- -j8 -l8
[3.814s] [  2%] [34m[1mGenerating C code for ROS interfaces[0m
[3.982s] [  5%] [34m[1mGenerating C++ code for ROS interfaces[0m
[3.987s] [  5%] Built target ament_cmake_python_symlink_bf_msgs
[4.871s] [  7%] [32mBuilding C object CMakeFiles/bf_msgs__rosidl_generator_c.dir/rosidl_generator_c/bf_msgs/msg/detail/mission_command__functions.c.o[0m
[4.883s] [ 10%] [32mBuilding C object CMakeFiles/bf_msgs__rosidl_generator_c.dir/rosidl_generator_c/bf_msgs/msg/detail/mission_status__functions.c.o[0m
[5.115s] [ 12%] Built target bf_msgs__cpp
[5.116s] [ 12%] [32m[1mLinking C shared library libbf_msgs__rosidl_generator_c.so[0m
[5.146s] [ 15%] [34m[1mGenerating C++ introspection for ROS interfaces[0m
[5.196s] [ 17%] [34m[1mGenerating C++ type support dispatch for ROS interfaces[0m
[5.205s] [ 20%] [34m[1mGenerating C++ type support for eProsima Fast-RTPS[0m
[5.299s] running egg_info
[5.310s] creating bf_msgs.egg-info
[5.374s] [ 20%] Built target bf_msgs__rosidl_generator_c
[5.381s] writing bf_msgs.egg-info/PKG-INFO
[5.382s] writing dependency_links to bf_msgs.egg-info/dependency_links.txt
[5.382s] writing top-level names to bf_msgs.egg-info/top_level.txt
[5.384s] writing manifest file 'bf_msgs.egg-info/SOURCES.txt'
[5.478s] [ 23%] [34m[1mGenerating C introspection for ROS interfaces[0m
[5.482s] [ 25%] [34m[1mGenerating C type support for eProsima Fast-RTPS[0m
[5.509s] [ 28%] [34m[1mGenerating C type support dispatch for ROS interfaces[0m
[5.520s] reading manifest file 'bf_msgs.egg-info/SOURCES.txt'
[5.521s] writing manifest file 'bf_msgs.egg-info/SOURCES.txt'
[5.766s] [ 28%] Built target ament_cmake_python_build_bf_msgs_egg
[6.212s] [ 30%] [32mBuilding CXX object CMakeFiles/bf_msgs__rosidl_typesupport_fastrtps_cpp.dir/rosidl_typesupport_fastrtps_cpp/bf_msgs/msg/detail/dds_fastrtps/mission_status__type_support.cpp.o[0m
[6.235s] [ 33%] [32mBuilding CXX object CMakeFiles/bf_msgs__rosidl_typesupport_fastrtps_cpp.dir/rosidl_typesupport_fastrtps_cpp/bf_msgs/msg/detail/dds_fastrtps/mission_command__type_support.cpp.o[0m
[6.358s] [ 35%] [32mBuilding CXX object CMakeFiles/bf_msgs__rosidl_typesupport_introspection_cpp.dir/rosidl_typesupport_introspection_cpp/bf_msgs/msg/detail/mission_command__type_support.cpp.o[0m
[6.376s] [ 38%] [32mBuilding CXX object CMakeFiles/bf_msgs__rosidl_typesupport_introspection_cpp.dir/rosidl_typesupport_introspection_cpp/bf_msgs/msg/detail/mission_status__type_support.cpp.o[0m
[6.494s] [ 41%] [32mBuilding CXX object CMakeFiles/bf_msgs__rosidl_typesupport_c.dir/rosidl_typesupport_c/bf_msgs/msg/mission_command__type_support.cpp.o[0m
[6.736s] [ 43%] [32mBuilding CXX object CMakeFiles/bf_msgs__rosidl_typesupport_c.dir/rosidl_typesupport_c/bf_msgs/msg/mission_status__type_support.cpp.o[0m
[6.816s] [ 46%] [32mBuilding CXX object CMakeFiles/bf_msgs__rosidl_typesupport_cpp.dir/rosidl_typesupport_cpp/bf_msgs/msg/mission_command__type_support.cpp.o[0m
[6.927s] [ 48%] [32mBuilding CXX object CMakeFiles/bf_msgs__rosidl_typesupport_fastrtps_c.dir/rosidl_typesupport_fastrtps_c/bf_msgs/msg/detail/mission_command__type_support_c.cpp.o[0m
[6.942s] [ 51%] [32m[1mLinking CXX shared library libbf_msgs__rosidl_typesupport_c.so[0m
[7.238s] [ 51%] Built target bf_msgs__rosidl_typesupport_c
[7.266s] [ 53%] [32mBuilding C object CMakeFiles/bf_msgs__rosidl_typesupport_introspection_c.dir/rosidl_typesupport_introspection_c/bf_msgs/msg/detail/mission_command__type_support.c.o[0m
[7.280s] [ 56%] [32mBuilding CXX object CMakeFiles/bf_msgs__rosidl_typesupport_fastrtps_c.dir/rosidl_typesupport_fastrtps_c/bf_msgs/msg/detail/mission_status__type_support_c.cpp.o[0m
[7.383s] [ 58%] [32mBuilding C object CMakeFiles/bf_msgs__rosidl_typesupport_introspection_c.dir/rosidl_typesupport_introspection_c/bf_msgs/msg/detail/mission_status__type_support.c.o[0m
[7.613s] [ 61%] [32m[1mLinking C shared library libbf_msgs__rosidl_typesupport_introspection_c.so[0m
[7.645s] [ 64%] [32mBuilding CXX object CMakeFiles/bf_msgs__rosidl_typesupport_cpp.dir/rosidl_typesupport_cpp/bf_msgs/msg/mission_status__type_support.cpp.o[0m
[7.770s] [ 64%] Built target bf_msgs__rosidl_typesupport_introspection_c
[8.201s] [ 66%] [32m[1mLinking CXX shared library libbf_msgs__rosidl_typesupport_fastrtps_cpp.so[0m
[8.293s] [ 69%] [32m[1mLinking CXX shared library libbf_msgs__rosidl_typesupport_fastrtps_c.so[0m
[8.311s] [ 71%] [32m[1mLinking CXX shared library libbf_msgs__rosidl_typesupport_cpp.so[0m
[8.385s] [ 71%] Built target bf_msgs__rosidl_typesupport_fastrtps_cpp
[8.538s] [ 71%] Built target bf_msgs__rosidl_typesupport_cpp
[8.630s] [ 71%] Built target bf_msgs__rosidl_typesupport_fastrtps_c
[8.640s] [ 74%] [32m[1mLinking CXX shared library libbf_msgs__rosidl_typesupport_introspection_cpp.so[0m
[8.930s] [ 74%] Built target bf_msgs__rosidl_typesupport_introspection_cpp
[9.013s] [ 74%] Built target bf_msgs
[9.165s] [ 76%] [34m[1mGenerating Python code for ROS interfaces[0m
[10.539s] [ 76%] Built target bf_msgs__py
[10.675s] [ 82%] [32mBuilding C object CMakeFiles/bf_msgs__rosidl_generator_py.dir/rosidl_generator_py/bf_msgs/msg/_mission_command_s.c.o[0m
[10.682s] [ 82%] [32mBuilding C object CMakeFiles/bf_msgs__rosidl_generator_py.dir/rosidl_generator_py/bf_msgs/msg/_mission_status_s.c.o[0m
[11.115s] [ 84%] [32m[1mLinking C shared library rosidl_generator_py/bf_msgs/libbf_msgs__rosidl_generator_py.so[0m
[11.349s] [ 84%] Built target bf_msgs__rosidl_generator_py
[11.480s] [ 87%] [32mBuilding C object CMakeFiles/bf_msgs__rosidl_typesupport_fastrtps_c__pyext.dir/rosidl_generator_py/bf_msgs/_bf_msgs_s.ep.rosidl_typesupport_fastrtps_c.c.o[0m
[11.508s] [ 89%] [32mBuilding C object CMakeFiles/bf_msgs__rosidl_typesupport_introspection_c__pyext.dir/rosidl_generator_py/bf_msgs/_bf_msgs_s.ep.rosidl_typesupport_introspection_c.c.o[0m
[11.530s] [ 92%] [32mBuilding C object CMakeFiles/bf_msgs__rosidl_typesupport_c__pyext.dir/rosidl_generator_py/bf_msgs/_bf_msgs_s.ep.rosidl_typesupport_c.c.o[0m
[11.815s] [ 94%] [32m[1mLinking C shared library rosidl_generator_py/bf_msgs/bf_msgs_s__rosidl_typesupport_c.cpython-310-x86_64-linux-gnu.so[0m
[11.842s] [ 97%] [32m[1mLinking C shared library rosidl_generator_py/bf_msgs/bf_msgs_s__rosidl_typesupport_fastrtps_c.cpython-310-x86_64-linux-gnu.so[0m
[11.939s] [ 97%] Built target bf_msgs__rosidl_typesupport_fastrtps_c__pyext
[11.980s] [ 97%] Built target bf_msgs__rosidl_typesupport_c__pyext
[11.993s] [100%] [32m[1mLinking C shared library rosidl_generator_py/bf_msgs/bf_msgs_s__rosidl_typesupport_introspection_c.cpython-310-x86_64-linux-gnu.so[0m
[12.082s] [100%] Built target bf_msgs__rosidl_typesupport_introspection_c__pyext
[12.118s] Invoked command in '/home/rod/ros_ws/behaviorfleets/build/bf_msgs' returned '0': CMAKE_PREFIX_PATH=/opt/ros/humble /usr/bin/cmake --build /home/rod/ros_ws/behaviorfleets/build/bf_msgs -- -j8 -l8
[13.906s] Invoking command in '/home/rod/ros_ws/behaviorfleets/build/bf_msgs': CMAKE_PREFIX_PATH=/opt/ros/humble /usr/bin/cmake --install /home/rod/ros_ws/behaviorfleets/build/bf_msgs
[13.930s] -- Install configuration: ""
[13.931s] -- Execute custom install script
[13.932s] -- Symlinking: /home/rod/ros_ws/behaviorfleets/install/bf_msgs/share/ament_index/resource_index/rosidl_interfaces/bf_msgs
[13.956s] -- Symlinking: /home/rod/ros_ws/behaviorfleets/install/bf_msgs/include/bf_msgs/bf_msgs/msg/detail/mission_command__functions.h
[14.014s] -- Symlinking: /home/rod/ros_ws/behaviorfleets/install/bf_msgs/include/bf_msgs/bf_msgs/msg/detail/mission_command__struct.h
[14.055s] -- Symlinking: /home/rod/ros_ws/behaviorfleets/install/bf_msgs/include/bf_msgs/bf_msgs/msg/detail/mission_command__type_support.h
[14.112s] -- Symlinking: /home/rod/ros_ws/behaviorfleets/install/bf_msgs/include/bf_msgs/bf_msgs/msg/detail/mission_status__functions.h
[14.163s] -- Symlinking: /home/rod/ros_ws/behaviorfleets/install/bf_msgs/include/bf_msgs/bf_msgs/msg/detail/mission_status__struct.h
[14.244s] -- Symlinking: /home/rod/ros_ws/behaviorfleets/install/bf_msgs/include/bf_msgs/bf_msgs/msg/detail/mission_status__type_support.h
[14.293s] -- Symlinking: /home/rod/ros_ws/behaviorfleets/install/bf_msgs/include/bf_msgs/bf_msgs/msg/mission_command.h
[14.323s] -- Symlinking: /home/rod/ros_ws/behaviorfleets/install/bf_msgs/include/bf_msgs/bf_msgs/msg/mission_status.h
[14.374s] -- Symlinking: /home/rod/ros_ws/behaviorfleets/install/bf_msgs/include/bf_msgs/bf_msgs/msg/rosidl_generator_c__visibility_control.h
[14.404s] -- Symlinking: /home/rod/ros_ws/behaviorfleets/install/bf_msgs/share/bf_msgs/environment/library_path.sh
[14.446s] -- Symlinking: /home/rod/ros_ws/behaviorfleets/install/bf_msgs/share/bf_msgs/environment/library_path.dsv
[14.477s] -- Symlinking: /home/rod/ros_ws/behaviorfleets/install/bf_msgs/include/bf_msgs/bf_msgs/msg/detail/mission_command__rosidl_typesupport_fastrtps_c.h
[14.520s] -- Symlinking: /home/rod/ros_ws/behaviorfleets/install/bf_msgs/include/bf_msgs/bf_msgs/msg/detail/mission_status__rosidl_typesupport_fastrtps_c.h
[14.555s] -- Symlinking: /home/rod/ros_ws/behaviorfleets/install/bf_msgs/include/bf_msgs/bf_msgs/msg/rosidl_typesupport_fastrtps_c__visibility_control.h
[14.594s] -- Symlinking: /home/rod/ros_ws/behaviorfleets/install/bf_msgs/include/bf_msgs/bf_msgs/msg/detail/mission_command__builder.hpp
[14.615s] -- Symlinking: /home/rod/ros_ws/behaviorfleets/install/bf_msgs/include/bf_msgs/bf_msgs/msg/detail/mission_command__struct.hpp
[14.655s] -- Symlinking: /home/rod/ros_ws/behaviorfleets/install/bf_msgs/include/bf_msgs/bf_msgs/msg/detail/mission_command__traits.hpp
[14.688s] -- Symlinking: /home/rod/ros_ws/behaviorfleets/install/bf_msgs/include/bf_msgs/bf_msgs/msg/detail/mission_status__builder.hpp
[14.701s] -- Symlinking: /home/rod/ros_ws/behaviorfleets/install/bf_msgs/include/bf_msgs/bf_msgs/msg/detail/mission_status__struct.hpp
[14.713s] -- Symlinking: /home/rod/ros_ws/behaviorfleets/install/bf_msgs/include/bf_msgs/bf_msgs/msg/detail/mission_status__traits.hpp
[14.726s] -- Symlinking: /home/rod/ros_ws/behaviorfleets/install/bf_msgs/include/bf_msgs/bf_msgs/msg/mission_command.hpp
[14.738s] -- Symlinking: /home/rod/ros_ws/behaviorfleets/install/bf_msgs/include/bf_msgs/bf_msgs/msg/mission_status.hpp
[14.752s] -- Symlinking: /home/rod/ros_ws/behaviorfleets/install/bf_msgs/include/bf_msgs/bf_msgs/msg/detail/mission_command__rosidl_typesupport_fastrtps_cpp.hpp
[14.765s] -- Symlinking: /home/rod/ros_ws/behaviorfleets/install/bf_msgs/include/bf_msgs/bf_msgs/msg/detail/mission_status__rosidl_typesupport_fastrtps_cpp.hpp
[14.779s] -- Symlinking: /home/rod/ros_ws/behaviorfleets/install/bf_msgs/include/bf_msgs/bf_msgs/msg/rosidl_typesupport_fastrtps_cpp__visibility_control.h
[14.797s] -- Symlinking: /home/rod/ros_ws/behaviorfleets/install/bf_msgs/include/bf_msgs/bf_msgs/msg/detail/mission_command__rosidl_typesupport_introspection_c.h
[14.817s] -- Symlinking: /home/rod/ros_ws/behaviorfleets/install/bf_msgs/include/bf_msgs/bf_msgs/msg/detail/mission_status__rosidl_typesupport_introspection_c.h
[14.833s] -- Symlinking: /home/rod/ros_ws/behaviorfleets/install/bf_msgs/include/bf_msgs/bf_msgs/msg/rosidl_typesupport_introspection_c__visibility_control.h
[14.850s] -- Symlinking: /home/rod/ros_ws/behaviorfleets/install/bf_msgs/include/bf_msgs/bf_msgs/msg/detail/mission_command__rosidl_typesupport_introspection_cpp.hpp
[14.869s] -- Symlinking: /home/rod/ros_ws/behaviorfleets/install/bf_msgs/include/bf_msgs/bf_msgs/msg/detail/mission_status__rosidl_typesupport_introspection_cpp.hpp
[14.885s] -- Symlinking: /home/rod/ros_ws/behaviorfleets/install/bf_msgs/share/bf_msgs/environment/pythonpath.sh
[14.901s] -- Symlinking: /home/rod/ros_ws/behaviorfleets/install/bf_msgs/share/bf_msgs/environment/pythonpath.dsv
[14.917s] -- Symlinking: /home/rod/ros_ws/behaviorfleets/install/bf_msgs/local/lib/python3.10/dist-packages/bf_msgs-0.2.0-py3.10.egg-info/PKG-INFO
[14.931s] -- Symlinking: /home/rod/ros_ws/behaviorfleets/install/bf_msgs/local/lib/python3.10/dist-packages/bf_msgs-0.2.0-py3.10.egg-info/SOURCES.txt
[14.947s] -- Symlinking: /home/rod/ros_ws/behaviorfleets/install/bf_msgs/local/lib/python3.10/dist-packages/bf_msgs-0.2.0-py3.10.egg-info/dependency_links.txt
[14.963s] -- Symlinking: /home/rod/ros_ws/behaviorfleets/install/bf_msgs/local/lib/python3.10/dist-packages/bf_msgs-0.2.0-py3.10.egg-info/top_level.txt
[14.981s] -- Symlinking: /home/rod/ros_ws/behaviorfleets/install/bf_msgs/local/lib/python3.10/dist-packages/bf_msgs/__init__.py
[14.996s] -- Symlinking: /home/rod/ros_ws/behaviorfleets/install/bf_msgs/local/lib/python3.10/dist-packages/bf_msgs/_bf_msgs_s.ep.rosidl_typesupport_c.c
[15.019s] -- Symlinking: /home/rod/ros_ws/behaviorfleets/install/bf_msgs/local/lib/python3.10/dist-packages/bf_msgs/_bf_msgs_s.ep.rosidl_typesupport_fastrtps_c.c
[15.036s] -- Symlinking: /home/rod/ros_ws/behaviorfleets/install/bf_msgs/local/lib/python3.10/dist-packages/bf_msgs/_bf_msgs_s.ep.rosidl_typesupport_introspection_c.c
[15.053s] -- Symlinking: /home/rod/ros_ws/behaviorfleets/install/bf_msgs/local/lib/python3.10/dist-packages/bf_msgs/bf_msgs_s__rosidl_typesupport_c.cpython-310-x86_64-linux-gnu.so
[15.087s] -- Symlinking: /home/rod/ros_ws/behaviorfleets/install/bf_msgs/local/lib/python3.10/dist-packages/bf_msgs/bf_msgs_s__rosidl_typesupport_fastrtps_c.cpython-310-x86_64-linux-gnu.so
[15.106s] -- Symlinking: /home/rod/ros_ws/behaviorfleets/install/bf_msgs/local/lib/python3.10/dist-packages/bf_msgs/bf_msgs_s__rosidl_typesupport_introspection_c.cpython-310-x86_64-linux-gnu.so
[15.136s] -- Symlinking: /home/rod/ros_ws/behaviorfleets/install/bf_msgs/local/lib/python3.10/dist-packages/bf_msgs/libbf_msgs__rosidl_generator_py.so
[15.155s] -- Symlinking: /home/rod/ros_ws/behaviorfleets/install/bf_msgs/local/lib/python3.10/dist-packages/bf_msgs/msg/__init__.py
[15.185s] -- Symlinking: /home/rod/ros_ws/behaviorfleets/install/bf_msgs/local/lib/python3.10/dist-packages/bf_msgs/msg/_mission_command.py
[15.202s] -- Symlinking: /home/rod/ros_ws/behaviorfleets/install/bf_msgs/local/lib/python3.10/dist-packages/bf_msgs/msg/_mission_command_s.c
[15.217s] -- Symlinking: /home/rod/ros_ws/behaviorfleets/install/bf_msgs/local/lib/python3.10/dist-packages/bf_msgs/msg/_mission_status.py
[15.232s] -- Symlinking: /home/rod/ros_ws/behaviorfleets/install/bf_msgs/local/lib/python3.10/dist-packages/bf_msgs/msg/_mission_status_s.c
[15.247s] -- Up-to-date symlink: /home/rod/ros_ws/behaviorfleets/install/bf_msgs/local/lib/python3.10/dist-packages/bf_msgs/bf_msgs_s__rosidl_typesupport_fastrtps_c.cpython-310-x86_64-linux-gnu.so
[15.248s] -- Up-to-date symlink: /home/rod/ros_ws/behaviorfleets/install/bf_msgs/local/lib/python3.10/dist-packages/bf_msgs/bf_msgs_s__rosidl_typesupport_introspection_c.cpython-310-x86_64-linux-gnu.so
[15.249s] -- Up-to-date symlink: /home/rod/ros_ws/behaviorfleets/install/bf_msgs/local/lib/python3.10/dist-packages/bf_msgs/bf_msgs_s__rosidl_typesupport_c.cpython-310-x86_64-linux-gnu.so
[15.251s] -- Symlinking: /home/rod/ros_ws/behaviorfleets/install/bf_msgs/share/bf_msgs/msg/MissionCommand.idl
[15.266s] -- Symlinking: /home/rod/ros_ws/behaviorfleets/install/bf_msgs/share/bf_msgs/msg/MissionStatus.idl
[15.281s] -- Symlinking: /home/rod/ros_ws/behaviorfleets/install/bf_msgs/share/bf_msgs/msg/MissionCommand.msg
[15.297s] -- Symlinking: /home/rod/ros_ws/behaviorfleets/install/bf_msgs/share/bf_msgs/msg/MissionStatus.msg
[15.312s] -- Symlinking: /home/rod/ros_ws/behaviorfleets/install/bf_msgs/share/ament_index/resource_index/package_run_dependencies/bf_msgs
[15.327s] -- Symlinking: /home/rod/ros_ws/behaviorfleets/install/bf_msgs/share/ament_index/resource_index/parent_prefix_path/bf_msgs
[15.341s] -- Symlinking: /home/rod/ros_ws/behaviorfleets/install/bf_msgs/share/bf_msgs/environment/ament_prefix_path.sh
[15.356s] -- Symlinking: /home/rod/ros_ws/behaviorfleets/install/bf_msgs/share/bf_msgs/environment/ament_prefix_path.dsv
[15.372s] -- Symlinking: /home/rod/ros_ws/behaviorfleets/install/bf_msgs/share/bf_msgs/environment/path.sh
[15.389s] -- Symlinking: /home/rod/ros_ws/behaviorfleets/install/bf_msgs/share/bf_msgs/environment/path.dsv
[15.405s] -- Symlinking: /home/rod/ros_ws/behaviorfleets/install/bf_msgs/share/bf_msgs/local_setup.bash
[15.421s] -- Symlinking: /home/rod/ros_ws/behaviorfleets/install/bf_msgs/share/bf_msgs/local_setup.sh
[15.437s] -- Symlinking: /home/rod/ros_ws/behaviorfleets/install/bf_msgs/share/bf_msgs/local_setup.zsh
[15.452s] -- Symlinking: /home/rod/ros_ws/behaviorfleets/install/bf_msgs/share/bf_msgs/local_setup.dsv
[15.471s] -- Symlinking: /home/rod/ros_ws/behaviorfleets/install/bf_msgs/share/bf_msgs/package.dsv
[15.487s] -- Symlinking: /home/rod/ros_ws/behaviorfleets/install/bf_msgs/share/ament_index/resource_index/packages/bf_msgs
[15.505s] -- Symlinking: /home/rod/ros_ws/behaviorfleets/install/bf_msgs/share/bf_msgs/cmake/rosidl_cmake-extras.cmake
[15.521s] -- Symlinking: /home/rod/ros_ws/behaviorfleets/install/bf_msgs/share/bf_msgs/cmake/ament_cmake_export_dependencies-extras.cmake
[15.539s] -- Symlinking: /home/rod/ros_ws/behaviorfleets/install/bf_msgs/share/bf_msgs/cmake/ament_cmake_export_include_directories-extras.cmake
[15.560s] -- Symlinking: /home/rod/ros_ws/behaviorfleets/install/bf_msgs/share/bf_msgs/cmake/ament_cmake_export_libraries-extras.cmake
[15.577s] -- Symlinking: /home/rod/ros_ws/behaviorfleets/install/bf_msgs/share/bf_msgs/cmake/ament_cmake_export_targets-extras.cmake
[15.593s] -- Symlinking: /home/rod/ros_ws/behaviorfleets/install/bf_msgs/share/bf_msgs/cmake/rosidl_cmake_export_typesupport_targets-extras.cmake
[15.608s] -- Symlinking: /home/rod/ros_ws/behaviorfleets/install/bf_msgs/share/bf_msgs/cmake/rosidl_cmake_export_typesupport_libraries-extras.cmake
[15.623s] -- Symlinking: /home/rod/ros_ws/behaviorfleets/install/bf_msgs/share/bf_msgs/cmake/bf_msgsConfig.cmake
[15.639s] -- Symlinking: /home/rod/ros_ws/behaviorfleets/install/bf_msgs/share/bf_msgs/cmake/bf_msgsConfig-version.cmake
[15.655s] -- Symlinking: /home/rod/ros_ws/behaviorfleets/install/bf_msgs/share/bf_msgs/package.xml
[15.670s] -- Installing: /home/rod/ros_ws/behaviorfleets/install/bf_msgs/lib/libbf_msgs__rosidl_generator_c.so
[15.674s] -- Set runtime path of "/home/rod/ros_ws/behaviorfleets/install/bf_msgs/lib/libbf_msgs__rosidl_generator_c.so" to ""
[15.675s] -- Installing: /home/rod/ros_ws/behaviorfleets/install/bf_msgs/lib/libbf_msgs__rosidl_typesupport_fastrtps_c.so
[15.679s] -- Set runtime path of "/home/rod/ros_ws/behaviorfleets/install/bf_msgs/lib/libbf_msgs__rosidl_typesupport_fastrtps_c.so" to ""
[15.680s] -- Installing: /home/rod/ros_ws/behaviorfleets/install/bf_msgs/lib/libbf_msgs__rosidl_typesupport_fastrtps_cpp.so
[15.684s] -- Set runtime path of "/home/rod/ros_ws/behaviorfleets/install/bf_msgs/lib/libbf_msgs__rosidl_typesupport_fastrtps_cpp.so" to ""
[15.685s] -- Installing: /home/rod/ros_ws/behaviorfleets/install/bf_msgs/lib/libbf_msgs__rosidl_typesupport_introspection_c.so
[15.690s] -- Set runtime path of "/home/rod/ros_ws/behaviorfleets/install/bf_msgs/lib/libbf_msgs__rosidl_typesupport_introspection_c.so" to ""
[15.690s] -- Installing: /home/rod/ros_ws/behaviorfleets/install/bf_msgs/lib/libbf_msgs__rosidl_typesupport_c.so
[15.694s] -- Set runtime path of "/home/rod/ros_ws/behaviorfleets/install/bf_msgs/lib/libbf_msgs__rosidl_typesupport_c.so" to ""
[15.694s] -- Installing: /home/rod/ros_ws/behaviorfleets/install/bf_msgs/lib/libbf_msgs__rosidl_typesupport_introspection_cpp.so
[15.698s] -- Set runtime path of "/home/rod/ros_ws/behaviorfleets/install/bf_msgs/lib/libbf_msgs__rosidl_typesupport_introspection_cpp.so" to ""
[15.699s] -- Installing: /home/rod/ros_ws/behaviorfleets/install/bf_msgs/lib/libbf_msgs__rosidl_typesupport_cpp.so
[15.702s] -- Set runtime path of "/home/rod/ros_ws/behaviorfleets/install/bf_msgs/lib/libbf_msgs__rosidl_typesupport_cpp.so" to ""
[15.793s] Listing '/home/rod/ros_ws/behaviorfleets/install/bf_msgs/local/lib/python3.10/dist-packages/bf_msgs'...
[15.794s] Compiling '/home/rod/ros_ws/behaviorfleets/install/bf_msgs/local/lib/python3.10/dist-packages/bf_msgs/__init__.py'...
[15.794s] Listing '/home/rod/ros_ws/behaviorfleets/install/bf_msgs/local/lib/python3.10/dist-packages/bf_msgs/msg'...
[15.794s] Compiling '/home/rod/ros_ws/behaviorfleets/install/bf_msgs/local/lib/python3.10/dist-packages/bf_msgs/msg/__init__.py'...
[15.794s] Compiling '/home/rod/ros_ws/behaviorfleets/install/bf_msgs/local/lib/python3.10/dist-packages/bf_msgs/msg/_mission_command.py'...
[15.794s] Compiling '/home/rod/ros_ws/behaviorfleets/install/bf_msgs/local/lib/python3.10/dist-packages/bf_msgs/msg/_mission_status.py'...
[15.805s] -- Installing: /home/rod/ros_ws/behaviorfleets/install/bf_msgs/lib/libbf_msgs__rosidl_generator_py.so
[15.809s] -- Set runtime path of "/home/rod/ros_ws/behaviorfleets/install/bf_msgs/lib/libbf_msgs__rosidl_generator_py.so" to ""
[15.809s] -- Installing: /home/rod/ros_ws/behaviorfleets/install/bf_msgs/share/bf_msgs/cmake/export_bf_msgs__rosidl_generator_cExport.cmake
[15.809s] -- Installing: /home/rod/ros_ws/behaviorfleets/install/bf_msgs/share/bf_msgs/cmake/export_bf_msgs__rosidl_generator_cExport-noconfig.cmake
[15.810s] -- Installing: /home/rod/ros_ws/behaviorfleets/install/bf_msgs/share/bf_msgs/cmake/export_bf_msgs__rosidl_typesupport_fastrtps_cExport.cmake
[15.810s] -- Installing: /home/rod/ros_ws/behaviorfleets/install/bf_msgs/share/bf_msgs/cmake/export_bf_msgs__rosidl_typesupport_fastrtps_cExport-noconfig.cmake
[15.810s] -- Installing: /home/rod/ros_ws/behaviorfleets/install/bf_msgs/share/bf_msgs/cmake/export_bf_msgs__rosidl_generator_cppExport.cmake
[15.811s] -- Installing: /home/rod/ros_ws/behaviorfleets/install/bf_msgs/share/bf_msgs/cmake/export_bf_msgs__rosidl_typesupport_fastrtps_cppExport.cmake
[15.811s] -- Installing: /home/rod/ros_ws/behaviorfleets/install/bf_msgs/share/bf_msgs/cmake/export_bf_msgs__rosidl_typesupport_fastrtps_cppExport-noconfig.cmake
[15.812s] -- Installing: /home/rod/ros_ws/behaviorfleets/install/bf_msgs/share/bf_msgs/cmake/bf_msgs__rosidl_typesupport_introspection_cExport.cmake
[15.812s] -- Installing: /home/rod/ros_ws/behaviorfleets/install/bf_msgs/share/bf_msgs/cmake/bf_msgs__rosidl_typesupport_introspection_cExport-noconfig.cmake
[15.812s] -- Installing: /home/rod/ros_ws/behaviorfleets/install/bf_msgs/share/bf_msgs/cmake/bf_msgs__rosidl_typesupport_cExport.cmake
[15.812s] -- Installing: /home/rod/ros_ws/behaviorfleets/install/bf_msgs/share/bf_msgs/cmake/bf_msgs__rosidl_typesupport_cExport-noconfig.cmake
[15.813s] -- Installing: /home/rod/ros_ws/behaviorfleets/install/bf_msgs/share/bf_msgs/cmake/bf_msgs__rosidl_typesupport_introspection_cppExport.cmake
[15.813s] -- Installing: /home/rod/ros_ws/behaviorfleets/install/bf_msgs/share/bf_msgs/cmake/bf_msgs__rosidl_typesupport_introspection_cppExport-noconfig.cmake
[15.813s] -- Installing: /home/rod/ros_ws/behaviorfleets/install/bf_msgs/share/bf_msgs/cmake/bf_msgs__rosidl_typesupport_cppExport.cmake
[15.814s] -- Installing: /home/rod/ros_ws/behaviorfleets/install/bf_msgs/share/bf_msgs/cmake/bf_msgs__rosidl_typesupport_cppExport-noconfig.cmake
[15.814s] -- Installing: /home/rod/ros_ws/behaviorfleets/install/bf_msgs/share/bf_msgs/cmake/export_bf_msgs__rosidl_generator_pyExport.cmake
[15.814s] -- Installing: /home/rod/ros_ws/behaviorfleets/install/bf_msgs/share/bf_msgs/cmake/export_bf_msgs__rosidl_generator_pyExport-noconfig.cmake
[15.827s] Invoked command in '/home/rod/ros_ws/behaviorfleets/build/bf_msgs' returned '0': CMAKE_PREFIX_PATH=/opt/ros/humble /usr/bin/cmake --install /home/rod/ros_ws/behaviorfleets/build/bf_msgs
