[0.015s] Invoking command in '/home/rod/ros_ws/behaviorfleets/build/behaviorfleets': AMENT_PREFIX_PATH=/home/rod/ros_ws/behaviorfleets/install/bf_msgs:/home/rod/ros_ws/behaviorfleets/install/behaviortree_cpp:${AMENT_PREFIX_PATH} CMAKE_PREFIX_PATH=/home/rod/ros_ws/behaviorfleets/install/bf_msgs:/home/rod/ros_ws/behaviorfleets/install/behaviortree_cpp:/opt/ros/humble LD_LIBRARY_PATH=/home/rod/ros_ws/behaviorfleets/install/bf_msgs/lib:/home/rod/ros_ws/behaviorfleets/install/behaviortree_cpp/lib:/usr/lib/x86_64-linux-gnu/gazebo-11/plugins:/opt/ros/humble/opt/rviz_ogre_vendor/lib:/opt/ros/humble/lib/x86_64-linux-gnu:/opt/ros/humble/lib:/usr/share/gazebo/../../lib/x86_64-linux-gnu/gazebo-11/plugins PATH=/home/rod/ros_ws/behaviorfleets/install/behaviortree_cpp/bin:${PATH} PYTHONPATH=/home/rod/ros_ws/behaviorfleets/install/bf_msgs/local/lib/python3.10/dist-packages:${PYTHONPATH} /usr/bin/cmake --build /home/rod/ros_ws/behaviorfleets/build/behaviorfleets -- -j8 -l8
[0.034s] -- Found ament_cmake: 1.3.3 (/opt/ros/humble/share/ament_cmake/cmake)
[0.167s] -- Override CMake install command with custom implementation using symlinks instead of copying resources
[0.174s] -- Found rclcpp: 16.0.3 (/opt/ros/humble/share/rclcpp/cmake)
[0.205s] -- Found rosidl_generator_c: 3.1.4 (/opt/ros/humble/share/rosidl_generator_c/cmake)
[0.207s] -- Found rosidl_adapter: 3.1.4 (/opt/ros/humble/share/rosidl_adapter/cmake)
[0.213s] -- Found rosidl_generator_cpp: 3.1.4 (/opt/ros/humble/share/rosidl_generator_cpp/cmake)
[0.225s] -- Using all available rosidl_typesupport_c: rosidl_typesupport_fastrtps_c;rosidl_typesupport_introspection_c
[0.240s] -- Using all available rosidl_typesupport_cpp: rosidl_typesupport_fastrtps_cpp;rosidl_typesupport_introspection_cpp
[0.297s] -- Found rmw_implementation_cmake: 6.1.1 (/opt/ros/humble/share/rmw_implementation_cmake/cmake)
[0.298s] -- Found rmw_fastrtps_cpp: 6.2.2 (/opt/ros/humble/share/rmw_fastrtps_cpp/cmake)
[0.416s] -- Using RMW implementation 'rmw_fastrtps_cpp' as default
[0.579s] -- Found behaviortree_cpp: 4.1.1 (/home/rod/ros_ws/behaviorfleets/install/behaviortree_cpp/share/behaviortree_cpp/cmake)
[0.581s] -- Found bf_msgs: 0.2.0 (/home/rod/ros_ws/behaviorfleets/install/bf_msgs/share/bf_msgs/cmake)
[0.679s] -- Configuring done
[0.687s] -- Generating done
[0.689s] -- Build files have been written to: /home/rod/ros_ws/behaviorfleets/build/behaviorfleets
[0.710s] [35m[1mConsolidate compiler generated dependencies of target delegation_node[0m
[0.728s] [ 50%] [32mBuilding CXX object CMakeFiles/delegation_node.dir/src/DelegationNode.cpp.o[0m
[10.262s] [100%] [32m[1mLinking CXX shared library libdelegation_node.so[0m
[10.849s] [100%] Built target delegation_node
[10.860s] Invoked command in '/home/rod/ros_ws/behaviorfleets/build/behaviorfleets' returned '0': AMENT_PREFIX_PATH=/home/rod/ros_ws/behaviorfleets/install/bf_msgs:/home/rod/ros_ws/behaviorfleets/install/behaviortree_cpp:${AMENT_PREFIX_PATH} CMAKE_PREFIX_PATH=/home/rod/ros_ws/behaviorfleets/install/bf_msgs:/home/rod/ros_ws/behaviorfleets/install/behaviortree_cpp:/opt/ros/humble LD_LIBRARY_PATH=/home/rod/ros_ws/behaviorfleets/install/bf_msgs/lib:/home/rod/ros_ws/behaviorfleets/install/behaviortree_cpp/lib:/usr/lib/x86_64-linux-gnu/gazebo-11/plugins:/opt/ros/humble/opt/rviz_ogre_vendor/lib:/opt/ros/humble/lib/x86_64-linux-gnu:/opt/ros/humble/lib:/usr/share/gazebo/../../lib/x86_64-linux-gnu/gazebo-11/plugins PATH=/home/rod/ros_ws/behaviorfleets/install/behaviortree_cpp/bin:${PATH} PYTHONPATH=/home/rod/ros_ws/behaviorfleets/install/bf_msgs/local/lib/python3.10/dist-packages:${PYTHONPATH} /usr/bin/cmake --build /home/rod/ros_ws/behaviorfleets/build/behaviorfleets -- -j8 -l8
[10.888s] Invoking command in '/home/rod/ros_ws/behaviorfleets/build/behaviorfleets': AMENT_PREFIX_PATH=/home/rod/ros_ws/behaviorfleets/install/bf_msgs:/home/rod/ros_ws/behaviorfleets/install/behaviortree_cpp:${AMENT_PREFIX_PATH} CMAKE_PREFIX_PATH=/home/rod/ros_ws/behaviorfleets/install/bf_msgs:/home/rod/ros_ws/behaviorfleets/install/behaviortree_cpp:/opt/ros/humble LD_LIBRARY_PATH=/home/rod/ros_ws/behaviorfleets/install/bf_msgs/lib:/home/rod/ros_ws/behaviorfleets/install/behaviortree_cpp/lib:/usr/lib/x86_64-linux-gnu/gazebo-11/plugins:/opt/ros/humble/opt/rviz_ogre_vendor/lib:/opt/ros/humble/lib/x86_64-linux-gnu:/opt/ros/humble/lib:/usr/share/gazebo/../../lib/x86_64-linux-gnu/gazebo-11/plugins PATH=/home/rod/ros_ws/behaviorfleets/install/behaviortree_cpp/bin:${PATH} PYTHONPATH=/home/rod/ros_ws/behaviorfleets/install/bf_msgs/local/lib/python3.10/dist-packages:${PYTHONPATH} /usr/bin/cmake --install /home/rod/ros_ws/behaviorfleets/build/behaviorfleets
[10.894s] -- Install configuration: ""
[10.894s] -- Execute custom install script
[10.895s] -- Up-to-date symlink: /home/rod/ros_ws/behaviorfleets/install/behaviorfleets/lib/libdelegation_node.so
[10.895s] -- Up-to-date symlink: /home/rod/ros_ws/behaviorfleets/install/behaviorfleets/include//DelegationNode.hpp
[10.895s] -- Up-to-date symlink: /home/rod/ros_ws/behaviorfleets/install/behaviorfleets/share/ament_index/resource_index/package_run_dependencies/behaviorfleets
[10.895s] -- Up-to-date symlink: /home/rod/ros_ws/behaviorfleets/install/behaviorfleets/share/ament_index/resource_index/parent_prefix_path/behaviorfleets
[10.895s] -- Up-to-date symlink: /home/rod/ros_ws/behaviorfleets/install/behaviorfleets/share/behaviorfleets/environment/ament_prefix_path.sh
[10.896s] -- Up-to-date symlink: /home/rod/ros_ws/behaviorfleets/install/behaviorfleets/share/behaviorfleets/environment/ament_prefix_path.dsv
[10.896s] -- Up-to-date symlink: /home/rod/ros_ws/behaviorfleets/install/behaviorfleets/share/behaviorfleets/environment/path.sh
[10.896s] -- Up-to-date symlink: /home/rod/ros_ws/behaviorfleets/install/behaviorfleets/share/behaviorfleets/environment/path.dsv
[10.896s] -- Up-to-date symlink: /home/rod/ros_ws/behaviorfleets/install/behaviorfleets/share/behaviorfleets/local_setup.bash
[10.896s] -- Up-to-date symlink: /home/rod/ros_ws/behaviorfleets/install/behaviorfleets/share/behaviorfleets/local_setup.sh
[10.896s] -- Up-to-date symlink: /home/rod/ros_ws/behaviorfleets/install/behaviorfleets/share/behaviorfleets/local_setup.zsh
[10.896s] -- Up-to-date symlink: /home/rod/ros_ws/behaviorfleets/install/behaviorfleets/share/behaviorfleets/local_setup.dsv
[10.897s] -- Symlinking: /home/rod/ros_ws/behaviorfleets/install/behaviorfleets/share/behaviorfleets/package.dsv
[10.904s] -- Up-to-date symlink: /home/rod/ros_ws/behaviorfleets/install/behaviorfleets/share/ament_index/resource_index/packages/behaviorfleets
[10.904s] -- Up-to-date symlink: /home/rod/ros_ws/behaviorfleets/install/behaviorfleets/share/behaviorfleets/cmake/ament_cmake_export_include_directories-extras.cmake
[10.904s] -- Up-to-date symlink: /home/rod/ros_ws/behaviorfleets/install/behaviorfleets/share/behaviorfleets/cmake/ament_cmake_export_dependencies-extras.cmake
[10.904s] -- Up-to-date symlink: /home/rod/ros_ws/behaviorfleets/install/behaviorfleets/share/behaviorfleets/cmake/behaviorfleetsConfig.cmake
[10.904s] -- Up-to-date symlink: /home/rod/ros_ws/behaviorfleets/install/behaviorfleets/share/behaviorfleets/cmake/behaviorfleetsConfig-version.cmake
[10.905s] -- Up-to-date symlink: /home/rod/ros_ws/behaviorfleets/install/behaviorfleets/share/behaviorfleets/package.xml
[10.906s] Invoked command in '/home/rod/ros_ws/behaviorfleets/build/behaviorfleets' returned '0': AMENT_PREFIX_PATH=/home/rod/ros_ws/behaviorfleets/install/bf_msgs:/home/rod/ros_ws/behaviorfleets/install/behaviortree_cpp:${AMENT_PREFIX_PATH} CMAKE_PREFIX_PATH=/home/rod/ros_ws/behaviorfleets/install/bf_msgs:/home/rod/ros_ws/behaviorfleets/install/behaviortree_cpp:/opt/ros/humble LD_LIBRARY_PATH=/home/rod/ros_ws/behaviorfleets/install/bf_msgs/lib:/home/rod/ros_ws/behaviorfleets/install/behaviortree_cpp/lib:/usr/lib/x86_64-linux-gnu/gazebo-11/plugins:/opt/ros/humble/opt/rviz_ogre_vendor/lib:/opt/ros/humble/lib/x86_64-linux-gnu:/opt/ros/humble/lib:/usr/share/gazebo/../../lib/x86_64-linux-gnu/gazebo-11/plugins PATH=/home/rod/ros_ws/behaviorfleets/install/behaviortree_cpp/bin:${PATH} PYTHONPATH=/home/rod/ros_ws/behaviorfleets/install/bf_msgs/local/lib/python3.10/dist-packages:${PYTHONPATH} /usr/bin/cmake --install /home/rod/ros_ws/behaviorfleets/build/behaviorfleets
