[0.017s] Invoking command in '/home/rod/ros_ws/behaviorfleets/build/bt4_bumpgo': AMENT_PREFIX_PATH=/home/rod/ros_ws/behaviorfleets/install/bf_msgs:/home/rod/ros_ws/behaviorfleets/install/behaviortree_cpp:${AMENT_PREFIX_PATH} CMAKE_PREFIX_PATH=/home/rod/ros_ws/behaviorfleets/install/bf_msgs:/home/rod/ros_ws/behaviorfleets/install/behaviortree_cpp:/opt/ros/humble LD_LIBRARY_PATH=/home/rod/ros_ws/behaviorfleets/install/bf_msgs/lib:/home/rod/ros_ws/behaviorfleets/install/behaviortree_cpp/lib:/usr/lib/x86_64-linux-gnu/gazebo-11/plugins:/opt/ros/humble/opt/rviz_ogre_vendor/lib:/opt/ros/humble/lib/x86_64-linux-gnu:/opt/ros/humble/lib:/usr/share/gazebo/../../lib/x86_64-linux-gnu/gazebo-11/plugins PATH=/home/rod/ros_ws/behaviorfleets/install/behaviortree_cpp/bin:${PATH} PYTHONPATH=/home/rod/ros_ws/behaviorfleets/install/bf_msgs/local/lib/python3.10/dist-packages:${PYTHONPATH} /usr/bin/cmake --build /home/rod/ros_ws/behaviorfleets/build/bt4_bumpgo -- -j8 -l8
[0.056s] [35m[1mConsolidate compiler generated dependencies of target delegation_node[0m
[0.068s] [ 20%] Built target gtest_main
[0.068s] [ 20%] Built target gtest
[0.072s] [ 40%] Built target forward_node
[0.072s] [ 40%] Built target bt4_bumpgo
[0.073s] [ 60%] Built target back_node
[0.073s] [ 60%] Built target is_obstacle_node
[0.079s] [ 70%] Built target turn_node
[0.079s] [ 75%] [32mBuilding CXX object CMakeFiles/delegation_node.dir/src/bt4_bumpgo/DelegationNode.cpp.o[0m
[0.092s] [ 85%] Built target bt_forward
[0.097s] [ 95%] Built target bt_action_test
[2.620s] In file included from [01m[K/home/rod/ros_ws/behaviorfleets/src/bt4_bumpgo/src/bt4_bumpgo/DelegationNode.cpp:5[m[K:
[2.621s] [01m[K/home/rod/ros_ws/behaviorfleets/src/bt4_bumpgo/include/bt4_bumpgo/DelegationNode.hpp:30:30:[m[K [01;31m[Kerror: [m[K‘[01m[Kstd_msgs[m[K’ has not been declared
[2.621s]    30 |   void child_status_callback([01;31m[Kstd_msgs[m[K::msg::String::UniquePtr msg);
[2.621s]       |                              [01;31m[K^~~~~~~~[m[K
[2.621s] [01m[K/home/rod/ros_ws/behaviorfleets/src/bt4_bumpgo/include/bt4_bumpgo/DelegationNode.hpp:30:63:[m[K [01;31m[Kerror: [m[Kexpected ‘[01m[K,[m[K’ or ‘[01m[K...[m[K’ before ‘[01m[Kmsg[m[K’
[2.621s]    30 |   void child_status_callback(std_msgs::msg::String::UniquePtr [01;31m[Kmsg[m[K);
[2.621s]       |                                                               [01;31m[K^~~[m[K
[2.670s] [01m[K/home/rod/ros_ws/behaviorfleets/src/bt4_bumpgo/include/bt4_bumpgo/DelegationNode.hpp:38:3:[m[K [01;31m[Kerror: [m[K‘[01m[Kstd_msgs[m[K’ does not name a type
[2.670s]    38 |   [01;31m[Kstd_msgs[m[K::msg::String::UniquePtr child_status_;
[2.670s]       |   [01;31m[K^~~~~~~~[m[K
[2.673s] [01m[K/home/rod/ros_ws/behaviorfleets/src/bt4_bumpgo/src/bt4_bumpgo/DelegationNode.cpp:14:63:[m[K [01;31m[Kerror: [m[K‘[01m[KNodeConfig[m[K’ does not name a type
[2.673s]    14 | DelegationNode::DelegationNode(const std::string &name, const [01;31m[KNodeConfig[m[K &config) :
[2.673s]       |                                                               [01;31m[K^~~~~~~~~~[m[K
[2.673s] [01m[K/home/rod/ros_ws/behaviorfleets/src/bt4_bumpgo/src/bt4_bumpgo/DelegationNode.cpp:14:1:[m[K [01;31m[Kerror: [m[Kno declaration matches ‘[01m[Kbt4_bumpgo::DelegationNode::DelegationNode(const string&, const int&)[m[K’
[2.673s]    14 | [01;31m[KDelegationNode[m[K::DelegationNode(const std::string &name, const NodeConfig &config) :
[2.674s]       | [01;31m[K^~~~~~~~~~~~~~[m[K
[2.674s] In file included from [01m[K/home/rod/ros_ws/behaviorfleets/src/bt4_bumpgo/src/bt4_bumpgo/DelegationNode.cpp:5[m[K:
[2.674s] [01m[K/home/rod/ros_ws/behaviorfleets/src/bt4_bumpgo/include/bt4_bumpgo/DelegationNode.hpp:17:7:[m[K [01;36m[Knote: [m[Kcandidates are: ‘[01m[Kbt4_bumpgo::DelegationNode::DelegationNode(const bt4_bumpgo::DelegationNode&)[m[K’
[2.674s]    17 | class [01;36m[KDelegationNode[m[K : public BT::DecoratorNode
[2.674s]       |       [01;36m[K^~~~~~~~~~~~~~[m[K
[2.674s] [01m[K/home/rod/ros_ws/behaviorfleets/src/bt4_bumpgo/include/bt4_bumpgo/DelegationNode.hpp:21:3:[m[K [01;36m[Knote: [m[K                ‘[01m[Kbt4_bumpgo::DelegationNode::DelegationNode(const string&, const BT::NodeConfig&)[m[K’
[2.674s]    21 |   [01;36m[KDelegationNode[m[K(const std::string& name, const BT::NodeConfig& config);
[2.674s]       |   [01;36m[K^~~~~~~~~~~~~~[m[K
[2.674s] [01m[K/home/rod/ros_ws/behaviorfleets/src/bt4_bumpgo/include/bt4_bumpgo/DelegationNode.hpp:17:7:[m[K [01;36m[Knote: [m[K‘[01m[Kclass bt4_bumpgo::DelegationNode[m[K’ defined here
[2.675s]    17 | class [01;36m[KDelegationNode[m[K : public BT::DecoratorNode
[2.675s]       |       [01;36m[K^~~~~~~~~~~~~~[m[K
[2.675s] [01m[K/home/rod/ros_ws/behaviorfleets/src/bt4_bumpgo/src/bt4_bumpgo/DelegationNode.cpp:28:1:[m[K [01;31m[Kerror: [m[Kno declaration matches ‘[01m[Kvoid bt4_bumpgo::DelegationNode::child_status_callback(bf_msgs::msg::MissionStatus_<std::allocator<void> >::UniquePtr)[m[K’
[2.675s]    28 | [01;31m[KDelegationNode[m[K::child_status_callback(bf_msgs::msg::MissionStatus::UniquePtr msg)
[2.675s]       | [01;31m[K^~~~~~~~~~~~~~[m[K
[2.676s] In file included from [01m[K/home/rod/ros_ws/behaviorfleets/src/bt4_bumpgo/src/bt4_bumpgo/DelegationNode.cpp:5[m[K:
[2.676s] [01m[K/home/rod/ros_ws/behaviorfleets/src/bt4_bumpgo/include/bt4_bumpgo/DelegationNode.hpp:30:8:[m[K [01;36m[Knote: [m[Kcandidate is: ‘[01m[Kvoid bt4_bumpgo::DelegationNode::child_status_callback(int)[m[K’
[2.676s]    30 |   void [01;36m[Kchild_status_callback[m[K(std_msgs::msg::String::UniquePtr msg);
[2.676s]       |        [01;36m[K^~~~~~~~~~~~~~~~~~~~~[m[K
[2.676s] [01m[K/home/rod/ros_ws/behaviorfleets/src/bt4_bumpgo/include/bt4_bumpgo/DelegationNode.hpp:17:7:[m[K [01;36m[Knote: [m[K‘[01m[Kclass bt4_bumpgo::DelegationNode[m[K’ defined here
[2.676s]    17 | class [01;36m[KDelegationNode[m[K : public BT::DecoratorNode
[2.676s]       |       [01;36m[K^~~~~~~~~~~~~~[m[K
[3.758s] gmake[2]: *** [CMakeFiles/delegation_node.dir/build.make:76: CMakeFiles/delegation_node.dir/src/bt4_bumpgo/DelegationNode.cpp.o] Error 1
[3.758s] gmake[1]: *** [CMakeFiles/Makefile2:288: CMakeFiles/delegation_node.dir/all] Error 2
[3.759s] gmake: *** [Makefile:146: all] Error 2
[3.760s] Invoked command in '/home/rod/ros_ws/behaviorfleets/build/bt4_bumpgo' returned '2': AMENT_PREFIX_PATH=/home/rod/ros_ws/behaviorfleets/install/bf_msgs:/home/rod/ros_ws/behaviorfleets/install/behaviortree_cpp:${AMENT_PREFIX_PATH} CMAKE_PREFIX_PATH=/home/rod/ros_ws/behaviorfleets/install/bf_msgs:/home/rod/ros_ws/behaviorfleets/install/behaviortree_cpp:/opt/ros/humble LD_LIBRARY_PATH=/home/rod/ros_ws/behaviorfleets/install/bf_msgs/lib:/home/rod/ros_ws/behaviorfleets/install/behaviortree_cpp/lib:/usr/lib/x86_64-linux-gnu/gazebo-11/plugins:/opt/ros/humble/opt/rviz_ogre_vendor/lib:/opt/ros/humble/lib/x86_64-linux-gnu:/opt/ros/humble/lib:/usr/share/gazebo/../../lib/x86_64-linux-gnu/gazebo-11/plugins PATH=/home/rod/ros_ws/behaviorfleets/install/behaviortree_cpp/bin:${PATH} PYTHONPATH=/home/rod/ros_ws/behaviorfleets/install/bf_msgs/local/lib/python3.10/dist-packages:${PYTHONPATH} /usr/bin/cmake --build /home/rod/ros_ws/behaviorfleets/build/bt4_bumpgo -- -j8 -l8
