[35m[1mConsolidate compiler generated dependencies of target bf_example[0m
[ 33%] [32mBuilding CXX object CMakeFiles/bf_example.dir/src/Test.cpp.o[0m
[01m[K/home/rod/ros_ws/behaviorfleets/src/bf_example/src/Test.cpp:[m[K In function ‘[01m[Kvoid bf_example::mission_callback(bf_msgs::msg::MissionCommand_<std::allocator<void> >::UniquePtr)[m[K’:
[01m[K/home/rod/ros_ws/behaviorfleets/src/bf_example/src/Test.cpp:41:12:[m[K [01;35m[Kwarning: [m[Kignoring return value of ‘[01m[Kconstexpr typename std::remove_reference<_Tp>::type&& std::move(_Tp&&) [with _Tp = std::unique_ptr<bf_msgs::msg::MissionCommand_<std::allocator<void> >, std::default_delete<bf_msgs::msg::MissionCommand_<std::allocator<void> > > >&; typename std::remove_reference<_Tp>::type = std::unique_ptr<bf_msgs::msg::MissionCommand_<std::allocator<void> >, std::default_delete<bf_msgs::msg::MissionCommand_<std::allocator<void> > > >][m[K’, declared with attribute ‘[01m[Knodiscard[m[K’ [[01;35m[K]8;;https://gcc.gnu.org/onlinedocs/gcc/Warning-Options.html#index-Wunused-result-Wunused-result]8;;[m[K]
   41 |   [01;35m[Kstd::move(msg)[m[K;
      |   [01;35m[K~~~~~~~~~^~~~~[m[K
In file included from [01m[K/usr/include/c++/11/bits/stl_pair.h:59[m[K,
                 from [01m[K/usr/include/c++/11/bits/stl_algobase.h:64[m[K,
                 from [01m[K/usr/include/c++/11/bits/char_traits.h:39[m[K,
                 from [01m[K/usr/include/c++/11/string:40[m[K,
                 from [01m[K/home/rod/ros_ws/behaviorfleets/src/bf_example/src/Test.cpp:15[m[K:
[01m[K/usr/include/c++/11/bits/move.h:104:5:[m[K [01;36m[Knote: [m[Kdeclared here
  104 |     [01;36m[Kmove[m[K(_Tp&& __t) noexcept
      |     [01;36m[K^~~~[m[K
[ 66%] [32m[1mLinking CXX executable bf_example[0m
/usr/bin/ld: CMakeFiles/bf_example.dir/src/Test.cpp.o: in function `bf_example::Test::Test()':
Test.cpp:(.text+0x21e): undefined reference to `bf_example::Test::mission_callback(std::unique_ptr<bf_msgs::msg::MissionCommand_<std::allocator<void> >, std::default_delete<bf_msgs::msg::MissionCommand_<std::allocator<void> > > >)'
collect2: error: ld returned 1 exit status
gmake[2]: *** [CMakeFiles/bf_example.dir/build.make:187: bf_example] Error 1
gmake[1]: *** [CMakeFiles/Makefile2:137: CMakeFiles/bf_example.dir/all] Error 2
gmake: *** [Makefile:146: all] Error 2
