[0.017s] Invoking command in '/home/rod/ros_ws/behaviorfleets/build/bf_example': AMENT_PREFIX_PATH=/home/rod/ros_ws/behaviorfleets/install/behaviorfleets:/home/rod/ros_ws/behaviorfleets/install/bf_msgs:/home/rod/ros_ws/behaviorfleets/install/behaviortree_cpp:${AMENT_PREFIX_PATH} CMAKE_PREFIX_PATH=/home/rod/ros_ws/behaviorfleets/install/behaviorfleets:/home/rod/ros_ws/behaviorfleets/install/bf_msgs:/home/rod/ros_ws/behaviorfleets/install/behaviortree_cpp:/opt/ros/humble LD_LIBRARY_PATH=/home/rod/ros_ws/behaviorfleets/install/behaviorfleets/lib:/home/rod/ros_ws/behaviorfleets/install/bf_msgs/lib:/home/rod/ros_ws/behaviorfleets/install/behaviortree_cpp/lib:/usr/lib/x86_64-linux-gnu/gazebo-11/plugins:/opt/ros/humble/opt/rviz_ogre_vendor/lib:/opt/ros/humble/lib/x86_64-linux-gnu:/opt/ros/humble/lib:/usr/share/gazebo/../../lib/x86_64-linux-gnu/gazebo-11/plugins PATH=/home/rod/ros_ws/behaviorfleets/install/behaviortree_cpp/bin:${PATH} PYTHONPATH=/home/rod/ros_ws/behaviorfleets/install/bf_msgs/local/lib/python3.10/dist-packages:${PYTHONPATH} /usr/bin/cmake --build /home/rod/ros_ws/behaviorfleets/build/bf_example -- -j8 -l8
[0.056s] [35m[1mConsolidate compiler generated dependencies of target bf_example[0m
[0.074s] [ 33%] [32mBuilding CXX object CMakeFiles/bf_example.dir/src/Test.cpp.o[0m
[2.586s] [01m[K/home/rod/ros_ws/behaviorfleets/src/bf_example/src/Test.cpp:[m[K In function ‘[01m[Kvoid bf_example::mission_callback(bf_msgs::msg::MissionCommand_<std::allocator<void> >::UniquePtr)[m[K’:
[2.586s] [01m[K/home/rod/ros_ws/behaviorfleets/src/bf_example/src/Test.cpp:41:12:[m[K [01;35m[Kwarning: [m[Kignoring return value of ‘[01m[Kconstexpr typename std::remove_reference<_Tp>::type&& std::move(_Tp&&) [with _Tp = std::unique_ptr<bf_msgs::msg::MissionCommand_<std::allocator<void> >, std::default_delete<bf_msgs::msg::MissionCommand_<std::allocator<void> > > >&; typename std::remove_reference<_Tp>::type = std::unique_ptr<bf_msgs::msg::MissionCommand_<std::allocator<void> >, std::default_delete<bf_msgs::msg::MissionCommand_<std::allocator<void> > > >][m[K’, declared with attribute ‘[01m[Knodiscard[m[K’ [[01;35m[K]8;;https://gcc.gnu.org/onlinedocs/gcc/Warning-Options.html#index-Wunused-result-Wunused-result]8;;[m[K]
[2.586s]    41 |   [01;35m[Kstd::move(msg)[m[K;
[2.586s]       |   [01;35m[K~~~~~~~~~^~~~~[m[K
[2.586s] In file included from [01m[K/usr/include/c++/11/bits/stl_pair.h:59[m[K,
[2.586s]                  from [01m[K/usr/include/c++/11/bits/stl_algobase.h:64[m[K,
[2.586s]                  from [01m[K/usr/include/c++/11/bits/char_traits.h:39[m[K,
[2.587s]                  from [01m[K/usr/include/c++/11/string:40[m[K,
[2.587s]                  from [01m[K/home/rod/ros_ws/behaviorfleets/src/bf_example/src/Test.cpp:15[m[K:
[2.587s] [01m[K/usr/include/c++/11/bits/move.h:104:5:[m[K [01;36m[Knote: [m[Kdeclared here
[2.587s]   104 |     [01;36m[Kmove[m[K(_Tp&& __t) noexcept
[2.587s]       |     [01;36m[K^~~~[m[K
[8.897s] [ 66%] [32m[1mLinking CXX executable bf_example[0m
[9.333s] /usr/bin/ld: CMakeFiles/bf_example.dir/src/Test.cpp.o: in function `bf_example::Test::Test()':
[9.333s] Test.cpp:(.text+0x21e): undefined reference to `bf_example::Test::mission_callback(std::unique_ptr<bf_msgs::msg::MissionCommand_<std::allocator<void> >, std::default_delete<bf_msgs::msg::MissionCommand_<std::allocator<void> > > >)'
[9.378s] collect2: error: ld returned 1 exit status
[9.379s] gmake[2]: *** [CMakeFiles/bf_example.dir/build.make:187: bf_example] Error 1
[9.379s] gmake[1]: *** [CMakeFiles/Makefile2:137: CMakeFiles/bf_example.dir/all] Error 2
[9.379s] gmake: *** [Makefile:146: all] Error 2
[9.382s] Invoked command in '/home/rod/ros_ws/behaviorfleets/build/bf_example' returned '2': AMENT_PREFIX_PATH=/home/rod/ros_ws/behaviorfleets/install/behaviorfleets:/home/rod/ros_ws/behaviorfleets/install/bf_msgs:/home/rod/ros_ws/behaviorfleets/install/behaviortree_cpp:${AMENT_PREFIX_PATH} CMAKE_PREFIX_PATH=/home/rod/ros_ws/behaviorfleets/install/behaviorfleets:/home/rod/ros_ws/behaviorfleets/install/bf_msgs:/home/rod/ros_ws/behaviorfleets/install/behaviortree_cpp:/opt/ros/humble LD_LIBRARY_PATH=/home/rod/ros_ws/behaviorfleets/install/behaviorfleets/lib:/home/rod/ros_ws/behaviorfleets/install/bf_msgs/lib:/home/rod/ros_ws/behaviorfleets/install/behaviortree_cpp/lib:/usr/lib/x86_64-linux-gnu/gazebo-11/plugins:/opt/ros/humble/opt/rviz_ogre_vendor/lib:/opt/ros/humble/lib/x86_64-linux-gnu:/opt/ros/humble/lib:/usr/share/gazebo/../../lib/x86_64-linux-gnu/gazebo-11/plugins PATH=/home/rod/ros_ws/behaviorfleets/install/behaviortree_cpp/bin:${PATH} PYTHONPATH=/home/rod/ros_ws/behaviorfleets/install/bf_msgs/local/lib/python3.10/dist-packages:${PYTHONPATH} /usr/bin/cmake --build /home/rod/ros_ws/behaviorfleets/build/bf_example -- -j8 -l8
