[0.017s] Invoking command in '/home/rod/ros_ws/behaviorfleets/build/bt4_bumpgo': AMENT_PREFIX_PATH=/home/rod/ros_ws/behaviorfleets/install/bf_msgs:/home/rod/ros_ws/behaviorfleets/install/behaviortree_cpp:${AMENT_PREFIX_PATH} CMAKE_PREFIX_PATH=/home/rod/ros_ws/behaviorfleets/install/bf_msgs:/home/rod/ros_ws/behaviorfleets/install/behaviortree_cpp:/opt/ros/humble LD_LIBRARY_PATH=/home/rod/ros_ws/behaviorfleets/install/bf_msgs/lib:/home/rod/ros_ws/behaviorfleets/install/behaviortree_cpp/lib:/usr/lib/x86_64-linux-gnu/gazebo-11/plugins:/opt/ros/humble/opt/rviz_ogre_vendor/lib:/opt/ros/humble/lib/x86_64-linux-gnu:/opt/ros/humble/lib:/usr/share/gazebo/../../lib/x86_64-linux-gnu/gazebo-11/plugins PATH=/home/rod/ros_ws/behaviorfleets/install/behaviortree_cpp/bin:${PATH} PYTHONPATH=/home/rod/ros_ws/behaviorfleets/install/bf_msgs/local/lib/python3.10/dist-packages:${PYTHONPATH} /usr/bin/cmake --build /home/rod/ros_ws/behaviorfleets/build/bt4_bumpgo -- -j8 -l8
[0.060s] [35m[1mConsolidate compiler generated dependencies of target delegation_node[0m
[0.075s] [ 20%] Built target gtest_main
[0.075s] [ 20%] Built target forward_node
[0.078s] [ 40%] Built target gtest
[0.078s] [ 40%] Built target turn_node
[0.080s] [ 50%] Built target is_obstacle_node
[0.084s] [ 60%] Built target back_node
[0.085s] [ 70%] [32mBuilding CXX object CMakeFiles/delegation_node.dir/src/bt4_bumpgo/DelegationNode.cpp.o[0m
[0.085s] [ 75%] Built target bt4_bumpgo
[0.100s] [ 85%] Built target bt_forward
[0.103s] [ 95%] Built target bt_action_test
[2.778s] [01m[K/home/rod/ros_ws/behaviorfleets/src/bt4_bumpgo/src/bt4_bumpgo/DelegationNode.cpp:14:63:[m[K [01;31m[Kerror: [m[K‘[01m[KNodeConfig[m[K’ does not name a type
[2.778s]    14 | DelegationNode::DelegationNode(const std::string &name, const [01;31m[KNodeConfig[m[K &config) :
[2.778s]       |                                                               [01;31m[K^~~~~~~~~~[m[K
[2.778s] [01m[K/home/rod/ros_ws/behaviorfleets/src/bt4_bumpgo/src/bt4_bumpgo/DelegationNode.cpp:14:1:[m[K [01;31m[Kerror: [m[Kno declaration matches ‘[01m[Kbt4_bumpgo::DelegationNode::DelegationNode(const string&, const int&)[m[K’
[2.778s]    14 | [01;31m[KDelegationNode[m[K::DelegationNode(const std::string &name, const NodeConfig &config) :
[2.778s]       | [01;31m[K^~~~~~~~~~~~~~[m[K
[2.779s] In file included from [01m[K/home/rod/ros_ws/behaviorfleets/src/bt4_bumpgo/src/bt4_bumpgo/DelegationNode.cpp:5[m[K:
[2.779s] [01m[K/home/rod/ros_ws/behaviorfleets/src/bt4_bumpgo/include/bt4_bumpgo/DelegationNode.hpp:17:7:[m[K [01;36m[Knote: [m[Kcandidates are: ‘[01m[Kbt4_bumpgo::DelegationNode::DelegationNode(const bt4_bumpgo::DelegationNode&)[m[K’
[2.779s]    17 | class [01;36m[KDelegationNode[m[K : public BT::DecoratorNode
[2.779s]       |       [01;36m[K^~~~~~~~~~~~~~[m[K
[2.779s] [01m[K/home/rod/ros_ws/behaviorfleets/src/bt4_bumpgo/include/bt4_bumpgo/DelegationNode.hpp:21:3:[m[K [01;36m[Knote: [m[K                ‘[01m[Kbt4_bumpgo::DelegationNode::DelegationNode(const string&, const BT::NodeConfig&)[m[K’
[2.779s]    21 |   [01;36m[KDelegationNode[m[K(const std::string& name, const BT::NodeConfig& config);
[2.779s]       |   [01;36m[K^~~~~~~~~~~~~~[m[K
[2.779s] [01m[K/home/rod/ros_ws/behaviorfleets/src/bt4_bumpgo/include/bt4_bumpgo/DelegationNode.hpp:17:7:[m[K [01;36m[Knote: [m[K‘[01m[Kclass bt4_bumpgo::DelegationNode[m[K’ defined here
[2.779s]    17 | class [01;36m[KDelegationNode[m[K : public BT::DecoratorNode
[2.780s]       |       [01;36m[K^~~~~~~~~~~~~~[m[K
[3.815s] gmake[2]: *** [CMakeFiles/delegation_node.dir/build.make:76: CMakeFiles/delegation_node.dir/src/bt4_bumpgo/DelegationNode.cpp.o] Error 1
[3.815s] gmake[1]: *** [CMakeFiles/Makefile2:288: CMakeFiles/delegation_node.dir/all] Error 2
[3.815s] gmake: *** [Makefile:146: all] Error 2
[3.818s] Invoked command in '/home/rod/ros_ws/behaviorfleets/build/bt4_bumpgo' returned '2': AMENT_PREFIX_PATH=/home/rod/ros_ws/behaviorfleets/install/bf_msgs:/home/rod/ros_ws/behaviorfleets/install/behaviortree_cpp:${AMENT_PREFIX_PATH} CMAKE_PREFIX_PATH=/home/rod/ros_ws/behaviorfleets/install/bf_msgs:/home/rod/ros_ws/behaviorfleets/install/behaviortree_cpp:/opt/ros/humble LD_LIBRARY_PATH=/home/rod/ros_ws/behaviorfleets/install/bf_msgs/lib:/home/rod/ros_ws/behaviorfleets/install/behaviortree_cpp/lib:/usr/lib/x86_64-linux-gnu/gazebo-11/plugins:/opt/ros/humble/opt/rviz_ogre_vendor/lib:/opt/ros/humble/lib/x86_64-linux-gnu:/opt/ros/humble/lib:/usr/share/gazebo/../../lib/x86_64-linux-gnu/gazebo-11/plugins PATH=/home/rod/ros_ws/behaviorfleets/install/behaviortree_cpp/bin:${PATH} PYTHONPATH=/home/rod/ros_ws/behaviorfleets/install/bf_msgs/local/lib/python3.10/dist-packages:${PYTHONPATH} /usr/bin/cmake --build /home/rod/ros_ws/behaviorfleets/build/bt4_bumpgo -- -j8 -l8
