[0.016s] Invoking command in '/home/rod/ros_ws/behaviorfleets/build/behaviorfleets': AMENT_PREFIX_PATH=/home/rod/ros_ws/behaviorfleets/install/bf_msgs:/home/rod/ros_ws/behaviorfleets/install/behaviortree_cpp:${AMENT_PREFIX_PATH} CMAKE_PREFIX_PATH=/home/rod/ros_ws/behaviorfleets/install/bf_msgs:/home/rod/ros_ws/behaviorfleets/install/behaviortree_cpp:/opt/ros/humble LD_LIBRARY_PATH=/home/rod/ros_ws/behaviorfleets/install/bf_msgs/lib:/home/rod/ros_ws/behaviorfleets/install/behaviortree_cpp/lib:/usr/lib/x86_64-linux-gnu/gazebo-11/plugins:/opt/ros/humble/opt/rviz_ogre_vendor/lib:/opt/ros/humble/lib/x86_64-linux-gnu:/opt/ros/humble/lib:/usr/share/gazebo/../../lib/x86_64-linux-gnu/gazebo-11/plugins PATH=/home/rod/ros_ws/behaviorfleets/install/behaviortree_cpp/bin:${PATH} PYTHONPATH=/home/rod/ros_ws/behaviorfleets/install/bf_msgs/local/lib/python3.10/dist-packages:${PYTHONPATH} /usr/bin/cmake /home/rod/ros_ws/behaviorfleets/src/behaviorfleets -DAMENT_CMAKE_SYMLINK_INSTALL=1 -DCMAKE_INSTALL_PREFIX=/home/rod/ros_ws/behaviorfleets/install/behaviorfleets
[0.026s] -- Found ament_cmake: 1.3.3 (/opt/ros/humble/share/ament_cmake/cmake)
[0.158s] -- Override CMake install command with custom implementation using symlinks instead of copying resources
[0.165s] -- Found rclcpp: 16.0.3 (/opt/ros/humble/share/rclcpp/cmake)
[0.195s] -- Found rosidl_generator_c: 3.1.4 (/opt/ros/humble/share/rosidl_generator_c/cmake)
[0.197s] -- Found rosidl_adapter: 3.1.4 (/opt/ros/humble/share/rosidl_adapter/cmake)
[0.203s] -- Found rosidl_generator_cpp: 3.1.4 (/opt/ros/humble/share/rosidl_generator_cpp/cmake)
[0.214s] -- Using all available rosidl_typesupport_c: rosidl_typesupport_fastrtps_c;rosidl_typesupport_introspection_c
[0.230s] -- Using all available rosidl_typesupport_cpp: rosidl_typesupport_fastrtps_cpp;rosidl_typesupport_introspection_cpp
[0.288s] -- Found rmw_implementation_cmake: 6.1.1 (/opt/ros/humble/share/rmw_implementation_cmake/cmake)
[0.290s] -- Found rmw_fastrtps_cpp: 6.2.2 (/opt/ros/humble/share/rmw_fastrtps_cpp/cmake)
[0.417s] -- Using RMW implementation 'rmw_fastrtps_cpp' as default
[0.599s] -- Found behaviortree_cpp: 4.1.1 (/home/rod/ros_ws/behaviorfleets/install/behaviortree_cpp/share/behaviortree_cpp/cmake)
[0.601s] -- Found bf_msgs: 0.2.0 (/home/rod/ros_ws/behaviorfleets/install/bf_msgs/share/bf_msgs/cmake)
[0.709s] -- Configuring done
[0.713s] [31mCMake Error at CMakeLists.txt:25 (add_library):
[0.713s]   Cannot find source file:
[0.713s] 
[0.713s]     src/bt4_bumpgo/DelegationNode.cpp
[0.713s] 
[0.713s]   Tried extensions .c .C .c++ .cc .cpp .cxx .cu .mpp .m .M .mm .ixx .cppm .h
[0.713s]   .hh .h++ .hm .hpp .hxx .in .txx .f .F .for .f77 .f90 .f95 .f03 .hip .ispc
[0.713s] 
[0.713s] [0m
[0.714s] [31mCMake Error at CMakeLists.txt:25 (add_library):
[0.714s]   No SOURCES given to target: delegation_node
[0.714s] 
[0.714s] [0m
[0.714s] [0mCMake Generate step failed.  Build files cannot be regenerated correctly.[0m
[0.720s] Invoked command in '/home/rod/ros_ws/behaviorfleets/build/behaviorfleets' returned '1': AMENT_PREFIX_PATH=/home/rod/ros_ws/behaviorfleets/install/bf_msgs:/home/rod/ros_ws/behaviorfleets/install/behaviortree_cpp:${AMENT_PREFIX_PATH} CMAKE_PREFIX_PATH=/home/rod/ros_ws/behaviorfleets/install/bf_msgs:/home/rod/ros_ws/behaviorfleets/install/behaviortree_cpp:/opt/ros/humble LD_LIBRARY_PATH=/home/rod/ros_ws/behaviorfleets/install/bf_msgs/lib:/home/rod/ros_ws/behaviorfleets/install/behaviortree_cpp/lib:/usr/lib/x86_64-linux-gnu/gazebo-11/plugins:/opt/ros/humble/opt/rviz_ogre_vendor/lib:/opt/ros/humble/lib/x86_64-linux-gnu:/opt/ros/humble/lib:/usr/share/gazebo/../../lib/x86_64-linux-gnu/gazebo-11/plugins PATH=/home/rod/ros_ws/behaviorfleets/install/behaviortree_cpp/bin:${PATH} PYTHONPATH=/home/rod/ros_ws/behaviorfleets/install/bf_msgs/local/lib/python3.10/dist-packages:${PYTHONPATH} /usr/bin/cmake /home/rod/ros_ws/behaviorfleets/src/behaviorfleets -DAMENT_CMAKE_SYMLINK_INSTALL=1 -DCMAKE_INSTALL_PREFIX=/home/rod/ros_ws/behaviorfleets/install/behaviorfleets
